16-Oct-21 20:58:00.141 [main] DEBUG studentsct.StudentSectioningXMLLoader> Reading XML data from src\main\resources\input\2020-Sem1-CAES-Wvl-no-conflicts\2020-Sem1-CAES-Wvl-no-conflicts-updated-1.xml
16-Oct-21 20:58:00.786 [main] DEBUG studentsct.StudentSectioningXMLLoader> Root element: sectioning
16-Oct-21 20:58:00.791 [main] INFO  util.Progress> [Restoring from backup ...]
16-Oct-21 20:58:01.924 [main] DEBUG studentsct.StudentSectioningXMLLoader> Model successfully loaded.
16-Oct-21 20:58:01.967 [SolverSync] INFO  util.Progress> [Solving problem ...]
16-Oct-21 20:58:01.985 [SolverSync] DEBUG util.Progress> [Initializing solver]
16-Oct-21 20:58:01.997 [SolverSync] INFO  solver.Solver> Using org.cpsolver.ifs.termination.MPPTerminationCondition
16-Oct-21 20:58:02.015 [SolverSync] INFO  solver.Solver> Using org.cpsolver.ifs.solution.MPPSolutionComparator
16-Oct-21 20:58:02.017 [SolverSync] INFO  solver.Solver> Using org.cpsolver.studentsct.heuristics.StudentSctNeighbourSelection
16-Oct-21 20:58:02.085 [SolverSync] INFO  heuristics.StandardNeighbourSelection> Using org.cpsolver.studentsct.heuristics.EnrollmentSelection
16-Oct-21 20:58:02.089 [SolverSync] INFO  heuristics.StandardNeighbourSelection> Using org.cpsolver.ifs.heuristics.GeneralVariableSelection
16-Oct-21 20:58:02.092 [SolverSync] INFO  solver.Solver> Using org.cpsolver.ifs.perturbations.DefaultPerturbationsCounter
16-Oct-21 20:58:02.107 [SolverSync] INFO  solver.Solver> Using org.cpsolver.studentsct.extension.StudentConflictStatistics
16-Oct-21 20:58:02.158 [SolverSync] INFO  solver.Solver> Using org.cpsolver.studentsct.extension.DistanceConflict
16-Oct-21 20:58:02.180 [SolverSync] INFO  solver.Solver> Using org.cpsolver.studentsct.extension.TimeOverlapsCounter
16-Oct-21 20:58:02.590 [SolverSync] INFO  solver.Solver> Initial solution:[
      Assigned course requests: 99,92% (6164/6169)
      Assigned course requests (priority students): Normal: 99,92% (6164/6169)
      Assigned variables: 99.92% (6164/6169)
      Iteration: 0
      Overall solution value: -2059.55
      Students with complete schedule: 99.88% (2544/2547)
      Students with complete schedule (priority students): Normal: 99.88% (2544/2547)
      Time: 0.00 min
    ]
16-Oct-21 20:58:02.605 [SolverSync] INFO  util.JProf> Using wall time.
16-Oct-21 20:58:02.614 [Solver-4] INFO  heuristics.RoundRobinNeighbourSelection> Phase changed to 1
16-Oct-21 20:58:02.623 [Solver-4] DEBUG util.Progress>   -- RRq:6164/6169, RS:2544/2547, CR:99,92%, V:2059,55, DC:0, TOC:0, IS:NaN%, IT:NaN%, %:80,86
16-Oct-21 20:58:02.736 [Solver-4] INFO  studentsct.Test> **BEST** RRq:6164/6169, RS:2544/2547, CR:99,92%, V:2059,55, DC:0, TOC:0, IS:NaN%, IT:NaN%, %:80,86, TM:0,000h
16-Oct-21 20:58:02.963 [Solver-4] DEBUG util.Progress> [Assign initial enrollments...]
16-Oct-21 20:58:02.984 [Solver-2] INFO  heuristics.RoundRobinNeighbourSelection> Phase changed to 2
16-Oct-21 20:58:02.986 [Solver-2] DEBUG util.Progress>   -- RRq:6164/6169, RS:2544/2547, CR:99,92%, V:2059,55, DC:0, TOC:0, IS:NaN%, IT:NaN%, %:80,86
16-Oct-21 20:58:03.004 [Solver-2] DEBUG util.Progress> [Critical Courses B&B (priority students)...]
16-Oct-21 20:58:03.006 [Solver-1] INFO  heuristics.RoundRobinNeighbourSelection> Phase changed to 3
16-Oct-21 20:58:03.007 [Solver-1] DEBUG util.Progress>   -- RRq:6164/6169, RS:2544/2547, CR:99,92%, V:2059,55, DC:0, TOC:0, IS:NaN%, IT:NaN%, %:80,86
16-Oct-21 20:58:03.013 [Solver-1] INFO  heuristics.StandardNeighbourSelection> Using org.cpsolver.studentsct.heuristics.EnrollmentSelection
16-Oct-21 20:58:03.013 [Solver-1] INFO  heuristics.StandardNeighbourSelection> Using org.cpsolver.ifs.heuristics.GeneralVariableSelection
16-Oct-21 20:58:03.014 [Solver-1] DEBUG util.Progress> [Critical Backtracking (priority students)...]
16-Oct-21 20:58:03.014 [Solver-1] INFO  heuristics.RoundRobinNeighbourSelection> Phase changed to 4
16-Oct-21 20:58:03.015 [Solver-1] DEBUG util.Progress>   -- RRq:6164/6169, RS:2544/2547, CR:99,92%, V:2059,55, DC:0, TOC:0, IS:NaN%, IT:NaN%, %:80,86
16-Oct-21 20:58:03.015 [Solver-1] DEBUG util.Progress> [Critical Ifs (priority students)...]
16-Oct-21 20:58:03.026 [Solver-2] INFO  heuristics.RoundRobinNeighbourSelection> Phase changed to 5
16-Oct-21 20:58:03.026 [Solver-2] DEBUG util.Progress>   -- RRq:6164/6169, RS:2544/2547, CR:99,92%, V:2059,55, DC:0, TOC:0, IS:NaN%, IT:NaN%, %:80,86
16-Oct-21 20:58:03.031 [Solver-2] INFO  heuristics.StandardNeighbourSelection> Using org.cpsolver.studentsct.heuristics.EnrollmentSelection
16-Oct-21 20:58:03.031 [Solver-2] INFO  heuristics.StandardNeighbourSelection> Using org.cpsolver.ifs.heuristics.GeneralVariableSelection
16-Oct-21 20:58:03.031 [Solver-2] DEBUG util.Progress> [Critical Backtracking (priority students)...]
16-Oct-21 20:58:03.034 [Solver-3] INFO  heuristics.RoundRobinNeighbourSelection> Phase changed to 6
16-Oct-21 20:58:03.034 [Solver-3] DEBUG util.Progress>   -- RRq:6164/6169, RS:2544/2547, CR:99,92%, V:2059,55, DC:0, TOC:0, IS:NaN%, IT:NaN%, %:80,86
16-Oct-21 20:58:03.037 [Solver-3] DEBUG util.Progress> [Important Courses B&B (priority students)...]
16-Oct-21 20:58:03.038 [Solver-3] INFO  heuristics.RoundRobinNeighbourSelection> Phase changed to 7
16-Oct-21 20:58:03.039 [Solver-3] DEBUG util.Progress>   -- RRq:6164/6169, RS:2544/2547, CR:99,92%, V:2059,55, DC:0, TOC:0, IS:NaN%, IT:NaN%, %:80,86
16-Oct-21 20:58:03.041 [Solver-3] INFO  heuristics.StandardNeighbourSelection> Using org.cpsolver.studentsct.heuristics.EnrollmentSelection
16-Oct-21 20:58:03.042 [Solver-3] INFO  heuristics.StandardNeighbourSelection> Using org.cpsolver.ifs.heuristics.GeneralVariableSelection
16-Oct-21 20:58:03.042 [Solver-3] DEBUG util.Progress> [Important Backtracking (priority students)...]
16-Oct-21 20:58:03.043 [Solver-3] INFO  heuristics.RoundRobinNeighbourSelection> Phase changed to 8
16-Oct-21 20:58:03.043 [Solver-3] DEBUG util.Progress>   -- RRq:6164/6169, RS:2544/2547, CR:99,92%, V:2059,55, DC:0, TOC:0, IS:NaN%, IT:NaN%, %:80,86
16-Oct-21 20:58:03.043 [Solver-3] DEBUG util.Progress> [Important Ifs (priority students)...]
16-Oct-21 20:58:03.050 [Solver-4] INFO  heuristics.RoundRobinNeighbourSelection> Phase changed to 9
16-Oct-21 20:58:03.051 [Solver-4] DEBUG util.Progress>   -- RRq:6164/6169, RS:2544/2547, CR:99,92%, V:2059,55, DC:0, TOC:0, IS:NaN%, IT:NaN%, %:80,86
16-Oct-21 20:58:03.053 [Solver-4] INFO  heuristics.StandardNeighbourSelection> Using org.cpsolver.studentsct.heuristics.EnrollmentSelection
16-Oct-21 20:58:03.053 [Solver-4] INFO  heuristics.StandardNeighbourSelection> Using org.cpsolver.ifs.heuristics.GeneralVariableSelection
16-Oct-21 20:58:03.053 [Solver-4] DEBUG util.Progress> [Important Backtracking (priority students)...]
16-Oct-21 20:58:03.055 [Solver-3] INFO  heuristics.RoundRobinNeighbourSelection> Phase changed to 10
16-Oct-21 20:58:03.055 [Solver-3] DEBUG util.Progress>   -- RRq:6164/6169, RS:2544/2547, CR:99,92%, V:2059,55, DC:0, TOC:0, IS:NaN%, IT:NaN%, %:80,86
16-Oct-21 20:58:03.099 [Solver-3] DEBUG util.Progress> [Normal Courses B&B (priority students)...]
16-Oct-21 20:58:03.100 [Solver-3] INFO  heuristics.RoundRobinNeighbourSelection> Phase changed to 11
16-Oct-21 20:58:03.100 [Solver-3] DEBUG util.Progress>   -- RRq:6164/6169, RS:2544/2547, CR:99,92%, V:2059,55, DC:0, TOC:0, IS:NaN%, IT:NaN%, %:80,86
16-Oct-21 20:58:03.102 [Solver-3] INFO  heuristics.StandardNeighbourSelection> Using org.cpsolver.studentsct.heuristics.EnrollmentSelection
16-Oct-21 20:58:03.102 [Solver-3] INFO  heuristics.StandardNeighbourSelection> Using org.cpsolver.ifs.heuristics.GeneralVariableSelection
16-Oct-21 20:58:03.102 [Solver-3] DEBUG util.Progress> [Normal Backtracking (priority students)...]
16-Oct-21 20:58:03.103 [Solver-1] INFO  heuristics.RoundRobinNeighbourSelection> Phase changed to 12
16-Oct-21 20:58:03.103 [Solver-1] DEBUG util.Progress>   -- RRq:6164/6169, RS:2544/2547, CR:99,92%, V:2059,55, DC:0, TOC:0, IS:NaN%, IT:NaN%, %:80,86
16-Oct-21 20:58:03.103 [Solver-1] DEBUG util.Progress> [Normal Ifs (priority students)...]
16-Oct-21 20:58:03.109 [Solver-4] INFO  heuristics.RoundRobinNeighbourSelection> Phase changed to 13
16-Oct-21 20:58:03.109 [Solver-4] DEBUG util.Progress>   -- RRq:6164/6169, RS:2544/2547, CR:99,92%, V:2059,55, DC:0, TOC:0, IS:NaN%, IT:NaN%, %:80,86
16-Oct-21 20:58:03.110 [Solver-4] INFO  heuristics.StandardNeighbourSelection> Using org.cpsolver.studentsct.heuristics.EnrollmentSelection
16-Oct-21 20:58:03.111 [Solver-4] INFO  heuristics.StandardNeighbourSelection> Using org.cpsolver.ifs.heuristics.GeneralVariableSelection
16-Oct-21 20:58:03.111 [Solver-4] DEBUG util.Progress> [Normal Backtracking (priority students)...]
16-Oct-21 20:58:03.112 [Solver-1] INFO  heuristics.RoundRobinNeighbourSelection> Phase changed to 14
16-Oct-21 20:58:03.112 [Solver-1] DEBUG util.Progress>   -- RRq:6164/6169, RS:2544/2547, CR:99,92%, V:2059,55, DC:0, TOC:0, IS:NaN%, IT:NaN%, %:80,86
16-Oct-21 20:58:03.114 [Solver-1] DEBUG util.Progress> [Critical Courses B&B (senior students)...]
16-Oct-21 20:58:03.114 [Solver-1] INFO  heuristics.RoundRobinNeighbourSelection> Phase changed to 15
16-Oct-21 20:58:03.115 [Solver-1] DEBUG util.Progress>   -- RRq:6164/6169, RS:2544/2547, CR:99,92%, V:2059,55, DC:0, TOC:0, IS:NaN%, IT:NaN%, %:80,86
16-Oct-21 20:58:03.116 [Solver-1] INFO  heuristics.StandardNeighbourSelection> Using org.cpsolver.studentsct.heuristics.EnrollmentSelection
16-Oct-21 20:58:03.116 [Solver-1] INFO  heuristics.StandardNeighbourSelection> Using org.cpsolver.ifs.heuristics.GeneralVariableSelection
16-Oct-21 20:58:03.116 [Solver-1] DEBUG util.Progress> [Critical Backtracking (senior students)...]
16-Oct-21 20:58:03.116 [Solver-2] INFO  heuristics.RoundRobinNeighbourSelection> Phase changed to 16
16-Oct-21 20:58:03.116 [Solver-2] DEBUG util.Progress>   -- RRq:6164/6169, RS:2544/2547, CR:99,92%, V:2059,55, DC:0, TOC:0, IS:NaN%, IT:NaN%, %:80,86
16-Oct-21 20:58:03.117 [Solver-2] DEBUG util.Progress> [Critical Ifs (senior students)...]
16-Oct-21 20:58:03.122 [Solver-1] INFO  heuristics.RoundRobinNeighbourSelection> Phase changed to 17
16-Oct-21 20:58:03.122 [Solver-1] DEBUG util.Progress>   -- RRq:6164/6169, RS:2544/2547, CR:99,92%, V:2059,55, DC:0, TOC:0, IS:NaN%, IT:NaN%, %:80,86
16-Oct-21 20:58:03.124 [Solver-1] INFO  heuristics.StandardNeighbourSelection> Using org.cpsolver.studentsct.heuristics.EnrollmentSelection
16-Oct-21 20:58:03.124 [Solver-1] INFO  heuristics.StandardNeighbourSelection> Using org.cpsolver.ifs.heuristics.GeneralVariableSelection
16-Oct-21 20:58:03.124 [Solver-1] DEBUG util.Progress> [Critical Backtracking (senior students)...]
16-Oct-21 20:58:03.125 [Solver-4] INFO  heuristics.RoundRobinNeighbourSelection> Phase changed to 18
16-Oct-21 20:58:03.125 [Solver-4] DEBUG util.Progress>   -- RRq:6164/6169, RS:2544/2547, CR:99,92%, V:2059,55, DC:0, TOC:0, IS:NaN%, IT:NaN%, %:80,86
16-Oct-21 20:58:03.128 [Solver-4] DEBUG util.Progress> [Important Courses B&B (senior students)...]
16-Oct-21 20:58:03.129 [Solver-4] INFO  heuristics.RoundRobinNeighbourSelection> Phase changed to 19
16-Oct-21 20:58:03.129 [Solver-4] DEBUG util.Progress>   -- RRq:6164/6169, RS:2544/2547, CR:99,92%, V:2059,55, DC:0, TOC:0, IS:NaN%, IT:NaN%, %:80,86
16-Oct-21 20:58:03.130 [Solver-4] INFO  heuristics.StandardNeighbourSelection> Using org.cpsolver.studentsct.heuristics.EnrollmentSelection
16-Oct-21 20:58:03.130 [Solver-4] INFO  heuristics.StandardNeighbourSelection> Using org.cpsolver.ifs.heuristics.GeneralVariableSelection
16-Oct-21 20:58:03.130 [Solver-4] DEBUG util.Progress> [Important Backtracking (senior students)...]
16-Oct-21 20:58:03.130 [Solver-2] INFO  heuristics.RoundRobinNeighbourSelection> Phase changed to 20
16-Oct-21 20:58:03.131 [Solver-2] DEBUG util.Progress>   -- RRq:6164/6169, RS:2544/2547, CR:99,92%, V:2059,55, DC:0, TOC:0, IS:NaN%, IT:NaN%, %:80,86
16-Oct-21 20:58:03.131 [Solver-2] DEBUG util.Progress> [Important Ifs (senior students)...]
16-Oct-21 20:58:03.137 [Solver-4] INFO  heuristics.RoundRobinNeighbourSelection> Phase changed to 21
16-Oct-21 20:58:03.138 [Solver-4] DEBUG util.Progress>   -- RRq:6164/6169, RS:2544/2547, CR:99,92%, V:2059,55, DC:0, TOC:0, IS:NaN%, IT:NaN%, %:80,86
16-Oct-21 20:58:03.139 [Solver-4] INFO  heuristics.StandardNeighbourSelection> Using org.cpsolver.studentsct.heuristics.EnrollmentSelection
16-Oct-21 20:58:03.140 [Solver-4] INFO  heuristics.StandardNeighbourSelection> Using org.cpsolver.ifs.heuristics.GeneralVariableSelection
16-Oct-21 20:58:03.140 [Solver-4] DEBUG util.Progress> [Important Backtracking (senior students)...]
16-Oct-21 20:58:03.140 [Solver-4] INFO  heuristics.RoundRobinNeighbourSelection> Phase changed to 22
16-Oct-21 20:58:03.141 [Solver-4] DEBUG util.Progress>   -- RRq:6164/6169, RS:2544/2547, CR:99,92%, V:2059,55, DC:0, TOC:0, IS:NaN%, IT:NaN%, %:80,86
16-Oct-21 20:58:03.152 [Solver-4] DEBUG util.Progress> [Normal Courses B&B (senior students)...]
16-Oct-21 20:58:03.153 [Solver-4] INFO  heuristics.RoundRobinNeighbourSelection> Phase changed to 23
16-Oct-21 20:58:03.153 [Solver-4] DEBUG util.Progress>   -- RRq:6164/6169, RS:2544/2547, CR:99,92%, V:2059,55, DC:0, TOC:0, IS:NaN%, IT:NaN%, %:80,86
16-Oct-21 20:58:03.155 [Solver-4] INFO  heuristics.StandardNeighbourSelection> Using org.cpsolver.studentsct.heuristics.EnrollmentSelection
16-Oct-21 20:58:03.155 [Solver-4] INFO  heuristics.StandardNeighbourSelection> Using org.cpsolver.ifs.heuristics.GeneralVariableSelection
16-Oct-21 20:58:03.155 [Solver-4] DEBUG util.Progress> [Normal Backtracking (senior students)...]
16-Oct-21 20:58:03.156 [Solver-3] INFO  heuristics.RoundRobinNeighbourSelection> Phase changed to 24
16-Oct-21 20:58:03.156 [Solver-3] DEBUG util.Progress>   -- RRq:6164/6169, RS:2544/2547, CR:99,92%, V:2059,55, DC:0, TOC:0, IS:NaN%, IT:NaN%, %:80,86
16-Oct-21 20:58:03.156 [Solver-3] DEBUG util.Progress> [Normal Ifs (senior students)...]
16-Oct-21 20:58:03.160 [Solver-3] INFO  heuristics.RoundRobinNeighbourSelection> Phase changed to 25
16-Oct-21 20:58:03.160 [Solver-3] DEBUG util.Progress>   -- RRq:6164/6169, RS:2544/2547, CR:99,92%, V:2059,55, DC:0, TOC:0, IS:NaN%, IT:NaN%, %:80,86
16-Oct-21 20:58:03.163 [Solver-3] INFO  heuristics.StandardNeighbourSelection> Using org.cpsolver.studentsct.heuristics.EnrollmentSelection
16-Oct-21 20:58:03.163 [Solver-3] INFO  heuristics.StandardNeighbourSelection> Using org.cpsolver.ifs.heuristics.GeneralVariableSelection
16-Oct-21 20:58:03.163 [Solver-3] DEBUG util.Progress> [Normal Backtracking (senior students)...]
16-Oct-21 20:58:03.164 [Solver-3] INFO  heuristics.RoundRobinNeighbourSelection> Phase changed to 26
16-Oct-21 20:58:03.164 [Solver-3] DEBUG util.Progress>   -- RRq:6164/6169, RS:2544/2547, CR:99,92%, V:2059,55, DC:0, TOC:0, IS:NaN%, IT:NaN%, %:80,86
16-Oct-21 20:58:03.166 [Solver-3] DEBUG util.Progress> [Critical Courses B&B (junior students)...]
16-Oct-21 20:58:03.171 [Solver-4] INFO  heuristics.RoundRobinNeighbourSelection> Phase changed to 27
16-Oct-21 20:58:03.173 [Solver-4] DEBUG util.Progress>   -- RRq:6164/6169, RS:2544/2547, CR:99,92%, V:2059,55, DC:0, TOC:0, IS:NaN%, IT:NaN%, %:80,86
16-Oct-21 20:58:03.176 [Solver-4] INFO  heuristics.StandardNeighbourSelection> Using org.cpsolver.studentsct.heuristics.EnrollmentSelection
16-Oct-21 20:58:03.177 [Solver-4] INFO  heuristics.StandardNeighbourSelection> Using org.cpsolver.ifs.heuristics.GeneralVariableSelection
16-Oct-21 20:58:03.178 [Solver-4] DEBUG util.Progress> [Critical Backtracking (junior students)...]
16-Oct-21 20:58:03.178 [Solver-4] INFO  heuristics.RoundRobinNeighbourSelection> Phase changed to 28
16-Oct-21 20:58:03.179 [Solver-4] DEBUG util.Progress>   -- RRq:6164/6169, RS:2544/2547, CR:99,92%, V:2059,55, DC:0, TOC:0, IS:NaN%, IT:NaN%, %:80,86
16-Oct-21 20:58:03.180 [Solver-4] DEBUG util.Progress> [Critical Ifs (junior students)...]
16-Oct-21 20:58:03.190 [Solver-4] INFO  heuristics.RoundRobinNeighbourSelection> Phase changed to 29
16-Oct-21 20:58:03.190 [Solver-4] DEBUG util.Progress>   -- RRq:6164/6169, RS:2544/2547, CR:99,92%, V:2059,55, DC:0, TOC:0, IS:NaN%, IT:NaN%, %:80,86
16-Oct-21 20:58:03.191 [Solver-4] INFO  heuristics.StandardNeighbourSelection> Using org.cpsolver.studentsct.heuristics.EnrollmentSelection
16-Oct-21 20:58:03.192 [Solver-4] INFO  heuristics.StandardNeighbourSelection> Using org.cpsolver.ifs.heuristics.GeneralVariableSelection
16-Oct-21 20:58:03.192 [Solver-4] DEBUG util.Progress> [Critical Backtracking (junior students)...]
16-Oct-21 20:58:03.192 [Solver-3] INFO  heuristics.RoundRobinNeighbourSelection> Phase changed to 30
16-Oct-21 20:58:03.193 [Solver-3] DEBUG util.Progress>   -- RRq:6164/6169, RS:2544/2547, CR:99,92%, V:2059,55, DC:0, TOC:0, IS:NaN%, IT:NaN%, %:80,86
16-Oct-21 20:58:03.199 [Solver-3] DEBUG util.Progress> [Important Courses B&B (junior students)...]
16-Oct-21 20:58:03.200 [Solver-3] INFO  heuristics.RoundRobinNeighbourSelection> Phase changed to 31
16-Oct-21 20:58:03.200 [Solver-3] DEBUG util.Progress>   -- RRq:6164/6169, RS:2544/2547, CR:99,92%, V:2059,55, DC:0, TOC:0, IS:NaN%, IT:NaN%, %:80,86
16-Oct-21 20:58:03.201 [Solver-3] INFO  heuristics.StandardNeighbourSelection> Using org.cpsolver.studentsct.heuristics.EnrollmentSelection
16-Oct-21 20:58:03.205 [Solver-3] INFO  heuristics.StandardNeighbourSelection> Using org.cpsolver.ifs.heuristics.GeneralVariableSelection
16-Oct-21 20:58:03.209 [Solver-3] DEBUG util.Progress> [Important Backtracking (junior students)...]
16-Oct-21 20:58:03.210 [Solver-3] INFO  heuristics.RoundRobinNeighbourSelection> Phase changed to 32
16-Oct-21 20:58:03.210 [Solver-3] DEBUG util.Progress>   -- RRq:6164/6169, RS:2544/2547, CR:99,92%, V:2059,55, DC:0, TOC:0, IS:NaN%, IT:NaN%, %:80,86
16-Oct-21 20:58:03.210 [Solver-3] DEBUG util.Progress> [Important Ifs (junior students)...]
16-Oct-21 20:58:03.222 [Solver-3] INFO  heuristics.RoundRobinNeighbourSelection> Phase changed to 33
16-Oct-21 20:58:03.222 [Solver-3] DEBUG util.Progress>   -- RRq:6164/6169, RS:2544/2547, CR:99,92%, V:2059,55, DC:0, TOC:0, IS:NaN%, IT:NaN%, %:80,86
16-Oct-21 20:58:03.224 [Solver-3] INFO  heuristics.StandardNeighbourSelection> Using org.cpsolver.studentsct.heuristics.EnrollmentSelection
16-Oct-21 20:58:03.225 [Solver-3] INFO  heuristics.StandardNeighbourSelection> Using org.cpsolver.ifs.heuristics.GeneralVariableSelection
16-Oct-21 20:58:03.225 [Solver-3] DEBUG util.Progress> [Important Backtracking (junior students)...]
16-Oct-21 20:58:03.226 [Solver-3] INFO  heuristics.RoundRobinNeighbourSelection> Phase changed to 34
16-Oct-21 20:58:03.226 [Solver-3] DEBUG util.Progress>   -- RRq:6164/6169, RS:2544/2547, CR:99,92%, V:2059,55, DC:0, TOC:0, IS:NaN%, IT:NaN%, %:80,86
16-Oct-21 20:58:03.247 [Solver-3] DEBUG util.Progress> [Normal Courses B&B (junior students)...]
16-Oct-21 20:58:03.248 [Solver-2] INFO  heuristics.RoundRobinNeighbourSelection> Phase changed to 35
16-Oct-21 20:58:03.248 [Solver-2] DEBUG util.Progress>   -- RRq:6164/6169, RS:2544/2547, CR:99,92%, V:2059,55, DC:0, TOC:0, IS:NaN%, IT:NaN%, %:80,86
16-Oct-21 20:58:03.250 [Solver-2] INFO  heuristics.StandardNeighbourSelection> Using org.cpsolver.studentsct.heuristics.EnrollmentSelection
16-Oct-21 20:58:03.250 [Solver-2] INFO  heuristics.StandardNeighbourSelection> Using org.cpsolver.ifs.heuristics.GeneralVariableSelection
16-Oct-21 20:58:03.263 [Solver-2] DEBUG util.Progress> [Normal Backtracking (junior students)...]
16-Oct-21 20:58:03.264 [Solver-2] INFO  heuristics.RoundRobinNeighbourSelection> Phase changed to 36
16-Oct-21 20:58:03.264 [Solver-2] DEBUG util.Progress>   -- RRq:6164/6169, RS:2544/2547, CR:99,92%, V:2059,55, DC:0, TOC:0, IS:NaN%, IT:NaN%, %:80,86
16-Oct-21 20:58:03.264 [Solver-2] DEBUG util.Progress> [Normal Ifs (junior students)...]
16-Oct-21 20:58:03.267 [Solver-1] INFO  heuristics.RoundRobinNeighbourSelection> Phase changed to 37
16-Oct-21 20:58:03.268 [Solver-1] DEBUG util.Progress>   -- RRq:6164/6169, RS:2544/2547, CR:99,92%, V:2059,55, DC:0, TOC:0, IS:NaN%, IT:NaN%, %:80,86
16-Oct-21 20:58:03.269 [Solver-1] INFO  heuristics.StandardNeighbourSelection> Using org.cpsolver.studentsct.heuristics.EnrollmentSelection
16-Oct-21 20:58:03.270 [Solver-1] INFO  heuristics.StandardNeighbourSelection> Using org.cpsolver.ifs.heuristics.GeneralVariableSelection
16-Oct-21 20:58:03.270 [Solver-1] DEBUG util.Progress> [Normal Backtracking (junior students)...]
16-Oct-21 20:58:03.271 [Solver-4] INFO  heuristics.RoundRobinNeighbourSelection> Phase changed to 38
16-Oct-21 20:58:03.272 [Solver-4] DEBUG util.Progress>   -- RRq:6164/6169, RS:2544/2547, CR:99,92%, V:2059,55, DC:0, TOC:0, IS:NaN%, IT:NaN%, %:80,86
16-Oct-21 20:58:03.275 [Solver-4] DEBUG util.Progress> [Critical Courses B&B (sophomore students)...]
16-Oct-21 20:58:03.276 [Solver-4] INFO  heuristics.RoundRobinNeighbourSelection> Phase changed to 39
16-Oct-21 20:58:03.277 [Solver-4] DEBUG util.Progress>   -- RRq:6164/6169, RS:2544/2547, CR:99,92%, V:2059,55, DC:0, TOC:0, IS:NaN%, IT:NaN%, %:80,86
16-Oct-21 20:58:03.280 [Solver-4] INFO  heuristics.StandardNeighbourSelection> Using org.cpsolver.studentsct.heuristics.EnrollmentSelection
16-Oct-21 20:58:03.280 [Solver-4] INFO  heuristics.StandardNeighbourSelection> Using org.cpsolver.ifs.heuristics.GeneralVariableSelection
16-Oct-21 20:58:03.281 [Solver-4] DEBUG util.Progress> [Critical Backtracking (sophomore students)...]
16-Oct-21 20:58:03.281 [Solver-3] INFO  heuristics.RoundRobinNeighbourSelection> Phase changed to 40
16-Oct-21 20:58:03.281 [Solver-3] DEBUG util.Progress>   -- RRq:6164/6169, RS:2544/2547, CR:99,92%, V:2059,55, DC:0, TOC:0, IS:NaN%, IT:NaN%, %:80,86
16-Oct-21 20:58:03.281 [Solver-3] DEBUG util.Progress> [Critical Ifs (sophomore students)...]
16-Oct-21 20:58:03.285 [Solver-3] INFO  heuristics.RoundRobinNeighbourSelection> Phase changed to 41
16-Oct-21 20:58:03.285 [Solver-3] DEBUG util.Progress>   -- RRq:6164/6169, RS:2544/2547, CR:99,92%, V:2059,55, DC:0, TOC:0, IS:NaN%, IT:NaN%, %:80,86
16-Oct-21 20:58:03.287 [Solver-3] INFO  heuristics.StandardNeighbourSelection> Using org.cpsolver.studentsct.heuristics.EnrollmentSelection
16-Oct-21 20:58:03.287 [Solver-3] INFO  heuristics.StandardNeighbourSelection> Using org.cpsolver.ifs.heuristics.GeneralVariableSelection
16-Oct-21 20:58:03.287 [Solver-3] DEBUG util.Progress> [Critical Backtracking (sophomore students)...]
16-Oct-21 20:58:03.288 [Solver-1] INFO  heuristics.RoundRobinNeighbourSelection> Phase changed to 42
16-Oct-21 20:58:03.289 [Solver-1] DEBUG util.Progress>   -- RRq:6164/6169, RS:2544/2547, CR:99,92%, V:2059,55, DC:0, TOC:0, IS:NaN%, IT:NaN%, %:80,86
16-Oct-21 20:58:03.291 [Solver-1] DEBUG util.Progress> [Important Courses B&B (sophomore students)...]
16-Oct-21 20:58:03.291 [Solver-1] INFO  heuristics.RoundRobinNeighbourSelection> Phase changed to 43
16-Oct-21 20:58:03.291 [Solver-1] DEBUG util.Progress>   -- RRq:6164/6169, RS:2544/2547, CR:99,92%, V:2059,55, DC:0, TOC:0, IS:NaN%, IT:NaN%, %:80,86
16-Oct-21 20:58:03.292 [Solver-1] INFO  heuristics.StandardNeighbourSelection> Using org.cpsolver.studentsct.heuristics.EnrollmentSelection
16-Oct-21 20:58:03.293 [Solver-1] INFO  heuristics.StandardNeighbourSelection> Using org.cpsolver.ifs.heuristics.GeneralVariableSelection
16-Oct-21 20:58:03.293 [Solver-1] DEBUG util.Progress> [Important Backtracking (sophomore students)...]
16-Oct-21 20:58:03.293 [Solver-1] INFO  heuristics.RoundRobinNeighbourSelection> Phase changed to 44
16-Oct-21 20:58:03.293 [Solver-1] DEBUG util.Progress>   -- RRq:6164/6169, RS:2544/2547, CR:99,92%, V:2059,55, DC:0, TOC:0, IS:NaN%, IT:NaN%, %:80,86
16-Oct-21 20:58:03.293 [Solver-1] DEBUG util.Progress> [Important Ifs (sophomore students)...]
16-Oct-21 20:58:03.298 [Solver-1] INFO  heuristics.RoundRobinNeighbourSelection> Phase changed to 45
16-Oct-21 20:58:03.298 [Solver-1] DEBUG util.Progress>   -- RRq:6164/6169, RS:2544/2547, CR:99,92%, V:2059,55, DC:0, TOC:0, IS:NaN%, IT:NaN%, %:80,86
16-Oct-21 20:58:03.299 [Solver-1] INFO  heuristics.StandardNeighbourSelection> Using org.cpsolver.studentsct.heuristics.EnrollmentSelection
16-Oct-21 20:58:03.299 [Solver-1] INFO  heuristics.StandardNeighbourSelection> Using org.cpsolver.ifs.heuristics.GeneralVariableSelection
16-Oct-21 20:58:03.299 [Solver-1] DEBUG util.Progress> [Important Backtracking (sophomore students)...]
16-Oct-21 20:58:03.300 [Solver-3] INFO  heuristics.RoundRobinNeighbourSelection> Phase changed to 46
16-Oct-21 20:58:03.300 [Solver-3] DEBUG util.Progress>   -- RRq:6164/6169, RS:2544/2547, CR:99,92%, V:2059,55, DC:0, TOC:0, IS:NaN%, IT:NaN%, %:80,86
16-Oct-21 20:58:03.309 [Solver-3] DEBUG util.Progress> [Normal Courses B&B (sophomore students)...]
16-Oct-21 20:58:03.309 [Solver-4] INFO  heuristics.RoundRobinNeighbourSelection> Phase changed to 47
16-Oct-21 20:58:03.310 [Solver-4] DEBUG util.Progress>   -- RRq:6164/6169, RS:2544/2547, CR:99,92%, V:2059,55, DC:0, TOC:0, IS:NaN%, IT:NaN%, %:80,86
16-Oct-21 20:58:03.311 [Solver-4] INFO  heuristics.StandardNeighbourSelection> Using org.cpsolver.studentsct.heuristics.EnrollmentSelection
16-Oct-21 20:58:03.311 [Solver-4] INFO  heuristics.StandardNeighbourSelection> Using org.cpsolver.ifs.heuristics.GeneralVariableSelection
16-Oct-21 20:58:03.312 [Solver-4] DEBUG util.Progress> [Normal Backtracking (sophomore students)...]
16-Oct-21 20:58:03.312 [Solver-1] INFO  heuristics.RoundRobinNeighbourSelection> Phase changed to 48
16-Oct-21 20:58:03.312 [Solver-1] DEBUG util.Progress>   -- RRq:6164/6169, RS:2544/2547, CR:99,92%, V:2059,55, DC:0, TOC:0, IS:NaN%, IT:NaN%, %:80,86
16-Oct-21 20:58:03.312 [Solver-1] DEBUG util.Progress> [Normal Ifs (sophomore students)...]
16-Oct-21 20:58:03.315 [Solver-4] INFO  heuristics.RoundRobinNeighbourSelection> Phase changed to 49
16-Oct-21 20:58:03.315 [Solver-4] DEBUG util.Progress>   -- RRq:6164/6169, RS:2544/2547, CR:99,92%, V:2059,55, DC:0, TOC:0, IS:NaN%, IT:NaN%, %:80,86
16-Oct-21 20:58:03.316 [Solver-4] INFO  heuristics.StandardNeighbourSelection> Using org.cpsolver.studentsct.heuristics.EnrollmentSelection
16-Oct-21 20:58:03.316 [Solver-4] INFO  heuristics.StandardNeighbourSelection> Using org.cpsolver.ifs.heuristics.GeneralVariableSelection
16-Oct-21 20:58:03.316 [Solver-4] DEBUG util.Progress> [Normal Backtracking (sophomore students)...]
16-Oct-21 20:58:03.317 [Solver-3] INFO  heuristics.RoundRobinNeighbourSelection> Phase changed to 50
16-Oct-21 20:58:03.317 [Solver-3] DEBUG util.Progress>   -- RRq:6164/6169, RS:2544/2547, CR:99,92%, V:2059,55, DC:0, TOC:0, IS:NaN%, IT:NaN%, %:80,86
16-Oct-21 20:58:03.319 [Solver-3] DEBUG util.Progress> [Critical Courses B&B (frehmen students)...]
16-Oct-21 20:58:03.319 [Solver-3] INFO  heuristics.RoundRobinNeighbourSelection> Phase changed to 51
16-Oct-21 20:58:03.319 [Solver-3] DEBUG util.Progress>   -- RRq:6164/6169, RS:2544/2547, CR:99,92%, V:2059,55, DC:0, TOC:0, IS:NaN%, IT:NaN%, %:80,86
16-Oct-21 20:58:03.320 [Solver-3] INFO  heuristics.StandardNeighbourSelection> Using org.cpsolver.studentsct.heuristics.EnrollmentSelection
16-Oct-21 20:58:03.320 [Solver-3] INFO  heuristics.StandardNeighbourSelection> Using org.cpsolver.ifs.heuristics.GeneralVariableSelection
16-Oct-21 20:58:03.320 [Solver-3] DEBUG util.Progress> [Critical Backtracking (frehmen students)...]
16-Oct-21 20:58:03.321 [Solver-2] INFO  heuristics.RoundRobinNeighbourSelection> Phase changed to 52
16-Oct-21 20:58:03.321 [Solver-2] DEBUG util.Progress>   -- RRq:6164/6169, RS:2544/2547, CR:99,92%, V:2059,55, DC:0, TOC:0, IS:NaN%, IT:NaN%, %:80,86
16-Oct-21 20:58:03.321 [Solver-2] DEBUG util.Progress> [Critical Ifs (frehmen students)...]
16-Oct-21 20:58:03.323 [Solver-1] INFO  heuristics.RoundRobinNeighbourSelection> Phase changed to 53
16-Oct-21 20:58:03.323 [Solver-1] DEBUG util.Progress>   -- RRq:6164/6169, RS:2544/2547, CR:99,92%, V:2059,55, DC:0, TOC:0, IS:NaN%, IT:NaN%, %:80,86
16-Oct-21 20:58:03.324 [Solver-1] INFO  heuristics.StandardNeighbourSelection> Using org.cpsolver.studentsct.heuristics.EnrollmentSelection
16-Oct-21 20:58:03.324 [Solver-1] INFO  heuristics.StandardNeighbourSelection> Using org.cpsolver.ifs.heuristics.GeneralVariableSelection
16-Oct-21 20:58:03.324 [Solver-1] DEBUG util.Progress> [Critical Backtracking (frehmen students)...]
16-Oct-21 20:58:03.324 [Solver-2] INFO  heuristics.RoundRobinNeighbourSelection> Phase changed to 54
16-Oct-21 20:58:03.324 [Solver-2] DEBUG util.Progress>   -- RRq:6164/6169, RS:2544/2547, CR:99,92%, V:2059,55, DC:0, TOC:0, IS:NaN%, IT:NaN%, %:80,86
16-Oct-21 20:58:03.326 [Solver-2] DEBUG util.Progress> [Important Courses B&B (frehmen students)...]
16-Oct-21 20:58:03.326 [Solver-4] INFO  heuristics.RoundRobinNeighbourSelection> Phase changed to 55
16-Oct-21 20:58:03.327 [Solver-4] DEBUG util.Progress>   -- RRq:6164/6169, RS:2544/2547, CR:99,92%, V:2059,55, DC:0, TOC:0, IS:NaN%, IT:NaN%, %:80,86
16-Oct-21 20:58:03.328 [Solver-4] INFO  heuristics.StandardNeighbourSelection> Using org.cpsolver.studentsct.heuristics.EnrollmentSelection
16-Oct-21 20:58:03.328 [Solver-4] INFO  heuristics.StandardNeighbourSelection> Using org.cpsolver.ifs.heuristics.GeneralVariableSelection
16-Oct-21 20:58:03.328 [Solver-4] DEBUG util.Progress> [Important Backtracking (frehmen students)...]
16-Oct-21 20:58:03.328 [Solver-3] INFO  heuristics.RoundRobinNeighbourSelection> Phase changed to 56
16-Oct-21 20:58:03.329 [Solver-3] DEBUG util.Progress>   -- RRq:6164/6169, RS:2544/2547, CR:99,92%, V:2059,55, DC:0, TOC:0, IS:NaN%, IT:NaN%, %:80,86
16-Oct-21 20:58:03.329 [Solver-3] DEBUG util.Progress> [Important Ifs (frehmen students)...]
16-Oct-21 20:58:03.331 [Solver-1] INFO  heuristics.RoundRobinNeighbourSelection> Phase changed to 57
16-Oct-21 20:58:03.331 [Solver-1] DEBUG util.Progress>   -- RRq:6164/6169, RS:2544/2547, CR:99,92%, V:2059,55, DC:0, TOC:0, IS:NaN%, IT:NaN%, %:80,86
16-Oct-21 20:58:03.332 [Solver-1] INFO  heuristics.StandardNeighbourSelection> Using org.cpsolver.studentsct.heuristics.EnrollmentSelection
16-Oct-21 20:58:03.332 [Solver-1] INFO  heuristics.StandardNeighbourSelection> Using org.cpsolver.ifs.heuristics.GeneralVariableSelection
16-Oct-21 20:58:03.332 [Solver-1] DEBUG util.Progress> [Important Backtracking (frehmen students)...]
16-Oct-21 20:58:03.333 [Solver-3] INFO  heuristics.RoundRobinNeighbourSelection> Phase changed to 58
16-Oct-21 20:58:03.333 [Solver-3] DEBUG util.Progress>   -- RRq:6164/6169, RS:2544/2547, CR:99,92%, V:2059,55, DC:0, TOC:0, IS:NaN%, IT:NaN%, %:80,86
16-Oct-21 20:58:03.342 [Solver-3] DEBUG util.Progress> [Normal Courses B&B (frehmen students)...]
16-Oct-21 20:58:03.344 [Solver-1] INFO  heuristics.RoundRobinNeighbourSelection> Phase changed to 59
16-Oct-21 20:58:03.345 [Solver-1] DEBUG util.Progress>   -- RRq:6164/6169, RS:2544/2547, CR:99,92%, V:2059,55, DC:0, TOC:0, IS:NaN%, IT:NaN%, %:80,86
16-Oct-21 20:58:03.346 [Solver-1] INFO  heuristics.StandardNeighbourSelection> Using org.cpsolver.studentsct.heuristics.EnrollmentSelection
16-Oct-21 20:58:03.347 [Solver-1] INFO  heuristics.StandardNeighbourSelection> Using org.cpsolver.ifs.heuristics.GeneralVariableSelection
16-Oct-21 20:58:03.347 [Solver-1] DEBUG util.Progress> [Normal Backtracking (frehmen students)...]
16-Oct-21 20:58:03.347 [Solver-4] INFO  heuristics.RoundRobinNeighbourSelection> Phase changed to 60
16-Oct-21 20:58:03.348 [Solver-4] DEBUG util.Progress>   -- RRq:6164/6169, RS:2544/2547, CR:99,92%, V:2059,55, DC:0, TOC:0, IS:NaN%, IT:NaN%, %:80,86
16-Oct-21 20:58:03.348 [Solver-4] DEBUG util.Progress> [Normal Ifs (frehmen students)...]
16-Oct-21 20:58:03.354 [Solver-1] INFO  heuristics.RoundRobinNeighbourSelection> Phase changed to 61
16-Oct-21 20:58:03.355 [Solver-1] DEBUG util.Progress>   -- RRq:6164/6169, RS:2544/2547, CR:99,92%, V:2059,55, DC:0, TOC:0, IS:NaN%, IT:NaN%, %:80,86
16-Oct-21 20:58:03.356 [Solver-1] INFO  heuristics.StandardNeighbourSelection> Using org.cpsolver.studentsct.heuristics.EnrollmentSelection
16-Oct-21 20:58:03.356 [Solver-1] INFO  heuristics.StandardNeighbourSelection> Using org.cpsolver.ifs.heuristics.GeneralVariableSelection
16-Oct-21 20:58:03.356 [Solver-1] DEBUG util.Progress> [Normal Backtracking (frehmen students)...]
16-Oct-21 20:58:03.357 [Solver-4] INFO  heuristics.RoundRobinNeighbourSelection> Phase changed to 62
16-Oct-21 20:58:03.357 [Solver-4] DEBUG util.Progress>   -- RRq:6164/6169, RS:2544/2547, CR:99,92%, V:2059,55, DC:0, TOC:0, IS:NaN%, IT:NaN%, %:80,86
16-Oct-21 20:58:03.359 [Solver-4] DEBUG util.Progress> [Critical Courses B&B...]
16-Oct-21 20:58:03.364 [Solver-2] INFO  heuristics.RoundRobinNeighbourSelection> Phase changed to 63
16-Oct-21 20:58:03.364 [Solver-2] DEBUG util.Progress>   -- RRq:6164/6169, RS:2544/2547, CR:99,92%, V:2059,55, DC:0, TOC:0, IS:NaN%, IT:NaN%, %:80,86
16-Oct-21 20:58:03.365 [Solver-2] INFO  heuristics.StandardNeighbourSelection> Using org.cpsolver.studentsct.heuristics.EnrollmentSelection
16-Oct-21 20:58:03.365 [Solver-2] INFO  heuristics.StandardNeighbourSelection> Using org.cpsolver.ifs.heuristics.GeneralVariableSelection
16-Oct-21 20:58:03.365 [Solver-2] DEBUG util.Progress> [Critical Backtracking...]
16-Oct-21 20:58:03.366 [Solver-4] INFO  heuristics.RoundRobinNeighbourSelection> Phase changed to 64
16-Oct-21 20:58:03.366 [Solver-4] DEBUG util.Progress>   -- RRq:6164/6169, RS:2544/2547, CR:99,92%, V:2059,55, DC:0, TOC:0, IS:NaN%, IT:NaN%, %:80,86
16-Oct-21 20:58:03.366 [Solver-4] DEBUG util.Progress> [Critical Ifs...]
16-Oct-21 20:58:03.374 [Solver-3] INFO  heuristics.RoundRobinNeighbourSelection> Phase changed to 65
16-Oct-21 20:58:03.375 [Solver-3] DEBUG util.Progress>   -- RRq:6164/6169, RS:2544/2547, CR:99,92%, V:2059,55, DC:0, TOC:0, IS:NaN%, IT:NaN%, %:80,86
16-Oct-21 20:58:03.375 [Solver-3] INFO  heuristics.StandardNeighbourSelection> Using org.cpsolver.studentsct.heuristics.EnrollmentSelection
16-Oct-21 20:58:03.376 [Solver-3] INFO  heuristics.StandardNeighbourSelection> Using org.cpsolver.ifs.heuristics.GeneralVariableSelection
16-Oct-21 20:58:03.376 [Solver-3] DEBUG util.Progress> [Critical Backtracking...]
16-Oct-21 20:58:03.376 [Solver-2] INFO  heuristics.RoundRobinNeighbourSelection> Phase changed to 66
16-Oct-21 20:58:03.376 [Solver-2] DEBUG util.Progress>   -- RRq:6164/6169, RS:2544/2547, CR:99,92%, V:2059,55, DC:0, TOC:0, IS:NaN%, IT:NaN%, %:80,86
16-Oct-21 20:58:03.379 [Solver-2] DEBUG util.Progress> [Important Courses B&B...]
16-Oct-21 20:58:03.385 [Solver-1] INFO  heuristics.RoundRobinNeighbourSelection> Phase changed to 67
16-Oct-21 20:58:03.386 [Solver-1] DEBUG util.Progress>   -- RRq:6164/6169, RS:2544/2547, CR:99,92%, V:2059,55, DC:0, TOC:0, IS:NaN%, IT:NaN%, %:80,86
16-Oct-21 20:58:03.386 [Solver-1] INFO  heuristics.StandardNeighbourSelection> Using org.cpsolver.studentsct.heuristics.EnrollmentSelection
16-Oct-21 20:58:03.388 [Solver-1] INFO  heuristics.StandardNeighbourSelection> Using org.cpsolver.ifs.heuristics.GeneralVariableSelection
16-Oct-21 20:58:03.388 [Solver-1] DEBUG util.Progress> [Important Backtracking...]
16-Oct-21 20:58:03.389 [Solver-3] INFO  heuristics.RoundRobinNeighbourSelection> Phase changed to 68
16-Oct-21 20:58:03.389 [Solver-3] DEBUG util.Progress>   -- RRq:6164/6169, RS:2544/2547, CR:99,92%, V:2059,55, DC:0, TOC:0, IS:NaN%, IT:NaN%, %:80,86
16-Oct-21 20:58:03.389 [Solver-3] DEBUG util.Progress> [Important Ifs...]
16-Oct-21 20:58:03.402 [Solver-4] INFO  heuristics.RoundRobinNeighbourSelection> Phase changed to 69
16-Oct-21 20:58:03.403 [Solver-4] DEBUG util.Progress>   -- RRq:6164/6169, RS:2544/2547, CR:99,92%, V:2059,55, DC:0, TOC:0, IS:NaN%, IT:NaN%, %:80,86
16-Oct-21 20:58:03.404 [Solver-4] INFO  heuristics.StandardNeighbourSelection> Using org.cpsolver.studentsct.heuristics.EnrollmentSelection
16-Oct-21 20:58:03.404 [Solver-4] INFO  heuristics.StandardNeighbourSelection> Using org.cpsolver.ifs.heuristics.GeneralVariableSelection
16-Oct-21 20:58:03.404 [Solver-4] DEBUG util.Progress> [Important Backtracking...]
16-Oct-21 20:58:03.404 [Solver-3] INFO  heuristics.RoundRobinNeighbourSelection> Phase changed to 70
16-Oct-21 20:58:03.405 [Solver-3] DEBUG util.Progress>   -- RRq:6164/6169, RS:2544/2547, CR:99,92%, V:2059,55, DC:0, TOC:0, IS:NaN%, IT:NaN%, %:80,86
16-Oct-21 20:58:03.414 [Solver-3] DEBUG util.Progress> [Min Credit B&B...]
16-Oct-21 20:58:03.417 [Solver-2] INFO  heuristics.RoundRobinNeighbourSelection> Phase changed to 71
16-Oct-21 20:58:03.417 [Solver-2] DEBUG util.Progress>   -- RRq:6164/6169, RS:2544/2547, CR:99,92%, V:2059,55, DC:0, TOC:0, IS:NaN%, IT:NaN%, %:80,86
16-Oct-21 20:58:03.433 [Solver-2] DEBUG util.Progress> [Branch&bound...]
16-Oct-21 20:58:03.993 [Solver-3] INFO  studentsct.Test> **BEST** RRq:6169/6169, RS:2547/2547, CR:100,00%, V:2061,82, DC:0, TOC:0, IS:NaN%, IT:NaN%, %:80,95, TM:0,000h
16-Oct-21 20:58:03.998 [Solver-3] INFO  termination.MPPTerminationCondition> A complete solution with allowed number of perturbances found.
16-Oct-21 20:58:04.001 [Solver-4] INFO  termination.MPPTerminationCondition> A complete solution with allowed number of perturbances found.
16-Oct-21 20:58:04.001 [Solver-2] INFO  termination.MPPTerminationCondition> A complete solution with allowed number of perturbances found.
16-Oct-21 20:58:04.001 [Solver-1] INFO  termination.MPPTerminationCondition> A complete solution with allowed number of perturbances found.
16-Oct-21 20:58:04.716 [SolverSync] DEBUG util.Progress> [Done]
16-Oct-21 20:58:04.716 [SolverSync] DEBUG solver.Solver> Solver done.
16-Oct-21 20:58:04.716 [SolverSync] INFO  util.Progress> [Solver done.]
16-Oct-21 20:58:05.191 [ShutdownHook] INFO  studentsct.Test> **BEST** RRq:6169/6169, RS:2547/2547, CR:100,00%, V:2061,82, DC:0, TOC:0, IS:NaN%, IT:NaN%, %:80,95, TM:0,000h
16-Oct-21 20:58:05.198 [ShutdownHook] INFO  check.OverlapCheck> Checking for overlaps...
16-Oct-21 20:58:05.218 [ShutdownHook] INFO  check.SectionLimitCheck> Checking section limits...
16-Oct-21 20:58:05.223 [ShutdownHook] INFO  check.CourseLimitCheck> Checking for course limits...
16-Oct-21 20:58:05.225 [ShutdownHook] INFO  studentsct.Test> Best solution found after 1.3938546999997925 seconds (887 iterations).
16-Oct-21 20:58:05.250 [ShutdownHook] INFO  studentsct.Test> Info: [
      Assigned course requests: 100,00% (6169/6169)
      Assigned course requests (priority students): Normal: 100,00% (6169/6169)
      Assigned priority course requests: 100.00% (6169/6169)
      Assigned variables: 100.00% (6169/6169)
      Average disbalance: 0,60% (1,06)
      Best Iteration: 887
      Best Time: 0.02 min (636.36 it/s)
      Choice: Average assigned choice: 1,00
      Choice: assigned 1st course choice: 100,00% (6169)
      Full Sections: 4 with no space (9,30% of all sections, 11,28% assignments)
4 with &leq; 2% available (9,30% of all sections, 11,28% assignments)
7 with &leq; 10% available (16,28% of all sections, 17,65% assignments)
      Iteration: 887
      Overall solution value: -2061.82
      Sections disbalanced by 10% or more: 0,00% (0)
      Speed: 636.36 it/s
      Students with complete schedule: 100.00% (2547/2547)
      Students with complete schedule (priority students): Normal: 100.00% (2547/2547)
      Time: 0.02 min
    ]
16-Oct-21 20:58:05.260 [ShutdownHook] DEBUG studentsct.StudentSectioningXMLSaver> Writting XML data to:C:\Users\talha\Documents\CS Honours\COMP700 - HP\student-lab-sectioning\ifs-solver\src\main\resources\input\2020-Sem1-CAES-Wvl-no-conflicts\211016_205759\solution.xml
