16-Oct-21 21:09:10.531 [main] DEBUG studentsct.StudentSectioningXMLLoader> Reading XML data from src\main\resources\input\2020-Sem1-CAES-Wvl-no-conflicts\2020-Sem1-CAES-Wvl-no-conflicts-updated-1.xml
16-Oct-21 21:09:11.233 [main] DEBUG studentsct.StudentSectioningXMLLoader> Root element: sectioning
16-Oct-21 21:09:11.239 [main] INFO  util.Progress> [Restoring from backup ...]
16-Oct-21 21:09:12.286 [main] DEBUG studentsct.StudentSectioningXMLLoader> Model successfully loaded.
16-Oct-21 21:09:12.520 [SolverSync] INFO  util.Progress> [Solving problem ...]
16-Oct-21 21:09:12.523 [SolverSync] DEBUG util.Progress> [Initializing solver]
16-Oct-21 21:09:12.536 [SolverSync] INFO  solver.Solver> Using org.cpsolver.ifs.termination.MPPTerminationCondition
16-Oct-21 21:09:12.542 [SolverSync] INFO  solver.Solver> Using org.cpsolver.ifs.solution.MPPSolutionComparator
16-Oct-21 21:09:12.547 [SolverSync] INFO  solver.Solver> Using org.cpsolver.studentsct.heuristics.StudentSctNeighbourSelection
16-Oct-21 21:09:12.666 [SolverSync] INFO  heuristics.StandardNeighbourSelection> Using org.cpsolver.ifs.heuristics.GeneralValueSelection
16-Oct-21 21:09:12.672 [SolverSync] INFO  heuristics.StandardNeighbourSelection> Using org.cpsolver.ifs.heuristics.GeneralVariableSelection
16-Oct-21 21:09:12.675 [SolverSync] INFO  solver.Solver> Using org.cpsolver.ifs.perturbations.DefaultPerturbationsCounter
16-Oct-21 21:09:12.702 [SolverSync] INFO  solver.Solver> Using org.cpsolver.studentsct.extension.StudentConflictStatistics
16-Oct-21 21:09:12.720 [SolverSync] INFO  solver.Solver> Using org.cpsolver.studentsct.extension.TimeOverlapsCounter
16-Oct-21 21:09:12.906 [SolverSync] INFO  solver.Solver> Initial solution:[
      Assigned course requests: 99,94% (6164/6168)
      Assigned course requests (priority students): Normal: 99,94% (6164/6168)
      Assigned variables: 99.94% (6164/6168)
      Iteration: 0
      Overall solution value: -2059.65
      Students with complete schedule: 99.92% (2545/2547)
      Students with complete schedule (priority students): Normal: 99.92% (2545/2547)
      Time: 0.00 min
    ]
16-Oct-21 21:09:12.916 [SolverSync] INFO  util.JProf> Using wall time.
16-Oct-21 21:09:12.985 [Solver-1] INFO  heuristics.RoundRobinNeighbourSelection> Phase changed to 1
16-Oct-21 21:09:12.989 [Solver-1] DEBUG util.Progress>   -- RRq:6164/6168, RS:2545/2547, CR:99,94%, V:2059,65, TOC:0, IS:NaN%, IT:NaN%, %:80,87
16-Oct-21 21:09:13.061 [Solver-1] INFO  studentsct.Test> **BEST** RRq:6164/6168, RS:2545/2547, CR:99,94%, V:2059,65, TOC:0, IS:NaN%, IT:NaN%, %:80,87, TM:0,000h
16-Oct-21 21:09:13.126 [Solver-1] DEBUG util.Progress> [Assign initial enrollments...]
16-Oct-21 21:09:13.171 [Solver-2] INFO  heuristics.RoundRobinNeighbourSelection> Phase changed to 2
16-Oct-21 21:09:13.173 [Solver-2] DEBUG util.Progress>   -- RRq:6164/6168, RS:2545/2547, CR:99,94%, V:2059,65, TOC:0, IS:NaN%, IT:NaN%, %:80,87
16-Oct-21 21:09:13.190 [Solver-2] DEBUG util.Progress> [Critical Courses B&B (priority students)...]
16-Oct-21 21:09:13.200 [Solver-3] INFO  heuristics.RoundRobinNeighbourSelection> Phase changed to 3
16-Oct-21 21:09:13.213 [Solver-3] DEBUG util.Progress>   -- RRq:6164/6168, RS:2545/2547, CR:99,94%, V:2059,65, TOC:0, IS:NaN%, IT:NaN%, %:80,87
16-Oct-21 21:09:13.218 [Solver-3] INFO  heuristics.StandardNeighbourSelection> Using org.cpsolver.ifs.heuristics.GeneralValueSelection
16-Oct-21 21:09:13.223 [Solver-3] INFO  heuristics.StandardNeighbourSelection> Using org.cpsolver.ifs.heuristics.GeneralVariableSelection
16-Oct-21 21:09:13.225 [Solver-3] DEBUG util.Progress> [Critical Backtracking (priority students)...]
16-Oct-21 21:09:13.225 [Solver-3] INFO  heuristics.RoundRobinNeighbourSelection> Phase changed to 4
16-Oct-21 21:09:13.226 [Solver-3] DEBUG util.Progress>   -- RRq:6164/6168, RS:2545/2547, CR:99,94%, V:2059,65, TOC:0, IS:NaN%, IT:NaN%, %:80,87
16-Oct-21 21:09:13.226 [Solver-3] DEBUG util.Progress> [Critical Ifs (priority students)...]
16-Oct-21 21:09:13.237 [Solver-3] INFO  heuristics.RoundRobinNeighbourSelection> Phase changed to 5
16-Oct-21 21:09:13.238 [Solver-3] DEBUG util.Progress>   -- RRq:6164/6168, RS:2545/2547, CR:99,94%, V:2059,65, TOC:0, IS:NaN%, IT:NaN%, %:80,87
16-Oct-21 21:09:13.240 [Solver-3] INFO  heuristics.StandardNeighbourSelection> Using org.cpsolver.ifs.heuristics.GeneralValueSelection
16-Oct-21 21:09:13.240 [Solver-3] INFO  heuristics.StandardNeighbourSelection> Using org.cpsolver.ifs.heuristics.GeneralVariableSelection
16-Oct-21 21:09:13.240 [Solver-3] DEBUG util.Progress> [Critical Backtracking (priority students)...]
16-Oct-21 21:09:13.242 [Solver-3] INFO  heuristics.RoundRobinNeighbourSelection> Phase changed to 6
16-Oct-21 21:09:13.243 [Solver-3] DEBUG util.Progress>   -- RRq:6164/6168, RS:2545/2547, CR:99,94%, V:2059,65, TOC:0, IS:NaN%, IT:NaN%, %:80,87
16-Oct-21 21:09:13.248 [Solver-3] DEBUG util.Progress> [Important Courses B&B (priority students)...]
16-Oct-21 21:09:13.249 [Solver-3] INFO  heuristics.RoundRobinNeighbourSelection> Phase changed to 7
16-Oct-21 21:09:13.250 [Solver-3] DEBUG util.Progress>   -- RRq:6164/6168, RS:2545/2547, CR:99,94%, V:2059,65, TOC:0, IS:NaN%, IT:NaN%, %:80,87
16-Oct-21 21:09:13.252 [Solver-3] INFO  heuristics.StandardNeighbourSelection> Using org.cpsolver.ifs.heuristics.GeneralValueSelection
16-Oct-21 21:09:13.252 [Solver-3] INFO  heuristics.StandardNeighbourSelection> Using org.cpsolver.ifs.heuristics.GeneralVariableSelection
16-Oct-21 21:09:13.252 [Solver-3] DEBUG util.Progress> [Important Backtracking (priority students)...]
16-Oct-21 21:09:13.253 [Solver-3] INFO  heuristics.RoundRobinNeighbourSelection> Phase changed to 8
16-Oct-21 21:09:13.253 [Solver-3] DEBUG util.Progress>   -- RRq:6164/6168, RS:2545/2547, CR:99,94%, V:2059,65, TOC:0, IS:NaN%, IT:NaN%, %:80,87
16-Oct-21 21:09:13.253 [Solver-3] DEBUG util.Progress> [Important Ifs (priority students)...]
16-Oct-21 21:09:13.266 [Solver-1] INFO  heuristics.RoundRobinNeighbourSelection> Phase changed to 9
16-Oct-21 21:09:13.269 [Solver-1] DEBUG util.Progress>   -- RRq:6164/6168, RS:2545/2547, CR:99,94%, V:2059,65, TOC:0, IS:NaN%, IT:NaN%, %:80,87
16-Oct-21 21:09:13.270 [Solver-1] INFO  heuristics.StandardNeighbourSelection> Using org.cpsolver.ifs.heuristics.GeneralValueSelection
16-Oct-21 21:09:13.270 [Solver-1] INFO  heuristics.StandardNeighbourSelection> Using org.cpsolver.ifs.heuristics.GeneralVariableSelection
16-Oct-21 21:09:13.271 [Solver-1] DEBUG util.Progress> [Important Backtracking (priority students)...]
16-Oct-21 21:09:13.272 [Solver-4] INFO  heuristics.RoundRobinNeighbourSelection> Phase changed to 10
16-Oct-21 21:09:13.272 [Solver-4] DEBUG util.Progress>   -- RRq:6164/6168, RS:2545/2547, CR:99,94%, V:2059,65, TOC:0, IS:NaN%, IT:NaN%, %:80,87
16-Oct-21 21:09:13.329 [Solver-4] DEBUG util.Progress> [Normal Courses B&B (priority students)...]
16-Oct-21 21:09:13.331 [Solver-4] INFO  heuristics.RoundRobinNeighbourSelection> Phase changed to 11
16-Oct-21 21:09:13.332 [Solver-4] DEBUG util.Progress>   -- RRq:6164/6168, RS:2545/2547, CR:99,94%, V:2059,65, TOC:0, IS:NaN%, IT:NaN%, %:80,87
16-Oct-21 21:09:13.336 [Solver-4] INFO  heuristics.StandardNeighbourSelection> Using org.cpsolver.ifs.heuristics.GeneralValueSelection
16-Oct-21 21:09:13.341 [Solver-4] INFO  heuristics.StandardNeighbourSelection> Using org.cpsolver.ifs.heuristics.GeneralVariableSelection
16-Oct-21 21:09:13.341 [Solver-4] DEBUG util.Progress> [Normal Backtracking (priority students)...]
16-Oct-21 21:09:13.342 [Solver-4] INFO  heuristics.RoundRobinNeighbourSelection> Phase changed to 12
16-Oct-21 21:09:13.342 [Solver-4] DEBUG util.Progress>   -- RRq:6164/6168, RS:2545/2547, CR:99,94%, V:2059,65, TOC:0, IS:NaN%, IT:NaN%, %:80,87
16-Oct-21 21:09:13.342 [Solver-4] DEBUG util.Progress> [Normal Ifs (priority students)...]
16-Oct-21 21:09:13.369 [Solver-4] INFO  heuristics.RoundRobinNeighbourSelection> Phase changed to 13
16-Oct-21 21:09:13.370 [Solver-4] DEBUG util.Progress>   -- RRq:6164/6168, RS:2545/2547, CR:99,94%, V:2059,65, TOC:0, IS:NaN%, IT:NaN%, %:80,87
16-Oct-21 21:09:13.372 [Solver-4] INFO  heuristics.StandardNeighbourSelection> Using org.cpsolver.ifs.heuristics.GeneralValueSelection
16-Oct-21 21:09:13.373 [Solver-4] INFO  heuristics.StandardNeighbourSelection> Using org.cpsolver.ifs.heuristics.GeneralVariableSelection
16-Oct-21 21:09:13.373 [Solver-4] DEBUG util.Progress> [Normal Backtracking (priority students)...]
16-Oct-21 21:09:13.376 [Solver-4] INFO  heuristics.RoundRobinNeighbourSelection> Phase changed to 14
16-Oct-21 21:09:13.380 [Solver-4] DEBUG util.Progress>   -- RRq:6164/6168, RS:2545/2547, CR:99,94%, V:2059,65, TOC:0, IS:NaN%, IT:NaN%, %:80,87
16-Oct-21 21:09:13.391 [Solver-4] DEBUG util.Progress> [Critical Courses B&B (senior students)...]
16-Oct-21 21:09:13.392 [Solver-4] INFO  heuristics.RoundRobinNeighbourSelection> Phase changed to 15
16-Oct-21 21:09:13.395 [Solver-4] DEBUG util.Progress>   -- RRq:6164/6168, RS:2545/2547, CR:99,94%, V:2059,65, TOC:0, IS:NaN%, IT:NaN%, %:80,87
16-Oct-21 21:09:13.416 [Solver-4] INFO  heuristics.StandardNeighbourSelection> Using org.cpsolver.ifs.heuristics.GeneralValueSelection
16-Oct-21 21:09:13.416 [Solver-4] INFO  heuristics.StandardNeighbourSelection> Using org.cpsolver.ifs.heuristics.GeneralVariableSelection
16-Oct-21 21:09:13.417 [Solver-4] DEBUG util.Progress> [Critical Backtracking (senior students)...]
16-Oct-21 21:09:13.429 [Solver-4] INFO  heuristics.RoundRobinNeighbourSelection> Phase changed to 16
16-Oct-21 21:09:13.430 [Solver-4] DEBUG util.Progress>   -- RRq:6164/6168, RS:2545/2547, CR:99,94%, V:2059,65, TOC:0, IS:NaN%, IT:NaN%, %:80,87
16-Oct-21 21:09:13.430 [Solver-4] DEBUG util.Progress> [Critical Ifs (senior students)...]
16-Oct-21 21:09:13.438 [Solver-4] INFO  heuristics.RoundRobinNeighbourSelection> Phase changed to 17
16-Oct-21 21:09:13.439 [Solver-4] DEBUG util.Progress>   -- RRq:6164/6168, RS:2545/2547, CR:99,94%, V:2059,65, TOC:0, IS:NaN%, IT:NaN%, %:80,87
16-Oct-21 21:09:13.441 [Solver-4] INFO  heuristics.StandardNeighbourSelection> Using org.cpsolver.ifs.heuristics.GeneralValueSelection
16-Oct-21 21:09:13.441 [Solver-4] INFO  heuristics.StandardNeighbourSelection> Using org.cpsolver.ifs.heuristics.GeneralVariableSelection
16-Oct-21 21:09:13.442 [Solver-4] DEBUG util.Progress> [Critical Backtracking (senior students)...]
16-Oct-21 21:09:13.450 [Solver-4] INFO  heuristics.RoundRobinNeighbourSelection> Phase changed to 18
16-Oct-21 21:09:13.451 [Solver-4] DEBUG util.Progress>   -- RRq:6164/6168, RS:2545/2547, CR:99,94%, V:2059,65, TOC:0, IS:NaN%, IT:NaN%, %:80,87
16-Oct-21 21:09:13.454 [Solver-4] DEBUG util.Progress> [Important Courses B&B (senior students)...]
16-Oct-21 21:09:13.454 [Solver-4] INFO  heuristics.RoundRobinNeighbourSelection> Phase changed to 19
16-Oct-21 21:09:13.455 [Solver-4] DEBUG util.Progress>   -- RRq:6164/6168, RS:2545/2547, CR:99,94%, V:2059,65, TOC:0, IS:NaN%, IT:NaN%, %:80,87
16-Oct-21 21:09:13.457 [Solver-4] INFO  heuristics.StandardNeighbourSelection> Using org.cpsolver.ifs.heuristics.GeneralValueSelection
16-Oct-21 21:09:13.457 [Solver-4] INFO  heuristics.StandardNeighbourSelection> Using org.cpsolver.ifs.heuristics.GeneralVariableSelection
16-Oct-21 21:09:13.458 [Solver-4] DEBUG util.Progress> [Important Backtracking (senior students)...]
16-Oct-21 21:09:13.459 [Solver-1] INFO  heuristics.RoundRobinNeighbourSelection> Phase changed to 20
16-Oct-21 21:09:13.459 [Solver-1] DEBUG util.Progress>   -- RRq:6164/6168, RS:2545/2547, CR:99,94%, V:2059,65, TOC:0, IS:NaN%, IT:NaN%, %:80,87
16-Oct-21 21:09:13.459 [Solver-1] DEBUG util.Progress> [Important Ifs (senior students)...]
16-Oct-21 21:09:13.466 [Solver-4] INFO  heuristics.RoundRobinNeighbourSelection> Phase changed to 21
16-Oct-21 21:09:13.469 [Solver-4] DEBUG util.Progress>   -- RRq:6164/6168, RS:2545/2547, CR:99,94%, V:2059,65, TOC:0, IS:NaN%, IT:NaN%, %:80,87
16-Oct-21 21:09:13.471 [Solver-4] INFO  heuristics.StandardNeighbourSelection> Using org.cpsolver.ifs.heuristics.GeneralValueSelection
16-Oct-21 21:09:13.471 [Solver-4] INFO  heuristics.StandardNeighbourSelection> Using org.cpsolver.ifs.heuristics.GeneralVariableSelection
16-Oct-21 21:09:13.471 [Solver-4] DEBUG util.Progress> [Important Backtracking (senior students)...]
16-Oct-21 21:09:13.472 [Solver-2] INFO  heuristics.RoundRobinNeighbourSelection> Phase changed to 22
16-Oct-21 21:09:13.472 [Solver-2] DEBUG util.Progress>   -- RRq:6164/6168, RS:2545/2547, CR:99,94%, V:2059,65, TOC:0, IS:NaN%, IT:NaN%, %:80,87
16-Oct-21 21:09:13.486 [Solver-2] DEBUG util.Progress> [Normal Courses B&B (senior students)...]
16-Oct-21 21:09:13.487 [Solver-3] INFO  heuristics.RoundRobinNeighbourSelection> Phase changed to 23
16-Oct-21 21:09:13.489 [Solver-3] DEBUG util.Progress>   -- RRq:6164/6168, RS:2545/2547, CR:99,94%, V:2059,65, TOC:0, IS:NaN%, IT:NaN%, %:80,87
16-Oct-21 21:09:13.489 [Solver-3] INFO  heuristics.StandardNeighbourSelection> Using org.cpsolver.ifs.heuristics.GeneralValueSelection
16-Oct-21 21:09:13.489 [Solver-3] INFO  heuristics.StandardNeighbourSelection> Using org.cpsolver.ifs.heuristics.GeneralVariableSelection
16-Oct-21 21:09:13.490 [Solver-3] DEBUG util.Progress> [Normal Backtracking (senior students)...]
16-Oct-21 21:09:13.490 [Solver-3] INFO  heuristics.RoundRobinNeighbourSelection> Phase changed to 24
16-Oct-21 21:09:13.490 [Solver-3] DEBUG util.Progress>   -- RRq:6164/6168, RS:2545/2547, CR:99,94%, V:2059,65, TOC:0, IS:NaN%, IT:NaN%, %:80,87
16-Oct-21 21:09:13.491 [Solver-3] DEBUG util.Progress> [Normal Ifs (senior students)...]
16-Oct-21 21:09:13.493 [Solver-3] INFO  heuristics.RoundRobinNeighbourSelection> Phase changed to 25
16-Oct-21 21:09:13.493 [Solver-3] DEBUG util.Progress>   -- RRq:6164/6168, RS:2545/2547, CR:99,94%, V:2059,65, TOC:0, IS:NaN%, IT:NaN%, %:80,87
16-Oct-21 21:09:13.494 [Solver-3] INFO  heuristics.StandardNeighbourSelection> Using org.cpsolver.ifs.heuristics.GeneralValueSelection
16-Oct-21 21:09:13.495 [Solver-3] INFO  heuristics.StandardNeighbourSelection> Using org.cpsolver.ifs.heuristics.GeneralVariableSelection
16-Oct-21 21:09:13.495 [Solver-3] DEBUG util.Progress> [Normal Backtracking (senior students)...]
16-Oct-21 21:09:13.495 [Solver-1] INFO  heuristics.RoundRobinNeighbourSelection> Phase changed to 26
16-Oct-21 21:09:13.495 [Solver-1] DEBUG util.Progress>   -- RRq:6164/6168, RS:2545/2547, CR:99,94%, V:2059,65, TOC:0, IS:NaN%, IT:NaN%, %:80,87
16-Oct-21 21:09:13.499 [Solver-1] DEBUG util.Progress> [Critical Courses B&B (junior students)...]
16-Oct-21 21:09:13.500 [Solver-1] INFO  heuristics.RoundRobinNeighbourSelection> Phase changed to 27
16-Oct-21 21:09:13.500 [Solver-1] DEBUG util.Progress>   -- RRq:6164/6168, RS:2545/2547, CR:99,94%, V:2059,65, TOC:0, IS:NaN%, IT:NaN%, %:80,87
16-Oct-21 21:09:13.501 [Solver-1] INFO  heuristics.StandardNeighbourSelection> Using org.cpsolver.ifs.heuristics.GeneralValueSelection
16-Oct-21 21:09:13.501 [Solver-1] INFO  heuristics.StandardNeighbourSelection> Using org.cpsolver.ifs.heuristics.GeneralVariableSelection
16-Oct-21 21:09:13.501 [Solver-1] DEBUG util.Progress> [Critical Backtracking (junior students)...]
16-Oct-21 21:09:13.502 [Solver-4] INFO  heuristics.RoundRobinNeighbourSelection> Phase changed to 28
16-Oct-21 21:09:13.502 [Solver-4] DEBUG util.Progress>   -- RRq:6164/6168, RS:2545/2547, CR:99,94%, V:2059,65, TOC:0, IS:NaN%, IT:NaN%, %:80,87
16-Oct-21 21:09:13.502 [Solver-4] DEBUG util.Progress> [Critical Ifs (junior students)...]
16-Oct-21 21:09:13.508 [Solver-4] INFO  heuristics.RoundRobinNeighbourSelection> Phase changed to 29
16-Oct-21 21:09:13.508 [Solver-4] DEBUG util.Progress>   -- RRq:6164/6168, RS:2545/2547, CR:99,94%, V:2059,65, TOC:0, IS:NaN%, IT:NaN%, %:80,87
16-Oct-21 21:09:13.510 [Solver-4] INFO  heuristics.StandardNeighbourSelection> Using org.cpsolver.ifs.heuristics.GeneralValueSelection
16-Oct-21 21:09:13.510 [Solver-4] INFO  heuristics.StandardNeighbourSelection> Using org.cpsolver.ifs.heuristics.GeneralVariableSelection
16-Oct-21 21:09:13.510 [Solver-4] DEBUG util.Progress> [Critical Backtracking (junior students)...]
16-Oct-21 21:09:13.511 [Solver-4] INFO  heuristics.RoundRobinNeighbourSelection> Phase changed to 30
16-Oct-21 21:09:13.511 [Solver-4] DEBUG util.Progress>   -- RRq:6164/6168, RS:2545/2547, CR:99,94%, V:2059,65, TOC:0, IS:NaN%, IT:NaN%, %:80,87
16-Oct-21 21:09:13.514 [Solver-4] DEBUG util.Progress> [Important Courses B&B (junior students)...]
16-Oct-21 21:09:13.515 [Solver-3] INFO  heuristics.RoundRobinNeighbourSelection> Phase changed to 31
16-Oct-21 21:09:13.515 [Solver-3] DEBUG util.Progress>   -- RRq:6164/6168, RS:2545/2547, CR:99,94%, V:2059,65, TOC:0, IS:NaN%, IT:NaN%, %:80,87
16-Oct-21 21:09:13.517 [Solver-3] INFO  heuristics.StandardNeighbourSelection> Using org.cpsolver.ifs.heuristics.GeneralValueSelection
16-Oct-21 21:09:13.537 [Solver-3] INFO  heuristics.StandardNeighbourSelection> Using org.cpsolver.ifs.heuristics.GeneralVariableSelection
16-Oct-21 21:09:13.541 [Solver-3] DEBUG util.Progress> [Important Backtracking (junior students)...]
16-Oct-21 21:09:13.542 [Solver-2] INFO  heuristics.RoundRobinNeighbourSelection> Phase changed to 32
16-Oct-21 21:09:13.543 [Solver-2] DEBUG util.Progress>   -- RRq:6164/6168, RS:2545/2547, CR:99,94%, V:2059,65, TOC:0, IS:NaN%, IT:NaN%, %:80,87
16-Oct-21 21:09:13.544 [Solver-2] DEBUG util.Progress> [Important Ifs (junior students)...]
16-Oct-21 21:09:13.549 [Solver-3] INFO  heuristics.RoundRobinNeighbourSelection> Phase changed to 33
16-Oct-21 21:09:13.551 [Solver-3] DEBUG util.Progress>   -- RRq:6164/6168, RS:2545/2547, CR:99,94%, V:2059,65, TOC:0, IS:NaN%, IT:NaN%, %:80,87
16-Oct-21 21:09:13.552 [Solver-3] INFO  heuristics.StandardNeighbourSelection> Using org.cpsolver.ifs.heuristics.GeneralValueSelection
16-Oct-21 21:09:13.553 [Solver-3] INFO  heuristics.StandardNeighbourSelection> Using org.cpsolver.ifs.heuristics.GeneralVariableSelection
16-Oct-21 21:09:13.554 [Solver-3] DEBUG util.Progress> [Important Backtracking (junior students)...]
16-Oct-21 21:09:13.556 [Solver-3] INFO  heuristics.RoundRobinNeighbourSelection> Phase changed to 34
16-Oct-21 21:09:13.558 [Solver-3] DEBUG util.Progress>   -- RRq:6164/6168, RS:2545/2547, CR:99,94%, V:2059,65, TOC:0, IS:NaN%, IT:NaN%, %:80,87
16-Oct-21 21:09:13.573 [Solver-3] DEBUG util.Progress> [Normal Courses B&B (junior students)...]
16-Oct-21 21:09:13.574 [Solver-1] INFO  heuristics.RoundRobinNeighbourSelection> Phase changed to 35
16-Oct-21 21:09:13.575 [Solver-1] DEBUG util.Progress>   -- RRq:6164/6168, RS:2545/2547, CR:99,94%, V:2059,65, TOC:0, IS:NaN%, IT:NaN%, %:80,87
16-Oct-21 21:09:13.576 [Solver-1] INFO  heuristics.StandardNeighbourSelection> Using org.cpsolver.ifs.heuristics.GeneralValueSelection
16-Oct-21 21:09:13.580 [Solver-1] INFO  heuristics.StandardNeighbourSelection> Using org.cpsolver.ifs.heuristics.GeneralVariableSelection
16-Oct-21 21:09:13.593 [Solver-1] DEBUG util.Progress> [Normal Backtracking (junior students)...]
16-Oct-21 21:09:13.594 [Solver-1] INFO  heuristics.RoundRobinNeighbourSelection> Phase changed to 36
16-Oct-21 21:09:13.596 [Solver-1] DEBUG util.Progress>   -- RRq:6164/6168, RS:2545/2547, CR:99,94%, V:2059,65, TOC:0, IS:NaN%, IT:NaN%, %:80,87
16-Oct-21 21:09:13.596 [Solver-1] DEBUG util.Progress> [Normal Ifs (junior students)...]
16-Oct-21 21:09:13.600 [Solver-1] INFO  heuristics.RoundRobinNeighbourSelection> Phase changed to 37
16-Oct-21 21:09:13.602 [Solver-1] DEBUG util.Progress>   -- RRq:6164/6168, RS:2545/2547, CR:99,94%, V:2059,65, TOC:0, IS:NaN%, IT:NaN%, %:80,87
16-Oct-21 21:09:13.603 [Solver-1] INFO  heuristics.StandardNeighbourSelection> Using org.cpsolver.ifs.heuristics.GeneralValueSelection
16-Oct-21 21:09:13.604 [Solver-1] INFO  heuristics.StandardNeighbourSelection> Using org.cpsolver.ifs.heuristics.GeneralVariableSelection
16-Oct-21 21:09:13.605 [Solver-1] DEBUG util.Progress> [Normal Backtracking (junior students)...]
16-Oct-21 21:09:13.608 [Solver-3] INFO  heuristics.RoundRobinNeighbourSelection> Phase changed to 38
16-Oct-21 21:09:13.609 [Solver-3] DEBUG util.Progress>   -- RRq:6164/6168, RS:2545/2547, CR:99,94%, V:2059,65, TOC:0, IS:NaN%, IT:NaN%, %:80,87
16-Oct-21 21:09:13.630 [Solver-3] DEBUG util.Progress> [Critical Courses B&B (sophomore students)...]
16-Oct-21 21:09:13.631 [Solver-3] INFO  heuristics.RoundRobinNeighbourSelection> Phase changed to 39
16-Oct-21 21:09:13.633 [Solver-3] DEBUG util.Progress>   -- RRq:6164/6168, RS:2545/2547, CR:99,94%, V:2059,65, TOC:0, IS:NaN%, IT:NaN%, %:80,87
16-Oct-21 21:09:13.634 [Solver-3] INFO  heuristics.StandardNeighbourSelection> Using org.cpsolver.ifs.heuristics.GeneralValueSelection
16-Oct-21 21:09:13.634 [Solver-3] INFO  heuristics.StandardNeighbourSelection> Using org.cpsolver.ifs.heuristics.GeneralVariableSelection
16-Oct-21 21:09:13.634 [Solver-3] DEBUG util.Progress> [Critical Backtracking (sophomore students)...]
16-Oct-21 21:09:13.635 [Solver-3] INFO  heuristics.RoundRobinNeighbourSelection> Phase changed to 40
16-Oct-21 21:09:13.635 [Solver-3] DEBUG util.Progress>   -- RRq:6164/6168, RS:2545/2547, CR:99,94%, V:2059,65, TOC:0, IS:NaN%, IT:NaN%, %:80,87
16-Oct-21 21:09:13.635 [Solver-3] DEBUG util.Progress> [Critical Ifs (sophomore students)...]
16-Oct-21 21:09:13.641 [Solver-3] INFO  heuristics.RoundRobinNeighbourSelection> Phase changed to 41
16-Oct-21 21:09:13.641 [Solver-3] DEBUG util.Progress>   -- RRq:6164/6168, RS:2545/2547, CR:99,94%, V:2059,65, TOC:0, IS:NaN%, IT:NaN%, %:80,87
16-Oct-21 21:09:13.643 [Solver-3] INFO  heuristics.StandardNeighbourSelection> Using org.cpsolver.ifs.heuristics.GeneralValueSelection
16-Oct-21 21:09:13.643 [Solver-3] INFO  heuristics.StandardNeighbourSelection> Using org.cpsolver.ifs.heuristics.GeneralVariableSelection
16-Oct-21 21:09:13.643 [Solver-3] DEBUG util.Progress> [Critical Backtracking (sophomore students)...]
16-Oct-21 21:09:13.645 [Solver-3] INFO  heuristics.RoundRobinNeighbourSelection> Phase changed to 42
16-Oct-21 21:09:13.645 [Solver-3] DEBUG util.Progress>   -- RRq:6164/6168, RS:2545/2547, CR:99,94%, V:2059,65, TOC:0, IS:NaN%, IT:NaN%, %:80,87
16-Oct-21 21:09:13.649 [Solver-3] DEBUG util.Progress> [Important Courses B&B (sophomore students)...]
16-Oct-21 21:09:13.649 [Solver-3] INFO  heuristics.RoundRobinNeighbourSelection> Phase changed to 43
16-Oct-21 21:09:13.649 [Solver-3] DEBUG util.Progress>   -- RRq:6164/6168, RS:2545/2547, CR:99,94%, V:2059,65, TOC:0, IS:NaN%, IT:NaN%, %:80,87
16-Oct-21 21:09:13.650 [Solver-3] INFO  heuristics.StandardNeighbourSelection> Using org.cpsolver.ifs.heuristics.GeneralValueSelection
16-Oct-21 21:09:13.650 [Solver-3] INFO  heuristics.StandardNeighbourSelection> Using org.cpsolver.ifs.heuristics.GeneralVariableSelection
16-Oct-21 21:09:13.650 [Solver-3] DEBUG util.Progress> [Important Backtracking (sophomore students)...]
16-Oct-21 21:09:13.651 [Solver-3] INFO  heuristics.RoundRobinNeighbourSelection> Phase changed to 44
16-Oct-21 21:09:13.651 [Solver-3] DEBUG util.Progress>   -- RRq:6164/6168, RS:2545/2547, CR:99,94%, V:2059,65, TOC:0, IS:NaN%, IT:NaN%, %:80,87
16-Oct-21 21:09:13.651 [Solver-3] DEBUG util.Progress> [Important Ifs (sophomore students)...]
16-Oct-21 21:09:13.653 [Solver-2] INFO  heuristics.RoundRobinNeighbourSelection> Phase changed to 45
16-Oct-21 21:09:13.654 [Solver-2] DEBUG util.Progress>   -- RRq:6164/6168, RS:2545/2547, CR:99,94%, V:2059,65, TOC:0, IS:NaN%, IT:NaN%, %:80,87
16-Oct-21 21:09:13.654 [Solver-2] INFO  heuristics.StandardNeighbourSelection> Using org.cpsolver.ifs.heuristics.GeneralValueSelection
16-Oct-21 21:09:13.654 [Solver-2] INFO  heuristics.StandardNeighbourSelection> Using org.cpsolver.ifs.heuristics.GeneralVariableSelection
16-Oct-21 21:09:13.655 [Solver-2] DEBUG util.Progress> [Important Backtracking (sophomore students)...]
16-Oct-21 21:09:13.655 [Solver-1] INFO  heuristics.RoundRobinNeighbourSelection> Phase changed to 46
16-Oct-21 21:09:13.655 [Solver-1] DEBUG util.Progress>   -- RRq:6164/6168, RS:2545/2547, CR:99,94%, V:2059,65, TOC:0, IS:NaN%, IT:NaN%, %:80,87
16-Oct-21 21:09:13.666 [Solver-1] DEBUG util.Progress> [Normal Courses B&B (sophomore students)...]
16-Oct-21 21:09:13.667 [Solver-3] INFO  heuristics.RoundRobinNeighbourSelection> Phase changed to 47
16-Oct-21 21:09:13.668 [Solver-3] DEBUG util.Progress>   -- RRq:6164/6168, RS:2545/2547, CR:99,94%, V:2059,65, TOC:0, IS:NaN%, IT:NaN%, %:80,87
16-Oct-21 21:09:13.670 [Solver-3] INFO  heuristics.StandardNeighbourSelection> Using org.cpsolver.ifs.heuristics.GeneralValueSelection
16-Oct-21 21:09:13.670 [Solver-3] INFO  heuristics.StandardNeighbourSelection> Using org.cpsolver.ifs.heuristics.GeneralVariableSelection
16-Oct-21 21:09:13.670 [Solver-3] DEBUG util.Progress> [Normal Backtracking (sophomore students)...]
16-Oct-21 21:09:13.670 [Solver-4] INFO  heuristics.RoundRobinNeighbourSelection> Phase changed to 48
16-Oct-21 21:09:13.670 [Solver-4] DEBUG util.Progress>   -- RRq:6164/6168, RS:2545/2547, CR:99,94%, V:2059,65, TOC:0, IS:NaN%, IT:NaN%, %:80,87
16-Oct-21 21:09:13.670 [Solver-4] DEBUG util.Progress> [Normal Ifs (sophomore students)...]
16-Oct-21 21:09:13.672 [Solver-4] INFO  heuristics.RoundRobinNeighbourSelection> Phase changed to 49
16-Oct-21 21:09:13.673 [Solver-4] DEBUG util.Progress>   -- RRq:6164/6168, RS:2545/2547, CR:99,94%, V:2059,65, TOC:0, IS:NaN%, IT:NaN%, %:80,87
16-Oct-21 21:09:13.674 [Solver-4] INFO  heuristics.StandardNeighbourSelection> Using org.cpsolver.ifs.heuristics.GeneralValueSelection
16-Oct-21 21:09:13.674 [Solver-4] INFO  heuristics.StandardNeighbourSelection> Using org.cpsolver.ifs.heuristics.GeneralVariableSelection
16-Oct-21 21:09:13.674 [Solver-4] DEBUG util.Progress> [Normal Backtracking (sophomore students)...]
16-Oct-21 21:09:13.675 [Solver-4] INFO  heuristics.RoundRobinNeighbourSelection> Phase changed to 50
16-Oct-21 21:09:13.675 [Solver-4] DEBUG util.Progress>   -- RRq:6164/6168, RS:2545/2547, CR:99,94%, V:2059,65, TOC:0, IS:NaN%, IT:NaN%, %:80,87
16-Oct-21 21:09:13.679 [Solver-4] DEBUG util.Progress> [Critical Courses B&B (frehmen students)...]
16-Oct-21 21:09:13.679 [Solver-4] INFO  heuristics.RoundRobinNeighbourSelection> Phase changed to 51
16-Oct-21 21:09:13.680 [Solver-4] DEBUG util.Progress>   -- RRq:6164/6168, RS:2545/2547, CR:99,94%, V:2059,65, TOC:0, IS:NaN%, IT:NaN%, %:80,87
16-Oct-21 21:09:13.681 [Solver-4] INFO  heuristics.StandardNeighbourSelection> Using org.cpsolver.ifs.heuristics.GeneralValueSelection
16-Oct-21 21:09:13.681 [Solver-4] INFO  heuristics.StandardNeighbourSelection> Using org.cpsolver.ifs.heuristics.GeneralVariableSelection
16-Oct-21 21:09:13.681 [Solver-4] DEBUG util.Progress> [Critical Backtracking (frehmen students)...]
16-Oct-21 21:09:13.681 [Solver-2] INFO  heuristics.RoundRobinNeighbourSelection> Phase changed to 52
16-Oct-21 21:09:13.682 [Solver-2] DEBUG util.Progress>   -- RRq:6164/6168, RS:2545/2547, CR:99,94%, V:2059,65, TOC:0, IS:NaN%, IT:NaN%, %:80,87
16-Oct-21 21:09:13.682 [Solver-2] DEBUG util.Progress> [Critical Ifs (frehmen students)...]
16-Oct-21 21:09:13.684 [Solver-1] INFO  heuristics.RoundRobinNeighbourSelection> Phase changed to 53
16-Oct-21 21:09:13.684 [Solver-1] DEBUG util.Progress>   -- RRq:6164/6168, RS:2545/2547, CR:99,94%, V:2059,65, TOC:0, IS:NaN%, IT:NaN%, %:80,87
16-Oct-21 21:09:13.685 [Solver-1] INFO  heuristics.StandardNeighbourSelection> Using org.cpsolver.ifs.heuristics.GeneralValueSelection
16-Oct-21 21:09:13.685 [Solver-1] INFO  heuristics.StandardNeighbourSelection> Using org.cpsolver.ifs.heuristics.GeneralVariableSelection
16-Oct-21 21:09:13.685 [Solver-1] DEBUG util.Progress> [Critical Backtracking (frehmen students)...]
16-Oct-21 21:09:13.685 [Solver-3] INFO  heuristics.RoundRobinNeighbourSelection> Phase changed to 54
16-Oct-21 21:09:13.686 [Solver-3] DEBUG util.Progress>   -- RRq:6164/6168, RS:2545/2547, CR:99,94%, V:2059,65, TOC:0, IS:NaN%, IT:NaN%, %:80,87
16-Oct-21 21:09:13.687 [Solver-3] DEBUG util.Progress> [Important Courses B&B (frehmen students)...]
16-Oct-21 21:09:13.688 [Solver-3] INFO  heuristics.RoundRobinNeighbourSelection> Phase changed to 55
16-Oct-21 21:09:13.689 [Solver-3] DEBUG util.Progress>   -- RRq:6164/6168, RS:2545/2547, CR:99,94%, V:2059,65, TOC:0, IS:NaN%, IT:NaN%, %:80,87
16-Oct-21 21:09:13.689 [Solver-3] INFO  heuristics.StandardNeighbourSelection> Using org.cpsolver.ifs.heuristics.GeneralValueSelection
16-Oct-21 21:09:13.689 [Solver-3] INFO  heuristics.StandardNeighbourSelection> Using org.cpsolver.ifs.heuristics.GeneralVariableSelection
16-Oct-21 21:09:13.690 [Solver-3] DEBUG util.Progress> [Important Backtracking (frehmen students)...]
16-Oct-21 21:09:13.690 [Solver-4] INFO  heuristics.RoundRobinNeighbourSelection> Phase changed to 56
16-Oct-21 21:09:13.690 [Solver-4] DEBUG util.Progress>   -- RRq:6164/6168, RS:2545/2547, CR:99,94%, V:2059,65, TOC:0, IS:NaN%, IT:NaN%, %:80,87
16-Oct-21 21:09:13.690 [Solver-4] DEBUG util.Progress> [Important Ifs (frehmen students)...]
16-Oct-21 21:09:13.694 [Solver-4] INFO  heuristics.RoundRobinNeighbourSelection> Phase changed to 57
16-Oct-21 21:09:13.694 [Solver-4] DEBUG util.Progress>   -- RRq:6164/6168, RS:2545/2547, CR:99,94%, V:2059,65, TOC:0, IS:NaN%, IT:NaN%, %:80,87
16-Oct-21 21:09:13.695 [Solver-4] INFO  heuristics.StandardNeighbourSelection> Using org.cpsolver.ifs.heuristics.GeneralValueSelection
16-Oct-21 21:09:13.695 [Solver-4] INFO  heuristics.StandardNeighbourSelection> Using org.cpsolver.ifs.heuristics.GeneralVariableSelection
16-Oct-21 21:09:13.696 [Solver-4] DEBUG util.Progress> [Important Backtracking (frehmen students)...]
16-Oct-21 21:09:13.698 [Solver-3] INFO  heuristics.RoundRobinNeighbourSelection> Phase changed to 58
16-Oct-21 21:09:13.698 [Solver-3] DEBUG util.Progress>   -- RRq:6164/6168, RS:2545/2547, CR:99,94%, V:2059,65, TOC:0, IS:NaN%, IT:NaN%, %:80,87
16-Oct-21 21:09:13.710 [Solver-3] DEBUG util.Progress> [Normal Courses B&B (frehmen students)...]
16-Oct-21 21:09:13.711 [Solver-4] INFO  heuristics.RoundRobinNeighbourSelection> Phase changed to 59
16-Oct-21 21:09:13.711 [Solver-4] DEBUG util.Progress>   -- RRq:6164/6168, RS:2545/2547, CR:99,94%, V:2059,65, TOC:0, IS:NaN%, IT:NaN%, %:80,87
16-Oct-21 21:09:13.712 [Solver-4] INFO  heuristics.StandardNeighbourSelection> Using org.cpsolver.ifs.heuristics.GeneralValueSelection
16-Oct-21 21:09:13.712 [Solver-4] INFO  heuristics.StandardNeighbourSelection> Using org.cpsolver.ifs.heuristics.GeneralVariableSelection
16-Oct-21 21:09:13.712 [Solver-4] DEBUG util.Progress> [Normal Backtracking (frehmen students)...]
16-Oct-21 21:09:13.713 [Solver-1] INFO  heuristics.RoundRobinNeighbourSelection> Phase changed to 60
16-Oct-21 21:09:13.714 [Solver-1] DEBUG util.Progress>   -- RRq:6164/6168, RS:2545/2547, CR:99,94%, V:2059,65, TOC:0, IS:NaN%, IT:NaN%, %:80,87
16-Oct-21 21:09:13.714 [Solver-1] DEBUG util.Progress> [Normal Ifs (frehmen students)...]
16-Oct-21 21:09:13.719 [Solver-2] INFO  heuristics.RoundRobinNeighbourSelection> Phase changed to 61
16-Oct-21 21:09:13.719 [Solver-2] DEBUG util.Progress>   -- RRq:6164/6168, RS:2545/2547, CR:99,94%, V:2059,65, TOC:0, IS:NaN%, IT:NaN%, %:80,87
16-Oct-21 21:09:13.720 [Solver-2] INFO  heuristics.StandardNeighbourSelection> Using org.cpsolver.ifs.heuristics.GeneralValueSelection
16-Oct-21 21:09:13.720 [Solver-2] INFO  heuristics.StandardNeighbourSelection> Using org.cpsolver.ifs.heuristics.GeneralVariableSelection
16-Oct-21 21:09:13.720 [Solver-2] DEBUG util.Progress> [Normal Backtracking (frehmen students)...]
16-Oct-21 21:09:13.720 [Solver-4] INFO  heuristics.RoundRobinNeighbourSelection> Phase changed to 62
16-Oct-21 21:09:13.721 [Solver-4] DEBUG util.Progress>   -- RRq:6164/6168, RS:2545/2547, CR:99,94%, V:2059,65, TOC:0, IS:NaN%, IT:NaN%, %:80,87
16-Oct-21 21:09:13.724 [Solver-4] DEBUG util.Progress> [Critical Courses B&B...]
16-Oct-21 21:09:13.730 [Solver-4] INFO  heuristics.RoundRobinNeighbourSelection> Phase changed to 63
16-Oct-21 21:09:13.731 [Solver-4] DEBUG util.Progress>   -- RRq:6164/6168, RS:2545/2547, CR:99,94%, V:2059,65, TOC:0, IS:NaN%, IT:NaN%, %:80,87
16-Oct-21 21:09:13.732 [Solver-4] INFO  heuristics.StandardNeighbourSelection> Using org.cpsolver.ifs.heuristics.GeneralValueSelection
16-Oct-21 21:09:13.732 [Solver-4] INFO  heuristics.StandardNeighbourSelection> Using org.cpsolver.ifs.heuristics.GeneralVariableSelection
16-Oct-21 21:09:13.732 [Solver-4] DEBUG util.Progress> [Critical Backtracking...]
16-Oct-21 21:09:13.733 [Solver-1] INFO  heuristics.RoundRobinNeighbourSelection> Phase changed to 64
16-Oct-21 21:09:13.733 [Solver-1] DEBUG util.Progress>   -- RRq:6164/6168, RS:2545/2547, CR:99,94%, V:2059,65, TOC:0, IS:NaN%, IT:NaN%, %:80,87
16-Oct-21 21:09:13.733 [Solver-1] DEBUG util.Progress> [Critical Ifs...]
16-Oct-21 21:09:13.747 [Solver-2] INFO  heuristics.RoundRobinNeighbourSelection> Phase changed to 65
16-Oct-21 21:09:13.748 [Solver-2] DEBUG util.Progress>   -- RRq:6164/6168, RS:2545/2547, CR:99,94%, V:2059,65, TOC:0, IS:NaN%, IT:NaN%, %:80,87
16-Oct-21 21:09:13.749 [Solver-2] INFO  heuristics.StandardNeighbourSelection> Using org.cpsolver.ifs.heuristics.GeneralValueSelection
16-Oct-21 21:09:13.749 [Solver-2] INFO  heuristics.StandardNeighbourSelection> Using org.cpsolver.ifs.heuristics.GeneralVariableSelection
16-Oct-21 21:09:13.750 [Solver-2] DEBUG util.Progress> [Critical Backtracking...]
16-Oct-21 21:09:13.750 [Solver-1] INFO  heuristics.RoundRobinNeighbourSelection> Phase changed to 66
16-Oct-21 21:09:13.750 [Solver-1] DEBUG util.Progress>   -- RRq:6164/6168, RS:2545/2547, CR:99,94%, V:2059,65, TOC:0, IS:NaN%, IT:NaN%, %:80,87
16-Oct-21 21:09:13.752 [Solver-1] DEBUG util.Progress> [Important Courses B&B...]
16-Oct-21 21:09:13.789 [Solver-3] INFO  heuristics.RoundRobinNeighbourSelection> Phase changed to 67
16-Oct-21 21:09:13.789 [Solver-3] DEBUG util.Progress>   -- RRq:6164/6168, RS:2545/2547, CR:99,94%, V:2059,65, TOC:0, IS:NaN%, IT:NaN%, %:80,87
16-Oct-21 21:09:13.790 [Solver-3] INFO  heuristics.StandardNeighbourSelection> Using org.cpsolver.ifs.heuristics.GeneralValueSelection
16-Oct-21 21:09:13.790 [Solver-3] INFO  heuristics.StandardNeighbourSelection> Using org.cpsolver.ifs.heuristics.GeneralVariableSelection
16-Oct-21 21:09:13.790 [Solver-3] DEBUG util.Progress> [Important Backtracking...]
16-Oct-21 21:09:13.790 [Solver-3] INFO  heuristics.RoundRobinNeighbourSelection> Phase changed to 68
16-Oct-21 21:09:13.791 [Solver-3] DEBUG util.Progress>   -- RRq:6164/6168, RS:2545/2547, CR:99,94%, V:2059,65, TOC:0, IS:NaN%, IT:NaN%, %:80,87
16-Oct-21 21:09:13.791 [Solver-3] DEBUG util.Progress> [Important Ifs...]
16-Oct-21 21:09:13.813 [Solver-4] INFO  heuristics.RoundRobinNeighbourSelection> Phase changed to 69
16-Oct-21 21:09:13.814 [Solver-4] DEBUG util.Progress>   -- RRq:6164/6168, RS:2545/2547, CR:99,94%, V:2059,65, TOC:0, IS:NaN%, IT:NaN%, %:80,87
16-Oct-21 21:09:13.815 [Solver-4] INFO  heuristics.StandardNeighbourSelection> Using org.cpsolver.ifs.heuristics.GeneralValueSelection
16-Oct-21 21:09:13.815 [Solver-4] INFO  heuristics.StandardNeighbourSelection> Using org.cpsolver.ifs.heuristics.GeneralVariableSelection
16-Oct-21 21:09:13.815 [Solver-4] DEBUG util.Progress> [Important Backtracking...]
16-Oct-21 21:09:13.815 [Solver-3] INFO  heuristics.RoundRobinNeighbourSelection> Phase changed to 70
16-Oct-21 21:09:13.816 [Solver-3] DEBUG util.Progress>   -- RRq:6164/6168, RS:2545/2547, CR:99,94%, V:2059,65, TOC:0, IS:NaN%, IT:NaN%, %:80,87
16-Oct-21 21:09:13.827 [Solver-3] DEBUG util.Progress> [Min Credit B&B...]
16-Oct-21 21:09:13.831 [Solver-4] INFO  heuristics.RoundRobinNeighbourSelection> Phase changed to 71
16-Oct-21 21:09:13.832 [Solver-4] DEBUG util.Progress>   -- RRq:6164/6168, RS:2545/2547, CR:99,94%, V:2059,65, TOC:0, IS:NaN%, IT:NaN%, %:80,87
16-Oct-21 21:09:13.843 [Solver-4] DEBUG util.Progress> [Branch&bound...]
16-Oct-21 21:09:14.169 [Solver-4] INFO  studentsct.Test> **BEST** RRq:6168/6168, RS:2547/2547, CR:100,00%, V:2061,27, TOC:0, IS:NaN%, IT:NaN%, %:80,93, TM:0,000h
16-Oct-21 21:09:14.170 [Solver-4] INFO  termination.MPPTerminationCondition> A complete solution with allowed number of perturbances found.
16-Oct-21 21:09:14.171 [Solver-2] INFO  termination.MPPTerminationCondition> A complete solution with allowed number of perturbances found.
16-Oct-21 21:09:14.171 [Solver-1] INFO  termination.MPPTerminationCondition> A complete solution with allowed number of perturbances found.
16-Oct-21 21:09:14.207 [Solver-3] INFO  studentsct.Test> **BEST** RRq:6168/6168, RS:2547/2547, CR:100,00%, V:2061,40, TOC:0, IS:NaN%, IT:NaN%, %:80,93, TM:0,000h
16-Oct-21 21:09:14.208 [Solver-3] INFO  termination.MPPTerminationCondition> A complete solution with allowed number of perturbances found.
16-Oct-21 21:09:14.970 [SolverSync] DEBUG util.Progress> [Done]
16-Oct-21 21:09:14.970 [SolverSync] DEBUG solver.Solver> Solver done.
16-Oct-21 21:09:14.971 [SolverSync] INFO  util.Progress> [Solver done.]
16-Oct-21 21:09:15.386 [ShutdownHook] INFO  studentsct.Test> **BEST** RRq:6168/6168, RS:2547/2547, CR:100,00%, V:2061,40, TOC:0, IS:NaN%, IT:NaN%, %:80,93, TM:0,000h
16-Oct-21 21:09:15.389 [ShutdownHook] INFO  check.OverlapCheck> Checking for overlaps...
16-Oct-21 21:09:15.403 [ShutdownHook] INFO  check.SectionLimitCheck> Checking section limits...
16-Oct-21 21:09:15.408 [ShutdownHook] INFO  check.CourseLimitCheck> Checking for course limits...
16-Oct-21 21:09:15.408 [ShutdownHook] INFO  studentsct.Test> Best solution found after 1.1432627000031061 seconds (530 iterations).
16-Oct-21 21:09:15.421 [ShutdownHook] INFO  studentsct.Test> Info: [
      Assigned course requests: 100,00% (6168/6168)
      Assigned course requests (priority students): Normal: 100,00% (6168/6168)
      Assigned priority course requests: 100.00% (6168/6168)
      Assigned variables: 100.00% (6168/6168)
      Average disbalance: 0,95% (1,67)
      Best Iteration: 530
      Best Time: 0.02 min (463.59 it/s)
      Choice: Average assigned choice: 1,00
      Choice: assigned 1st course choice: 100,00% (6168)
      Full Sections: 4 with no space (9,30% of all sections, 11,28% assignments)
5 with &leq; 2% available (11,63% of all sections, 12,05% assignments)
8 with &leq; 10% available (18,60% of all sections, 18,42% assignments)
      Iteration: 530
      Overall solution value: -2061.40
      Sections disbalanced by 10% or more: 5,71% (2)
      Speed: 463.59 it/s
      Students with complete schedule: 100.00% (2547/2547)
      Students with complete schedule (priority students): Normal: 100.00% (2547/2547)
      Time: 0.02 min
    ]
16-Oct-21 21:09:15.428 [ShutdownHook] DEBUG studentsct.StudentSectioningXMLSaver> Writting XML data to:C:\Users\talha\Documents\CS Honours\COMP700 - HP\student-lab-sectioning\ifs-solver\src\main\resources\input\2020-Sem1-CAES-Wvl-no-conflicts\211016_210910\solution.xml
