16-Oct-21 21:10:26.838 [main] DEBUG studentsct.StudentSectioningXMLLoader> Reading XML data from src\main\resources\input\2020-Sem1-CAES-Wvl-no-conflicts\2020-Sem1-CAES-Wvl-no-conflicts-updated-1.xml
16-Oct-21 21:10:27.247 [main] DEBUG studentsct.StudentSectioningXMLLoader> Root element: sectioning
16-Oct-21 21:10:27.252 [main] INFO  util.Progress> [Restoring from backup ...]
16-Oct-21 21:10:27.969 [main] DEBUG studentsct.StudentSectioningXMLLoader> Model successfully loaded.
16-Oct-21 21:10:27.986 [SolverSync] INFO  util.Progress> [Solving problem ...]
16-Oct-21 21:10:27.987 [SolverSync] DEBUG util.Progress> [Initializing solver]
16-Oct-21 21:10:27.992 [SolverSync] INFO  solver.Solver> Using org.cpsolver.ifs.termination.MPPTerminationCondition
16-Oct-21 21:10:28.001 [SolverSync] INFO  solver.Solver> Using org.cpsolver.ifs.solution.MPPSolutionComparator
16-Oct-21 21:10:28.004 [SolverSync] INFO  solver.Solver> Using org.cpsolver.studentsct.heuristics.StudentSctNeighbourSelection
16-Oct-21 21:10:28.015 [SolverSync] INFO  heuristics.StandardNeighbourSelection> Using org.cpsolver.ifs.heuristics.GeneralValueSelection
16-Oct-21 21:10:28.018 [SolverSync] INFO  heuristics.StandardNeighbourSelection> Using org.cpsolver.ifs.heuristics.GeneralVariableSelection
16-Oct-21 21:10:28.021 [SolverSync] INFO  solver.Solver> Using org.cpsolver.ifs.perturbations.DefaultPerturbationsCounter
16-Oct-21 21:10:28.025 [SolverSync] INFO  solver.Solver> Using org.cpsolver.studentsct.extension.StudentConflictStatistics
16-Oct-21 21:10:28.031 [SolverSync] INFO  solver.Solver> Using org.cpsolver.studentsct.extension.DistanceConflict
16-Oct-21 21:10:28.040 [SolverSync] INFO  solver.Solver> Using org.cpsolver.studentsct.extension.TimeOverlapsCounter
16-Oct-21 21:10:28.262 [SolverSync] INFO  solver.Solver> Initial solution:[
      Assigned course requests: 99,94% (6164/6168)
      Assigned course requests (priority students): Normal: 99,94% (6164/6168)
      Assigned variables: 99.94% (6164/6168)
      Iteration: 0
      Overall solution value: -2059.65
      Students with complete schedule: 99.92% (2545/2547)
      Students with complete schedule (priority students): Normal: 99.92% (2545/2547)
      Time: 0.00 min
    ]
16-Oct-21 21:10:28.271 [Solver-1] INFO  util.JProf> Using wall time.
16-Oct-21 21:10:28.281 [Solver-1] INFO  heuristics.RoundRobinNeighbourSelection> Phase changed to 1
16-Oct-21 21:10:28.282 [Solver-1] DEBUG util.Progress>   -- RRq:6164/6168, RS:2545/2547, CR:99,94%, V:2059,65, DC:0, TOC:0, IS:NaN%, IT:NaN%, %:80,87
16-Oct-21 21:10:28.342 [Solver-1] INFO  studentsct.Test> **BEST** RRq:6164/6168, RS:2545/2547, CR:99,94%, V:2059,65, DC:0, TOC:0, IS:NaN%, IT:NaN%, %:80,87, TM:0,000h
16-Oct-21 21:10:28.409 [Solver-1] DEBUG util.Progress> [Assign initial enrollments...]
16-Oct-21 21:10:28.424 [Solver-1] INFO  heuristics.RoundRobinNeighbourSelection> Phase changed to 2
16-Oct-21 21:10:28.425 [Solver-1] DEBUG util.Progress>   -- RRq:6164/6168, RS:2545/2547, CR:99,94%, V:2059,65, DC:0, TOC:0, IS:NaN%, IT:NaN%, %:80,87
16-Oct-21 21:10:28.433 [Solver-1] DEBUG util.Progress> [Critical Courses B&B (priority students)...]
16-Oct-21 21:10:28.434 [Solver-3] INFO  heuristics.RoundRobinNeighbourSelection> Phase changed to 3
16-Oct-21 21:10:28.435 [Solver-3] DEBUG util.Progress>   -- RRq:6164/6168, RS:2545/2547, CR:99,94%, V:2059,65, DC:0, TOC:0, IS:NaN%, IT:NaN%, %:80,87
16-Oct-21 21:10:28.440 [Solver-3] INFO  heuristics.StandardNeighbourSelection> Using org.cpsolver.ifs.heuristics.GeneralValueSelection
16-Oct-21 21:10:28.441 [Solver-3] INFO  heuristics.StandardNeighbourSelection> Using org.cpsolver.ifs.heuristics.GeneralVariableSelection
16-Oct-21 21:10:28.441 [Solver-3] DEBUG util.Progress> [Critical Backtracking (priority students)...]
16-Oct-21 21:10:28.441 [Solver-3] INFO  heuristics.RoundRobinNeighbourSelection> Phase changed to 4
16-Oct-21 21:10:28.442 [Solver-3] DEBUG util.Progress>   -- RRq:6164/6168, RS:2545/2547, CR:99,94%, V:2059,65, DC:0, TOC:0, IS:NaN%, IT:NaN%, %:80,87
16-Oct-21 21:10:28.442 [Solver-3] DEBUG util.Progress> [Critical Ifs (priority students)...]
16-Oct-21 21:10:28.451 [Solver-1] INFO  heuristics.RoundRobinNeighbourSelection> Phase changed to 5
16-Oct-21 21:10:28.452 [Solver-1] DEBUG util.Progress>   -- RRq:6164/6168, RS:2545/2547, CR:99,94%, V:2059,65, DC:0, TOC:0, IS:NaN%, IT:NaN%, %:80,87
16-Oct-21 21:10:28.453 [Solver-1] INFO  heuristics.StandardNeighbourSelection> Using org.cpsolver.ifs.heuristics.GeneralValueSelection
16-Oct-21 21:10:28.454 [Solver-1] INFO  heuristics.StandardNeighbourSelection> Using org.cpsolver.ifs.heuristics.GeneralVariableSelection
16-Oct-21 21:10:28.455 [Solver-1] DEBUG util.Progress> [Critical Backtracking (priority students)...]
16-Oct-21 21:10:28.456 [Solver-1] INFO  heuristics.RoundRobinNeighbourSelection> Phase changed to 6
16-Oct-21 21:10:28.456 [Solver-1] DEBUG util.Progress>   -- RRq:6164/6168, RS:2545/2547, CR:99,94%, V:2059,65, DC:0, TOC:0, IS:NaN%, IT:NaN%, %:80,87
16-Oct-21 21:10:28.466 [Solver-1] DEBUG util.Progress> [Important Courses B&B (priority students)...]
16-Oct-21 21:10:28.469 [Solver-4] INFO  heuristics.RoundRobinNeighbourSelection> Phase changed to 7
16-Oct-21 21:10:28.469 [Solver-4] DEBUG util.Progress>   -- RRq:6164/6168, RS:2545/2547, CR:99,94%, V:2059,65, DC:0, TOC:0, IS:NaN%, IT:NaN%, %:80,87
16-Oct-21 21:10:28.472 [Solver-4] INFO  heuristics.StandardNeighbourSelection> Using org.cpsolver.ifs.heuristics.GeneralValueSelection
16-Oct-21 21:10:28.473 [Solver-4] INFO  heuristics.StandardNeighbourSelection> Using org.cpsolver.ifs.heuristics.GeneralVariableSelection
16-Oct-21 21:10:28.473 [Solver-4] DEBUG util.Progress> [Important Backtracking (priority students)...]
16-Oct-21 21:10:28.475 [Solver-3] INFO  heuristics.RoundRobinNeighbourSelection> Phase changed to 8
16-Oct-21 21:10:28.475 [Solver-3] DEBUG util.Progress>   -- RRq:6164/6168, RS:2545/2547, CR:99,94%, V:2059,65, DC:0, TOC:0, IS:NaN%, IT:NaN%, %:80,87
16-Oct-21 21:10:28.476 [Solver-3] DEBUG util.Progress> [Important Ifs (priority students)...]
16-Oct-21 21:10:28.484 [Solver-3] INFO  heuristics.RoundRobinNeighbourSelection> Phase changed to 9
16-Oct-21 21:10:28.484 [Solver-3] DEBUG util.Progress>   -- RRq:6164/6168, RS:2545/2547, CR:99,94%, V:2059,65, DC:0, TOC:0, IS:NaN%, IT:NaN%, %:80,87
16-Oct-21 21:10:28.487 [Solver-3] INFO  heuristics.StandardNeighbourSelection> Using org.cpsolver.ifs.heuristics.GeneralValueSelection
16-Oct-21 21:10:28.488 [Solver-3] INFO  heuristics.StandardNeighbourSelection> Using org.cpsolver.ifs.heuristics.GeneralVariableSelection
16-Oct-21 21:10:28.489 [Solver-3] DEBUG util.Progress> [Important Backtracking (priority students)...]
16-Oct-21 21:10:28.502 [Solver-3] INFO  heuristics.RoundRobinNeighbourSelection> Phase changed to 10
16-Oct-21 21:10:28.503 [Solver-3] DEBUG util.Progress>   -- RRq:6164/6168, RS:2545/2547, CR:99,94%, V:2059,65, DC:0, TOC:0, IS:NaN%, IT:NaN%, %:80,87
16-Oct-21 21:10:28.579 [Solver-3] DEBUG util.Progress> [Normal Courses B&B (priority students)...]
16-Oct-21 21:10:28.580 [Solver-2] INFO  heuristics.RoundRobinNeighbourSelection> Phase changed to 11
16-Oct-21 21:10:28.580 [Solver-2] DEBUG util.Progress>   -- RRq:6164/6168, RS:2545/2547, CR:99,94%, V:2059,65, DC:0, TOC:0, IS:NaN%, IT:NaN%, %:80,87
16-Oct-21 21:10:28.581 [Solver-2] INFO  heuristics.StandardNeighbourSelection> Using org.cpsolver.ifs.heuristics.GeneralValueSelection
16-Oct-21 21:10:28.582 [Solver-2] INFO  heuristics.StandardNeighbourSelection> Using org.cpsolver.ifs.heuristics.GeneralVariableSelection
16-Oct-21 21:10:28.582 [Solver-2] DEBUG util.Progress> [Normal Backtracking (priority students)...]
16-Oct-21 21:10:28.582 [Solver-4] INFO  heuristics.RoundRobinNeighbourSelection> Phase changed to 12
16-Oct-21 21:10:28.583 [Solver-4] DEBUG util.Progress>   -- RRq:6164/6168, RS:2545/2547, CR:99,94%, V:2059,65, DC:0, TOC:0, IS:NaN%, IT:NaN%, %:80,87
16-Oct-21 21:10:28.583 [Solver-4] DEBUG util.Progress> [Normal Ifs (priority students)...]
16-Oct-21 21:10:28.589 [Solver-4] INFO  heuristics.RoundRobinNeighbourSelection> Phase changed to 13
16-Oct-21 21:10:28.590 [Solver-4] DEBUG util.Progress>   -- RRq:6164/6168, RS:2545/2547, CR:99,94%, V:2059,65, DC:0, TOC:0, IS:NaN%, IT:NaN%, %:80,87
16-Oct-21 21:10:28.592 [Solver-4] INFO  heuristics.StandardNeighbourSelection> Using org.cpsolver.ifs.heuristics.GeneralValueSelection
16-Oct-21 21:10:28.592 [Solver-4] INFO  heuristics.StandardNeighbourSelection> Using org.cpsolver.ifs.heuristics.GeneralVariableSelection
16-Oct-21 21:10:28.592 [Solver-4] DEBUG util.Progress> [Normal Backtracking (priority students)...]
16-Oct-21 21:10:28.594 [Solver-1] INFO  heuristics.RoundRobinNeighbourSelection> Phase changed to 14
16-Oct-21 21:10:28.595 [Solver-1] DEBUG util.Progress>   -- RRq:6164/6168, RS:2545/2547, CR:99,94%, V:2059,65, DC:0, TOC:0, IS:NaN%, IT:NaN%, %:80,87
16-Oct-21 21:10:28.597 [Solver-1] DEBUG util.Progress> [Critical Courses B&B (senior students)...]
16-Oct-21 21:10:28.598 [Solver-1] INFO  heuristics.RoundRobinNeighbourSelection> Phase changed to 15
16-Oct-21 21:10:28.598 [Solver-1] DEBUG util.Progress>   -- RRq:6164/6168, RS:2545/2547, CR:99,94%, V:2059,65, DC:0, TOC:0, IS:NaN%, IT:NaN%, %:80,87
16-Oct-21 21:10:28.600 [Solver-1] INFO  heuristics.StandardNeighbourSelection> Using org.cpsolver.ifs.heuristics.GeneralValueSelection
16-Oct-21 21:10:28.600 [Solver-1] INFO  heuristics.StandardNeighbourSelection> Using org.cpsolver.ifs.heuristics.GeneralVariableSelection
16-Oct-21 21:10:28.600 [Solver-1] DEBUG util.Progress> [Critical Backtracking (senior students)...]
16-Oct-21 21:10:28.601 [Solver-4] INFO  heuristics.RoundRobinNeighbourSelection> Phase changed to 16
16-Oct-21 21:10:28.601 [Solver-4] DEBUG util.Progress>   -- RRq:6164/6168, RS:2545/2547, CR:99,94%, V:2059,65, DC:0, TOC:0, IS:NaN%, IT:NaN%, %:80,87
16-Oct-21 21:10:28.601 [Solver-4] DEBUG util.Progress> [Critical Ifs (senior students)...]
16-Oct-21 21:10:28.605 [Solver-3] INFO  heuristics.RoundRobinNeighbourSelection> Phase changed to 17
16-Oct-21 21:10:28.606 [Solver-3] DEBUG util.Progress>   -- RRq:6164/6168, RS:2545/2547, CR:99,94%, V:2059,65, DC:0, TOC:0, IS:NaN%, IT:NaN%, %:80,87
16-Oct-21 21:10:28.609 [Solver-3] INFO  heuristics.StandardNeighbourSelection> Using org.cpsolver.ifs.heuristics.GeneralValueSelection
16-Oct-21 21:10:28.609 [Solver-3] INFO  heuristics.StandardNeighbourSelection> Using org.cpsolver.ifs.heuristics.GeneralVariableSelection
16-Oct-21 21:10:28.609 [Solver-3] DEBUG util.Progress> [Critical Backtracking (senior students)...]
16-Oct-21 21:10:28.611 [Solver-3] INFO  heuristics.RoundRobinNeighbourSelection> Phase changed to 18
16-Oct-21 21:10:28.611 [Solver-3] DEBUG util.Progress>   -- RRq:6164/6168, RS:2545/2547, CR:99,94%, V:2059,65, DC:0, TOC:0, IS:NaN%, IT:NaN%, %:80,87
16-Oct-21 21:10:28.613 [Solver-3] DEBUG util.Progress> [Important Courses B&B (senior students)...]
16-Oct-21 21:10:28.614 [Solver-3] INFO  heuristics.RoundRobinNeighbourSelection> Phase changed to 19
16-Oct-21 21:10:28.614 [Solver-3] DEBUG util.Progress>   -- RRq:6164/6168, RS:2545/2547, CR:99,94%, V:2059,65, DC:0, TOC:0, IS:NaN%, IT:NaN%, %:80,87
16-Oct-21 21:10:28.615 [Solver-3] INFO  heuristics.StandardNeighbourSelection> Using org.cpsolver.ifs.heuristics.GeneralValueSelection
16-Oct-21 21:10:28.616 [Solver-3] INFO  heuristics.StandardNeighbourSelection> Using org.cpsolver.ifs.heuristics.GeneralVariableSelection
16-Oct-21 21:10:28.616 [Solver-3] DEBUG util.Progress> [Important Backtracking (senior students)...]
16-Oct-21 21:10:28.616 [Solver-1] INFO  heuristics.RoundRobinNeighbourSelection> Phase changed to 20
16-Oct-21 21:10:28.616 [Solver-1] DEBUG util.Progress>   -- RRq:6164/6168, RS:2545/2547, CR:99,94%, V:2059,65, DC:0, TOC:0, IS:NaN%, IT:NaN%, %:80,87
16-Oct-21 21:10:28.616 [Solver-1] DEBUG util.Progress> [Important Ifs (senior students)...]
16-Oct-21 21:10:28.625 [Solver-4] INFO  heuristics.RoundRobinNeighbourSelection> Phase changed to 21
16-Oct-21 21:10:28.634 [Solver-4] DEBUG util.Progress>   -- RRq:6164/6168, RS:2545/2547, CR:99,94%, V:2059,65, DC:0, TOC:0, IS:NaN%, IT:NaN%, %:80,87
16-Oct-21 21:10:28.635 [Solver-4] INFO  heuristics.StandardNeighbourSelection> Using org.cpsolver.ifs.heuristics.GeneralValueSelection
16-Oct-21 21:10:28.636 [Solver-4] INFO  heuristics.StandardNeighbourSelection> Using org.cpsolver.ifs.heuristics.GeneralVariableSelection
16-Oct-21 21:10:28.636 [Solver-4] DEBUG util.Progress> [Important Backtracking (senior students)...]
16-Oct-21 21:10:28.639 [Solver-2] INFO  heuristics.RoundRobinNeighbourSelection> Phase changed to 22
16-Oct-21 21:10:28.640 [Solver-2] DEBUG util.Progress>   -- RRq:6164/6168, RS:2545/2547, CR:99,94%, V:2059,65, DC:0, TOC:0, IS:NaN%, IT:NaN%, %:80,87
16-Oct-21 21:10:28.654 [Solver-2] DEBUG util.Progress> [Normal Courses B&B (senior students)...]
16-Oct-21 21:10:28.655 [Solver-2] INFO  heuristics.RoundRobinNeighbourSelection> Phase changed to 23
16-Oct-21 21:10:28.655 [Solver-2] DEBUG util.Progress>   -- RRq:6164/6168, RS:2545/2547, CR:99,94%, V:2059,65, DC:0, TOC:0, IS:NaN%, IT:NaN%, %:80,87
16-Oct-21 21:10:28.657 [Solver-2] INFO  heuristics.StandardNeighbourSelection> Using org.cpsolver.ifs.heuristics.GeneralValueSelection
16-Oct-21 21:10:28.657 [Solver-2] INFO  heuristics.StandardNeighbourSelection> Using org.cpsolver.ifs.heuristics.GeneralVariableSelection
16-Oct-21 21:10:28.658 [Solver-2] DEBUG util.Progress> [Normal Backtracking (senior students)...]
16-Oct-21 21:10:28.658 [Solver-2] INFO  heuristics.RoundRobinNeighbourSelection> Phase changed to 24
16-Oct-21 21:10:28.659 [Solver-2] DEBUG util.Progress>   -- RRq:6164/6168, RS:2545/2547, CR:99,94%, V:2059,65, DC:0, TOC:0, IS:NaN%, IT:NaN%, %:80,87
16-Oct-21 21:10:28.659 [Solver-2] DEBUG util.Progress> [Normal Ifs (senior students)...]
16-Oct-21 21:10:28.665 [Solver-3] INFO  heuristics.RoundRobinNeighbourSelection> Phase changed to 25
16-Oct-21 21:10:28.666 [Solver-3] DEBUG util.Progress>   -- RRq:6164/6168, RS:2545/2547, CR:99,94%, V:2059,65, DC:0, TOC:0, IS:NaN%, IT:NaN%, %:80,87
16-Oct-21 21:10:28.667 [Solver-3] INFO  heuristics.StandardNeighbourSelection> Using org.cpsolver.ifs.heuristics.GeneralValueSelection
16-Oct-21 21:10:28.673 [Solver-3] INFO  heuristics.StandardNeighbourSelection> Using org.cpsolver.ifs.heuristics.GeneralVariableSelection
16-Oct-21 21:10:28.673 [Solver-3] DEBUG util.Progress> [Normal Backtracking (senior students)...]
16-Oct-21 21:10:28.678 [Solver-3] INFO  heuristics.RoundRobinNeighbourSelection> Phase changed to 26
16-Oct-21 21:10:28.679 [Solver-3] DEBUG util.Progress>   -- RRq:6164/6168, RS:2545/2547, CR:99,94%, V:2059,65, DC:0, TOC:0, IS:NaN%, IT:NaN%, %:80,87
16-Oct-21 21:10:28.682 [Solver-3] DEBUG util.Progress> [Critical Courses B&B (junior students)...]
16-Oct-21 21:10:28.682 [Solver-3] INFO  heuristics.RoundRobinNeighbourSelection> Phase changed to 27
16-Oct-21 21:10:28.683 [Solver-3] DEBUG util.Progress>   -- RRq:6164/6168, RS:2545/2547, CR:99,94%, V:2059,65, DC:0, TOC:0, IS:NaN%, IT:NaN%, %:80,87
16-Oct-21 21:10:28.685 [Solver-3] INFO  heuristics.StandardNeighbourSelection> Using org.cpsolver.ifs.heuristics.GeneralValueSelection
16-Oct-21 21:10:28.685 [Solver-3] INFO  heuristics.StandardNeighbourSelection> Using org.cpsolver.ifs.heuristics.GeneralVariableSelection
16-Oct-21 21:10:28.686 [Solver-3] DEBUG util.Progress> [Critical Backtracking (junior students)...]
16-Oct-21 21:10:28.688 [Solver-1] INFO  heuristics.RoundRobinNeighbourSelection> Phase changed to 28
16-Oct-21 21:10:28.689 [Solver-1] DEBUG util.Progress>   -- RRq:6164/6168, RS:2545/2547, CR:99,94%, V:2059,65, DC:0, TOC:0, IS:NaN%, IT:NaN%, %:80,87
16-Oct-21 21:10:28.698 [Solver-1] DEBUG util.Progress> [Critical Ifs (junior students)...]
16-Oct-21 21:10:28.724 [Solver-4] INFO  heuristics.RoundRobinNeighbourSelection> Phase changed to 29
16-Oct-21 21:10:28.725 [Solver-4] DEBUG util.Progress>   -- RRq:6164/6168, RS:2545/2547, CR:99,94%, V:2059,65, DC:0, TOC:0, IS:NaN%, IT:NaN%, %:80,87
16-Oct-21 21:10:28.730 [Solver-4] INFO  heuristics.StandardNeighbourSelection> Using org.cpsolver.ifs.heuristics.GeneralValueSelection
16-Oct-21 21:10:28.731 [Solver-4] INFO  heuristics.StandardNeighbourSelection> Using org.cpsolver.ifs.heuristics.GeneralVariableSelection
16-Oct-21 21:10:28.731 [Solver-4] DEBUG util.Progress> [Critical Backtracking (junior students)...]
16-Oct-21 21:10:28.734 [Solver-4] INFO  heuristics.RoundRobinNeighbourSelection> Phase changed to 30
16-Oct-21 21:10:28.739 [Solver-4] DEBUG util.Progress>   -- RRq:6164/6168, RS:2545/2547, CR:99,94%, V:2059,65, DC:0, TOC:0, IS:NaN%, IT:NaN%, %:80,87
16-Oct-21 21:10:28.741 [Solver-4] DEBUG util.Progress> [Important Courses B&B (junior students)...]
16-Oct-21 21:10:28.742 [Solver-4] INFO  heuristics.RoundRobinNeighbourSelection> Phase changed to 31
16-Oct-21 21:10:28.745 [Solver-4] DEBUG util.Progress>   -- RRq:6164/6168, RS:2545/2547, CR:99,94%, V:2059,65, DC:0, TOC:0, IS:NaN%, IT:NaN%, %:80,87
16-Oct-21 21:10:28.749 [Solver-4] INFO  heuristics.StandardNeighbourSelection> Using org.cpsolver.ifs.heuristics.GeneralValueSelection
16-Oct-21 21:10:28.753 [Solver-4] INFO  heuristics.StandardNeighbourSelection> Using org.cpsolver.ifs.heuristics.GeneralVariableSelection
16-Oct-21 21:10:28.756 [Solver-4] DEBUG util.Progress> [Important Backtracking (junior students)...]
16-Oct-21 21:10:28.757 [Solver-4] INFO  heuristics.RoundRobinNeighbourSelection> Phase changed to 32
16-Oct-21 21:10:28.757 [Solver-4] DEBUG util.Progress>   -- RRq:6164/6168, RS:2545/2547, CR:99,94%, V:2059,65, DC:0, TOC:0, IS:NaN%, IT:NaN%, %:80,87
16-Oct-21 21:10:28.757 [Solver-4] DEBUG util.Progress> [Important Ifs (junior students)...]
16-Oct-21 21:10:28.783 [Solver-4] INFO  heuristics.RoundRobinNeighbourSelection> Phase changed to 33
16-Oct-21 21:10:28.784 [Solver-4] DEBUG util.Progress>   -- RRq:6164/6168, RS:2545/2547, CR:99,94%, V:2059,65, DC:0, TOC:0, IS:NaN%, IT:NaN%, %:80,87
16-Oct-21 21:10:28.787 [Solver-4] INFO  heuristics.StandardNeighbourSelection> Using org.cpsolver.ifs.heuristics.GeneralValueSelection
16-Oct-21 21:10:28.787 [Solver-4] INFO  heuristics.StandardNeighbourSelection> Using org.cpsolver.ifs.heuristics.GeneralVariableSelection
16-Oct-21 21:10:28.787 [Solver-4] DEBUG util.Progress> [Important Backtracking (junior students)...]
16-Oct-21 21:10:28.789 [Solver-4] INFO  heuristics.RoundRobinNeighbourSelection> Phase changed to 34
16-Oct-21 21:10:28.789 [Solver-4] DEBUG util.Progress>   -- RRq:6164/6168, RS:2545/2547, CR:99,94%, V:2059,65, DC:0, TOC:0, IS:NaN%, IT:NaN%, %:80,87
16-Oct-21 21:10:28.802 [Solver-4] DEBUG util.Progress> [Normal Courses B&B (junior students)...]
16-Oct-21 21:10:28.805 [Solver-1] INFO  heuristics.RoundRobinNeighbourSelection> Phase changed to 35
16-Oct-21 21:10:28.805 [Solver-1] DEBUG util.Progress>   -- RRq:6164/6168, RS:2545/2547, CR:99,94%, V:2059,65, DC:0, TOC:0, IS:NaN%, IT:NaN%, %:80,87
16-Oct-21 21:10:28.808 [Solver-1] INFO  heuristics.StandardNeighbourSelection> Using org.cpsolver.ifs.heuristics.GeneralValueSelection
16-Oct-21 21:10:28.809 [Solver-1] INFO  heuristics.StandardNeighbourSelection> Using org.cpsolver.ifs.heuristics.GeneralVariableSelection
16-Oct-21 21:10:28.819 [Solver-1] DEBUG util.Progress> [Normal Backtracking (junior students)...]
16-Oct-21 21:10:28.820 [Solver-3] INFO  heuristics.RoundRobinNeighbourSelection> Phase changed to 36
16-Oct-21 21:10:28.820 [Solver-3] DEBUG util.Progress>   -- RRq:6164/6168, RS:2545/2547, CR:99,94%, V:2059,65, DC:0, TOC:0, IS:NaN%, IT:NaN%, %:80,87
16-Oct-21 21:10:28.820 [Solver-3] DEBUG util.Progress> [Normal Ifs (junior students)...]
16-Oct-21 21:10:28.822 [Solver-3] INFO  heuristics.RoundRobinNeighbourSelection> Phase changed to 37
16-Oct-21 21:10:28.822 [Solver-3] DEBUG util.Progress>   -- RRq:6164/6168, RS:2545/2547, CR:99,94%, V:2059,65, DC:0, TOC:0, IS:NaN%, IT:NaN%, %:80,87
16-Oct-21 21:10:28.823 [Solver-3] INFO  heuristics.StandardNeighbourSelection> Using org.cpsolver.ifs.heuristics.GeneralValueSelection
16-Oct-21 21:10:28.824 [Solver-3] INFO  heuristics.StandardNeighbourSelection> Using org.cpsolver.ifs.heuristics.GeneralVariableSelection
16-Oct-21 21:10:28.824 [Solver-3] DEBUG util.Progress> [Normal Backtracking (junior students)...]
16-Oct-21 21:10:28.824 [Solver-4] INFO  heuristics.RoundRobinNeighbourSelection> Phase changed to 38
16-Oct-21 21:10:28.825 [Solver-4] DEBUG util.Progress>   -- RRq:6164/6168, RS:2545/2547, CR:99,94%, V:2059,65, DC:0, TOC:0, IS:NaN%, IT:NaN%, %:80,87
16-Oct-21 21:10:28.827 [Solver-4] DEBUG util.Progress> [Critical Courses B&B (sophomore students)...]
16-Oct-21 21:10:28.829 [Solver-4] INFO  heuristics.RoundRobinNeighbourSelection> Phase changed to 39
16-Oct-21 21:10:28.829 [Solver-4] DEBUG util.Progress>   -- RRq:6164/6168, RS:2545/2547, CR:99,94%, V:2059,65, DC:0, TOC:0, IS:NaN%, IT:NaN%, %:80,87
16-Oct-21 21:10:28.830 [Solver-4] INFO  heuristics.StandardNeighbourSelection> Using org.cpsolver.ifs.heuristics.GeneralValueSelection
16-Oct-21 21:10:28.830 [Solver-4] INFO  heuristics.StandardNeighbourSelection> Using org.cpsolver.ifs.heuristics.GeneralVariableSelection
16-Oct-21 21:10:28.830 [Solver-4] DEBUG util.Progress> [Critical Backtracking (sophomore students)...]
16-Oct-21 21:10:28.831 [Solver-4] INFO  heuristics.RoundRobinNeighbourSelection> Phase changed to 40
16-Oct-21 21:10:28.831 [Solver-4] DEBUG util.Progress>   -- RRq:6164/6168, RS:2545/2547, CR:99,94%, V:2059,65, DC:0, TOC:0, IS:NaN%, IT:NaN%, %:80,87
16-Oct-21 21:10:28.831 [Solver-4] DEBUG util.Progress> [Critical Ifs (sophomore students)...]
16-Oct-21 21:10:28.835 [Solver-4] INFO  heuristics.RoundRobinNeighbourSelection> Phase changed to 41
16-Oct-21 21:10:28.836 [Solver-4] DEBUG util.Progress>   -- RRq:6164/6168, RS:2545/2547, CR:99,94%, V:2059,65, DC:0, TOC:0, IS:NaN%, IT:NaN%, %:80,87
16-Oct-21 21:10:28.837 [Solver-4] INFO  heuristics.StandardNeighbourSelection> Using org.cpsolver.ifs.heuristics.GeneralValueSelection
16-Oct-21 21:10:28.838 [Solver-4] INFO  heuristics.StandardNeighbourSelection> Using org.cpsolver.ifs.heuristics.GeneralVariableSelection
16-Oct-21 21:10:28.839 [Solver-4] DEBUG util.Progress> [Critical Backtracking (sophomore students)...]
16-Oct-21 21:10:28.839 [Solver-4] INFO  heuristics.RoundRobinNeighbourSelection> Phase changed to 42
16-Oct-21 21:10:28.839 [Solver-4] DEBUG util.Progress>   -- RRq:6164/6168, RS:2545/2547, CR:99,94%, V:2059,65, DC:0, TOC:0, IS:NaN%, IT:NaN%, %:80,87
16-Oct-21 21:10:28.840 [Solver-4] DEBUG util.Progress> [Important Courses B&B (sophomore students)...]
16-Oct-21 21:10:28.841 [Solver-4] INFO  heuristics.RoundRobinNeighbourSelection> Phase changed to 43
16-Oct-21 21:10:28.841 [Solver-4] DEBUG util.Progress>   -- RRq:6164/6168, RS:2545/2547, CR:99,94%, V:2059,65, DC:0, TOC:0, IS:NaN%, IT:NaN%, %:80,87
16-Oct-21 21:10:28.842 [Solver-4] INFO  heuristics.StandardNeighbourSelection> Using org.cpsolver.ifs.heuristics.GeneralValueSelection
16-Oct-21 21:10:28.843 [Solver-4] INFO  heuristics.StandardNeighbourSelection> Using org.cpsolver.ifs.heuristics.GeneralVariableSelection
16-Oct-21 21:10:28.843 [Solver-4] DEBUG util.Progress> [Important Backtracking (sophomore students)...]
16-Oct-21 21:10:28.843 [Solver-4] INFO  heuristics.RoundRobinNeighbourSelection> Phase changed to 44
16-Oct-21 21:10:28.843 [Solver-4] DEBUG util.Progress>   -- RRq:6164/6168, RS:2545/2547, CR:99,94%, V:2059,65, DC:0, TOC:0, IS:NaN%, IT:NaN%, %:80,87
16-Oct-21 21:10:28.843 [Solver-4] DEBUG util.Progress> [Important Ifs (sophomore students)...]
16-Oct-21 21:10:28.849 [Solver-4] INFO  heuristics.RoundRobinNeighbourSelection> Phase changed to 45
16-Oct-21 21:10:28.850 [Solver-4] DEBUG util.Progress>   -- RRq:6164/6168, RS:2545/2547, CR:99,94%, V:2059,65, DC:0, TOC:0, IS:NaN%, IT:NaN%, %:80,87
16-Oct-21 21:10:28.851 [Solver-4] INFO  heuristics.StandardNeighbourSelection> Using org.cpsolver.ifs.heuristics.GeneralValueSelection
16-Oct-21 21:10:28.851 [Solver-4] INFO  heuristics.StandardNeighbourSelection> Using org.cpsolver.ifs.heuristics.GeneralVariableSelection
16-Oct-21 21:10:28.851 [Solver-4] DEBUG util.Progress> [Important Backtracking (sophomore students)...]
16-Oct-21 21:10:28.852 [Solver-4] INFO  heuristics.RoundRobinNeighbourSelection> Phase changed to 46
16-Oct-21 21:10:28.852 [Solver-4] DEBUG util.Progress>   -- RRq:6164/6168, RS:2545/2547, CR:99,94%, V:2059,65, DC:0, TOC:0, IS:NaN%, IT:NaN%, %:80,87
16-Oct-21 21:10:28.862 [Solver-4] DEBUG util.Progress> [Normal Courses B&B (sophomore students)...]
16-Oct-21 21:10:28.863 [Solver-4] INFO  heuristics.RoundRobinNeighbourSelection> Phase changed to 47
16-Oct-21 21:10:28.863 [Solver-4] DEBUG util.Progress>   -- RRq:6164/6168, RS:2545/2547, CR:99,94%, V:2059,65, DC:0, TOC:0, IS:NaN%, IT:NaN%, %:80,87
16-Oct-21 21:10:28.864 [Solver-4] INFO  heuristics.StandardNeighbourSelection> Using org.cpsolver.ifs.heuristics.GeneralValueSelection
16-Oct-21 21:10:28.865 [Solver-4] INFO  heuristics.StandardNeighbourSelection> Using org.cpsolver.ifs.heuristics.GeneralVariableSelection
16-Oct-21 21:10:28.865 [Solver-4] DEBUG util.Progress> [Normal Backtracking (sophomore students)...]
16-Oct-21 21:10:28.865 [Solver-2] INFO  heuristics.RoundRobinNeighbourSelection> Phase changed to 48
16-Oct-21 21:10:28.865 [Solver-2] DEBUG util.Progress>   -- RRq:6164/6168, RS:2545/2547, CR:99,94%, V:2059,65, DC:0, TOC:0, IS:NaN%, IT:NaN%, %:80,87
16-Oct-21 21:10:28.866 [Solver-2] DEBUG util.Progress> [Normal Ifs (sophomore students)...]
16-Oct-21 21:10:28.870 [Solver-2] INFO  heuristics.RoundRobinNeighbourSelection> Phase changed to 49
16-Oct-21 21:10:28.870 [Solver-2] DEBUG util.Progress>   -- RRq:6164/6168, RS:2545/2547, CR:99,94%, V:2059,65, DC:0, TOC:0, IS:NaN%, IT:NaN%, %:80,87
16-Oct-21 21:10:28.875 [Solver-2] INFO  heuristics.StandardNeighbourSelection> Using org.cpsolver.ifs.heuristics.GeneralValueSelection
16-Oct-21 21:10:28.876 [Solver-2] INFO  heuristics.StandardNeighbourSelection> Using org.cpsolver.ifs.heuristics.GeneralVariableSelection
16-Oct-21 21:10:28.876 [Solver-2] DEBUG util.Progress> [Normal Backtracking (sophomore students)...]
16-Oct-21 21:10:28.888 [Solver-2] INFO  heuristics.RoundRobinNeighbourSelection> Phase changed to 50
16-Oct-21 21:10:28.889 [Solver-2] DEBUG util.Progress>   -- RRq:6164/6168, RS:2545/2547, CR:99,94%, V:2059,65, DC:0, TOC:0, IS:NaN%, IT:NaN%, %:80,87
16-Oct-21 21:10:28.891 [Solver-2] DEBUG util.Progress> [Critical Courses B&B (frehmen students)...]
16-Oct-21 21:10:28.896 [Solver-2] INFO  heuristics.RoundRobinNeighbourSelection> Phase changed to 51
16-Oct-21 21:10:28.897 [Solver-2] DEBUG util.Progress>   -- RRq:6164/6168, RS:2545/2547, CR:99,94%, V:2059,65, DC:0, TOC:0, IS:NaN%, IT:NaN%, %:80,87
16-Oct-21 21:10:28.900 [Solver-2] INFO  heuristics.StandardNeighbourSelection> Using org.cpsolver.ifs.heuristics.GeneralValueSelection
16-Oct-21 21:10:28.900 [Solver-2] INFO  heuristics.StandardNeighbourSelection> Using org.cpsolver.ifs.heuristics.GeneralVariableSelection
16-Oct-21 21:10:28.902 [Solver-2] DEBUG util.Progress> [Critical Backtracking (frehmen students)...]
16-Oct-21 21:10:28.903 [Solver-3] INFO  heuristics.RoundRobinNeighbourSelection> Phase changed to 52
16-Oct-21 21:10:28.903 [Solver-3] DEBUG util.Progress>   -- RRq:6164/6168, RS:2545/2547, CR:99,94%, V:2059,65, DC:0, TOC:0, IS:NaN%, IT:NaN%, %:80,87
16-Oct-21 21:10:28.903 [Solver-3] DEBUG util.Progress> [Critical Ifs (frehmen students)...]
16-Oct-21 21:10:28.908 [Solver-3] INFO  heuristics.RoundRobinNeighbourSelection> Phase changed to 53
16-Oct-21 21:10:28.909 [Solver-3] DEBUG util.Progress>   -- RRq:6164/6168, RS:2545/2547, CR:99,94%, V:2059,65, DC:0, TOC:0, IS:NaN%, IT:NaN%, %:80,87
16-Oct-21 21:10:28.909 [Solver-3] INFO  heuristics.StandardNeighbourSelection> Using org.cpsolver.ifs.heuristics.GeneralValueSelection
16-Oct-21 21:10:28.910 [Solver-3] INFO  heuristics.StandardNeighbourSelection> Using org.cpsolver.ifs.heuristics.GeneralVariableSelection
16-Oct-21 21:10:28.910 [Solver-3] DEBUG util.Progress> [Critical Backtracking (frehmen students)...]
16-Oct-21 21:10:28.913 [Solver-3] INFO  heuristics.RoundRobinNeighbourSelection> Phase changed to 54
16-Oct-21 21:10:28.913 [Solver-3] DEBUG util.Progress>   -- RRq:6164/6168, RS:2545/2547, CR:99,94%, V:2059,65, DC:0, TOC:0, IS:NaN%, IT:NaN%, %:80,87
16-Oct-21 21:10:28.916 [Solver-3] DEBUG util.Progress> [Important Courses B&B (frehmen students)...]
16-Oct-21 21:10:28.917 [Solver-1] INFO  heuristics.RoundRobinNeighbourSelection> Phase changed to 55
16-Oct-21 21:10:28.918 [Solver-1] DEBUG util.Progress>   -- RRq:6164/6168, RS:2545/2547, CR:99,94%, V:2059,65, DC:0, TOC:0, IS:NaN%, IT:NaN%, %:80,87
16-Oct-21 21:10:28.919 [Solver-1] INFO  heuristics.StandardNeighbourSelection> Using org.cpsolver.ifs.heuristics.GeneralValueSelection
16-Oct-21 21:10:28.919 [Solver-1] INFO  heuristics.StandardNeighbourSelection> Using org.cpsolver.ifs.heuristics.GeneralVariableSelection
16-Oct-21 21:10:28.919 [Solver-1] DEBUG util.Progress> [Important Backtracking (frehmen students)...]
16-Oct-21 21:10:28.921 [Solver-2] INFO  heuristics.RoundRobinNeighbourSelection> Phase changed to 56
16-Oct-21 21:10:28.921 [Solver-2] DEBUG util.Progress>   -- RRq:6164/6168, RS:2545/2547, CR:99,94%, V:2059,65, DC:0, TOC:0, IS:NaN%, IT:NaN%, %:80,87
16-Oct-21 21:10:28.921 [Solver-2] DEBUG util.Progress> [Important Ifs (frehmen students)...]
16-Oct-21 21:10:28.930 [Solver-2] INFO  heuristics.RoundRobinNeighbourSelection> Phase changed to 57
16-Oct-21 21:10:28.931 [Solver-2] DEBUG util.Progress>   -- RRq:6164/6168, RS:2545/2547, CR:99,94%, V:2059,65, DC:0, TOC:0, IS:NaN%, IT:NaN%, %:80,87
16-Oct-21 21:10:28.933 [Solver-2] INFO  heuristics.StandardNeighbourSelection> Using org.cpsolver.ifs.heuristics.GeneralValueSelection
16-Oct-21 21:10:28.933 [Solver-2] INFO  heuristics.StandardNeighbourSelection> Using org.cpsolver.ifs.heuristics.GeneralVariableSelection
16-Oct-21 21:10:28.933 [Solver-2] DEBUG util.Progress> [Important Backtracking (frehmen students)...]
16-Oct-21 21:10:28.934 [Solver-3] INFO  heuristics.RoundRobinNeighbourSelection> Phase changed to 58
16-Oct-21 21:10:28.934 [Solver-3] DEBUG util.Progress>   -- RRq:6164/6168, RS:2545/2547, CR:99,94%, V:2059,65, DC:0, TOC:0, IS:NaN%, IT:NaN%, %:80,87
16-Oct-21 21:10:28.945 [Solver-3] DEBUG util.Progress> [Normal Courses B&B (frehmen students)...]
16-Oct-21 21:10:28.946 [Solver-2] INFO  heuristics.RoundRobinNeighbourSelection> Phase changed to 59
16-Oct-21 21:10:28.946 [Solver-2] DEBUG util.Progress>   -- RRq:6164/6168, RS:2545/2547, CR:99,94%, V:2059,65, DC:0, TOC:0, IS:NaN%, IT:NaN%, %:80,87
16-Oct-21 21:10:28.948 [Solver-2] INFO  heuristics.StandardNeighbourSelection> Using org.cpsolver.ifs.heuristics.GeneralValueSelection
16-Oct-21 21:10:28.949 [Solver-2] INFO  heuristics.StandardNeighbourSelection> Using org.cpsolver.ifs.heuristics.GeneralVariableSelection
16-Oct-21 21:10:28.949 [Solver-2] DEBUG util.Progress> [Normal Backtracking (frehmen students)...]
16-Oct-21 21:10:28.949 [Solver-1] INFO  heuristics.RoundRobinNeighbourSelection> Phase changed to 60
16-Oct-21 21:10:28.949 [Solver-1] DEBUG util.Progress>   -- RRq:6164/6168, RS:2545/2547, CR:99,94%, V:2059,65, DC:0, TOC:0, IS:NaN%, IT:NaN%, %:80,87
16-Oct-21 21:10:28.949 [Solver-1] DEBUG util.Progress> [Normal Ifs (frehmen students)...]
16-Oct-21 21:10:28.955 [Solver-4] INFO  heuristics.RoundRobinNeighbourSelection> Phase changed to 61
16-Oct-21 21:10:28.956 [Solver-4] DEBUG util.Progress>   -- RRq:6164/6168, RS:2545/2547, CR:99,94%, V:2059,65, DC:0, TOC:0, IS:NaN%, IT:NaN%, %:80,87
16-Oct-21 21:10:28.958 [Solver-4] INFO  heuristics.StandardNeighbourSelection> Using org.cpsolver.ifs.heuristics.GeneralValueSelection
16-Oct-21 21:10:28.958 [Solver-4] INFO  heuristics.StandardNeighbourSelection> Using org.cpsolver.ifs.heuristics.GeneralVariableSelection
16-Oct-21 21:10:28.958 [Solver-4] DEBUG util.Progress> [Normal Backtracking (frehmen students)...]
16-Oct-21 21:10:28.958 [Solver-4] INFO  heuristics.RoundRobinNeighbourSelection> Phase changed to 62
16-Oct-21 21:10:28.958 [Solver-4] DEBUG util.Progress>   -- RRq:6164/6168, RS:2545/2547, CR:99,94%, V:2059,65, DC:0, TOC:0, IS:NaN%, IT:NaN%, %:80,87
16-Oct-21 21:10:28.965 [Solver-4] DEBUG util.Progress> [Critical Courses B&B...]
16-Oct-21 21:10:28.970 [Solver-2] INFO  heuristics.RoundRobinNeighbourSelection> Phase changed to 63
16-Oct-21 21:10:28.971 [Solver-2] DEBUG util.Progress>   -- RRq:6164/6168, RS:2545/2547, CR:99,94%, V:2059,65, DC:0, TOC:0, IS:NaN%, IT:NaN%, %:80,87
16-Oct-21 21:10:28.972 [Solver-2] INFO  heuristics.StandardNeighbourSelection> Using org.cpsolver.ifs.heuristics.GeneralValueSelection
16-Oct-21 21:10:28.972 [Solver-2] INFO  heuristics.StandardNeighbourSelection> Using org.cpsolver.ifs.heuristics.GeneralVariableSelection
16-Oct-21 21:10:28.972 [Solver-2] DEBUG util.Progress> [Critical Backtracking...]
16-Oct-21 21:10:28.973 [Solver-4] INFO  heuristics.RoundRobinNeighbourSelection> Phase changed to 64
16-Oct-21 21:10:28.973 [Solver-4] DEBUG util.Progress>   -- RRq:6164/6168, RS:2545/2547, CR:99,94%, V:2059,65, DC:0, TOC:0, IS:NaN%, IT:NaN%, %:80,87
16-Oct-21 21:10:28.973 [Solver-4] DEBUG util.Progress> [Critical Ifs...]
16-Oct-21 21:10:28.979 [Solver-2] INFO  heuristics.RoundRobinNeighbourSelection> Phase changed to 65
16-Oct-21 21:10:28.979 [Solver-2] DEBUG util.Progress>   -- RRq:6164/6168, RS:2545/2547, CR:99,94%, V:2059,65, DC:0, TOC:0, IS:NaN%, IT:NaN%, %:80,87
16-Oct-21 21:10:28.980 [Solver-2] INFO  heuristics.StandardNeighbourSelection> Using org.cpsolver.ifs.heuristics.GeneralValueSelection
16-Oct-21 21:10:28.980 [Solver-2] INFO  heuristics.StandardNeighbourSelection> Using org.cpsolver.ifs.heuristics.GeneralVariableSelection
16-Oct-21 21:10:28.981 [Solver-2] DEBUG util.Progress> [Critical Backtracking...]
16-Oct-21 21:10:28.981 [Solver-2] INFO  heuristics.RoundRobinNeighbourSelection> Phase changed to 66
16-Oct-21 21:10:28.981 [Solver-2] DEBUG util.Progress>   -- RRq:6164/6168, RS:2545/2547, CR:99,94%, V:2059,65, DC:0, TOC:0, IS:NaN%, IT:NaN%, %:80,87
16-Oct-21 21:10:28.983 [Solver-2] DEBUG util.Progress> [Important Courses B&B...]
16-Oct-21 21:10:28.987 [Solver-1] INFO  heuristics.RoundRobinNeighbourSelection> Phase changed to 67
16-Oct-21 21:10:28.987 [Solver-1] DEBUG util.Progress>   -- RRq:6164/6168, RS:2545/2547, CR:99,94%, V:2059,65, DC:0, TOC:0, IS:NaN%, IT:NaN%, %:80,87
16-Oct-21 21:10:28.988 [Solver-1] INFO  heuristics.StandardNeighbourSelection> Using org.cpsolver.ifs.heuristics.GeneralValueSelection
16-Oct-21 21:10:28.988 [Solver-1] INFO  heuristics.StandardNeighbourSelection> Using org.cpsolver.ifs.heuristics.GeneralVariableSelection
16-Oct-21 21:10:28.988 [Solver-1] DEBUG util.Progress> [Important Backtracking...]
16-Oct-21 21:10:28.988 [Solver-2] INFO  heuristics.RoundRobinNeighbourSelection> Phase changed to 68
16-Oct-21 21:10:28.989 [Solver-2] DEBUG util.Progress>   -- RRq:6164/6168, RS:2545/2547, CR:99,94%, V:2059,65, DC:0, TOC:0, IS:NaN%, IT:NaN%, %:80,87
16-Oct-21 21:10:28.989 [Solver-2] DEBUG util.Progress> [Important Ifs...]
16-Oct-21 21:10:28.999 [Solver-1] INFO  heuristics.RoundRobinNeighbourSelection> Phase changed to 69
16-Oct-21 21:10:28.999 [Solver-1] DEBUG util.Progress>   -- RRq:6164/6168, RS:2545/2547, CR:99,94%, V:2059,65, DC:0, TOC:0, IS:NaN%, IT:NaN%, %:80,87
16-Oct-21 21:10:28.999 [Solver-1] INFO  heuristics.StandardNeighbourSelection> Using org.cpsolver.ifs.heuristics.GeneralValueSelection
16-Oct-21 21:10:28.999 [Solver-1] INFO  heuristics.StandardNeighbourSelection> Using org.cpsolver.ifs.heuristics.GeneralVariableSelection
16-Oct-21 21:10:28.999 [Solver-1] DEBUG util.Progress> [Important Backtracking...]
16-Oct-21 21:10:28.999 [Solver-3] INFO  heuristics.RoundRobinNeighbourSelection> Phase changed to 70
16-Oct-21 21:10:29.000 [Solver-3] DEBUG util.Progress>   -- RRq:6164/6168, RS:2545/2547, CR:99,94%, V:2059,65, DC:0, TOC:0, IS:NaN%, IT:NaN%, %:80,87
16-Oct-21 21:10:29.007 [Solver-3] DEBUG util.Progress> [Min Credit B&B...]
16-Oct-21 21:10:29.013 [Solver-3] INFO  heuristics.RoundRobinNeighbourSelection> Phase changed to 71
16-Oct-21 21:10:29.013 [Solver-3] DEBUG util.Progress>   -- RRq:6164/6168, RS:2545/2547, CR:99,94%, V:2059,65, DC:0, TOC:0, IS:NaN%, IT:NaN%, %:80,87
16-Oct-21 21:10:29.024 [Solver-3] DEBUG util.Progress> [Branch&bound...]
16-Oct-21 21:10:29.412 [Solver-3] INFO  studentsct.Test> **BEST** RRq:6168/6168, RS:2547/2547, CR:100,00%, V:2061,17, DC:0, TOC:0, IS:NaN%, IT:NaN%, %:80,93, TM:0,000h
16-Oct-21 21:10:29.412 [Solver-3] INFO  termination.MPPTerminationCondition> A complete solution with allowed number of perturbances found.
16-Oct-21 21:10:29.413 [Solver-1] INFO  termination.MPPTerminationCondition> A complete solution with allowed number of perturbances found.
16-Oct-21 21:10:29.475 [Solver-4] INFO  studentsct.Test> **BEST** RRq:6168/6168, RS:2547/2547, CR:100,00%, V:2061,17, DC:0, TOC:0, IS:NaN%, IT:NaN%, %:80,93, TM:0,000h
16-Oct-21 21:10:29.475 [Solver-4] INFO  termination.MPPTerminationCondition> A complete solution with allowed number of perturbances found.
16-Oct-21 21:10:29.522 [Solver-2] INFO  studentsct.Test> **BEST** RRq:6168/6168, RS:2547/2547, CR:100,00%, V:2061,17, DC:0, TOC:0, IS:NaN%, IT:NaN%, %:80,93, TM:0,000h
16-Oct-21 21:10:29.522 [Solver-2] INFO  termination.MPPTerminationCondition> A complete solution with allowed number of perturbances found.
16-Oct-21 21:10:30.302 [SolverSync] DEBUG util.Progress> [Done]
16-Oct-21 21:10:30.303 [SolverSync] DEBUG solver.Solver> Solver done.
16-Oct-21 21:10:30.303 [SolverSync] INFO  util.Progress> [Solver done.]
16-Oct-21 21:10:30.639 [ShutdownHook] INFO  studentsct.Test> **BEST** RRq:6168/6168, RS:2547/2547, CR:100,00%, V:2061,17, DC:0, TOC:0, IS:NaN%, IT:NaN%, %:80,93, TM:0,000h
16-Oct-21 21:10:30.642 [ShutdownHook] INFO  check.OverlapCheck> Checking for overlaps...
16-Oct-21 21:10:30.654 [ShutdownHook] INFO  check.SectionLimitCheck> Checking section limits...
16-Oct-21 21:10:30.657 [ShutdownHook] INFO  check.CourseLimitCheck> Checking for course limits...
16-Oct-21 21:10:30.657 [ShutdownHook] INFO  studentsct.Test> Best solution found after 1.141902500006836 seconds (465 iterations).
16-Oct-21 21:10:30.677 [ShutdownHook] INFO  studentsct.Test> Info: [
      Assigned course requests: 100,00% (6168/6168)
      Assigned course requests (priority students): Normal: 100,00% (6168/6168)
      Assigned priority course requests: 100.00% (6168/6168)
      Assigned variables: 100.00% (6168/6168)
      Average disbalance: 1,13% (2,00)
      Best Iteration: 465
      Best Time: 0.02 min (407.22 it/s)
      Choice: Average assigned choice: 1,00
      Choice: assigned 1st course choice: 100,00% (6168)
      Full Sections: 5 with no space (11,63% of all sections, 12,06% assignments)
5 with &leq; 2% available (11,63% of all sections, 12,06% assignments)
9 with &leq; 10% available (20,93% of all sections, 20,69% assignments)
      Iteration: 465
      Overall solution value: -2061.17
      Sections disbalanced by 10% or more: 5,71% (2)
      Speed: 407.22 it/s
      Students with complete schedule: 100.00% (2547/2547)
      Students with complete schedule (priority students): Normal: 100.00% (2547/2547)
      Time: 0.02 min
    ]
16-Oct-21 21:10:30.683 [ShutdownHook] DEBUG studentsct.StudentSectioningXMLSaver> Writting XML data to:C:\Users\talha\Documents\CS Honours\COMP700 - HP\student-lab-sectioning\ifs-solver\src\main\resources\input\2020-Sem1-CAES-Wvl-no-conflicts\211016_211026\solution.xml
