16-Oct-21 20:47:47.561 [main] DEBUG studentsct.StudentSectioningXMLLoader> Reading XML data from src\main\resources\input\2020-Sem1-CAES-Wvl-no-conflicts\2020-Sem1-CAES-Wvl-no-conflicts-updated-1.xml
16-Oct-21 20:47:48.129 [main] DEBUG studentsct.StudentSectioningXMLLoader> Root element: sectioning
16-Oct-21 20:47:48.145 [main] INFO  util.Progress> [Restoring from backup ...]
16-Oct-21 20:47:49.163 [main] DEBUG studentsct.StudentSectioningXMLLoader> Model successfully loaded.
16-Oct-21 20:47:49.304 [SolverSync] INFO  util.Progress> [Solving problem ...]
16-Oct-21 20:47:49.307 [SolverSync] DEBUG util.Progress> [Initializing solver]
16-Oct-21 20:47:49.314 [SolverSync] INFO  solver.Solver> Using org.cpsolver.ifs.termination.MPPTerminationCondition
16-Oct-21 20:47:49.326 [SolverSync] INFO  solver.Solver> Using org.cpsolver.ifs.solution.MPPSolutionComparator
16-Oct-21 20:47:49.328 [SolverSync] INFO  solver.Solver> Using org.cpsolver.studentsct.heuristics.StudentSctNeighbourSelection
16-Oct-21 20:47:49.414 [SolverSync] INFO  heuristics.StandardNeighbourSelection> Using org.cpsolver.studentsct.heuristics.EnrollmentSelection
16-Oct-21 20:47:49.445 [SolverSync] INFO  heuristics.StandardNeighbourSelection> Using org.cpsolver.ifs.heuristics.GeneralVariableSelection
16-Oct-21 20:47:49.449 [SolverSync] INFO  solver.Solver> Using org.cpsolver.ifs.perturbations.DefaultPerturbationsCounter
16-Oct-21 20:47:49.463 [SolverSync] INFO  solver.Solver> Using org.cpsolver.studentsct.extension.StudentConflictStatistics
16-Oct-21 20:47:49.472 [SolverSync] INFO  solver.Solver> Using org.cpsolver.studentsct.extension.DistanceConflict
16-Oct-21 20:47:49.491 [SolverSync] INFO  solver.Solver> Using org.cpsolver.studentsct.extension.TimeOverlapsCounter
16-Oct-21 20:47:49.926 [SolverSync] INFO  solver.Solver> Initial solution:[
      Assigned course requests: 99,92% (6164/6169)
      Assigned course requests (priority students): Normal: 99,92% (6164/6169)
      Assigned variables: 99.92% (6164/6169)
      Iteration: 0
      Overall solution value: -2059.55
      Students with complete schedule: 99.88% (2544/2547)
      Students with complete schedule (priority students): Normal: 99.88% (2544/2547)
      Time: 0.00 min
    ]
16-Oct-21 20:47:49.960 [SolverSync] INFO  util.JProf> Using wall time.
16-Oct-21 20:47:49.973 [Solver-3] INFO  heuristics.RoundRobinNeighbourSelection> Phase changed to 1
16-Oct-21 20:47:49.979 [Solver-3] DEBUG util.Progress>   -- RRq:6164/6169, RS:2544/2547, CR:99,92%, V:2059,55, DC:0, TOC:0, IS:NaN%, IT:NaN%, %:80,86
16-Oct-21 20:47:50.316 [Solver-3] INFO  studentsct.Test> **BEST** RRq:6164/6169, RS:2544/2547, CR:99,92%, V:2059,55, DC:0, TOC:0, IS:NaN%, IT:NaN%, %:80,86, TM:0,000h
16-Oct-21 20:47:50.424 [Solver-3] DEBUG util.Progress> [Assign initial enrollments...]
16-Oct-21 20:47:50.442 [Solver-3] INFO  heuristics.RoundRobinNeighbourSelection> Phase changed to 2
16-Oct-21 20:47:50.443 [Solver-3] DEBUG util.Progress>   -- RRq:6164/6169, RS:2544/2547, CR:99,92%, V:2059,55, DC:0, TOC:0, IS:NaN%, IT:NaN%, %:80,86
16-Oct-21 20:47:50.448 [Solver-3] DEBUG util.Progress> [Critical Courses B&B (priority students)...]
16-Oct-21 20:47:50.449 [Solver-3] INFO  heuristics.RoundRobinNeighbourSelection> Phase changed to 3
16-Oct-21 20:47:50.450 [Solver-3] DEBUG util.Progress>   -- RRq:6164/6169, RS:2544/2547, CR:99,92%, V:2059,55, DC:0, TOC:0, IS:NaN%, IT:NaN%, %:80,86
16-Oct-21 20:47:50.458 [Solver-3] INFO  heuristics.StandardNeighbourSelection> Using org.cpsolver.studentsct.heuristics.EnrollmentSelection
16-Oct-21 20:47:50.459 [Solver-3] INFO  heuristics.StandardNeighbourSelection> Using org.cpsolver.ifs.heuristics.GeneralVariableSelection
16-Oct-21 20:47:50.459 [Solver-3] DEBUG util.Progress> [Critical Backtracking (priority students)...]
16-Oct-21 20:47:50.460 [Solver-1] INFO  heuristics.RoundRobinNeighbourSelection> Phase changed to 4
16-Oct-21 20:47:50.460 [Solver-1] DEBUG util.Progress>   -- RRq:6164/6169, RS:2544/2547, CR:99,92%, V:2059,55, DC:0, TOC:0, IS:NaN%, IT:NaN%, %:80,86
16-Oct-21 20:47:50.461 [Solver-1] DEBUG util.Progress> [Critical Ifs (priority students)...]
16-Oct-21 20:47:50.474 [Solver-1] INFO  heuristics.RoundRobinNeighbourSelection> Phase changed to 5
16-Oct-21 20:47:50.475 [Solver-1] DEBUG util.Progress>   -- RRq:6164/6169, RS:2544/2547, CR:99,92%, V:2059,55, DC:0, TOC:0, IS:NaN%, IT:NaN%, %:80,86
16-Oct-21 20:47:50.478 [Solver-1] INFO  heuristics.StandardNeighbourSelection> Using org.cpsolver.studentsct.heuristics.EnrollmentSelection
16-Oct-21 20:47:50.479 [Solver-1] INFO  heuristics.StandardNeighbourSelection> Using org.cpsolver.ifs.heuristics.GeneralVariableSelection
16-Oct-21 20:47:50.479 [Solver-1] DEBUG util.Progress> [Critical Backtracking (priority students)...]
16-Oct-21 20:47:50.481 [Solver-3] INFO  heuristics.RoundRobinNeighbourSelection> Phase changed to 6
16-Oct-21 20:47:50.482 [Solver-3] DEBUG util.Progress>   -- RRq:6164/6169, RS:2544/2547, CR:99,92%, V:2059,55, DC:0, TOC:0, IS:NaN%, IT:NaN%, %:80,86
16-Oct-21 20:47:50.484 [Solver-3] DEBUG util.Progress> [Important Courses B&B (priority students)...]
16-Oct-21 20:47:50.485 [Solver-3] INFO  heuristics.RoundRobinNeighbourSelection> Phase changed to 7
16-Oct-21 20:47:50.486 [Solver-3] DEBUG util.Progress>   -- RRq:6164/6169, RS:2544/2547, CR:99,92%, V:2059,55, DC:0, TOC:0, IS:NaN%, IT:NaN%, %:80,86
16-Oct-21 20:47:50.489 [Solver-3] INFO  heuristics.StandardNeighbourSelection> Using org.cpsolver.studentsct.heuristics.EnrollmentSelection
16-Oct-21 20:47:50.490 [Solver-3] INFO  heuristics.StandardNeighbourSelection> Using org.cpsolver.ifs.heuristics.GeneralVariableSelection
16-Oct-21 20:47:50.490 [Solver-3] DEBUG util.Progress> [Important Backtracking (priority students)...]
16-Oct-21 20:47:50.490 [Solver-1] INFO  heuristics.RoundRobinNeighbourSelection> Phase changed to 8
16-Oct-21 20:47:50.491 [Solver-1] DEBUG util.Progress>   -- RRq:6164/6169, RS:2544/2547, CR:99,92%, V:2059,55, DC:0, TOC:0, IS:NaN%, IT:NaN%, %:80,86
16-Oct-21 20:47:50.491 [Solver-1] DEBUG util.Progress> [Important Ifs (priority students)...]
16-Oct-21 20:47:50.499 [Solver-1] INFO  heuristics.RoundRobinNeighbourSelection> Phase changed to 9
16-Oct-21 20:47:50.500 [Solver-1] DEBUG util.Progress>   -- RRq:6164/6169, RS:2544/2547, CR:99,92%, V:2059,55, DC:0, TOC:0, IS:NaN%, IT:NaN%, %:80,86
16-Oct-21 20:47:50.502 [Solver-1] INFO  heuristics.StandardNeighbourSelection> Using org.cpsolver.studentsct.heuristics.EnrollmentSelection
16-Oct-21 20:47:50.503 [Solver-1] INFO  heuristics.StandardNeighbourSelection> Using org.cpsolver.ifs.heuristics.GeneralVariableSelection
16-Oct-21 20:47:50.503 [Solver-1] DEBUG util.Progress> [Important Backtracking (priority students)...]
16-Oct-21 20:47:50.505 [Solver-4] INFO  heuristics.RoundRobinNeighbourSelection> Phase changed to 10
16-Oct-21 20:47:50.505 [Solver-4] DEBUG util.Progress>   -- RRq:6164/6169, RS:2544/2547, CR:99,92%, V:2059,55, DC:0, TOC:0, IS:NaN%, IT:NaN%, %:80,86
16-Oct-21 20:47:50.605 [Solver-4] DEBUG util.Progress> [Normal Courses B&B (priority students)...]
16-Oct-21 20:47:50.607 [Solver-4] INFO  heuristics.RoundRobinNeighbourSelection> Phase changed to 11
16-Oct-21 20:47:50.609 [Solver-4] DEBUG util.Progress>   -- RRq:6164/6169, RS:2544/2547, CR:99,92%, V:2059,55, DC:0, TOC:0, IS:NaN%, IT:NaN%, %:80,86
16-Oct-21 20:47:50.612 [Solver-4] INFO  heuristics.StandardNeighbourSelection> Using org.cpsolver.studentsct.heuristics.EnrollmentSelection
16-Oct-21 20:47:50.613 [Solver-4] INFO  heuristics.StandardNeighbourSelection> Using org.cpsolver.ifs.heuristics.GeneralVariableSelection
16-Oct-21 20:47:50.613 [Solver-4] DEBUG util.Progress> [Normal Backtracking (priority students)...]
16-Oct-21 20:47:50.614 [Solver-3] INFO  heuristics.RoundRobinNeighbourSelection> Phase changed to 12
16-Oct-21 20:47:50.615 [Solver-3] DEBUG util.Progress>   -- RRq:6164/6169, RS:2544/2547, CR:99,92%, V:2059,55, DC:0, TOC:0, IS:NaN%, IT:NaN%, %:80,86
16-Oct-21 20:47:50.615 [Solver-3] DEBUG util.Progress> [Normal Ifs (priority students)...]
16-Oct-21 20:47:50.635 [Solver-2] INFO  heuristics.RoundRobinNeighbourSelection> Phase changed to 13
16-Oct-21 20:47:50.640 [Solver-2] DEBUG util.Progress>   -- RRq:6164/6169, RS:2544/2547, CR:99,92%, V:2059,55, DC:0, TOC:0, IS:NaN%, IT:NaN%, %:80,86
16-Oct-21 20:47:50.642 [Solver-2] INFO  heuristics.StandardNeighbourSelection> Using org.cpsolver.studentsct.heuristics.EnrollmentSelection
16-Oct-21 20:47:50.642 [Solver-2] INFO  heuristics.StandardNeighbourSelection> Using org.cpsolver.ifs.heuristics.GeneralVariableSelection
16-Oct-21 20:47:50.643 [Solver-2] DEBUG util.Progress> [Normal Backtracking (priority students)...]
16-Oct-21 20:47:50.649 [Solver-2] INFO  heuristics.RoundRobinNeighbourSelection> Phase changed to 14
16-Oct-21 20:47:50.651 [Solver-2] DEBUG util.Progress>   -- RRq:6164/6169, RS:2544/2547, CR:99,92%, V:2059,55, DC:0, TOC:0, IS:NaN%, IT:NaN%, %:80,86
16-Oct-21 20:47:50.653 [Solver-2] DEBUG util.Progress> [Critical Courses B&B (senior students)...]
16-Oct-21 20:47:50.655 [Solver-2] INFO  heuristics.RoundRobinNeighbourSelection> Phase changed to 15
16-Oct-21 20:47:50.656 [Solver-2] DEBUG util.Progress>   -- RRq:6164/6169, RS:2544/2547, CR:99,92%, V:2059,55, DC:0, TOC:0, IS:NaN%, IT:NaN%, %:80,86
16-Oct-21 20:47:50.657 [Solver-2] INFO  heuristics.StandardNeighbourSelection> Using org.cpsolver.studentsct.heuristics.EnrollmentSelection
16-Oct-21 20:47:50.658 [Solver-2] INFO  heuristics.StandardNeighbourSelection> Using org.cpsolver.ifs.heuristics.GeneralVariableSelection
16-Oct-21 20:47:50.658 [Solver-2] DEBUG util.Progress> [Critical Backtracking (senior students)...]
16-Oct-21 20:47:50.659 [Solver-2] INFO  heuristics.RoundRobinNeighbourSelection> Phase changed to 16
16-Oct-21 20:47:50.659 [Solver-2] DEBUG util.Progress>   -- RRq:6164/6169, RS:2544/2547, CR:99,92%, V:2059,55, DC:0, TOC:0, IS:NaN%, IT:NaN%, %:80,86
16-Oct-21 20:47:50.659 [Solver-2] DEBUG util.Progress> [Critical Ifs (senior students)...]
16-Oct-21 20:47:50.663 [Solver-2] INFO  heuristics.RoundRobinNeighbourSelection> Phase changed to 17
16-Oct-21 20:47:50.666 [Solver-2] DEBUG util.Progress>   -- RRq:6164/6169, RS:2544/2547, CR:99,92%, V:2059,55, DC:0, TOC:0, IS:NaN%, IT:NaN%, %:80,86
16-Oct-21 20:47:50.667 [Solver-2] INFO  heuristics.StandardNeighbourSelection> Using org.cpsolver.studentsct.heuristics.EnrollmentSelection
16-Oct-21 20:47:50.668 [Solver-2] INFO  heuristics.StandardNeighbourSelection> Using org.cpsolver.ifs.heuristics.GeneralVariableSelection
16-Oct-21 20:47:50.668 [Solver-2] DEBUG util.Progress> [Critical Backtracking (senior students)...]
16-Oct-21 20:47:50.670 [Solver-2] INFO  heuristics.RoundRobinNeighbourSelection> Phase changed to 18
16-Oct-21 20:47:50.670 [Solver-2] DEBUG util.Progress>   -- RRq:6164/6169, RS:2544/2547, CR:99,92%, V:2059,55, DC:0, TOC:0, IS:NaN%, IT:NaN%, %:80,86
16-Oct-21 20:47:50.672 [Solver-2] DEBUG util.Progress> [Important Courses B&B (senior students)...]
16-Oct-21 20:47:50.673 [Solver-2] INFO  heuristics.RoundRobinNeighbourSelection> Phase changed to 19
16-Oct-21 20:47:50.674 [Solver-2] DEBUG util.Progress>   -- RRq:6164/6169, RS:2544/2547, CR:99,92%, V:2059,55, DC:0, TOC:0, IS:NaN%, IT:NaN%, %:80,86
16-Oct-21 20:47:50.675 [Solver-2] INFO  heuristics.StandardNeighbourSelection> Using org.cpsolver.studentsct.heuristics.EnrollmentSelection
16-Oct-21 20:47:50.676 [Solver-2] INFO  heuristics.StandardNeighbourSelection> Using org.cpsolver.ifs.heuristics.GeneralVariableSelection
16-Oct-21 20:47:50.676 [Solver-2] DEBUG util.Progress> [Important Backtracking (senior students)...]
16-Oct-21 20:47:50.676 [Solver-1] INFO  heuristics.RoundRobinNeighbourSelection> Phase changed to 20
16-Oct-21 20:47:50.676 [Solver-1] DEBUG util.Progress>   -- RRq:6164/6169, RS:2544/2547, CR:99,92%, V:2059,55, DC:0, TOC:0, IS:NaN%, IT:NaN%, %:80,86
16-Oct-21 20:47:50.677 [Solver-1] DEBUG util.Progress> [Important Ifs (senior students)...]
16-Oct-21 20:47:50.680 [Solver-3] INFO  heuristics.RoundRobinNeighbourSelection> Phase changed to 21
16-Oct-21 20:47:50.681 [Solver-3] DEBUG util.Progress>   -- RRq:6164/6169, RS:2544/2547, CR:99,92%, V:2059,55, DC:0, TOC:0, IS:NaN%, IT:NaN%, %:80,86
16-Oct-21 20:47:50.683 [Solver-3] INFO  heuristics.StandardNeighbourSelection> Using org.cpsolver.studentsct.heuristics.EnrollmentSelection
16-Oct-21 20:47:50.683 [Solver-3] INFO  heuristics.StandardNeighbourSelection> Using org.cpsolver.ifs.heuristics.GeneralVariableSelection
16-Oct-21 20:47:50.683 [Solver-3] DEBUG util.Progress> [Important Backtracking (senior students)...]
16-Oct-21 20:47:50.684 [Solver-3] INFO  heuristics.RoundRobinNeighbourSelection> Phase changed to 22
16-Oct-21 20:47:50.684 [Solver-3] DEBUG util.Progress>   -- RRq:6164/6169, RS:2544/2547, CR:99,92%, V:2059,55, DC:0, TOC:0, IS:NaN%, IT:NaN%, %:80,86
16-Oct-21 20:47:50.700 [Solver-3] DEBUG util.Progress> [Normal Courses B&B (senior students)...]
16-Oct-21 20:47:50.701 [Solver-3] INFO  heuristics.RoundRobinNeighbourSelection> Phase changed to 23
16-Oct-21 20:47:50.701 [Solver-3] DEBUG util.Progress>   -- RRq:6164/6169, RS:2544/2547, CR:99,92%, V:2059,55, DC:0, TOC:0, IS:NaN%, IT:NaN%, %:80,86
16-Oct-21 20:47:50.703 [Solver-3] INFO  heuristics.StandardNeighbourSelection> Using org.cpsolver.studentsct.heuristics.EnrollmentSelection
16-Oct-21 20:47:50.704 [Solver-3] INFO  heuristics.StandardNeighbourSelection> Using org.cpsolver.ifs.heuristics.GeneralVariableSelection
16-Oct-21 20:47:50.704 [Solver-3] DEBUG util.Progress> [Normal Backtracking (senior students)...]
16-Oct-21 20:47:50.704 [Solver-3] INFO  heuristics.RoundRobinNeighbourSelection> Phase changed to 24
16-Oct-21 20:47:50.705 [Solver-3] DEBUG util.Progress>   -- RRq:6164/6169, RS:2544/2547, CR:99,92%, V:2059,55, DC:0, TOC:0, IS:NaN%, IT:NaN%, %:80,86
16-Oct-21 20:47:50.705 [Solver-3] DEBUG util.Progress> [Normal Ifs (senior students)...]
16-Oct-21 20:47:50.710 [Solver-3] INFO  heuristics.RoundRobinNeighbourSelection> Phase changed to 25
16-Oct-21 20:47:50.711 [Solver-3] DEBUG util.Progress>   -- RRq:6164/6169, RS:2544/2547, CR:99,92%, V:2059,55, DC:0, TOC:0, IS:NaN%, IT:NaN%, %:80,86
16-Oct-21 20:47:50.712 [Solver-3] INFO  heuristics.StandardNeighbourSelection> Using org.cpsolver.studentsct.heuristics.EnrollmentSelection
16-Oct-21 20:47:50.713 [Solver-3] INFO  heuristics.StandardNeighbourSelection> Using org.cpsolver.ifs.heuristics.GeneralVariableSelection
16-Oct-21 20:47:50.713 [Solver-3] DEBUG util.Progress> [Normal Backtracking (senior students)...]
16-Oct-21 20:47:50.714 [Solver-1] INFO  heuristics.RoundRobinNeighbourSelection> Phase changed to 26
16-Oct-21 20:47:50.714 [Solver-1] DEBUG util.Progress>   -- RRq:6164/6169, RS:2544/2547, CR:99,92%, V:2059,55, DC:0, TOC:0, IS:NaN%, IT:NaN%, %:80,86
16-Oct-21 20:47:50.716 [Solver-1] DEBUG util.Progress> [Critical Courses B&B (junior students)...]
16-Oct-21 20:47:50.717 [Solver-1] INFO  heuristics.RoundRobinNeighbourSelection> Phase changed to 27
16-Oct-21 20:47:50.717 [Solver-1] DEBUG util.Progress>   -- RRq:6164/6169, RS:2544/2547, CR:99,92%, V:2059,55, DC:0, TOC:0, IS:NaN%, IT:NaN%, %:80,86
16-Oct-21 20:47:50.719 [Solver-1] INFO  heuristics.StandardNeighbourSelection> Using org.cpsolver.studentsct.heuristics.EnrollmentSelection
16-Oct-21 20:47:50.719 [Solver-1] INFO  heuristics.StandardNeighbourSelection> Using org.cpsolver.ifs.heuristics.GeneralVariableSelection
16-Oct-21 20:47:50.719 [Solver-1] DEBUG util.Progress> [Critical Backtracking (junior students)...]
16-Oct-21 20:47:50.720 [Solver-3] INFO  heuristics.RoundRobinNeighbourSelection> Phase changed to 28
16-Oct-21 20:47:50.720 [Solver-3] DEBUG util.Progress>   -- RRq:6164/6169, RS:2544/2547, CR:99,92%, V:2059,55, DC:0, TOC:0, IS:NaN%, IT:NaN%, %:80,86
16-Oct-21 20:47:50.720 [Solver-3] DEBUG util.Progress> [Critical Ifs (junior students)...]
16-Oct-21 20:47:50.724 [Solver-1] INFO  heuristics.RoundRobinNeighbourSelection> Phase changed to 29
16-Oct-21 20:47:50.725 [Solver-1] DEBUG util.Progress>   -- RRq:6164/6169, RS:2544/2547, CR:99,92%, V:2059,55, DC:0, TOC:0, IS:NaN%, IT:NaN%, %:80,86
16-Oct-21 20:47:50.727 [Solver-1] INFO  heuristics.StandardNeighbourSelection> Using org.cpsolver.studentsct.heuristics.EnrollmentSelection
16-Oct-21 20:47:50.727 [Solver-1] INFO  heuristics.StandardNeighbourSelection> Using org.cpsolver.ifs.heuristics.GeneralVariableSelection
16-Oct-21 20:47:50.727 [Solver-1] DEBUG util.Progress> [Critical Backtracking (junior students)...]
16-Oct-21 20:47:50.728 [Solver-1] INFO  heuristics.RoundRobinNeighbourSelection> Phase changed to 30
16-Oct-21 20:47:50.729 [Solver-1] DEBUG util.Progress>   -- RRq:6164/6169, RS:2544/2547, CR:99,92%, V:2059,55, DC:0, TOC:0, IS:NaN%, IT:NaN%, %:80,86
16-Oct-21 20:47:50.732 [Solver-1] DEBUG util.Progress> [Important Courses B&B (junior students)...]
16-Oct-21 20:47:50.733 [Solver-1] INFO  heuristics.RoundRobinNeighbourSelection> Phase changed to 31
16-Oct-21 20:47:50.733 [Solver-1] DEBUG util.Progress>   -- RRq:6164/6169, RS:2544/2547, CR:99,92%, V:2059,55, DC:0, TOC:0, IS:NaN%, IT:NaN%, %:80,86
16-Oct-21 20:47:50.734 [Solver-1] INFO  heuristics.StandardNeighbourSelection> Using org.cpsolver.studentsct.heuristics.EnrollmentSelection
16-Oct-21 20:47:50.739 [Solver-1] INFO  heuristics.StandardNeighbourSelection> Using org.cpsolver.ifs.heuristics.GeneralVariableSelection
16-Oct-21 20:47:50.741 [Solver-1] DEBUG util.Progress> [Important Backtracking (junior students)...]
16-Oct-21 20:47:50.742 [Solver-3] INFO  heuristics.RoundRobinNeighbourSelection> Phase changed to 32
16-Oct-21 20:47:50.743 [Solver-3] DEBUG util.Progress>   -- RRq:6164/6169, RS:2544/2547, CR:99,92%, V:2059,55, DC:0, TOC:0, IS:NaN%, IT:NaN%, %:80,86
16-Oct-21 20:47:50.743 [Solver-3] DEBUG util.Progress> [Important Ifs (junior students)...]
16-Oct-21 20:47:50.745 [Solver-3] INFO  heuristics.RoundRobinNeighbourSelection> Phase changed to 33
16-Oct-21 20:47:50.747 [Solver-3] DEBUG util.Progress>   -- RRq:6164/6169, RS:2544/2547, CR:99,92%, V:2059,55, DC:0, TOC:0, IS:NaN%, IT:NaN%, %:80,86
16-Oct-21 20:47:50.748 [Solver-3] INFO  heuristics.StandardNeighbourSelection> Using org.cpsolver.studentsct.heuristics.EnrollmentSelection
16-Oct-21 20:47:50.748 [Solver-3] INFO  heuristics.StandardNeighbourSelection> Using org.cpsolver.ifs.heuristics.GeneralVariableSelection
16-Oct-21 20:47:50.749 [Solver-3] DEBUG util.Progress> [Important Backtracking (junior students)...]
16-Oct-21 20:47:50.749 [Solver-3] INFO  heuristics.RoundRobinNeighbourSelection> Phase changed to 34
16-Oct-21 20:47:50.750 [Solver-3] DEBUG util.Progress>   -- RRq:6164/6169, RS:2544/2547, CR:99,92%, V:2059,55, DC:0, TOC:0, IS:NaN%, IT:NaN%, %:80,86
16-Oct-21 20:47:50.762 [Solver-3] DEBUG util.Progress> [Normal Courses B&B (junior students)...]
16-Oct-21 20:47:50.763 [Solver-3] INFO  heuristics.RoundRobinNeighbourSelection> Phase changed to 35
16-Oct-21 20:47:50.763 [Solver-3] DEBUG util.Progress>   -- RRq:6164/6169, RS:2544/2547, CR:99,92%, V:2059,55, DC:0, TOC:0, IS:NaN%, IT:NaN%, %:80,86
16-Oct-21 20:47:50.765 [Solver-3] INFO  heuristics.StandardNeighbourSelection> Using org.cpsolver.studentsct.heuristics.EnrollmentSelection
16-Oct-21 20:47:50.765 [Solver-3] INFO  heuristics.StandardNeighbourSelection> Using org.cpsolver.ifs.heuristics.GeneralVariableSelection
16-Oct-21 20:47:50.778 [Solver-3] DEBUG util.Progress> [Normal Backtracking (junior students)...]
16-Oct-21 20:47:50.779 [Solver-1] INFO  heuristics.RoundRobinNeighbourSelection> Phase changed to 36
16-Oct-21 20:47:50.779 [Solver-1] DEBUG util.Progress>   -- RRq:6164/6169, RS:2544/2547, CR:99,92%, V:2059,55, DC:0, TOC:0, IS:NaN%, IT:NaN%, %:80,86
16-Oct-21 20:47:50.779 [Solver-1] DEBUG util.Progress> [Normal Ifs (junior students)...]
16-Oct-21 20:47:50.781 [Solver-1] INFO  heuristics.RoundRobinNeighbourSelection> Phase changed to 37
16-Oct-21 20:47:50.782 [Solver-1] DEBUG util.Progress>   -- RRq:6164/6169, RS:2544/2547, CR:99,92%, V:2059,55, DC:0, TOC:0, IS:NaN%, IT:NaN%, %:80,86
16-Oct-21 20:47:50.783 [Solver-1] INFO  heuristics.StandardNeighbourSelection> Using org.cpsolver.studentsct.heuristics.EnrollmentSelection
16-Oct-21 20:47:50.783 [Solver-1] INFO  heuristics.StandardNeighbourSelection> Using org.cpsolver.ifs.heuristics.GeneralVariableSelection
16-Oct-21 20:47:50.784 [Solver-1] DEBUG util.Progress> [Normal Backtracking (junior students)...]
16-Oct-21 20:47:50.784 [Solver-3] INFO  heuristics.RoundRobinNeighbourSelection> Phase changed to 38
16-Oct-21 20:47:50.785 [Solver-3] DEBUG util.Progress>   -- RRq:6164/6169, RS:2544/2547, CR:99,92%, V:2059,55, DC:0, TOC:0, IS:NaN%, IT:NaN%, %:80,86
16-Oct-21 20:47:50.786 [Solver-3] DEBUG util.Progress> [Critical Courses B&B (sophomore students)...]
16-Oct-21 20:47:50.787 [Solver-3] INFO  heuristics.RoundRobinNeighbourSelection> Phase changed to 39
16-Oct-21 20:47:50.788 [Solver-3] DEBUG util.Progress>   -- RRq:6164/6169, RS:2544/2547, CR:99,92%, V:2059,55, DC:0, TOC:0, IS:NaN%, IT:NaN%, %:80,86
16-Oct-21 20:47:50.789 [Solver-3] INFO  heuristics.StandardNeighbourSelection> Using org.cpsolver.studentsct.heuristics.EnrollmentSelection
16-Oct-21 20:47:50.790 [Solver-3] INFO  heuristics.StandardNeighbourSelection> Using org.cpsolver.ifs.heuristics.GeneralVariableSelection
16-Oct-21 20:47:50.790 [Solver-3] DEBUG util.Progress> [Critical Backtracking (sophomore students)...]
16-Oct-21 20:47:50.790 [Solver-3] INFO  heuristics.RoundRobinNeighbourSelection> Phase changed to 40
16-Oct-21 20:47:50.790 [Solver-3] DEBUG util.Progress>   -- RRq:6164/6169, RS:2544/2547, CR:99,92%, V:2059,55, DC:0, TOC:0, IS:NaN%, IT:NaN%, %:80,86
16-Oct-21 20:47:50.790 [Solver-3] DEBUG util.Progress> [Critical Ifs (sophomore students)...]
16-Oct-21 20:47:50.793 [Solver-3] INFO  heuristics.RoundRobinNeighbourSelection> Phase changed to 41
16-Oct-21 20:47:50.794 [Solver-3] DEBUG util.Progress>   -- RRq:6164/6169, RS:2544/2547, CR:99,92%, V:2059,55, DC:0, TOC:0, IS:NaN%, IT:NaN%, %:80,86
16-Oct-21 20:47:50.795 [Solver-3] INFO  heuristics.StandardNeighbourSelection> Using org.cpsolver.studentsct.heuristics.EnrollmentSelection
16-Oct-21 20:47:50.795 [Solver-3] INFO  heuristics.StandardNeighbourSelection> Using org.cpsolver.ifs.heuristics.GeneralVariableSelection
16-Oct-21 20:47:50.795 [Solver-3] DEBUG util.Progress> [Critical Backtracking (sophomore students)...]
16-Oct-21 20:47:50.796 [Solver-2] INFO  heuristics.RoundRobinNeighbourSelection> Phase changed to 42
16-Oct-21 20:47:50.796 [Solver-2] DEBUG util.Progress>   -- RRq:6164/6169, RS:2544/2547, CR:99,92%, V:2059,55, DC:0, TOC:0, IS:NaN%, IT:NaN%, %:80,86
16-Oct-21 20:47:50.798 [Solver-2] DEBUG util.Progress> [Important Courses B&B (sophomore students)...]
16-Oct-21 20:47:50.801 [Solver-2] INFO  heuristics.RoundRobinNeighbourSelection> Phase changed to 43
16-Oct-21 20:47:50.802 [Solver-2] DEBUG util.Progress>   -- RRq:6164/6169, RS:2544/2547, CR:99,92%, V:2059,55, DC:0, TOC:0, IS:NaN%, IT:NaN%, %:80,86
16-Oct-21 20:47:50.804 [Solver-2] INFO  heuristics.StandardNeighbourSelection> Using org.cpsolver.studentsct.heuristics.EnrollmentSelection
16-Oct-21 20:47:50.804 [Solver-2] INFO  heuristics.StandardNeighbourSelection> Using org.cpsolver.ifs.heuristics.GeneralVariableSelection
16-Oct-21 20:47:50.804 [Solver-2] DEBUG util.Progress> [Important Backtracking (sophomore students)...]
16-Oct-21 20:47:50.805 [Solver-2] INFO  heuristics.RoundRobinNeighbourSelection> Phase changed to 44
16-Oct-21 20:47:50.805 [Solver-2] DEBUG util.Progress>   -- RRq:6164/6169, RS:2544/2547, CR:99,92%, V:2059,55, DC:0, TOC:0, IS:NaN%, IT:NaN%, %:80,86
16-Oct-21 20:47:50.805 [Solver-2] DEBUG util.Progress> [Important Ifs (sophomore students)...]
16-Oct-21 20:47:50.823 [Solver-2] INFO  heuristics.RoundRobinNeighbourSelection> Phase changed to 45
16-Oct-21 20:47:50.824 [Solver-2] DEBUG util.Progress>   -- RRq:6164/6169, RS:2544/2547, CR:99,92%, V:2059,55, DC:0, TOC:0, IS:NaN%, IT:NaN%, %:80,86
16-Oct-21 20:47:50.825 [Solver-2] INFO  heuristics.StandardNeighbourSelection> Using org.cpsolver.studentsct.heuristics.EnrollmentSelection
16-Oct-21 20:47:50.825 [Solver-2] INFO  heuristics.StandardNeighbourSelection> Using org.cpsolver.ifs.heuristics.GeneralVariableSelection
16-Oct-21 20:47:50.826 [Solver-2] DEBUG util.Progress> [Important Backtracking (sophomore students)...]
16-Oct-21 20:47:50.826 [Solver-2] INFO  heuristics.RoundRobinNeighbourSelection> Phase changed to 46
16-Oct-21 20:47:50.826 [Solver-2] DEBUG util.Progress>   -- RRq:6164/6169, RS:2544/2547, CR:99,92%, V:2059,55, DC:0, TOC:0, IS:NaN%, IT:NaN%, %:80,86
16-Oct-21 20:47:50.842 [Solver-2] DEBUG util.Progress> [Normal Courses B&B (sophomore students)...]
16-Oct-21 20:47:50.843 [Solver-2] INFO  heuristics.RoundRobinNeighbourSelection> Phase changed to 47
16-Oct-21 20:47:50.843 [Solver-2] DEBUG util.Progress>   -- RRq:6164/6169, RS:2544/2547, CR:99,92%, V:2059,55, DC:0, TOC:0, IS:NaN%, IT:NaN%, %:80,86
16-Oct-21 20:47:50.847 [Solver-2] INFO  heuristics.StandardNeighbourSelection> Using org.cpsolver.studentsct.heuristics.EnrollmentSelection
16-Oct-21 20:47:50.847 [Solver-2] INFO  heuristics.StandardNeighbourSelection> Using org.cpsolver.ifs.heuristics.GeneralVariableSelection
16-Oct-21 20:47:50.849 [Solver-2] DEBUG util.Progress> [Normal Backtracking (sophomore students)...]
16-Oct-21 20:47:50.849 [Solver-4] INFO  heuristics.RoundRobinNeighbourSelection> Phase changed to 48
16-Oct-21 20:47:50.852 [Solver-4] DEBUG util.Progress>   -- RRq:6164/6169, RS:2544/2547, CR:99,92%, V:2059,55, DC:0, TOC:0, IS:NaN%, IT:NaN%, %:80,86
16-Oct-21 20:47:50.852 [Solver-4] DEBUG util.Progress> [Normal Ifs (sophomore students)...]
16-Oct-21 20:47:50.856 [Solver-4] INFO  heuristics.RoundRobinNeighbourSelection> Phase changed to 49
16-Oct-21 20:47:50.857 [Solver-4] DEBUG util.Progress>   -- RRq:6164/6169, RS:2544/2547, CR:99,92%, V:2059,55, DC:0, TOC:0, IS:NaN%, IT:NaN%, %:80,86
16-Oct-21 20:47:50.862 [Solver-4] INFO  heuristics.StandardNeighbourSelection> Using org.cpsolver.studentsct.heuristics.EnrollmentSelection
16-Oct-21 20:47:50.864 [Solver-4] INFO  heuristics.StandardNeighbourSelection> Using org.cpsolver.ifs.heuristics.GeneralVariableSelection
16-Oct-21 20:47:50.864 [Solver-4] DEBUG util.Progress> [Normal Backtracking (sophomore students)...]
16-Oct-21 20:47:50.864 [Solver-2] INFO  heuristics.RoundRobinNeighbourSelection> Phase changed to 50
16-Oct-21 20:47:50.864 [Solver-2] DEBUG util.Progress>   -- RRq:6164/6169, RS:2544/2547, CR:99,92%, V:2059,55, DC:0, TOC:0, IS:NaN%, IT:NaN%, %:80,86
16-Oct-21 20:47:50.867 [Solver-2] DEBUG util.Progress> [Critical Courses B&B (frehmen students)...]
16-Oct-21 20:47:50.869 [Solver-3] INFO  heuristics.RoundRobinNeighbourSelection> Phase changed to 51
16-Oct-21 20:47:50.871 [Solver-3] DEBUG util.Progress>   -- RRq:6164/6169, RS:2544/2547, CR:99,92%, V:2059,55, DC:0, TOC:0, IS:NaN%, IT:NaN%, %:80,86
16-Oct-21 20:47:50.872 [Solver-3] INFO  heuristics.StandardNeighbourSelection> Using org.cpsolver.studentsct.heuristics.EnrollmentSelection
16-Oct-21 20:47:50.873 [Solver-3] INFO  heuristics.StandardNeighbourSelection> Using org.cpsolver.ifs.heuristics.GeneralVariableSelection
16-Oct-21 20:47:50.873 [Solver-3] DEBUG util.Progress> [Critical Backtracking (frehmen students)...]
16-Oct-21 20:47:50.873 [Solver-3] INFO  heuristics.RoundRobinNeighbourSelection> Phase changed to 52
16-Oct-21 20:47:50.874 [Solver-3] DEBUG util.Progress>   -- RRq:6164/6169, RS:2544/2547, CR:99,92%, V:2059,55, DC:0, TOC:0, IS:NaN%, IT:NaN%, %:80,86
16-Oct-21 20:47:50.874 [Solver-3] DEBUG util.Progress> [Critical Ifs (frehmen students)...]
16-Oct-21 20:47:50.876 [Solver-3] INFO  heuristics.RoundRobinNeighbourSelection> Phase changed to 53
16-Oct-21 20:47:50.876 [Solver-3] DEBUG util.Progress>   -- RRq:6164/6169, RS:2544/2547, CR:99,92%, V:2059,55, DC:0, TOC:0, IS:NaN%, IT:NaN%, %:80,86
16-Oct-21 20:47:50.879 [Solver-3] INFO  heuristics.StandardNeighbourSelection> Using org.cpsolver.studentsct.heuristics.EnrollmentSelection
16-Oct-21 20:47:50.880 [Solver-3] INFO  heuristics.StandardNeighbourSelection> Using org.cpsolver.ifs.heuristics.GeneralVariableSelection
16-Oct-21 20:47:50.880 [Solver-3] DEBUG util.Progress> [Critical Backtracking (frehmen students)...]
16-Oct-21 20:47:50.883 [Solver-4] INFO  heuristics.RoundRobinNeighbourSelection> Phase changed to 54
16-Oct-21 20:47:50.883 [Solver-4] DEBUG util.Progress>   -- RRq:6164/6169, RS:2544/2547, CR:99,92%, V:2059,55, DC:0, TOC:0, IS:NaN%, IT:NaN%, %:80,86
16-Oct-21 20:47:50.885 [Solver-4] DEBUG util.Progress> [Important Courses B&B (frehmen students)...]
16-Oct-21 20:47:50.886 [Solver-4] INFO  heuristics.RoundRobinNeighbourSelection> Phase changed to 55
16-Oct-21 20:47:50.886 [Solver-4] DEBUG util.Progress>   -- RRq:6164/6169, RS:2544/2547, CR:99,92%, V:2059,55, DC:0, TOC:0, IS:NaN%, IT:NaN%, %:80,86
16-Oct-21 20:47:50.887 [Solver-4] INFO  heuristics.StandardNeighbourSelection> Using org.cpsolver.studentsct.heuristics.EnrollmentSelection
16-Oct-21 20:47:50.888 [Solver-4] INFO  heuristics.StandardNeighbourSelection> Using org.cpsolver.ifs.heuristics.GeneralVariableSelection
16-Oct-21 20:47:50.888 [Solver-4] DEBUG util.Progress> [Important Backtracking (frehmen students)...]
16-Oct-21 20:47:50.889 [Solver-4] INFO  heuristics.RoundRobinNeighbourSelection> Phase changed to 56
16-Oct-21 20:47:50.889 [Solver-4] DEBUG util.Progress>   -- RRq:6164/6169, RS:2544/2547, CR:99,92%, V:2059,55, DC:0, TOC:0, IS:NaN%, IT:NaN%, %:80,86
16-Oct-21 20:47:50.891 [Solver-4] DEBUG util.Progress> [Important Ifs (frehmen students)...]
16-Oct-21 20:47:50.897 [Solver-4] INFO  heuristics.RoundRobinNeighbourSelection> Phase changed to 57
16-Oct-21 20:47:50.898 [Solver-4] DEBUG util.Progress>   -- RRq:6164/6169, RS:2544/2547, CR:99,92%, V:2059,55, DC:0, TOC:0, IS:NaN%, IT:NaN%, %:80,86
16-Oct-21 20:47:50.900 [Solver-4] INFO  heuristics.StandardNeighbourSelection> Using org.cpsolver.studentsct.heuristics.EnrollmentSelection
16-Oct-21 20:47:50.900 [Solver-4] INFO  heuristics.StandardNeighbourSelection> Using org.cpsolver.ifs.heuristics.GeneralVariableSelection
16-Oct-21 20:47:50.900 [Solver-4] DEBUG util.Progress> [Important Backtracking (frehmen students)...]
16-Oct-21 20:47:50.900 [Solver-4] INFO  heuristics.RoundRobinNeighbourSelection> Phase changed to 58
16-Oct-21 20:47:50.901 [Solver-4] DEBUG util.Progress>   -- RRq:6164/6169, RS:2544/2547, CR:99,92%, V:2059,55, DC:0, TOC:0, IS:NaN%, IT:NaN%, %:80,86
16-Oct-21 20:47:50.920 [Solver-4] DEBUG util.Progress> [Normal Courses B&B (frehmen students)...]
16-Oct-21 20:47:50.922 [Solver-1] INFO  heuristics.RoundRobinNeighbourSelection> Phase changed to 59
16-Oct-21 20:47:50.923 [Solver-1] DEBUG util.Progress>   -- RRq:6164/6169, RS:2544/2547, CR:99,92%, V:2059,55, DC:0, TOC:0, IS:NaN%, IT:NaN%, %:80,86
16-Oct-21 20:47:50.924 [Solver-1] INFO  heuristics.StandardNeighbourSelection> Using org.cpsolver.studentsct.heuristics.EnrollmentSelection
16-Oct-21 20:47:50.924 [Solver-1] INFO  heuristics.StandardNeighbourSelection> Using org.cpsolver.ifs.heuristics.GeneralVariableSelection
16-Oct-21 20:47:50.924 [Solver-1] DEBUG util.Progress> [Normal Backtracking (frehmen students)...]
16-Oct-21 20:47:50.925 [Solver-2] INFO  heuristics.RoundRobinNeighbourSelection> Phase changed to 60
16-Oct-21 20:47:50.925 [Solver-2] DEBUG util.Progress>   -- RRq:6164/6169, RS:2544/2547, CR:99,92%, V:2059,55, DC:0, TOC:0, IS:NaN%, IT:NaN%, %:80,86
16-Oct-21 20:47:50.925 [Solver-2] DEBUG util.Progress> [Normal Ifs (frehmen students)...]
16-Oct-21 20:47:50.931 [Solver-1] INFO  heuristics.RoundRobinNeighbourSelection> Phase changed to 61
16-Oct-21 20:47:50.932 [Solver-1] DEBUG util.Progress>   -- RRq:6164/6169, RS:2544/2547, CR:99,92%, V:2059,55, DC:0, TOC:0, IS:NaN%, IT:NaN%, %:80,86
16-Oct-21 20:47:50.933 [Solver-1] INFO  heuristics.StandardNeighbourSelection> Using org.cpsolver.studentsct.heuristics.EnrollmentSelection
16-Oct-21 20:47:50.933 [Solver-1] INFO  heuristics.StandardNeighbourSelection> Using org.cpsolver.ifs.heuristics.GeneralVariableSelection
16-Oct-21 20:47:50.933 [Solver-1] DEBUG util.Progress> [Normal Backtracking (frehmen students)...]
16-Oct-21 20:47:50.933 [Solver-1] INFO  heuristics.RoundRobinNeighbourSelection> Phase changed to 62
16-Oct-21 20:47:50.934 [Solver-1] DEBUG util.Progress>   -- RRq:6164/6169, RS:2544/2547, CR:99,92%, V:2059,55, DC:0, TOC:0, IS:NaN%, IT:NaN%, %:80,86
16-Oct-21 20:47:50.935 [Solver-1] DEBUG util.Progress> [Critical Courses B&B...]
16-Oct-21 20:47:50.940 [Solver-4] INFO  heuristics.RoundRobinNeighbourSelection> Phase changed to 63
16-Oct-21 20:47:50.941 [Solver-4] DEBUG util.Progress>   -- RRq:6164/6169, RS:2544/2547, CR:99,92%, V:2059,55, DC:0, TOC:0, IS:NaN%, IT:NaN%, %:80,86
16-Oct-21 20:47:50.942 [Solver-4] INFO  heuristics.StandardNeighbourSelection> Using org.cpsolver.studentsct.heuristics.EnrollmentSelection
16-Oct-21 20:47:50.942 [Solver-4] INFO  heuristics.StandardNeighbourSelection> Using org.cpsolver.ifs.heuristics.GeneralVariableSelection
16-Oct-21 20:47:50.942 [Solver-4] DEBUG util.Progress> [Critical Backtracking...]
16-Oct-21 20:47:50.942 [Solver-2] INFO  heuristics.RoundRobinNeighbourSelection> Phase changed to 64
16-Oct-21 20:47:50.942 [Solver-2] DEBUG util.Progress>   -- RRq:6164/6169, RS:2544/2547, CR:99,92%, V:2059,55, DC:0, TOC:0, IS:NaN%, IT:NaN%, %:80,86
16-Oct-21 20:47:50.943 [Solver-2] DEBUG util.Progress> [Critical Ifs...]
16-Oct-21 20:47:50.955 [Solver-4] INFO  heuristics.RoundRobinNeighbourSelection> Phase changed to 65
16-Oct-21 20:47:50.956 [Solver-4] DEBUG util.Progress>   -- RRq:6164/6169, RS:2544/2547, CR:99,92%, V:2059,55, DC:0, TOC:0, IS:NaN%, IT:NaN%, %:80,86
16-Oct-21 20:47:50.957 [Solver-4] INFO  heuristics.StandardNeighbourSelection> Using org.cpsolver.studentsct.heuristics.EnrollmentSelection
16-Oct-21 20:47:50.957 [Solver-4] INFO  heuristics.StandardNeighbourSelection> Using org.cpsolver.ifs.heuristics.GeneralVariableSelection
16-Oct-21 20:47:50.957 [Solver-4] DEBUG util.Progress> [Critical Backtracking...]
16-Oct-21 20:47:50.958 [Solver-1] INFO  heuristics.RoundRobinNeighbourSelection> Phase changed to 66
16-Oct-21 20:47:50.958 [Solver-1] DEBUG util.Progress>   -- RRq:6164/6169, RS:2544/2547, CR:99,92%, V:2059,55, DC:0, TOC:0, IS:NaN%, IT:NaN%, %:80,86
16-Oct-21 20:47:50.961 [Solver-1] DEBUG util.Progress> [Important Courses B&B...]
16-Oct-21 20:47:50.965 [Solver-3] INFO  heuristics.RoundRobinNeighbourSelection> Phase changed to 67
16-Oct-21 20:47:50.966 [Solver-3] DEBUG util.Progress>   -- RRq:6164/6169, RS:2544/2547, CR:99,92%, V:2059,55, DC:0, TOC:0, IS:NaN%, IT:NaN%, %:80,86
16-Oct-21 20:47:50.966 [Solver-3] INFO  heuristics.StandardNeighbourSelection> Using org.cpsolver.studentsct.heuristics.EnrollmentSelection
16-Oct-21 20:47:50.967 [Solver-3] INFO  heuristics.StandardNeighbourSelection> Using org.cpsolver.ifs.heuristics.GeneralVariableSelection
16-Oct-21 20:47:50.967 [Solver-3] DEBUG util.Progress> [Important Backtracking...]
16-Oct-21 20:47:50.967 [Solver-1] INFO  heuristics.RoundRobinNeighbourSelection> Phase changed to 68
16-Oct-21 20:47:50.967 [Solver-1] DEBUG util.Progress>   -- RRq:6164/6169, RS:2544/2547, CR:99,92%, V:2059,55, DC:0, TOC:0, IS:NaN%, IT:NaN%, %:80,86
16-Oct-21 20:47:50.967 [Solver-1] DEBUG util.Progress> [Important Ifs...]
16-Oct-21 20:47:50.979 [Solver-4] INFO  heuristics.RoundRobinNeighbourSelection> Phase changed to 69
16-Oct-21 20:47:50.980 [Solver-4] DEBUG util.Progress>   -- RRq:6164/6169, RS:2544/2547, CR:99,92%, V:2059,55, DC:0, TOC:0, IS:NaN%, IT:NaN%, %:80,86
16-Oct-21 20:47:50.981 [Solver-4] INFO  heuristics.StandardNeighbourSelection> Using org.cpsolver.studentsct.heuristics.EnrollmentSelection
16-Oct-21 20:47:50.981 [Solver-4] INFO  heuristics.StandardNeighbourSelection> Using org.cpsolver.ifs.heuristics.GeneralVariableSelection
16-Oct-21 20:47:50.981 [Solver-4] DEBUG util.Progress> [Important Backtracking...]
16-Oct-21 20:47:50.982 [Solver-2] INFO  heuristics.RoundRobinNeighbourSelection> Phase changed to 70
16-Oct-21 20:47:50.982 [Solver-2] DEBUG util.Progress>   -- RRq:6164/6169, RS:2544/2547, CR:99,92%, V:2059,55, DC:0, TOC:0, IS:NaN%, IT:NaN%, %:80,86
16-Oct-21 20:47:50.994 [Solver-2] DEBUG util.Progress> [Min Credit B&B...]
16-Oct-21 20:47:50.996 [Solver-3] INFO  heuristics.RoundRobinNeighbourSelection> Phase changed to 71
16-Oct-21 20:47:50.996 [Solver-3] DEBUG util.Progress>   -- RRq:6164/6169, RS:2544/2547, CR:99,92%, V:2059,55, DC:0, TOC:0, IS:NaN%, IT:NaN%, %:80,86
16-Oct-21 20:47:51.006 [Solver-3] DEBUG util.Progress> [Branch&bound...]
16-Oct-21 20:47:51.359 [Solver-3] INFO  studentsct.Test> **BEST** RRq:6169/6169, RS:2547/2547, CR:100,00%, V:2061,81, DC:0, TOC:0, IS:NaN%, IT:NaN%, %:80,95, TM:0,000h
16-Oct-21 20:47:51.359 [Solver-3] INFO  termination.MPPTerminationCondition> A complete solution with allowed number of perturbances found.
16-Oct-21 20:47:51.410 [Solver-2] INFO  studentsct.Test> **BEST** RRq:6169/6169, RS:2547/2547, CR:100,00%, V:2061,69, DC:0, TOC:0, IS:NaN%, IT:NaN%, %:80,95, TM:0,000h
16-Oct-21 20:47:51.411 [Solver-2] INFO  termination.MPPTerminationCondition> A complete solution with allowed number of perturbances found.
16-Oct-21 20:47:51.412 [Solver-1] INFO  termination.MPPTerminationCondition> A complete solution with allowed number of perturbances found.
16-Oct-21 20:47:51.412 [Solver-4] INFO  termination.MPPTerminationCondition> A complete solution with allowed number of perturbances found.
16-Oct-21 20:47:51.964 [SolverSync] DEBUG util.Progress> [Done]
16-Oct-21 20:47:51.965 [SolverSync] DEBUG solver.Solver> Solver done.
16-Oct-21 20:47:51.965 [SolverSync] INFO  util.Progress> [Solver done.]
16-Oct-21 20:47:52.344 [ShutdownHook] INFO  studentsct.Test> **BEST** RRq:6169/6169, RS:2547/2547, CR:100,00%, V:2061,69, DC:0, TOC:0, IS:NaN%, IT:NaN%, %:80,95, TM:0,000h
16-Oct-21 20:47:52.347 [ShutdownHook] INFO  check.OverlapCheck> Checking for overlaps...
16-Oct-21 20:47:52.362 [ShutdownHook] INFO  check.SectionLimitCheck> Checking section limits...
16-Oct-21 20:47:52.364 [ShutdownHook] INFO  check.CourseLimitCheck> Checking for course limits...
16-Oct-21 20:47:52.365 [ShutdownHook] INFO  studentsct.Test> Best solution found after 1.394389900000533 seconds (891 iterations).
16-Oct-21 20:47:52.382 [ShutdownHook] INFO  studentsct.Test> Info: [
      Assigned course requests: 100,00% (6169/6169)
      Assigned course requests (priority students): Normal: 100,00% (6169/6169)
      Assigned priority course requests: 100.00% (6169/6169)
      Assigned variables: 100.00% (6169/6169)
      Average disbalance: 0,63% (1,11)
      Best Iteration: 891
      Best Time: 0.02 min (638.99 it/s)
      Choice: Average assigned choice: 1,00
      Choice: assigned 1st course choice: 100,00% (6169)
      Full Sections: 4 with no space (9,30% of all sections, 11,28% assignments)
4 with &leq; 2% available (9,30% of all sections, 11,28% assignments)
7 with &leq; 10% available (16,28% of all sections, 17,65% assignments)
      Iteration: 891
      Overall solution value: -2061.69
      Sections disbalanced by 10% or more: 0,00% (0)
      Speed: 638.99 it/s
      Students with complete schedule: 100.00% (2547/2547)
      Students with complete schedule (priority students): Normal: 100.00% (2547/2547)
      Time: 0.02 min
    ]
16-Oct-21 20:47:52.396 [ShutdownHook] DEBUG studentsct.StudentSectioningXMLSaver> Writting XML data to:C:\Users\talha\Documents\CS Honours\COMP700 - HP\student-lab-sectioning\ifs-solver\src\main\resources\input\2020-Sem1-CAES-Wvl-no-conflicts\211016_204747\solution.xml
