26-Oct-21 02:33:08.220 [main] DEBUG studentsct.StudentSectioningXMLLoader> Reading XML data from src\main\resources\input\2020-Sem1-CAES-Wvl-no-conflicts-no-STAT130\2020-Sem1-CAES-Wvl-no-conflicts-no-STAT130.xml
26-Oct-21 02:33:09.596 [main] DEBUG studentsct.StudentSectioningXMLLoader> Root element: sectioning
26-Oct-21 02:33:09.606 [main] INFO  util.Progress> [Restoring from backup ...]
26-Oct-21 02:33:09.927 [main] DEBUG studentsct.StudentSectioningXMLLoader> Model successfully loaded.
26-Oct-21 02:33:09.975 [SolverSync] INFO  util.Progress> [Solving problem ...]
26-Oct-21 02:33:09.978 [SolverSync] DEBUG util.Progress> [Initializing solver]
26-Oct-21 02:33:09.992 [SolverSync] INFO  solver.Solver> Using org.cpsolver.ifs.termination.GeneralTerminationCondition
26-Oct-21 02:33:09.998 [SolverSync] INFO  solver.Solver> Using org.cpsolver.studentsct.weights.EqualStudentWeights
26-Oct-21 02:33:09.999 [SolverSync] INFO  solver.Solver> Using org.cpsolver.studentsct.heuristics.StudentSctNeighbourSelection
26-Oct-21 02:33:10.024 [SolverSync] INFO  heuristics.StandardNeighbourSelection> Using org.cpsolver.studentsct.heuristics.EnrollmentSelection
26-Oct-21 02:33:10.029 [SolverSync] INFO  heuristics.StandardNeighbourSelection> Using org.cpsolver.ifs.heuristics.GeneralVariableSelection
26-Oct-21 02:33:10.032 [SolverSync] INFO  solver.Solver> Using org.cpsolver.ifs.perturbations.DefaultPerturbationsCounter
26-Oct-21 02:33:10.062 [SolverSync] INFO  solver.Solver> Using org.cpsolver.studentsct.extension.StudentConflictStatistics
26-Oct-21 02:33:10.069 [SolverSync] INFO  solver.Solver> Using org.cpsolver.studentsct.extension.DistanceConflict
26-Oct-21 02:33:10.143 [SolverSync] INFO  solver.Solver> Using org.cpsolver.studentsct.extension.TimeOverlapsCounter
26-Oct-21 02:33:15.530 [SolverSync] INFO  solver.Solver> Initial solution:[
      Assigned course requests: 0,00% (0/5646)
      Assigned course requests (priority students): Normal: 0,00% (0/5646)
      Assigned variables: 0.00% (0/5646)
      Iteration: 0
      Overall solution value: 0.00
      Students with complete schedule: 0.00% (0/2547)
      Students with complete schedule (priority students): Normal: 0.00% (0/2547)
      Time: 0.00 min
    ]
26-Oct-21 02:33:15.949 [SolverSync] INFO  util.JProf> Using wall time.
26-Oct-21 02:33:16.010 [Solver-1] INFO  heuristics.RoundRobinNeighbourSelection> Phase changed to 1
26-Oct-21 02:33:16.017 [Solver-1] DEBUG util.Progress>   -- RRq:0/5646, RS:0/2547, CR:0,00%, V:-0,00, DC:0, TOC:0, %:-0,00
26-Oct-21 02:33:16.061 [Solver-1] INFO  studentsct.Test> **BEST** RRq:0/5646, RS:0/2547, CR:0,00%, V:0,00, DC:0, TOC:0, %:0,00, TM:0,000h
26-Oct-21 02:33:16.150 [Solver-1] DEBUG util.Progress> [Critical Courses B&B (priority students)...]
26-Oct-21 02:33:16.160 [Solver-1] INFO  heuristics.RoundRobinNeighbourSelection> Phase changed to 2
26-Oct-21 02:33:16.161 [Solver-1] DEBUG util.Progress>   -- RRq:0/5646, RS:0/2547, CR:0,00%, V:0,00, DC:0, TOC:0, %:0,00
26-Oct-21 02:33:16.205 [Solver-1] INFO  heuristics.StandardNeighbourSelection> Using org.cpsolver.studentsct.heuristics.EnrollmentSelection
26-Oct-21 02:33:16.248 [Solver-1] INFO  heuristics.StandardNeighbourSelection> Using org.cpsolver.ifs.heuristics.GeneralVariableSelection
26-Oct-21 02:33:16.248 [Solver-1] DEBUG util.Progress> [Critical Backtracking (priority students)...]
26-Oct-21 02:33:16.248 [Solver-1] INFO  heuristics.RoundRobinNeighbourSelection> Phase changed to 3
26-Oct-21 02:33:16.369 [Solver-1] DEBUG util.Progress>   -- RRq:0/5646, RS:0/2547, CR:0,00%, V:0,00, DC:0, TOC:0, %:0,00
26-Oct-21 02:33:16.370 [Solver-1] DEBUG util.Progress> [Critical Ifs (priority students)...]
26-Oct-21 02:33:16.429 [Solver-4] INFO  heuristics.RoundRobinNeighbourSelection> Phase changed to 4
26-Oct-21 02:33:16.444 [Solver-4] DEBUG util.Progress>   -- RRq:0/5646, RS:0/2547, CR:0,00%, V:0,00, DC:0, TOC:0, %:0,00
26-Oct-21 02:33:16.461 [Solver-4] INFO  heuristics.StandardNeighbourSelection> Using org.cpsolver.studentsct.heuristics.EnrollmentSelection
26-Oct-21 02:33:16.461 [Solver-4] INFO  heuristics.StandardNeighbourSelection> Using org.cpsolver.ifs.heuristics.GeneralVariableSelection
26-Oct-21 02:33:16.462 [Solver-4] DEBUG util.Progress> [Critical Backtracking (priority students)...]
26-Oct-21 02:33:16.462 [Solver-4] INFO  heuristics.RoundRobinNeighbourSelection> Phase changed to 5
26-Oct-21 02:33:16.471 [Solver-4] DEBUG util.Progress>   -- RRq:0/5646, RS:0/2547, CR:0,00%, V:0,00, DC:0, TOC:0, %:0,00
26-Oct-21 02:33:16.580 [Solver-4] DEBUG util.Progress> [Important Courses B&B (priority students)...]
26-Oct-21 02:33:16.581 [Solver-4] INFO  heuristics.RoundRobinNeighbourSelection> Phase changed to 6
26-Oct-21 02:33:16.611 [Solver-4] DEBUG util.Progress>   -- RRq:0/5646, RS:0/2547, CR:0,00%, V:0,00, DC:0, TOC:0, %:0,00
26-Oct-21 02:33:16.644 [Solver-4] INFO  heuristics.StandardNeighbourSelection> Using org.cpsolver.studentsct.heuristics.EnrollmentSelection
26-Oct-21 02:33:16.644 [Solver-4] INFO  heuristics.StandardNeighbourSelection> Using org.cpsolver.ifs.heuristics.GeneralVariableSelection
26-Oct-21 02:33:16.646 [Solver-4] DEBUG util.Progress> [Important Backtracking (priority students)...]
26-Oct-21 02:33:16.647 [Solver-4] INFO  heuristics.RoundRobinNeighbourSelection> Phase changed to 7
26-Oct-21 02:33:16.648 [Solver-4] DEBUG util.Progress>   -- RRq:0/5646, RS:0/2547, CR:0,00%, V:0,00, DC:0, TOC:0, %:0,00
26-Oct-21 02:33:16.649 [Solver-4] DEBUG util.Progress> [Important Ifs (priority students)...]
26-Oct-21 02:33:16.794 [Solver-4] INFO  heuristics.RoundRobinNeighbourSelection> Phase changed to 8
26-Oct-21 02:33:16.800 [Solver-4] DEBUG util.Progress>   -- RRq:0/5646, RS:0/2547, CR:0,00%, V:0,00, DC:0, TOC:0, %:0,00
26-Oct-21 02:33:16.828 [Solver-4] INFO  heuristics.StandardNeighbourSelection> Using org.cpsolver.studentsct.heuristics.EnrollmentSelection
26-Oct-21 02:33:16.828 [Solver-4] INFO  heuristics.StandardNeighbourSelection> Using org.cpsolver.ifs.heuristics.GeneralVariableSelection
26-Oct-21 02:33:16.829 [Solver-4] DEBUG util.Progress> [Important Backtracking (priority students)...]
26-Oct-21 02:33:16.829 [Solver-4] INFO  heuristics.RoundRobinNeighbourSelection> Phase changed to 9
26-Oct-21 02:33:16.829 [Solver-4] DEBUG util.Progress>   -- RRq:0/5646, RS:0/2547, CR:0,00%, V:0,00, DC:0, TOC:0, %:0,00
26-Oct-21 02:33:17.054 [Solver-4] DEBUG util.Progress> [Normal Courses B&B (priority students)...]
26-Oct-21 02:33:17.059 [Solver-3] INFO  heuristics.RoundRobinNeighbourSelection> Phase changed to 10
26-Oct-21 02:33:17.063 [Solver-3] DEBUG util.Progress>   -- RRq:0/5646, RS:0/2547, CR:0,00%, V:0,00, DC:0, TOC:0, %:0,00
26-Oct-21 02:33:17.100 [Solver-3] INFO  heuristics.StandardNeighbourSelection> Using org.cpsolver.studentsct.heuristics.EnrollmentSelection
26-Oct-21 02:33:17.101 [Solver-3] INFO  heuristics.StandardNeighbourSelection> Using org.cpsolver.ifs.heuristics.GeneralVariableSelection
26-Oct-21 02:33:17.102 [Solver-3] DEBUG util.Progress> [Normal Backtracking (priority students)...]
26-Oct-21 02:33:17.104 [Solver-1] INFO  heuristics.RoundRobinNeighbourSelection> Phase changed to 11
26-Oct-21 02:33:17.105 [Solver-1] DEBUG util.Progress>   -- RRq:0/5646, RS:0/2547, CR:0,00%, V:0,00, DC:0, TOC:0, %:0,00
26-Oct-21 02:33:17.105 [Solver-1] DEBUG util.Progress> [Normal Ifs (priority students)...]
26-Oct-21 02:33:17.115 [Solver-1] INFO  heuristics.RoundRobinNeighbourSelection> Phase changed to 12
26-Oct-21 02:33:17.116 [Solver-1] DEBUG util.Progress>   -- RRq:0/5646, RS:0/2547, CR:0,00%, V:0,00, DC:0, TOC:0, %:0,00
26-Oct-21 02:33:17.121 [Solver-1] INFO  heuristics.StandardNeighbourSelection> Using org.cpsolver.studentsct.heuristics.EnrollmentSelection
26-Oct-21 02:33:17.122 [Solver-1] INFO  heuristics.StandardNeighbourSelection> Using org.cpsolver.ifs.heuristics.GeneralVariableSelection
26-Oct-21 02:33:17.122 [Solver-1] DEBUG util.Progress> [Normal Backtracking (priority students)...]
26-Oct-21 02:33:17.125 [Solver-4] INFO  heuristics.RoundRobinNeighbourSelection> Phase changed to 13
26-Oct-21 02:33:17.125 [Solver-4] DEBUG util.Progress>   -- RRq:0/5646, RS:0/2547, CR:0,00%, V:0,00, DC:0, TOC:0, %:0,00
26-Oct-21 02:33:17.128 [Solver-4] DEBUG util.Progress> [Critical Courses B&B (senior students)...]
26-Oct-21 02:33:17.130 [Solver-3] INFO  heuristics.RoundRobinNeighbourSelection> Phase changed to 14
26-Oct-21 02:33:17.130 [Solver-3] DEBUG util.Progress>   -- RRq:0/5646, RS:0/2547, CR:0,00%, V:0,00, DC:0, TOC:0, %:0,00
26-Oct-21 02:33:17.133 [Solver-3] INFO  heuristics.StandardNeighbourSelection> Using org.cpsolver.studentsct.heuristics.EnrollmentSelection
26-Oct-21 02:33:17.134 [Solver-3] INFO  heuristics.StandardNeighbourSelection> Using org.cpsolver.ifs.heuristics.GeneralVariableSelection
26-Oct-21 02:33:17.135 [Solver-3] DEBUG util.Progress> [Critical Backtracking (senior students)...]
26-Oct-21 02:33:17.135 [Solver-1] INFO  heuristics.RoundRobinNeighbourSelection> Phase changed to 15
26-Oct-21 02:33:17.136 [Solver-1] DEBUG util.Progress>   -- RRq:0/5646, RS:0/2547, CR:0,00%, V:0,00, DC:0, TOC:0, %:0,00
26-Oct-21 02:33:17.137 [Solver-1] DEBUG util.Progress> [Critical Ifs (senior students)...]
26-Oct-21 02:33:17.145 [Solver-1] INFO  heuristics.RoundRobinNeighbourSelection> Phase changed to 16
26-Oct-21 02:33:17.146 [Solver-1] DEBUG util.Progress>   -- RRq:0/5646, RS:0/2547, CR:0,00%, V:0,00, DC:0, TOC:0, %:0,00
26-Oct-21 02:33:17.150 [Solver-1] INFO  heuristics.StandardNeighbourSelection> Using org.cpsolver.studentsct.heuristics.EnrollmentSelection
26-Oct-21 02:33:17.150 [Solver-1] INFO  heuristics.StandardNeighbourSelection> Using org.cpsolver.ifs.heuristics.GeneralVariableSelection
26-Oct-21 02:33:17.151 [Solver-1] DEBUG util.Progress> [Critical Backtracking (senior students)...]
26-Oct-21 02:33:17.151 [Solver-1] INFO  heuristics.RoundRobinNeighbourSelection> Phase changed to 17
26-Oct-21 02:33:17.152 [Solver-1] DEBUG util.Progress>   -- RRq:0/5646, RS:0/2547, CR:0,00%, V:0,00, DC:0, TOC:0, %:0,00
26-Oct-21 02:33:17.155 [Solver-1] DEBUG util.Progress> [Important Courses B&B (senior students)...]
26-Oct-21 02:33:17.157 [Solver-3] INFO  heuristics.RoundRobinNeighbourSelection> Phase changed to 18
26-Oct-21 02:33:17.158 [Solver-3] DEBUG util.Progress>   -- RRq:0/5646, RS:0/2547, CR:0,00%, V:0,00, DC:0, TOC:0, %:0,00
26-Oct-21 02:33:17.161 [Solver-3] INFO  heuristics.StandardNeighbourSelection> Using org.cpsolver.studentsct.heuristics.EnrollmentSelection
26-Oct-21 02:33:17.161 [Solver-3] INFO  heuristics.StandardNeighbourSelection> Using org.cpsolver.ifs.heuristics.GeneralVariableSelection
26-Oct-21 02:33:17.161 [Solver-3] DEBUG util.Progress> [Important Backtracking (senior students)...]
26-Oct-21 02:33:17.162 [Solver-3] INFO  heuristics.RoundRobinNeighbourSelection> Phase changed to 19
26-Oct-21 02:33:17.162 [Solver-3] DEBUG util.Progress>   -- RRq:0/5646, RS:0/2547, CR:0,00%, V:0,00, DC:0, TOC:0, %:0,00
26-Oct-21 02:33:17.162 [Solver-3] DEBUG util.Progress> [Important Ifs (senior students)...]
26-Oct-21 02:33:17.211 [Solver-3] INFO  heuristics.RoundRobinNeighbourSelection> Phase changed to 20
26-Oct-21 02:33:17.211 [Solver-3] DEBUG util.Progress>   -- RRq:0/5646, RS:0/2547, CR:0,00%, V:0,00, DC:0, TOC:0, %:0,00
26-Oct-21 02:33:17.215 [Solver-3] INFO  heuristics.StandardNeighbourSelection> Using org.cpsolver.studentsct.heuristics.EnrollmentSelection
26-Oct-21 02:33:17.216 [Solver-3] INFO  heuristics.StandardNeighbourSelection> Using org.cpsolver.ifs.heuristics.GeneralVariableSelection
26-Oct-21 02:33:17.217 [Solver-3] DEBUG util.Progress> [Important Backtracking (senior students)...]
26-Oct-21 02:33:17.217 [Solver-2] INFO  heuristics.RoundRobinNeighbourSelection> Phase changed to 21
26-Oct-21 02:33:17.217 [Solver-2] DEBUG util.Progress>   -- RRq:0/5646, RS:0/2547, CR:0,00%, V:0,00, DC:0, TOC:0, %:0,00
26-Oct-21 02:33:17.228 [Solver-2] DEBUG util.Progress> [Normal Courses B&B (senior students)...]
26-Oct-21 02:33:17.229 [Solver-2] INFO  heuristics.RoundRobinNeighbourSelection> Phase changed to 22
26-Oct-21 02:33:17.229 [Solver-2] DEBUG util.Progress>   -- RRq:0/5646, RS:0/2547, CR:0,00%, V:0,00, DC:0, TOC:0, %:0,00
26-Oct-21 02:33:17.235 [Solver-2] INFO  heuristics.StandardNeighbourSelection> Using org.cpsolver.studentsct.heuristics.EnrollmentSelection
26-Oct-21 02:33:17.236 [Solver-2] INFO  heuristics.StandardNeighbourSelection> Using org.cpsolver.ifs.heuristics.GeneralVariableSelection
26-Oct-21 02:33:17.238 [Solver-2] DEBUG util.Progress> [Normal Backtracking (senior students)...]
26-Oct-21 02:33:17.240 [Solver-4] INFO  heuristics.RoundRobinNeighbourSelection> Phase changed to 23
26-Oct-21 02:33:17.240 [Solver-4] DEBUG util.Progress>   -- RRq:0/5646, RS:0/2547, CR:0,00%, V:0,00, DC:0, TOC:0, %:0,00
26-Oct-21 02:33:17.241 [Solver-4] DEBUG util.Progress> [Normal Ifs (senior students)...]
26-Oct-21 02:33:17.248 [Solver-1] INFO  heuristics.RoundRobinNeighbourSelection> Phase changed to 24
26-Oct-21 02:33:17.254 [Solver-1] DEBUG util.Progress>   -- RRq:0/5646, RS:0/2547, CR:0,00%, V:0,00, DC:0, TOC:0, %:0,00
26-Oct-21 02:33:17.271 [Solver-1] INFO  heuristics.StandardNeighbourSelection> Using org.cpsolver.studentsct.heuristics.EnrollmentSelection
26-Oct-21 02:33:17.272 [Solver-1] INFO  heuristics.StandardNeighbourSelection> Using org.cpsolver.ifs.heuristics.GeneralVariableSelection
26-Oct-21 02:33:17.272 [Solver-1] DEBUG util.Progress> [Normal Backtracking (senior students)...]
26-Oct-21 02:33:17.275 [Solver-1] INFO  heuristics.RoundRobinNeighbourSelection> Phase changed to 25
26-Oct-21 02:33:17.276 [Solver-1] DEBUG util.Progress>   -- RRq:0/5646, RS:0/2547, CR:0,00%, V:0,00, DC:0, TOC:0, %:0,00
26-Oct-21 02:33:17.279 [Solver-1] DEBUG util.Progress> [Critical Courses B&B (junior students)...]
26-Oct-21 02:33:17.280 [Solver-1] INFO  heuristics.RoundRobinNeighbourSelection> Phase changed to 26
26-Oct-21 02:33:17.281 [Solver-1] DEBUG util.Progress>   -- RRq:0/5646, RS:0/2547, CR:0,00%, V:0,00, DC:0, TOC:0, %:0,00
26-Oct-21 02:33:17.284 [Solver-1] INFO  heuristics.StandardNeighbourSelection> Using org.cpsolver.studentsct.heuristics.EnrollmentSelection
26-Oct-21 02:33:17.284 [Solver-1] INFO  heuristics.StandardNeighbourSelection> Using org.cpsolver.ifs.heuristics.GeneralVariableSelection
26-Oct-21 02:33:17.285 [Solver-1] DEBUG util.Progress> [Critical Backtracking (junior students)...]
26-Oct-21 02:33:17.290 [Solver-1] INFO  heuristics.RoundRobinNeighbourSelection> Phase changed to 27
26-Oct-21 02:33:17.291 [Solver-1] DEBUG util.Progress>   -- RRq:0/5646, RS:0/2547, CR:0,00%, V:0,00, DC:0, TOC:0, %:0,00
26-Oct-21 02:33:17.291 [Solver-1] DEBUG util.Progress> [Critical Ifs (junior students)...]
26-Oct-21 02:33:17.298 [Solver-1] INFO  heuristics.RoundRobinNeighbourSelection> Phase changed to 28
26-Oct-21 02:33:17.298 [Solver-1] DEBUG util.Progress>   -- RRq:0/5646, RS:0/2547, CR:0,00%, V:0,00, DC:0, TOC:0, %:0,00
26-Oct-21 02:33:17.301 [Solver-1] INFO  heuristics.StandardNeighbourSelection> Using org.cpsolver.studentsct.heuristics.EnrollmentSelection
26-Oct-21 02:33:17.302 [Solver-1] INFO  heuristics.StandardNeighbourSelection> Using org.cpsolver.ifs.heuristics.GeneralVariableSelection
26-Oct-21 02:33:17.303 [Solver-1] DEBUG util.Progress> [Critical Backtracking (junior students)...]
26-Oct-21 02:33:17.303 [Solver-2] INFO  heuristics.RoundRobinNeighbourSelection> Phase changed to 29
26-Oct-21 02:33:17.303 [Solver-2] DEBUG util.Progress>   -- RRq:0/5646, RS:0/2547, CR:0,00%, V:0,00, DC:0, TOC:0, %:0,00
26-Oct-21 02:33:17.307 [Solver-2] DEBUG util.Progress> [Important Courses B&B (junior students)...]
26-Oct-21 02:33:17.308 [Solver-2] INFO  heuristics.RoundRobinNeighbourSelection> Phase changed to 30
26-Oct-21 02:33:17.308 [Solver-2] DEBUG util.Progress>   -- RRq:0/5646, RS:0/2547, CR:0,00%, V:0,00, DC:0, TOC:0, %:0,00
26-Oct-21 02:33:17.310 [Solver-2] INFO  heuristics.StandardNeighbourSelection> Using org.cpsolver.studentsct.heuristics.EnrollmentSelection
26-Oct-21 02:33:17.314 [Solver-2] INFO  heuristics.StandardNeighbourSelection> Using org.cpsolver.ifs.heuristics.GeneralVariableSelection
26-Oct-21 02:33:17.316 [Solver-2] DEBUG util.Progress> [Important Backtracking (junior students)...]
26-Oct-21 02:33:17.317 [Solver-4] INFO  heuristics.RoundRobinNeighbourSelection> Phase changed to 31
26-Oct-21 02:33:17.317 [Solver-4] DEBUG util.Progress>   -- RRq:0/5646, RS:0/2547, CR:0,00%, V:0,00, DC:0, TOC:0, %:0,00
26-Oct-21 02:33:17.317 [Solver-4] DEBUG util.Progress> [Important Ifs (junior students)...]
26-Oct-21 02:33:17.322 [Solver-2] INFO  heuristics.RoundRobinNeighbourSelection> Phase changed to 32
26-Oct-21 02:33:17.323 [Solver-2] DEBUG util.Progress>   -- RRq:0/5646, RS:0/2547, CR:0,00%, V:0,00, DC:0, TOC:0, %:0,00
26-Oct-21 02:33:17.325 [Solver-2] INFO  heuristics.StandardNeighbourSelection> Using org.cpsolver.studentsct.heuristics.EnrollmentSelection
26-Oct-21 02:33:17.326 [Solver-2] INFO  heuristics.StandardNeighbourSelection> Using org.cpsolver.ifs.heuristics.GeneralVariableSelection
26-Oct-21 02:33:17.327 [Solver-2] DEBUG util.Progress> [Important Backtracking (junior students)...]
26-Oct-21 02:33:17.327 [Solver-2] INFO  heuristics.RoundRobinNeighbourSelection> Phase changed to 33
26-Oct-21 02:33:17.327 [Solver-2] DEBUG util.Progress>   -- RRq:0/5646, RS:0/2547, CR:0,00%, V:0,00, DC:0, TOC:0, %:0,00
26-Oct-21 02:33:17.338 [Solver-2] DEBUG util.Progress> [Normal Courses B&B (junior students)...]
26-Oct-21 02:33:17.340 [Solver-1] INFO  heuristics.RoundRobinNeighbourSelection> Phase changed to 34
26-Oct-21 02:33:17.341 [Solver-1] DEBUG util.Progress>   -- RRq:0/5646, RS:0/2547, CR:0,00%, V:0,00, DC:0, TOC:0, %:0,00
26-Oct-21 02:33:17.349 [Solver-1] INFO  heuristics.StandardNeighbourSelection> Using org.cpsolver.studentsct.heuristics.EnrollmentSelection
26-Oct-21 02:33:17.350 [Solver-1] INFO  heuristics.StandardNeighbourSelection> Using org.cpsolver.ifs.heuristics.GeneralVariableSelection
26-Oct-21 02:33:17.350 [Solver-1] DEBUG util.Progress> [Normal Backtracking (junior students)...]
26-Oct-21 02:33:17.353 [Solver-4] INFO  heuristics.RoundRobinNeighbourSelection> Phase changed to 35
26-Oct-21 02:33:17.353 [Solver-4] DEBUG util.Progress>   -- RRq:0/5646, RS:0/2547, CR:0,00%, V:0,00, DC:0, TOC:0, %:0,00
26-Oct-21 02:33:17.353 [Solver-4] DEBUG util.Progress> [Normal Ifs (junior students)...]
26-Oct-21 02:33:17.358 [Solver-3] INFO  heuristics.RoundRobinNeighbourSelection> Phase changed to 36
26-Oct-21 02:33:17.359 [Solver-3] DEBUG util.Progress>   -- RRq:0/5646, RS:0/2547, CR:0,00%, V:0,00, DC:0, TOC:0, %:0,00
26-Oct-21 02:33:17.364 [Solver-3] INFO  heuristics.StandardNeighbourSelection> Using org.cpsolver.studentsct.heuristics.EnrollmentSelection
26-Oct-21 02:33:17.365 [Solver-3] INFO  heuristics.StandardNeighbourSelection> Using org.cpsolver.ifs.heuristics.GeneralVariableSelection
26-Oct-21 02:33:17.365 [Solver-3] DEBUG util.Progress> [Normal Backtracking (junior students)...]
26-Oct-21 02:33:17.368 [Solver-3] INFO  heuristics.RoundRobinNeighbourSelection> Phase changed to 37
26-Oct-21 02:33:17.383 [Solver-3] DEBUG util.Progress>   -- RRq:0/5646, RS:0/2547, CR:0,00%, V:0,00, DC:0, TOC:0, %:0,00
26-Oct-21 02:33:17.387 [Solver-3] DEBUG util.Progress> [Critical Courses B&B (sophomore students)...]
26-Oct-21 02:33:17.389 [Solver-3] INFO  heuristics.RoundRobinNeighbourSelection> Phase changed to 38
26-Oct-21 02:33:17.391 [Solver-3] DEBUG util.Progress>   -- RRq:0/5646, RS:0/2547, CR:0,00%, V:0,00, DC:0, TOC:0, %:0,00
26-Oct-21 02:33:17.395 [Solver-3] INFO  heuristics.StandardNeighbourSelection> Using org.cpsolver.studentsct.heuristics.EnrollmentSelection
26-Oct-21 02:33:17.399 [Solver-3] INFO  heuristics.StandardNeighbourSelection> Using org.cpsolver.ifs.heuristics.GeneralVariableSelection
26-Oct-21 02:33:17.399 [Solver-3] DEBUG util.Progress> [Critical Backtracking (sophomore students)...]
26-Oct-21 02:33:17.400 [Solver-2] INFO  heuristics.RoundRobinNeighbourSelection> Phase changed to 39
26-Oct-21 02:33:17.400 [Solver-2] DEBUG util.Progress>   -- RRq:0/5646, RS:0/2547, CR:0,00%, V:0,00, DC:0, TOC:0, %:0,00
26-Oct-21 02:33:17.400 [Solver-2] DEBUG util.Progress> [Critical Ifs (sophomore students)...]
26-Oct-21 02:33:17.405 [Solver-4] INFO  heuristics.RoundRobinNeighbourSelection> Phase changed to 40
26-Oct-21 02:33:17.405 [Solver-4] DEBUG util.Progress>   -- RRq:0/5646, RS:0/2547, CR:0,00%, V:0,00, DC:0, TOC:0, %:0,00
26-Oct-21 02:33:17.408 [Solver-4] INFO  heuristics.StandardNeighbourSelection> Using org.cpsolver.studentsct.heuristics.EnrollmentSelection
26-Oct-21 02:33:17.408 [Solver-4] INFO  heuristics.StandardNeighbourSelection> Using org.cpsolver.ifs.heuristics.GeneralVariableSelection
26-Oct-21 02:33:17.408 [Solver-4] DEBUG util.Progress> [Critical Backtracking (sophomore students)...]
26-Oct-21 02:33:17.409 [Solver-4] INFO  heuristics.RoundRobinNeighbourSelection> Phase changed to 41
26-Oct-21 02:33:17.409 [Solver-4] DEBUG util.Progress>   -- RRq:0/5646, RS:0/2547, CR:0,00%, V:0,00, DC:0, TOC:0, %:0,00
26-Oct-21 02:33:17.420 [Solver-4] DEBUG util.Progress> [Important Courses B&B (sophomore students)...]
26-Oct-21 02:33:17.421 [Solver-4] INFO  heuristics.RoundRobinNeighbourSelection> Phase changed to 42
26-Oct-21 02:33:17.422 [Solver-4] DEBUG util.Progress>   -- RRq:0/5646, RS:0/2547, CR:0,00%, V:0,00, DC:0, TOC:0, %:0,00
26-Oct-21 02:33:17.428 [Solver-4] INFO  heuristics.StandardNeighbourSelection> Using org.cpsolver.studentsct.heuristics.EnrollmentSelection
26-Oct-21 02:33:17.428 [Solver-4] INFO  heuristics.StandardNeighbourSelection> Using org.cpsolver.ifs.heuristics.GeneralVariableSelection
26-Oct-21 02:33:17.428 [Solver-4] DEBUG util.Progress> [Important Backtracking (sophomore students)...]
26-Oct-21 02:33:17.428 [Solver-4] INFO  heuristics.RoundRobinNeighbourSelection> Phase changed to 43
26-Oct-21 02:33:17.429 [Solver-4] DEBUG util.Progress>   -- RRq:0/5646, RS:0/2547, CR:0,00%, V:0,00, DC:0, TOC:0, %:0,00
26-Oct-21 02:33:17.429 [Solver-4] DEBUG util.Progress> [Important Ifs (sophomore students)...]
26-Oct-21 02:33:17.434 [Solver-4] INFO  heuristics.RoundRobinNeighbourSelection> Phase changed to 44
26-Oct-21 02:33:17.434 [Solver-4] DEBUG util.Progress>   -- RRq:0/5646, RS:0/2547, CR:0,00%, V:0,00, DC:0, TOC:0, %:0,00
26-Oct-21 02:33:17.436 [Solver-4] INFO  heuristics.StandardNeighbourSelection> Using org.cpsolver.studentsct.heuristics.EnrollmentSelection
26-Oct-21 02:33:17.437 [Solver-4] INFO  heuristics.StandardNeighbourSelection> Using org.cpsolver.ifs.heuristics.GeneralVariableSelection
26-Oct-21 02:33:17.437 [Solver-4] DEBUG util.Progress> [Important Backtracking (sophomore students)...]
26-Oct-21 02:33:17.437 [Solver-4] INFO  heuristics.RoundRobinNeighbourSelection> Phase changed to 45
26-Oct-21 02:33:17.438 [Solver-4] DEBUG util.Progress>   -- RRq:0/5646, RS:0/2547, CR:0,00%, V:0,00, DC:0, TOC:0, %:0,00
26-Oct-21 02:33:17.459 [Solver-4] DEBUG util.Progress> [Normal Courses B&B (sophomore students)...]
26-Oct-21 02:33:17.461 [Solver-1] INFO  heuristics.RoundRobinNeighbourSelection> Phase changed to 46
26-Oct-21 02:33:17.461 [Solver-1] DEBUG util.Progress>   -- RRq:0/5646, RS:0/2547, CR:0,00%, V:0,00, DC:0, TOC:0, %:0,00
26-Oct-21 02:33:17.467 [Solver-1] INFO  heuristics.StandardNeighbourSelection> Using org.cpsolver.studentsct.heuristics.EnrollmentSelection
26-Oct-21 02:33:17.467 [Solver-1] INFO  heuristics.StandardNeighbourSelection> Using org.cpsolver.ifs.heuristics.GeneralVariableSelection
26-Oct-21 02:33:17.468 [Solver-1] DEBUG util.Progress> [Normal Backtracking (sophomore students)...]
26-Oct-21 02:33:17.470 [Solver-3] INFO  heuristics.RoundRobinNeighbourSelection> Phase changed to 47
26-Oct-21 02:33:17.472 [Solver-3] DEBUG util.Progress>   -- RRq:0/5646, RS:0/2547, CR:0,00%, V:0,00, DC:0, TOC:0, %:0,00
26-Oct-21 02:33:17.472 [Solver-3] DEBUG util.Progress> [Normal Ifs (sophomore students)...]
26-Oct-21 02:33:17.490 [Solver-3] INFO  heuristics.RoundRobinNeighbourSelection> Phase changed to 48
26-Oct-21 02:33:17.492 [Solver-3] DEBUG util.Progress>   -- RRq:0/5646, RS:0/2547, CR:0,00%, V:0,00, DC:0, TOC:0, %:0,00
26-Oct-21 02:33:17.543 [Solver-3] INFO  heuristics.StandardNeighbourSelection> Using org.cpsolver.studentsct.heuristics.EnrollmentSelection
26-Oct-21 02:33:17.544 [Solver-3] INFO  heuristics.StandardNeighbourSelection> Using org.cpsolver.ifs.heuristics.GeneralVariableSelection
26-Oct-21 02:33:17.544 [Solver-3] DEBUG util.Progress> [Normal Backtracking (sophomore students)...]
26-Oct-21 02:33:17.549 [Solver-3] INFO  heuristics.RoundRobinNeighbourSelection> Phase changed to 49
26-Oct-21 02:33:17.549 [Solver-3] DEBUG util.Progress>   -- RRq:0/5646, RS:0/2547, CR:0,00%, V:0,00, DC:0, TOC:0, %:0,00
26-Oct-21 02:33:17.554 [Solver-3] DEBUG util.Progress> [Critical Courses B&B (frehmen students)...]
26-Oct-21 02:33:17.555 [Solver-3] INFO  heuristics.RoundRobinNeighbourSelection> Phase changed to 50
26-Oct-21 02:33:17.556 [Solver-3] DEBUG util.Progress>   -- RRq:0/5646, RS:0/2547, CR:0,00%, V:0,00, DC:0, TOC:0, %:0,00
26-Oct-21 02:33:17.559 [Solver-3] INFO  heuristics.StandardNeighbourSelection> Using org.cpsolver.studentsct.heuristics.EnrollmentSelection
26-Oct-21 02:33:17.559 [Solver-3] INFO  heuristics.StandardNeighbourSelection> Using org.cpsolver.ifs.heuristics.GeneralVariableSelection
26-Oct-21 02:33:17.560 [Solver-3] DEBUG util.Progress> [Critical Backtracking (frehmen students)...]
26-Oct-21 02:33:17.560 [Solver-3] INFO  heuristics.RoundRobinNeighbourSelection> Phase changed to 51
26-Oct-21 02:33:17.560 [Solver-3] DEBUG util.Progress>   -- RRq:0/5646, RS:0/2547, CR:0,00%, V:0,00, DC:0, TOC:0, %:0,00
26-Oct-21 02:33:17.560 [Solver-3] DEBUG util.Progress> [Critical Ifs (frehmen students)...]
26-Oct-21 02:33:17.566 [Solver-3] INFO  heuristics.RoundRobinNeighbourSelection> Phase changed to 52
26-Oct-21 02:33:17.591 [Solver-3] DEBUG util.Progress>   -- RRq:0/5646, RS:0/2547, CR:0,00%, V:0,00, DC:0, TOC:0, %:0,00
26-Oct-21 02:33:17.596 [Solver-3] INFO  heuristics.StandardNeighbourSelection> Using org.cpsolver.studentsct.heuristics.EnrollmentSelection
26-Oct-21 02:33:17.597 [Solver-3] INFO  heuristics.StandardNeighbourSelection> Using org.cpsolver.ifs.heuristics.GeneralVariableSelection
26-Oct-21 02:33:17.599 [Solver-3] DEBUG util.Progress> [Critical Backtracking (frehmen students)...]
26-Oct-21 02:33:17.600 [Solver-1] INFO  heuristics.RoundRobinNeighbourSelection> Phase changed to 53
26-Oct-21 02:33:17.600 [Solver-1] DEBUG util.Progress>   -- RRq:0/5646, RS:0/2547, CR:0,00%, V:0,00, DC:0, TOC:0, %:0,00
26-Oct-21 02:33:17.603 [Solver-1] DEBUG util.Progress> [Important Courses B&B (frehmen students)...]
26-Oct-21 02:33:17.604 [Solver-1] INFO  heuristics.RoundRobinNeighbourSelection> Phase changed to 54
26-Oct-21 02:33:17.607 [Solver-1] DEBUG util.Progress>   -- RRq:0/5646, RS:0/2547, CR:0,00%, V:0,00, DC:0, TOC:0, %:0,00
26-Oct-21 02:33:17.610 [Solver-1] INFO  heuristics.StandardNeighbourSelection> Using org.cpsolver.studentsct.heuristics.EnrollmentSelection
26-Oct-21 02:33:17.611 [Solver-1] INFO  heuristics.StandardNeighbourSelection> Using org.cpsolver.ifs.heuristics.GeneralVariableSelection
26-Oct-21 02:33:17.611 [Solver-1] DEBUG util.Progress> [Important Backtracking (frehmen students)...]
26-Oct-21 02:33:17.614 [Solver-4] INFO  heuristics.RoundRobinNeighbourSelection> Phase changed to 55
26-Oct-21 02:33:17.615 [Solver-4] DEBUG util.Progress>   -- RRq:0/5646, RS:0/2547, CR:0,00%, V:0,00, DC:0, TOC:0, %:0,00
26-Oct-21 02:33:17.615 [Solver-4] DEBUG util.Progress> [Important Ifs (frehmen students)...]
26-Oct-21 02:33:17.657 [Solver-4] INFO  heuristics.RoundRobinNeighbourSelection> Phase changed to 56
26-Oct-21 02:33:17.658 [Solver-4] DEBUG util.Progress>   -- RRq:0/5646, RS:0/2547, CR:0,00%, V:0,00, DC:0, TOC:0, %:0,00
26-Oct-21 02:33:17.660 [Solver-4] INFO  heuristics.StandardNeighbourSelection> Using org.cpsolver.studentsct.heuristics.EnrollmentSelection
26-Oct-21 02:33:17.662 [Solver-4] INFO  heuristics.StandardNeighbourSelection> Using org.cpsolver.ifs.heuristics.GeneralVariableSelection
26-Oct-21 02:33:17.665 [Solver-4] DEBUG util.Progress> [Important Backtracking (frehmen students)...]
26-Oct-21 02:33:17.666 [Solver-4] INFO  heuristics.RoundRobinNeighbourSelection> Phase changed to 57
26-Oct-21 02:33:17.667 [Solver-4] DEBUG util.Progress>   -- RRq:0/5646, RS:0/2547, CR:0,00%, V:0,00, DC:0, TOC:0, %:0,00
26-Oct-21 02:33:17.682 [Solver-4] DEBUG util.Progress> [Normal Courses B&B (frehmen students)...]
26-Oct-21 02:33:17.683 [Solver-4] INFO  heuristics.RoundRobinNeighbourSelection> Phase changed to 58
26-Oct-21 02:33:17.684 [Solver-4] DEBUG util.Progress>   -- RRq:0/5646, RS:0/2547, CR:0,00%, V:0,00, DC:0, TOC:0, %:0,00
26-Oct-21 02:33:17.690 [Solver-4] INFO  heuristics.StandardNeighbourSelection> Using org.cpsolver.studentsct.heuristics.EnrollmentSelection
26-Oct-21 02:33:17.694 [Solver-4] INFO  heuristics.StandardNeighbourSelection> Using org.cpsolver.ifs.heuristics.GeneralVariableSelection
26-Oct-21 02:33:17.694 [Solver-4] DEBUG util.Progress> [Normal Backtracking (frehmen students)...]
26-Oct-21 02:33:17.708 [Solver-4] INFO  heuristics.RoundRobinNeighbourSelection> Phase changed to 59
26-Oct-21 02:33:17.709 [Solver-4] DEBUG util.Progress>   -- RRq:0/5646, RS:0/2547, CR:0,00%, V:0,00, DC:0, TOC:0, %:0,00
26-Oct-21 02:33:17.713 [Solver-4] DEBUG util.Progress> [Normal Ifs (frehmen students)...]
26-Oct-21 02:33:17.721 [Solver-2] INFO  heuristics.RoundRobinNeighbourSelection> Phase changed to 60
26-Oct-21 02:33:17.724 [Solver-2] DEBUG util.Progress>   -- RRq:0/5646, RS:0/2547, CR:0,00%, V:0,00, DC:0, TOC:0, %:0,00
26-Oct-21 02:33:17.731 [Solver-2] INFO  heuristics.StandardNeighbourSelection> Using org.cpsolver.studentsct.heuristics.EnrollmentSelection
26-Oct-21 02:33:17.731 [Solver-2] INFO  heuristics.StandardNeighbourSelection> Using org.cpsolver.ifs.heuristics.GeneralVariableSelection
26-Oct-21 02:33:17.732 [Solver-2] DEBUG util.Progress> [Normal Backtracking (frehmen students)...]
26-Oct-21 02:33:17.739 [Solver-2] INFO  heuristics.RoundRobinNeighbourSelection> Phase changed to 61
26-Oct-21 02:33:17.740 [Solver-2] DEBUG util.Progress>   -- RRq:0/5646, RS:0/2547, CR:0,00%, V:0,00, DC:0, TOC:0, %:0,00
26-Oct-21 02:33:17.743 [Solver-2] DEBUG util.Progress> [Critical Courses B&B...]
26-Oct-21 02:33:17.761 [Solver-2] INFO  heuristics.RoundRobinNeighbourSelection> Phase changed to 62
26-Oct-21 02:33:17.762 [Solver-2] DEBUG util.Progress>   -- RRq:0/5646, RS:0/2547, CR:0,00%, V:0,00, DC:0, TOC:0, %:0,00
26-Oct-21 02:33:17.763 [Solver-2] INFO  heuristics.StandardNeighbourSelection> Using org.cpsolver.studentsct.heuristics.EnrollmentSelection
26-Oct-21 02:33:17.763 [Solver-2] INFO  heuristics.StandardNeighbourSelection> Using org.cpsolver.ifs.heuristics.GeneralVariableSelection
26-Oct-21 02:33:17.764 [Solver-2] DEBUG util.Progress> [Critical Backtracking...]
26-Oct-21 02:33:17.764 [Solver-2] INFO  heuristics.RoundRobinNeighbourSelection> Phase changed to 63
26-Oct-21 02:33:17.764 [Solver-2] DEBUG util.Progress>   -- RRq:0/5646, RS:0/2547, CR:0,00%, V:0,00, DC:0, TOC:0, %:0,00
26-Oct-21 02:33:17.765 [Solver-2] DEBUG util.Progress> [Critical Ifs...]
26-Oct-21 02:33:17.828 [Solver-2] INFO  heuristics.RoundRobinNeighbourSelection> Phase changed to 64
26-Oct-21 02:33:17.829 [Solver-2] DEBUG util.Progress>   -- RRq:0/5646, RS:0/2547, CR:0,00%, V:0,00, DC:0, TOC:0, %:0,00
26-Oct-21 02:33:17.830 [Solver-2] INFO  heuristics.StandardNeighbourSelection> Using org.cpsolver.studentsct.heuristics.EnrollmentSelection
26-Oct-21 02:33:17.831 [Solver-2] INFO  heuristics.StandardNeighbourSelection> Using org.cpsolver.ifs.heuristics.GeneralVariableSelection
26-Oct-21 02:33:17.831 [Solver-2] DEBUG util.Progress> [Critical Backtracking...]
26-Oct-21 02:33:17.831 [Solver-4] INFO  heuristics.RoundRobinNeighbourSelection> Phase changed to 65
26-Oct-21 02:33:17.832 [Solver-4] DEBUG util.Progress>   -- RRq:0/5646, RS:0/2547, CR:0,00%, V:0,00, DC:0, TOC:0, %:0,00
26-Oct-21 02:33:17.835 [Solver-4] DEBUG util.Progress> [Important Courses B&B...]
26-Oct-21 02:33:17.848 [Solver-4] INFO  heuristics.RoundRobinNeighbourSelection> Phase changed to 66
26-Oct-21 02:33:17.849 [Solver-4] DEBUG util.Progress>   -- RRq:0/5646, RS:0/2547, CR:0,00%, V:0,00, DC:0, TOC:0, %:0,00
26-Oct-21 02:33:17.851 [Solver-4] INFO  heuristics.StandardNeighbourSelection> Using org.cpsolver.studentsct.heuristics.EnrollmentSelection
26-Oct-21 02:33:17.852 [Solver-4] INFO  heuristics.StandardNeighbourSelection> Using org.cpsolver.ifs.heuristics.GeneralVariableSelection
26-Oct-21 02:33:17.852 [Solver-4] DEBUG util.Progress> [Important Backtracking...]
26-Oct-21 02:33:17.853 [Solver-4] INFO  heuristics.RoundRobinNeighbourSelection> Phase changed to 67
26-Oct-21 02:33:17.853 [Solver-4] DEBUG util.Progress>   -- RRq:0/5646, RS:0/2547, CR:0,00%, V:0,00, DC:0, TOC:0, %:0,00
26-Oct-21 02:33:17.853 [Solver-4] DEBUG util.Progress> [Important Ifs...]
26-Oct-21 02:33:17.894 [Solver-1] INFO  heuristics.RoundRobinNeighbourSelection> Phase changed to 68
26-Oct-21 02:33:17.894 [Solver-1] DEBUG util.Progress>   -- RRq:0/5646, RS:0/2547, CR:0,00%, V:0,00, DC:0, TOC:0, %:0,00
26-Oct-21 02:33:17.898 [Solver-1] INFO  heuristics.StandardNeighbourSelection> Using org.cpsolver.studentsct.heuristics.EnrollmentSelection
26-Oct-21 02:33:17.898 [Solver-1] INFO  heuristics.StandardNeighbourSelection> Using org.cpsolver.ifs.heuristics.GeneralVariableSelection
26-Oct-21 02:33:17.900 [Solver-1] DEBUG util.Progress> [Important Backtracking...]
26-Oct-21 02:33:17.900 [Solver-1] INFO  heuristics.RoundRobinNeighbourSelection> Phase changed to 69
26-Oct-21 02:33:17.900 [Solver-1] DEBUG util.Progress>   -- RRq:0/5646, RS:0/2547, CR:0,00%, V:0,00, DC:0, TOC:0, %:0,00
26-Oct-21 02:33:17.973 [Solver-1] DEBUG util.Progress> [Min Credit B&B...]
26-Oct-21 02:33:17.985 [Solver-1] INFO  heuristics.RoundRobinNeighbourSelection> Phase changed to 70
26-Oct-21 02:33:17.985 [Solver-1] DEBUG util.Progress>   -- RRq:0/5646, RS:0/2547, CR:0,00%, V:0,00, DC:0, TOC:0, %:0,00
26-Oct-21 02:33:18.019 [Solver-1] DEBUG util.Progress> [Branch&bound...]
26-Oct-21 02:33:20.955 [Solver-4] DEBUG util.Progress>   -- Timing of BranchBoundSelection: 1,75 ms/it (2546 iterations, 0,00% time limit of 5,00 seconds reached)
26-Oct-21 02:33:20.955 [Solver-4] INFO  heuristics.RoundRobinNeighbourSelection> Phase changed to 71
26-Oct-21 02:33:20.957 [Solver-4] DEBUG util.Progress>   -- RRq:5637/5646, RS:2386/2547, CR:99,84%, V:2144,18, DC:0, TOC:0, %:84,18
26-Oct-21 02:33:20.998 [Solver-4] INFO  studentsct.Test> **BEST** RRq:5637/5646, RS:2386/2547, CR:99,84%, V:2145,67, DC:0, TOC:0, %:84,24, TM:0,001h
26-Oct-21 02:33:21.014 [Solver-4] DEBUG util.Progress> [Student swap...]
26-Oct-21 02:33:21.068 [Solver-2] INFO  studentsct.Test> **BEST** RRq:5646/5646, RS:2389/2547, CR:100,00%, V:2148,22, DC:0, TOC:0, %:84,34, TM:0,001h
26-Oct-21 02:33:21.078 [Solver-4] INFO  heuristics.RoundRobinNeighbourSelection> Phase changed to 72
26-Oct-21 02:33:21.079 [Solver-4] DEBUG util.Progress>   -- RRq:5646/5646, RS:2389/2547, CR:100,00%, V:2148,22, DC:0, TOC:0, %:84,34
26-Oct-21 02:33:21.082 [Solver-2] INFO  termination.GeneralTerminationCondition> Complete solution found.
26-Oct-21 02:33:21.083 [Solver-4] INFO  heuristics.StandardNeighbourSelection> Using org.cpsolver.studentsct.heuristics.EnrollmentSelection
26-Oct-21 02:33:21.084 [Solver-4] INFO  heuristics.StandardNeighbourSelection> Using org.cpsolver.ifs.heuristics.GeneralVariableSelection
26-Oct-21 02:33:21.084 [Solver-4] DEBUG util.Progress> [Backtracking...]
26-Oct-21 02:33:21.084 [Solver-4] INFO  heuristics.RoundRobinNeighbourSelection> Phase changed to 73
26-Oct-21 02:33:21.084 [Solver-4] DEBUG util.Progress>   -- RRq:5646/5646, RS:2389/2547, CR:100,00%, V:2148,22, DC:0, TOC:0, %:84,34
26-Oct-21 02:33:21.089 [Solver-4] INFO  heuristics.StandardNeighbourSelection> Using org.cpsolver.studentsct.heuristics.EnrollmentSelection
26-Oct-21 02:33:21.090 [Solver-4] INFO  heuristics.StandardNeighbourSelection> Using org.cpsolver.ifs.heuristics.GeneralVariableSelection
26-Oct-21 02:33:21.090 [Solver-4] DEBUG util.Progress> [Enrollment swaps...]
26-Oct-21 02:33:21.098 [Solver-4] INFO  heuristics.RoundRobinNeighbourSelection> Phase changed to 74
26-Oct-21 02:33:21.099 [Solver-4] DEBUG util.Progress>   -- RRq:5646/5646, RS:2389/2547, CR:100,00%, V:2148,22, DC:0, TOC:0, %:84,34
26-Oct-21 02:33:21.101 [Solver-4] INFO  heuristics.RoundRobinNeighbourSelection> Phase changed to 75
26-Oct-21 02:33:21.101 [Solver-4] DEBUG util.Progress>   -- RRq:5646/5646, RS:2389/2547, CR:100,00%, V:2148,22, DC:0, TOC:0, %:84,34
26-Oct-21 02:33:21.113 [Solver-4] DEBUG util.Progress> [Student swap...]
26-Oct-21 02:33:21.123 [Solver-3] INFO  heuristics.RoundRobinNeighbourSelection> Phase changed to 76
26-Oct-21 02:33:21.123 [Solver-3] DEBUG util.Progress>   -- RRq:5646/5646, RS:2389/2547, CR:100,00%, V:2148,22, DC:0, TOC:0, %:84,34
26-Oct-21 02:33:21.124 [Solver-3] DEBUG util.Progress> [Random unassignment of problematic students...]
26-Oct-21 02:33:21.131 [Solver-3] INFO  heuristics.RoundRobinNeighbourSelection> Phase changed to 77
26-Oct-21 02:33:21.132 [Solver-3] DEBUG util.Progress>   -- RRq:5646/5646, RS:2389/2547, CR:100,00%, V:2148,22, DC:0, TOC:0, %:84,34
26-Oct-21 02:33:21.133 [Solver-3] DEBUG util.Progress> [Resection incomplete students...]
26-Oct-21 02:33:21.157 [Solver-3] INFO  heuristics.RoundRobinNeighbourSelection> Phase changed to 78
26-Oct-21 02:33:21.158 [Solver-3] DEBUG util.Progress>   -- RRq:5646/5646, RS:2389/2547, CR:100,00%, V:2148,22, DC:0, TOC:0, %:84,34
26-Oct-21 02:33:21.158 [Solver-3] DEBUG util.Progress> [Resection unassigned students...]
26-Oct-21 02:33:21.167 [Solver-3] INFO  heuristics.RoundRobinNeighbourSelection> Phase changed to 79
26-Oct-21 02:33:21.174 [Solver-3] DEBUG util.Progress>   -- RRq:5646/5646, RS:2389/2547, CR:100,00%, V:2148,22, DC:0, TOC:0, %:84,34
26-Oct-21 02:33:21.184 [Solver-3] DEBUG util.Progress> [Student swap...]
26-Oct-21 02:33:21.197 [Solver-4] INFO  heuristics.RoundRobinNeighbourSelection> Phase changed to 80
26-Oct-21 02:33:21.197 [Solver-4] DEBUG util.Progress>   -- RRq:5646/5646, RS:2389/2547, CR:100,00%, V:2148,22, DC:0, TOC:0, %:84,34
26-Oct-21 02:33:21.200 [Solver-4] INFO  heuristics.RoundRobinNeighbourSelection> Phase changed to 81
26-Oct-21 02:33:21.201 [Solver-4] DEBUG util.Progress>   -- RRq:5646/5646, RS:2389/2547, CR:100,00%, V:2148,22, DC:0, TOC:0, %:84,34
26-Oct-21 02:33:21.219 [Solver-4] INFO  heuristics.RoundRobinNeighbourSelection> Phase changed to 82
26-Oct-21 02:33:21.219 [Solver-4] DEBUG util.Progress>   -- RRq:5646/5646, RS:2389/2547, CR:100,00%, V:2148,22, DC:0, TOC:0, %:84,34
26-Oct-21 02:33:21.222 [Solver-4] INFO  heuristics.StandardNeighbourSelection> Using org.cpsolver.studentsct.heuristics.EnrollmentSelection
26-Oct-21 02:33:21.222 [Solver-4] INFO  heuristics.StandardNeighbourSelection> Using org.cpsolver.ifs.heuristics.GeneralVariableSelection
26-Oct-21 02:33:21.223 [Solver-4] DEBUG util.Progress> [Enrollment swaps...]
26-Oct-21 02:33:21.234 [Solver-4] INFO  heuristics.RoundRobinNeighbourSelection> Phase changed to 83
26-Oct-21 02:33:21.235 [Solver-4] DEBUG util.Progress>   -- RRq:5646/5646, RS:2389/2547, CR:100,00%, V:2148,22, DC:0, TOC:0, %:84,34
26-Oct-21 02:33:21.238 [Solver-4] INFO  heuristics.StandardNeighbourSelection> Using org.cpsolver.studentsct.heuristics.EnrollmentSelection
26-Oct-21 02:33:21.238 [Solver-4] INFO  heuristics.StandardNeighbourSelection> Using org.cpsolver.ifs.heuristics.GeneralVariableSelection
26-Oct-21 02:33:21.238 [Solver-4] DEBUG util.Progress> [Backtracking...]
26-Oct-21 02:33:21.239 [Solver-3] INFO  heuristics.RoundRobinNeighbourSelection> Phase changed to 84
26-Oct-21 02:33:21.239 [Solver-3] DEBUG util.Progress>   -- RRq:5646/5646, RS:2389/2547, CR:100,00%, V:2148,22, DC:0, TOC:0, %:84,34
26-Oct-21 02:33:21.239 [Solver-3] INFO  heuristics.RoundRobinNeighbourSelection> Phase changed to 85
26-Oct-21 02:33:21.239 [Solver-3] DEBUG util.Progress>   -- RRq:5646/5646, RS:2389/2547, CR:100,00%, V:2148,22, DC:0, TOC:0, %:84,34
26-Oct-21 02:33:21.239 [Solver-3] DEBUG util.Progress> [Random unassignment...]
26-Oct-21 02:33:21.242 [Solver-3] INFO  heuristics.RoundRobinNeighbourSelection> Phase changed to 1
26-Oct-21 02:33:21.242 [Solver-3] DEBUG util.Progress>   -- RRq:5646/5646, RS:2389/2547, CR:100,00%, V:2148,22, DC:0, TOC:0, %:84,34
26-Oct-21 02:33:21.244 [Solver-3] DEBUG util.Progress> [Critical Courses B&B (priority students)...]
26-Oct-21 02:33:21.247 [Solver-1] INFO  heuristics.RoundRobinNeighbourSelection> Phase changed to 2
26-Oct-21 02:33:21.247 [Solver-1] DEBUG util.Progress>   -- RRq:5646/5646, RS:2389/2547, CR:100,00%, V:2148,22, DC:0, TOC:0, %:84,34
26-Oct-21 02:33:21.260 [Solver-1] DEBUG util.Progress> [Critical Backtracking (priority students)...]
26-Oct-21 02:33:21.260 [Solver-1] INFO  heuristics.RoundRobinNeighbourSelection> Phase changed to 3
26-Oct-21 02:33:21.261 [Solver-1] DEBUG util.Progress>   -- RRq:5646/5646, RS:2389/2547, CR:100,00%, V:2148,22, DC:0, TOC:0, %:84,34
26-Oct-21 02:33:21.262 [Solver-1] INFO  heuristics.RoundRobinNeighbourSelection> Phase changed to 4
26-Oct-21 02:33:21.263 [Solver-1] DEBUG util.Progress>   -- RRq:5646/5646, RS:2389/2547, CR:100,00%, V:2148,22, DC:0, TOC:0, %:84,34
26-Oct-21 02:33:21.265 [Solver-4] INFO  heuristics.RoundRobinNeighbourSelection> Phase changed to 5
26-Oct-21 02:33:21.266 [Solver-4] DEBUG util.Progress>   -- RRq:5646/5646, RS:2389/2547, CR:100,00%, V:2148,22, DC:0, TOC:0, %:84,34
26-Oct-21 02:33:21.270 [Solver-4] DEBUG util.Progress> [Important Courses B&B (priority students)...]
26-Oct-21 02:33:21.271 [Solver-4] INFO  heuristics.RoundRobinNeighbourSelection> Phase changed to 6
26-Oct-21 02:33:21.272 [Solver-4] DEBUG util.Progress>   -- RRq:5646/5646, RS:2389/2547, CR:100,00%, V:2148,22, DC:0, TOC:0, %:84,34
26-Oct-21 02:33:21.273 [Solver-4] DEBUG util.Progress> [Important Backtracking (priority students)...]
26-Oct-21 02:33:21.273 [Solver-4] INFO  heuristics.RoundRobinNeighbourSelection> Phase changed to 7
26-Oct-21 02:33:21.274 [Solver-4] DEBUG util.Progress>   -- RRq:5646/5646, RS:2389/2547, CR:100,00%, V:2148,22, DC:0, TOC:0, %:84,34
26-Oct-21 02:33:21.276 [Solver-4] INFO  heuristics.RoundRobinNeighbourSelection> Phase changed to 8
26-Oct-21 02:33:21.277 [Solver-4] DEBUG util.Progress>   -- RRq:5646/5646, RS:2389/2547, CR:100,00%, V:2148,22, DC:0, TOC:0, %:84,34
26-Oct-21 02:33:21.278 [Solver-4] INFO  heuristics.RoundRobinNeighbourSelection> Phase changed to 9
26-Oct-21 02:33:21.278 [Solver-4] DEBUG util.Progress>   -- RRq:5646/5646, RS:2389/2547, CR:100,00%, V:2148,22, DC:0, TOC:0, %:84,34
26-Oct-21 02:33:21.289 [Solver-4] DEBUG util.Progress> [Normal Courses B&B (priority students)...]
26-Oct-21 02:33:21.291 [Solver-3] INFO  heuristics.RoundRobinNeighbourSelection> Phase changed to 10
26-Oct-21 02:33:21.291 [Solver-3] DEBUG util.Progress>   -- RRq:5646/5646, RS:2389/2547, CR:100,00%, V:2148,22, DC:0, TOC:0, %:84,34
26-Oct-21 02:33:21.293 [Solver-3] DEBUG util.Progress> [Normal Backtracking (priority students)...]
26-Oct-21 02:33:21.293 [Solver-3] INFO  heuristics.RoundRobinNeighbourSelection> Phase changed to 11
26-Oct-21 02:33:21.293 [Solver-3] DEBUG util.Progress>   -- RRq:5646/5646, RS:2389/2547, CR:100,00%, V:2148,22, DC:0, TOC:0, %:84,34
26-Oct-21 02:33:21.298 [Solver-3] INFO  heuristics.RoundRobinNeighbourSelection> Phase changed to 12
26-Oct-21 02:33:21.298 [Solver-3] DEBUG util.Progress>   -- RRq:5646/5646, RS:2389/2547, CR:100,00%, V:2148,22, DC:0, TOC:0, %:84,34
26-Oct-21 02:33:21.301 [Solver-3] INFO  heuristics.RoundRobinNeighbourSelection> Phase changed to 13
26-Oct-21 02:33:21.302 [Solver-3] DEBUG util.Progress>   -- RRq:5646/5646, RS:2389/2547, CR:100,00%, V:2148,22, DC:0, TOC:0, %:84,34
26-Oct-21 02:33:21.304 [Solver-3] DEBUG util.Progress> [Critical Courses B&B (senior students)...]
26-Oct-21 02:33:21.304 [Solver-3] INFO  heuristics.RoundRobinNeighbourSelection> Phase changed to 14
26-Oct-21 02:33:21.304 [Solver-3] DEBUG util.Progress>   -- RRq:5646/5646, RS:2389/2547, CR:100,00%, V:2148,22, DC:0, TOC:0, %:84,34
26-Oct-21 02:33:21.308 [Solver-3] DEBUG util.Progress> [Critical Backtracking (senior students)...]
26-Oct-21 02:33:21.309 [Solver-4] INFO  heuristics.RoundRobinNeighbourSelection> Phase changed to 15
26-Oct-21 02:33:21.309 [Solver-4] DEBUG util.Progress>   -- RRq:5646/5646, RS:2389/2547, CR:100,00%, V:2148,22, DC:0, TOC:0, %:84,34
26-Oct-21 02:33:21.311 [Solver-4] INFO  heuristics.RoundRobinNeighbourSelection> Phase changed to 16
26-Oct-21 02:33:21.312 [Solver-4] DEBUG util.Progress>   -- RRq:5646/5646, RS:2389/2547, CR:100,00%, V:2148,22, DC:0, TOC:0, %:84,34
26-Oct-21 02:33:21.313 [Solver-4] INFO  heuristics.RoundRobinNeighbourSelection> Phase changed to 17
26-Oct-21 02:33:21.313 [Solver-4] DEBUG util.Progress>   -- RRq:5646/5646, RS:2389/2547, CR:100,00%, V:2148,22, DC:0, TOC:0, %:84,34
26-Oct-21 02:33:21.315 [Solver-4] DEBUG util.Progress> [Important Courses B&B (senior students)...]
26-Oct-21 02:33:21.316 [Solver-4] INFO  heuristics.RoundRobinNeighbourSelection> Phase changed to 18
26-Oct-21 02:33:21.317 [Solver-4] DEBUG util.Progress>   -- RRq:5646/5646, RS:2389/2547, CR:100,00%, V:2148,22, DC:0, TOC:0, %:84,34
26-Oct-21 02:33:21.319 [Solver-4] DEBUG util.Progress> [Important Backtracking (senior students)...]
26-Oct-21 02:33:21.319 [Solver-3] INFO  heuristics.RoundRobinNeighbourSelection> Phase changed to 19
26-Oct-21 02:33:21.319 [Solver-3] DEBUG util.Progress>   -- RRq:5646/5646, RS:2389/2547, CR:100,00%, V:2148,22, DC:0, TOC:0, %:84,34
26-Oct-21 02:33:21.324 [Solver-1] INFO  heuristics.RoundRobinNeighbourSelection> Phase changed to 20
26-Oct-21 02:33:21.324 [Solver-1] DEBUG util.Progress>   -- RRq:5646/5646, RS:2389/2547, CR:100,00%, V:2148,22, DC:0, TOC:0, %:84,34
26-Oct-21 02:33:21.326 [Solver-1] INFO  heuristics.RoundRobinNeighbourSelection> Phase changed to 21
26-Oct-21 02:33:21.327 [Solver-1] DEBUG util.Progress>   -- RRq:5646/5646, RS:2389/2547, CR:100,00%, V:2148,22, DC:0, TOC:0, %:84,34
26-Oct-21 02:33:21.338 [Solver-1] DEBUG util.Progress> [Normal Courses B&B (senior students)...]
26-Oct-21 02:33:21.342 [Solver-3] INFO  heuristics.RoundRobinNeighbourSelection> Phase changed to 22
26-Oct-21 02:33:21.342 [Solver-3] DEBUG util.Progress>   -- RRq:5646/5646, RS:2389/2547, CR:100,00%, V:2148,22, DC:0, TOC:0, %:84,34
26-Oct-21 02:33:21.343 [Solver-3] DEBUG util.Progress> [Normal Backtracking (senior students)...]
26-Oct-21 02:33:21.343 [Solver-3] INFO  heuristics.RoundRobinNeighbourSelection> Phase changed to 23
26-Oct-21 02:33:21.344 [Solver-3] DEBUG util.Progress>   -- RRq:5646/5646, RS:2389/2547, CR:100,00%, V:2148,22, DC:0, TOC:0, %:84,34
26-Oct-21 02:33:21.346 [Solver-3] INFO  heuristics.RoundRobinNeighbourSelection> Phase changed to 24
26-Oct-21 02:33:21.347 [Solver-3] DEBUG util.Progress>   -- RRq:5646/5646, RS:2389/2547, CR:100,00%, V:2148,22, DC:0, TOC:0, %:84,34
26-Oct-21 02:33:21.354 [Solver-1] INFO  heuristics.RoundRobinNeighbourSelection> Phase changed to 25
26-Oct-21 02:33:21.354 [Solver-1] DEBUG util.Progress>   -- RRq:5646/5646, RS:2389/2547, CR:100,00%, V:2148,22, DC:0, TOC:0, %:84,34
26-Oct-21 02:33:21.361 [Solver-1] DEBUG util.Progress> [Critical Courses B&B (junior students)...]
26-Oct-21 02:33:21.367 [Solver-1] INFO  heuristics.RoundRobinNeighbourSelection> Phase changed to 26
26-Oct-21 02:33:21.368 [Solver-1] DEBUG util.Progress>   -- RRq:5646/5646, RS:2389/2547, CR:100,00%, V:2148,22, DC:0, TOC:0, %:84,34
26-Oct-21 02:33:21.369 [Solver-1] DEBUG util.Progress> [Critical Backtracking (junior students)...]
26-Oct-21 02:33:21.370 [Solver-1] INFO  heuristics.RoundRobinNeighbourSelection> Phase changed to 27
26-Oct-21 02:33:21.370 [Solver-1] DEBUG util.Progress>   -- RRq:5646/5646, RS:2389/2547, CR:100,00%, V:2148,22, DC:0, TOC:0, %:84,34
26-Oct-21 02:33:21.375 [Solver-3] INFO  heuristics.RoundRobinNeighbourSelection> Phase changed to 28
26-Oct-21 02:33:21.378 [Solver-3] DEBUG util.Progress>   -- RRq:5646/5646, RS:2389/2547, CR:100,00%, V:2148,22, DC:0, TOC:0, %:84,34
26-Oct-21 02:33:21.381 [Solver-4] INFO  heuristics.RoundRobinNeighbourSelection> Phase changed to 29
26-Oct-21 02:33:21.381 [Solver-4] DEBUG util.Progress>   -- RRq:5646/5646, RS:2389/2547, CR:100,00%, V:2148,22, DC:0, TOC:0, %:84,34
26-Oct-21 02:33:21.383 [Solver-4] DEBUG util.Progress> [Important Courses B&B (junior students)...]
26-Oct-21 02:33:21.385 [Solver-4] INFO  heuristics.RoundRobinNeighbourSelection> Phase changed to 30
26-Oct-21 02:33:21.387 [Solver-4] DEBUG util.Progress>   -- RRq:5646/5646, RS:2389/2547, CR:100,00%, V:2148,22, DC:0, TOC:0, %:84,34
26-Oct-21 02:33:21.388 [Solver-4] DEBUG util.Progress> [Important Backtracking (junior students)...]
26-Oct-21 02:33:21.389 [Solver-4] INFO  heuristics.RoundRobinNeighbourSelection> Phase changed to 31
26-Oct-21 02:33:21.389 [Solver-4] DEBUG util.Progress>   -- RRq:5646/5646, RS:2389/2547, CR:100,00%, V:2148,22, DC:0, TOC:0, %:84,34
26-Oct-21 02:33:21.392 [Solver-4] INFO  heuristics.RoundRobinNeighbourSelection> Phase changed to 32
26-Oct-21 02:33:21.411 [Solver-4] DEBUG util.Progress>   -- RRq:5646/5646, RS:2389/2547, CR:100,00%, V:2148,22, DC:0, TOC:0, %:84,34
26-Oct-21 02:33:21.413 [Solver-4] INFO  heuristics.RoundRobinNeighbourSelection> Phase changed to 33
26-Oct-21 02:33:21.414 [Solver-4] DEBUG util.Progress>   -- RRq:5646/5646, RS:2389/2547, CR:100,00%, V:2148,22, DC:0, TOC:0, %:84,34
26-Oct-21 02:33:21.429 [Solver-4] DEBUG util.Progress> [Normal Courses B&B (junior students)...]
26-Oct-21 02:33:21.430 [Solver-4] INFO  heuristics.RoundRobinNeighbourSelection> Phase changed to 34
26-Oct-21 02:33:21.430 [Solver-4] DEBUG util.Progress>   -- RRq:5646/5646, RS:2389/2547, CR:100,00%, V:2148,22, DC:0, TOC:0, %:84,34
26-Oct-21 02:33:21.432 [Solver-4] DEBUG util.Progress> [Normal Backtracking (junior students)...]
26-Oct-21 02:33:21.432 [Solver-4] INFO  heuristics.RoundRobinNeighbourSelection> Phase changed to 35
26-Oct-21 02:33:21.432 [Solver-4] DEBUG util.Progress>   -- RRq:5646/5646, RS:2389/2547, CR:100,00%, V:2148,22, DC:0, TOC:0, %:84,34
26-Oct-21 02:33:21.434 [Solver-4] INFO  heuristics.RoundRobinNeighbourSelection> Phase changed to 36
26-Oct-21 02:33:21.434 [Solver-4] DEBUG util.Progress>   -- RRq:5646/5646, RS:2389/2547, CR:100,00%, V:2148,22, DC:0, TOC:0, %:84,34
26-Oct-21 02:33:21.436 [Solver-4] INFO  heuristics.RoundRobinNeighbourSelection> Phase changed to 37
26-Oct-21 02:33:21.436 [Solver-4] DEBUG util.Progress>   -- RRq:5646/5646, RS:2389/2547, CR:100,00%, V:2148,22, DC:0, TOC:0, %:84,34
26-Oct-21 02:33:21.438 [Solver-4] DEBUG util.Progress> [Critical Courses B&B (sophomore students)...]
26-Oct-21 02:33:21.439 [Solver-3] INFO  heuristics.RoundRobinNeighbourSelection> Phase changed to 38
26-Oct-21 02:33:21.439 [Solver-3] DEBUG util.Progress>   -- RRq:5646/5646, RS:2389/2547, CR:100,00%, V:2148,22, DC:0, TOC:0, %:84,34
26-Oct-21 02:33:21.440 [Solver-3] DEBUG util.Progress> [Critical Backtracking (sophomore students)...]
26-Oct-21 02:33:21.441 [Solver-4] INFO  heuristics.RoundRobinNeighbourSelection> Phase changed to 39
26-Oct-21 02:33:21.441 [Solver-4] DEBUG util.Progress>   -- RRq:5646/5646, RS:2389/2547, CR:100,00%, V:2148,22, DC:0, TOC:0, %:84,34
26-Oct-21 02:33:21.443 [Solver-3] INFO  heuristics.RoundRobinNeighbourSelection> Phase changed to 40
26-Oct-21 02:33:21.443 [Solver-3] DEBUG util.Progress>   -- RRq:5646/5646, RS:2389/2547, CR:100,00%, V:2148,22, DC:0, TOC:0, %:84,34
26-Oct-21 02:33:21.447 [Solver-3] INFO  heuristics.RoundRobinNeighbourSelection> Phase changed to 41
26-Oct-21 02:33:21.447 [Solver-3] DEBUG util.Progress>   -- RRq:5646/5646, RS:2389/2547, CR:100,00%, V:2148,22, DC:0, TOC:0, %:84,34
26-Oct-21 02:33:21.449 [Solver-3] DEBUG util.Progress> [Important Courses B&B (sophomore students)...]
26-Oct-21 02:33:21.450 [Solver-3] INFO  heuristics.RoundRobinNeighbourSelection> Phase changed to 42
26-Oct-21 02:33:21.450 [Solver-3] DEBUG util.Progress>   -- RRq:5646/5646, RS:2389/2547, CR:100,00%, V:2148,22, DC:0, TOC:0, %:84,34
26-Oct-21 02:33:21.457 [Solver-3] DEBUG util.Progress> [Important Backtracking (sophomore students)...]
26-Oct-21 02:33:21.457 [Solver-4] INFO  heuristics.RoundRobinNeighbourSelection> Phase changed to 43
26-Oct-21 02:33:21.457 [Solver-4] DEBUG util.Progress>   -- RRq:5646/5646, RS:2389/2547, CR:100,00%, V:2148,22, DC:0, TOC:0, %:84,34
26-Oct-21 02:33:21.461 [Solver-1] INFO  heuristics.RoundRobinNeighbourSelection> Phase changed to 44
26-Oct-21 02:33:21.461 [Solver-1] DEBUG util.Progress>   -- RRq:5646/5646, RS:2389/2547, CR:100,00%, V:2148,22, DC:0, TOC:0, %:84,34
26-Oct-21 02:33:21.465 [Solver-1] INFO  heuristics.RoundRobinNeighbourSelection> Phase changed to 45
26-Oct-21 02:33:21.465 [Solver-1] DEBUG util.Progress>   -- RRq:5646/5646, RS:2389/2547, CR:100,00%, V:2148,22, DC:0, TOC:0, %:84,34
26-Oct-21 02:33:21.478 [Solver-1] DEBUG util.Progress> [Normal Courses B&B (sophomore students)...]
26-Oct-21 02:33:21.479 [Solver-4] INFO  heuristics.RoundRobinNeighbourSelection> Phase changed to 46
26-Oct-21 02:33:21.479 [Solver-4] DEBUG util.Progress>   -- RRq:5646/5646, RS:2389/2547, CR:100,00%, V:2148,22, DC:0, TOC:0, %:84,34
26-Oct-21 02:33:21.487 [Solver-4] DEBUG util.Progress> [Normal Backtracking (sophomore students)...]
26-Oct-21 02:33:21.487 [Solver-4] INFO  heuristics.RoundRobinNeighbourSelection> Phase changed to 47
26-Oct-21 02:33:21.487 [Solver-4] DEBUG util.Progress>   -- RRq:5646/5646, RS:2389/2547, CR:100,00%, V:2148,22, DC:0, TOC:0, %:84,34
26-Oct-21 02:33:21.491 [Solver-4] INFO  heuristics.RoundRobinNeighbourSelection> Phase changed to 48
26-Oct-21 02:33:21.491 [Solver-4] DEBUG util.Progress>   -- RRq:5646/5646, RS:2389/2547, CR:100,00%, V:2148,22, DC:0, TOC:0, %:84,34
26-Oct-21 02:33:21.492 [Solver-4] INFO  heuristics.RoundRobinNeighbourSelection> Phase changed to 49
26-Oct-21 02:33:21.493 [Solver-4] DEBUG util.Progress>   -- RRq:5646/5646, RS:2389/2547, CR:100,00%, V:2148,22, DC:0, TOC:0, %:84,34
26-Oct-21 02:33:21.495 [Solver-4] DEBUG util.Progress> [Critical Courses B&B (frehmen students)...]
26-Oct-21 02:33:21.496 [Solver-1] INFO  heuristics.RoundRobinNeighbourSelection> Phase changed to 50
26-Oct-21 02:33:21.497 [Solver-1] DEBUG util.Progress>   -- RRq:5646/5646, RS:2389/2547, CR:100,00%, V:2148,22, DC:0, TOC:0, %:84,34
26-Oct-21 02:33:21.498 [Solver-1] DEBUG util.Progress> [Critical Backtracking (frehmen students)...]
26-Oct-21 02:33:21.498 [Solver-1] INFO  heuristics.RoundRobinNeighbourSelection> Phase changed to 51
26-Oct-21 02:33:21.499 [Solver-1] DEBUG util.Progress>   -- RRq:5646/5646, RS:2389/2547, CR:100,00%, V:2148,22, DC:0, TOC:0, %:84,34
26-Oct-21 02:33:21.501 [Solver-1] INFO  heuristics.RoundRobinNeighbourSelection> Phase changed to 52
26-Oct-21 02:33:21.501 [Solver-1] DEBUG util.Progress>   -- RRq:5646/5646, RS:2389/2547, CR:100,00%, V:2148,22, DC:0, TOC:0, %:84,34
26-Oct-21 02:33:21.502 [Solver-1] INFO  heuristics.RoundRobinNeighbourSelection> Phase changed to 53
26-Oct-21 02:33:21.508 [Solver-1] DEBUG util.Progress>   -- RRq:5646/5646, RS:2389/2547, CR:100,00%, V:2148,22, DC:0, TOC:0, %:84,34
26-Oct-21 02:33:21.510 [Solver-1] DEBUG util.Progress> [Important Courses B&B (frehmen students)...]
26-Oct-21 02:33:21.511 [Solver-1] INFO  heuristics.RoundRobinNeighbourSelection> Phase changed to 54
26-Oct-21 02:33:21.511 [Solver-1] DEBUG util.Progress>   -- RRq:5646/5646, RS:2389/2547, CR:100,00%, V:2148,22, DC:0, TOC:0, %:84,34
26-Oct-21 02:33:21.513 [Solver-1] DEBUG util.Progress> [Important Backtracking (frehmen students)...]
26-Oct-21 02:33:21.513 [Solver-1] INFO  heuristics.RoundRobinNeighbourSelection> Phase changed to 55
26-Oct-21 02:33:21.513 [Solver-1] DEBUG util.Progress>   -- RRq:5646/5646, RS:2389/2547, CR:100,00%, V:2148,22, DC:0, TOC:0, %:84,34
26-Oct-21 02:33:21.515 [Solver-1] INFO  heuristics.RoundRobinNeighbourSelection> Phase changed to 56
26-Oct-21 02:33:21.515 [Solver-1] DEBUG util.Progress>   -- RRq:5646/5646, RS:2389/2547, CR:100,00%, V:2148,22, DC:0, TOC:0, %:84,34
26-Oct-21 02:33:21.517 [Solver-3] INFO  heuristics.RoundRobinNeighbourSelection> Phase changed to 57
26-Oct-21 02:33:21.518 [Solver-3] DEBUG util.Progress>   -- RRq:5646/5646, RS:2389/2547, CR:100,00%, V:2148,22, DC:0, TOC:0, %:84,34
26-Oct-21 02:33:21.531 [Solver-3] DEBUG util.Progress> [Normal Courses B&B (frehmen students)...]
26-Oct-21 02:33:21.532 [Solver-4] INFO  heuristics.RoundRobinNeighbourSelection> Phase changed to 58
26-Oct-21 02:33:21.533 [Solver-4] DEBUG util.Progress>   -- RRq:5646/5646, RS:2389/2547, CR:100,00%, V:2148,22, DC:0, TOC:0, %:84,34
26-Oct-21 02:33:21.534 [Solver-4] DEBUG util.Progress> [Normal Backtracking (frehmen students)...]
26-Oct-21 02:33:21.535 [Solver-4] INFO  heuristics.RoundRobinNeighbourSelection> Phase changed to 59
26-Oct-21 02:33:21.536 [Solver-4] DEBUG util.Progress>   -- RRq:5646/5646, RS:2389/2547, CR:100,00%, V:2148,22, DC:0, TOC:0, %:84,34
26-Oct-21 02:33:21.538 [Solver-4] INFO  heuristics.RoundRobinNeighbourSelection> Phase changed to 60
26-Oct-21 02:33:21.538 [Solver-4] DEBUG util.Progress>   -- RRq:5646/5646, RS:2389/2547, CR:100,00%, V:2148,22, DC:0, TOC:0, %:84,34
26-Oct-21 02:33:21.544 [Solver-4] INFO  heuristics.RoundRobinNeighbourSelection> Phase changed to 61
26-Oct-21 02:33:21.544 [Solver-4] DEBUG util.Progress>   -- RRq:5646/5646, RS:2389/2547, CR:100,00%, V:2148,22, DC:0, TOC:0, %:84,34
26-Oct-21 02:33:21.547 [Solver-4] DEBUG util.Progress> [Critical Courses B&B...]
26-Oct-21 02:33:21.552 [Solver-1] INFO  heuristics.RoundRobinNeighbourSelection> Phase changed to 62
26-Oct-21 02:33:21.552 [Solver-1] DEBUG util.Progress>   -- RRq:5646/5646, RS:2389/2547, CR:100,00%, V:2148,22, DC:0, TOC:0, %:84,34
26-Oct-21 02:33:21.553 [Solver-1] DEBUG util.Progress> [Critical Backtracking...]
26-Oct-21 02:33:21.553 [Solver-4] INFO  heuristics.RoundRobinNeighbourSelection> Phase changed to 63
26-Oct-21 02:33:21.553 [Solver-4] DEBUG util.Progress>   -- RRq:5646/5646, RS:2389/2547, CR:100,00%, V:2148,22, DC:0, TOC:0, %:84,34
26-Oct-21 02:33:21.554 [Solver-4] INFO  heuristics.RoundRobinNeighbourSelection> Phase changed to 64
26-Oct-21 02:33:21.555 [Solver-4] DEBUG util.Progress>   -- RRq:5646/5646, RS:2389/2547, CR:100,00%, V:2148,22, DC:0, TOC:0, %:84,34
26-Oct-21 02:33:21.555 [Solver-4] INFO  heuristics.RoundRobinNeighbourSelection> Phase changed to 65
26-Oct-21 02:33:21.556 [Solver-4] DEBUG util.Progress>   -- RRq:5646/5646, RS:2389/2547, CR:100,00%, V:2148,22, DC:0, TOC:0, %:84,34
26-Oct-21 02:33:21.558 [Solver-4] DEBUG util.Progress> [Important Courses B&B...]
26-Oct-21 02:33:21.561 [Solver-1] INFO  heuristics.RoundRobinNeighbourSelection> Phase changed to 66
26-Oct-21 02:33:21.562 [Solver-1] DEBUG util.Progress>   -- RRq:5646/5646, RS:2389/2547, CR:100,00%, V:2148,22, DC:0, TOC:0, %:84,34
26-Oct-21 02:33:21.563 [Solver-1] DEBUG util.Progress> [Important Backtracking...]
26-Oct-21 02:33:21.563 [Solver-1] INFO  heuristics.RoundRobinNeighbourSelection> Phase changed to 67
26-Oct-21 02:33:21.563 [Solver-1] DEBUG util.Progress>   -- RRq:5646/5646, RS:2389/2547, CR:100,00%, V:2148,22, DC:0, TOC:0, %:84,34
26-Oct-21 02:33:21.564 [Solver-1] INFO  heuristics.RoundRobinNeighbourSelection> Phase changed to 68
26-Oct-21 02:33:21.565 [Solver-1] DEBUG util.Progress>   -- RRq:5646/5646, RS:2389/2547, CR:100,00%, V:2148,22, DC:0, TOC:0, %:84,34
26-Oct-21 02:33:21.566 [Solver-1] INFO  heuristics.RoundRobinNeighbourSelection> Phase changed to 69
26-Oct-21 02:33:21.567 [Solver-1] DEBUG util.Progress>   -- RRq:5646/5646, RS:2389/2547, CR:100,00%, V:2148,22, DC:0, TOC:0, %:84,34
26-Oct-21 02:33:21.583 [Solver-1] DEBUG util.Progress> [Min Credit B&B...]
26-Oct-21 02:33:21.643 [Solver-4] INFO  heuristics.RoundRobinNeighbourSelection> Phase changed to 70
26-Oct-21 02:33:21.643 [Solver-4] DEBUG util.Progress>   -- RRq:5646/5646, RS:2389/2547, CR:100,00%, V:2148,22, DC:0, TOC:0, %:84,34
26-Oct-21 02:33:21.654 [Solver-4] DEBUG util.Progress> [Branch&bound...]
26-Oct-21 02:33:21.655 [Solver-1] INFO  termination.GeneralTerminationCondition> Complete solution found.
26-Oct-21 02:33:21.655 [Solver-4] INFO  termination.GeneralTerminationCondition> Complete solution found.
26-Oct-21 02:33:21.655 [Solver-3] INFO  termination.GeneralTerminationCondition> Complete solution found.
26-Oct-21 02:33:22.284 [SolverSync] DEBUG util.Progress> [Done]
26-Oct-21 02:33:22.284 [SolverSync] DEBUG solver.Solver> Solver done.
26-Oct-21 02:33:22.284 [SolverSync] INFO  util.Progress> [Solver done.]
26-Oct-21 02:33:22.817 [ShutdownHook] INFO  studentsct.Test> **BEST** RRq:5646/5646, RS:2389/2547, CR:100,00%, V:2148,22, DC:0, TOC:0, %:84,34, TM:0,002h
26-Oct-21 02:33:22.826 [ShutdownHook] INFO  check.OverlapCheck> Checking for overlaps...
26-Oct-21 02:33:22.838 [ShutdownHook] INFO  check.SectionLimitCheck> Checking section limits...
26-Oct-21 02:33:22.841 [ShutdownHook] INFO  check.CourseLimitCheck> Checking for course limits...
26-Oct-21 02:33:22.841 [ShutdownHook] INFO  studentsct.Test> Best solution found after 5.697263100009877 seconds (2550 iterations).
26-Oct-21 02:33:22.857 [ShutdownHook] INFO  studentsct.Test> Info: [
      Assigned course requests: 100,00% (5646/5646)
      Assigned course requests (priority students): Normal: 100,00% (5646/5646)
      Assigned priority course requests: 100.00% (5646/5646)
      Assigned variables: 100.00% (5646/5646)
      Average disbalance: 0,48% (0,82)
      Best Iteration: 2550
      Best Time: 0.09 min (447.58 it/s)
      Choice: Average assigned choice: 1,00
      Choice: assigned 1st course choice: 100,00% (5646)
      Full Sections: 4 with no space (9,76% of all sections, 12,33% assignments)
4 with &leq; 2% available (9,76% of all sections, 12,33% assignments)
8 with &leq; 10% available (19,51% of all sections, 21,57% assignments)
      Iteration: 2550
      Overall solution value: -2148.22
      Sections disbalanced by 10% or more: 0,00% (0)
      Speed: 447.58 it/s
      Students with complete schedule: 93.80% (2389/2547)
      Students with complete schedule (priority students): Normal: 93.80% (2389/2547)
      Time: 0.09 min
    ]
26-Oct-21 02:33:22.865 [ShutdownHook] DEBUG studentsct.StudentSectioningXMLSaver> Writting XML data to:C:\Users\talha\Documents\CS Honours\COMP700 - HP\student-lab-sectioning\ifs-solver\src\main\resources\input\2020-Sem1-CAES-Wvl-no-conflicts-no-STAT130\211026_023305\solution.xml
