18-Oct-21 21:09:34.048 [main] DEBUG studentsct.StudentSectioningXMLLoader> Reading XML data from src\main\resources\input\2020-Sem1-CAES-Wvl-no-conflicts\2020-Sem1-CAES-Wvl-no-conflicts.xml
18-Oct-21 21:09:34.703 [main] DEBUG studentsct.StudentSectioningXMLLoader> Root element: sectioning
18-Oct-21 21:09:34.712 [main] INFO  util.Progress> [Restoring from backup ...]
18-Oct-21 21:09:34.972 [main] DEBUG studentsct.StudentSectioningXMLLoader> Model successfully loaded.
18-Oct-21 21:09:35.027 [SolverSync] INFO  util.Progress> [Solving problem ...]
18-Oct-21 21:09:35.036 [SolverSync] DEBUG util.Progress> [Initializing solver]
18-Oct-21 21:09:35.049 [SolverSync] INFO  solver.Solver> Using org.cpsolver.ifs.termination.GeneralTerminationCondition
18-Oct-21 21:09:35.055 [SolverSync] INFO  solver.Solver> Using org.cpsolver.studentsct.weights.PriorityStudentWeights
18-Oct-21 21:09:35.055 [SolverSync] INFO  solver.Solver> Using org.cpsolver.studentsct.heuristics.StudentSctNeighbourSelection
18-Oct-21 21:09:35.074 [SolverSync] INFO  heuristics.StandardNeighbourSelection> Using org.cpsolver.studentsct.heuristics.EnrollmentSelection
18-Oct-21 21:09:35.080 [SolverSync] INFO  heuristics.StandardNeighbourSelection> Using org.cpsolver.ifs.heuristics.GeneralVariableSelection
18-Oct-21 21:09:35.083 [SolverSync] INFO  solver.Solver> Using org.cpsolver.ifs.perturbations.DefaultPerturbationsCounter
18-Oct-21 21:09:35.109 [SolverSync] INFO  solver.Solver> Using org.cpsolver.studentsct.extension.StudentConflictStatistics
18-Oct-21 21:09:35.130 [SolverSync] INFO  solver.Solver> Using org.cpsolver.studentsct.extension.DistanceConflict
18-Oct-21 21:09:35.160 [SolverSync] INFO  solver.Solver> Using org.cpsolver.studentsct.extension.TimeOverlapsCounter
18-Oct-21 21:09:35.446 [SolverSync] INFO  solver.Solver> Initial solution:[
      Assigned course requests: 0,00% (0/6166)
      Assigned course requests (priority students): Normal: 0,00% (0/6166)
      Assigned variables: 0.00% (0/6166)
      Iteration: 0
      Overall solution value: 0.00
      Students with complete schedule: 0.00% (0/2547)
      Students with complete schedule (priority students): Normal: 0.00% (0/2547)
      Time: 0.00 min
    ]
18-Oct-21 21:09:35.467 [SolverSync] INFO  util.JProf> Using wall time.
18-Oct-21 21:09:35.486 [Solver-3] INFO  heuristics.RoundRobinNeighbourSelection> Phase changed to 1
18-Oct-21 21:09:35.492 [Solver-3] DEBUG util.Progress>   -- RRq:0/6166, RS:0/2547, CR:0,00%, V:-0,00, DC:0, TOC:0, %:-0,00
18-Oct-21 21:09:35.503 [Solver-3] INFO  studentsct.Test> **BEST** RRq:0/6166, RS:0/2547, CR:0,00%, V:0,00, DC:0, TOC:0, %:0,00, TM:0,000h
18-Oct-21 21:09:35.516 [Solver-3] DEBUG util.Progress> [Critical Courses B&B (priority students)...]
18-Oct-21 21:09:35.520 [Solver-3] INFO  heuristics.RoundRobinNeighbourSelection> Phase changed to 2
18-Oct-21 21:09:35.521 [Solver-3] DEBUG util.Progress>   -- RRq:0/6166, RS:0/2547, CR:0,00%, V:0,00, DC:0, TOC:0, %:0,00
18-Oct-21 21:09:35.530 [Solver-3] INFO  heuristics.StandardNeighbourSelection> Using org.cpsolver.studentsct.heuristics.EnrollmentSelection
18-Oct-21 21:09:35.531 [Solver-3] INFO  heuristics.StandardNeighbourSelection> Using org.cpsolver.ifs.heuristics.GeneralVariableSelection
18-Oct-21 21:09:35.532 [Solver-3] DEBUG util.Progress> [Critical Backtracking (priority students)...]
18-Oct-21 21:09:35.532 [Solver-3] INFO  heuristics.RoundRobinNeighbourSelection> Phase changed to 3
18-Oct-21 21:09:35.532 [Solver-3] DEBUG util.Progress>   -- RRq:0/6166, RS:0/2547, CR:0,00%, V:0,00, DC:0, TOC:0, %:0,00
18-Oct-21 21:09:35.532 [Solver-3] DEBUG util.Progress> [Critical Ifs (priority students)...]
18-Oct-21 21:09:35.548 [Solver-2] INFO  heuristics.RoundRobinNeighbourSelection> Phase changed to 4
18-Oct-21 21:09:35.550 [Solver-2] DEBUG util.Progress>   -- RRq:0/6166, RS:0/2547, CR:0,00%, V:0,00, DC:0, TOC:0, %:0,00
18-Oct-21 21:09:35.553 [Solver-2] INFO  heuristics.StandardNeighbourSelection> Using org.cpsolver.studentsct.heuristics.EnrollmentSelection
18-Oct-21 21:09:35.553 [Solver-2] INFO  heuristics.StandardNeighbourSelection> Using org.cpsolver.ifs.heuristics.GeneralVariableSelection
18-Oct-21 21:09:35.554 [Solver-2] DEBUG util.Progress> [Critical Backtracking (priority students)...]
18-Oct-21 21:09:35.554 [Solver-3] INFO  heuristics.RoundRobinNeighbourSelection> Phase changed to 5
18-Oct-21 21:09:35.554 [Solver-3] DEBUG util.Progress>   -- RRq:0/6166, RS:0/2547, CR:0,00%, V:0,00, DC:0, TOC:0, %:0,00
18-Oct-21 21:09:35.565 [Solver-3] DEBUG util.Progress> [Important Courses B&B (priority students)...]
18-Oct-21 21:09:35.568 [Solver-3] INFO  heuristics.RoundRobinNeighbourSelection> Phase changed to 6
18-Oct-21 21:09:35.569 [Solver-3] DEBUG util.Progress>   -- RRq:0/6166, RS:0/2547, CR:0,00%, V:0,00, DC:0, TOC:0, %:0,00
18-Oct-21 21:09:35.574 [Solver-3] INFO  heuristics.StandardNeighbourSelection> Using org.cpsolver.studentsct.heuristics.EnrollmentSelection
18-Oct-21 21:09:35.574 [Solver-3] INFO  heuristics.StandardNeighbourSelection> Using org.cpsolver.ifs.heuristics.GeneralVariableSelection
18-Oct-21 21:09:35.576 [Solver-3] DEBUG util.Progress> [Important Backtracking (priority students)...]
18-Oct-21 21:09:35.576 [Solver-3] INFO  heuristics.RoundRobinNeighbourSelection> Phase changed to 7
18-Oct-21 21:09:35.576 [Solver-3] DEBUG util.Progress>   -- RRq:0/6166, RS:0/2547, CR:0,00%, V:0,00, DC:0, TOC:0, %:0,00
18-Oct-21 21:09:35.577 [Solver-3] DEBUG util.Progress> [Important Ifs (priority students)...]
18-Oct-21 21:09:35.590 [Solver-3] INFO  heuristics.RoundRobinNeighbourSelection> Phase changed to 8
18-Oct-21 21:09:35.590 [Solver-3] DEBUG util.Progress>   -- RRq:0/6166, RS:0/2547, CR:0,00%, V:0,00, DC:0, TOC:0, %:0,00
18-Oct-21 21:09:35.594 [Solver-3] INFO  heuristics.StandardNeighbourSelection> Using org.cpsolver.studentsct.heuristics.EnrollmentSelection
18-Oct-21 21:09:35.594 [Solver-3] INFO  heuristics.StandardNeighbourSelection> Using org.cpsolver.ifs.heuristics.GeneralVariableSelection
18-Oct-21 21:09:35.594 [Solver-3] DEBUG util.Progress> [Important Backtracking (priority students)...]
18-Oct-21 21:09:35.595 [Solver-2] INFO  heuristics.RoundRobinNeighbourSelection> Phase changed to 9
18-Oct-21 21:09:35.595 [Solver-2] DEBUG util.Progress>   -- RRq:0/6166, RS:0/2547, CR:0,00%, V:0,00, DC:0, TOC:0, %:0,00
18-Oct-21 21:09:36.035 [Solver-2] DEBUG util.Progress> [Normal Courses B&B (priority students)...]
18-Oct-21 21:09:36.037 [Solver-3] INFO  heuristics.RoundRobinNeighbourSelection> Phase changed to 10
18-Oct-21 21:09:36.039 [Solver-3] DEBUG util.Progress>   -- RRq:0/6166, RS:0/2547, CR:0,00%, V:0,00, DC:0, TOC:0, %:0,00
18-Oct-21 21:09:36.051 [Solver-3] INFO  heuristics.StandardNeighbourSelection> Using org.cpsolver.studentsct.heuristics.EnrollmentSelection
18-Oct-21 21:09:36.051 [Solver-3] INFO  heuristics.StandardNeighbourSelection> Using org.cpsolver.ifs.heuristics.GeneralVariableSelection
18-Oct-21 21:09:36.052 [Solver-3] DEBUG util.Progress> [Normal Backtracking (priority students)...]
18-Oct-21 21:09:36.055 [Solver-3] INFO  heuristics.RoundRobinNeighbourSelection> Phase changed to 11
18-Oct-21 21:09:36.056 [Solver-3] DEBUG util.Progress>   -- RRq:0/6166, RS:0/2547, CR:0,00%, V:0,00, DC:0, TOC:0, %:0,00
18-Oct-21 21:09:36.056 [Solver-3] DEBUG util.Progress> [Normal Ifs (priority students)...]
18-Oct-21 21:09:36.078 [Solver-3] INFO  heuristics.RoundRobinNeighbourSelection> Phase changed to 12
18-Oct-21 21:09:36.080 [Solver-3] DEBUG util.Progress>   -- RRq:0/6166, RS:0/2547, CR:0,00%, V:0,00, DC:0, TOC:0, %:0,00
18-Oct-21 21:09:36.087 [Solver-3] INFO  heuristics.StandardNeighbourSelection> Using org.cpsolver.studentsct.heuristics.EnrollmentSelection
18-Oct-21 21:09:36.089 [Solver-3] INFO  heuristics.StandardNeighbourSelection> Using org.cpsolver.ifs.heuristics.GeneralVariableSelection
18-Oct-21 21:09:36.089 [Solver-3] DEBUG util.Progress> [Normal Backtracking (priority students)...]
18-Oct-21 21:09:36.092 [Solver-3] INFO  heuristics.RoundRobinNeighbourSelection> Phase changed to 13
18-Oct-21 21:09:36.093 [Solver-3] DEBUG util.Progress>   -- RRq:0/6166, RS:0/2547, CR:0,00%, V:0,00, DC:0, TOC:0, %:0,00
18-Oct-21 21:09:36.095 [Solver-3] DEBUG util.Progress> [Critical Courses B&B (senior students)...]
18-Oct-21 21:09:36.096 [Solver-4] INFO  heuristics.RoundRobinNeighbourSelection> Phase changed to 14
18-Oct-21 21:09:36.096 [Solver-4] DEBUG util.Progress>   -- RRq:0/6166, RS:0/2547, CR:0,00%, V:0,00, DC:0, TOC:0, %:0,00
18-Oct-21 21:09:36.100 [Solver-4] INFO  heuristics.StandardNeighbourSelection> Using org.cpsolver.studentsct.heuristics.EnrollmentSelection
18-Oct-21 21:09:36.101 [Solver-4] INFO  heuristics.StandardNeighbourSelection> Using org.cpsolver.ifs.heuristics.GeneralVariableSelection
18-Oct-21 21:09:36.101 [Solver-4] DEBUG util.Progress> [Critical Backtracking (senior students)...]
18-Oct-21 21:09:36.101 [Solver-2] INFO  heuristics.RoundRobinNeighbourSelection> Phase changed to 15
18-Oct-21 21:09:36.102 [Solver-2] DEBUG util.Progress>   -- RRq:0/6166, RS:0/2547, CR:0,00%, V:0,00, DC:0, TOC:0, %:0,00
18-Oct-21 21:09:36.102 [Solver-2] DEBUG util.Progress> [Critical Ifs (senior students)...]
18-Oct-21 21:09:36.110 [Solver-4] INFO  heuristics.RoundRobinNeighbourSelection> Phase changed to 16
18-Oct-21 21:09:36.110 [Solver-4] DEBUG util.Progress>   -- RRq:0/6166, RS:0/2547, CR:0,00%, V:0,00, DC:0, TOC:0, %:0,00
18-Oct-21 21:09:36.115 [Solver-4] INFO  heuristics.StandardNeighbourSelection> Using org.cpsolver.studentsct.heuristics.EnrollmentSelection
18-Oct-21 21:09:36.115 [Solver-4] INFO  heuristics.StandardNeighbourSelection> Using org.cpsolver.ifs.heuristics.GeneralVariableSelection
18-Oct-21 21:09:36.116 [Solver-4] DEBUG util.Progress> [Critical Backtracking (senior students)...]
18-Oct-21 21:09:36.117 [Solver-4] INFO  heuristics.RoundRobinNeighbourSelection> Phase changed to 17
18-Oct-21 21:09:36.118 [Solver-4] DEBUG util.Progress>   -- RRq:0/6166, RS:0/2547, CR:0,00%, V:0,00, DC:0, TOC:0, %:0,00
18-Oct-21 21:09:36.122 [Solver-4] DEBUG util.Progress> [Important Courses B&B (senior students)...]
18-Oct-21 21:09:36.124 [Solver-4] INFO  heuristics.RoundRobinNeighbourSelection> Phase changed to 18
18-Oct-21 21:09:36.124 [Solver-4] DEBUG util.Progress>   -- RRq:0/6166, RS:0/2547, CR:0,00%, V:0,00, DC:0, TOC:0, %:0,00
18-Oct-21 21:09:36.127 [Solver-4] INFO  heuristics.StandardNeighbourSelection> Using org.cpsolver.studentsct.heuristics.EnrollmentSelection
18-Oct-21 21:09:36.128 [Solver-4] INFO  heuristics.StandardNeighbourSelection> Using org.cpsolver.ifs.heuristics.GeneralVariableSelection
18-Oct-21 21:09:36.128 [Solver-4] DEBUG util.Progress> [Important Backtracking (senior students)...]
18-Oct-21 21:09:36.129 [Solver-4] INFO  heuristics.RoundRobinNeighbourSelection> Phase changed to 19
18-Oct-21 21:09:36.130 [Solver-4] DEBUG util.Progress>   -- RRq:0/6166, RS:0/2547, CR:0,00%, V:0,00, DC:0, TOC:0, %:0,00
18-Oct-21 21:09:36.130 [Solver-4] DEBUG util.Progress> [Important Ifs (senior students)...]
18-Oct-21 21:09:36.140 [Solver-4] INFO  heuristics.RoundRobinNeighbourSelection> Phase changed to 20
18-Oct-21 21:09:36.140 [Solver-4] DEBUG util.Progress>   -- RRq:0/6166, RS:0/2547, CR:0,00%, V:0,00, DC:0, TOC:0, %:0,00
18-Oct-21 21:09:36.151 [Solver-4] INFO  heuristics.StandardNeighbourSelection> Using org.cpsolver.studentsct.heuristics.EnrollmentSelection
18-Oct-21 21:09:36.157 [Solver-4] INFO  heuristics.StandardNeighbourSelection> Using org.cpsolver.ifs.heuristics.GeneralVariableSelection
18-Oct-21 21:09:36.157 [Solver-4] DEBUG util.Progress> [Important Backtracking (senior students)...]
18-Oct-21 21:09:36.157 [Solver-3] INFO  heuristics.RoundRobinNeighbourSelection> Phase changed to 21
18-Oct-21 21:09:36.159 [Solver-3] DEBUG util.Progress>   -- RRq:0/6166, RS:0/2547, CR:0,00%, V:0,00, DC:0, TOC:0, %:0,00
18-Oct-21 21:09:36.174 [Solver-3] DEBUG util.Progress> [Normal Courses B&B (senior students)...]
18-Oct-21 21:09:36.175 [Solver-1] INFO  heuristics.RoundRobinNeighbourSelection> Phase changed to 22
18-Oct-21 21:09:36.176 [Solver-1] DEBUG util.Progress>   -- RRq:0/6166, RS:0/2547, CR:0,00%, V:0,00, DC:0, TOC:0, %:0,00
18-Oct-21 21:09:36.190 [Solver-1] INFO  heuristics.StandardNeighbourSelection> Using org.cpsolver.studentsct.heuristics.EnrollmentSelection
18-Oct-21 21:09:36.190 [Solver-1] INFO  heuristics.StandardNeighbourSelection> Using org.cpsolver.ifs.heuristics.GeneralVariableSelection
18-Oct-21 21:09:36.193 [Solver-1] DEBUG util.Progress> [Normal Backtracking (senior students)...]
18-Oct-21 21:09:36.201 [Solver-1] INFO  heuristics.RoundRobinNeighbourSelection> Phase changed to 23
18-Oct-21 21:09:36.202 [Solver-1] DEBUG util.Progress>   -- RRq:0/6166, RS:0/2547, CR:0,00%, V:0,00, DC:0, TOC:0, %:0,00
18-Oct-21 21:09:36.202 [Solver-1] DEBUG util.Progress> [Normal Ifs (senior students)...]
18-Oct-21 21:09:36.217 [Solver-1] INFO  heuristics.RoundRobinNeighbourSelection> Phase changed to 24
18-Oct-21 21:09:36.219 [Solver-1] DEBUG util.Progress>   -- RRq:0/6166, RS:0/2547, CR:0,00%, V:0,00, DC:0, TOC:0, %:0,00
18-Oct-21 21:09:36.236 [Solver-1] INFO  heuristics.StandardNeighbourSelection> Using org.cpsolver.studentsct.heuristics.EnrollmentSelection
18-Oct-21 21:09:36.236 [Solver-1] INFO  heuristics.StandardNeighbourSelection> Using org.cpsolver.ifs.heuristics.GeneralVariableSelection
18-Oct-21 21:09:36.237 [Solver-1] DEBUG util.Progress> [Normal Backtracking (senior students)...]
18-Oct-21 21:09:36.252 [Solver-1] INFO  heuristics.RoundRobinNeighbourSelection> Phase changed to 25
18-Oct-21 21:09:36.255 [Solver-1] DEBUG util.Progress>   -- RRq:0/6166, RS:0/2547, CR:0,00%, V:0,00, DC:0, TOC:0, %:0,00
18-Oct-21 21:09:36.299 [Solver-1] DEBUG util.Progress> [Critical Courses B&B (junior students)...]
18-Oct-21 21:09:36.344 [Solver-4] INFO  heuristics.RoundRobinNeighbourSelection> Phase changed to 26
18-Oct-21 21:09:36.345 [Solver-4] DEBUG util.Progress>   -- RRq:0/6166, RS:0/2547, CR:0,00%, V:0,00, DC:0, TOC:0, %:0,00
18-Oct-21 21:09:36.351 [Solver-4] INFO  heuristics.StandardNeighbourSelection> Using org.cpsolver.studentsct.heuristics.EnrollmentSelection
18-Oct-21 21:09:36.353 [Solver-4] INFO  heuristics.StandardNeighbourSelection> Using org.cpsolver.ifs.heuristics.GeneralVariableSelection
18-Oct-21 21:09:36.354 [Solver-4] DEBUG util.Progress> [Critical Backtracking (junior students)...]
18-Oct-21 21:09:36.362 [Solver-3] INFO  heuristics.RoundRobinNeighbourSelection> Phase changed to 27
18-Oct-21 21:09:36.363 [Solver-3] DEBUG util.Progress>   -- RRq:0/6166, RS:0/2547, CR:0,00%, V:0,00, DC:0, TOC:0, %:0,00
18-Oct-21 21:09:36.367 [Solver-3] DEBUG util.Progress> [Critical Ifs (junior students)...]
18-Oct-21 21:09:36.404 [Solver-3] INFO  heuristics.RoundRobinNeighbourSelection> Phase changed to 28
18-Oct-21 21:09:36.411 [Solver-3] DEBUG util.Progress>   -- RRq:0/6166, RS:0/2547, CR:0,00%, V:0,00, DC:0, TOC:0, %:0,00
18-Oct-21 21:09:36.415 [Solver-3] INFO  heuristics.StandardNeighbourSelection> Using org.cpsolver.studentsct.heuristics.EnrollmentSelection
18-Oct-21 21:09:36.420 [Solver-3] INFO  heuristics.StandardNeighbourSelection> Using org.cpsolver.ifs.heuristics.GeneralVariableSelection
18-Oct-21 21:09:36.420 [Solver-3] DEBUG util.Progress> [Critical Backtracking (junior students)...]
18-Oct-21 21:09:36.420 [Solver-3] INFO  heuristics.RoundRobinNeighbourSelection> Phase changed to 29
18-Oct-21 21:09:36.421 [Solver-3] DEBUG util.Progress>   -- RRq:0/6166, RS:0/2547, CR:0,00%, V:0,00, DC:0, TOC:0, %:0,00
18-Oct-21 21:09:36.422 [Solver-3] DEBUG util.Progress> [Important Courses B&B (junior students)...]
18-Oct-21 21:09:36.429 [Solver-3] INFO  heuristics.RoundRobinNeighbourSelection> Phase changed to 30
18-Oct-21 21:09:36.431 [Solver-3] DEBUG util.Progress>   -- RRq:0/6166, RS:0/2547, CR:0,00%, V:0,00, DC:0, TOC:0, %:0,00
18-Oct-21 21:09:36.435 [Solver-3] INFO  heuristics.StandardNeighbourSelection> Using org.cpsolver.studentsct.heuristics.EnrollmentSelection
18-Oct-21 21:09:36.461 [Solver-3] INFO  heuristics.StandardNeighbourSelection> Using org.cpsolver.ifs.heuristics.GeneralVariableSelection
18-Oct-21 21:09:36.465 [Solver-3] DEBUG util.Progress> [Important Backtracking (junior students)...]
18-Oct-21 21:09:36.467 [Solver-3] INFO  heuristics.RoundRobinNeighbourSelection> Phase changed to 31
18-Oct-21 21:09:36.468 [Solver-3] DEBUG util.Progress>   -- RRq:0/6166, RS:0/2547, CR:0,00%, V:0,00, DC:0, TOC:0, %:0,00
18-Oct-21 21:09:36.468 [Solver-3] DEBUG util.Progress> [Important Ifs (junior students)...]
18-Oct-21 21:09:36.498 [Solver-3] INFO  heuristics.RoundRobinNeighbourSelection> Phase changed to 32
18-Oct-21 21:09:36.513 [Solver-3] DEBUG util.Progress>   -- RRq:0/6166, RS:0/2547, CR:0,00%, V:0,00, DC:0, TOC:0, %:0,00
18-Oct-21 21:09:36.520 [Solver-3] INFO  heuristics.StandardNeighbourSelection> Using org.cpsolver.studentsct.heuristics.EnrollmentSelection
18-Oct-21 21:09:36.521 [Solver-3] INFO  heuristics.StandardNeighbourSelection> Using org.cpsolver.ifs.heuristics.GeneralVariableSelection
18-Oct-21 21:09:36.528 [Solver-3] DEBUG util.Progress> [Important Backtracking (junior students)...]
18-Oct-21 21:09:36.537 [Solver-4] INFO  heuristics.RoundRobinNeighbourSelection> Phase changed to 33
18-Oct-21 21:09:36.561 [Solver-4] DEBUG util.Progress>   -- RRq:0/6166, RS:0/2547, CR:0,00%, V:0,00, DC:0, TOC:0, %:0,00
18-Oct-21 21:09:36.574 [Solver-4] DEBUG util.Progress> [Normal Courses B&B (junior students)...]
18-Oct-21 21:09:36.576 [Solver-4] INFO  heuristics.RoundRobinNeighbourSelection> Phase changed to 34
18-Oct-21 21:09:36.577 [Solver-4] DEBUG util.Progress>   -- RRq:0/6166, RS:0/2547, CR:0,00%, V:0,00, DC:0, TOC:0, %:0,00
18-Oct-21 21:09:36.583 [Solver-4] INFO  heuristics.StandardNeighbourSelection> Using org.cpsolver.studentsct.heuristics.EnrollmentSelection
18-Oct-21 21:09:36.584 [Solver-4] INFO  heuristics.StandardNeighbourSelection> Using org.cpsolver.ifs.heuristics.GeneralVariableSelection
18-Oct-21 21:09:36.584 [Solver-4] DEBUG util.Progress> [Normal Backtracking (junior students)...]
18-Oct-21 21:09:36.586 [Solver-4] INFO  heuristics.RoundRobinNeighbourSelection> Phase changed to 35
18-Oct-21 21:09:36.587 [Solver-4] DEBUG util.Progress>   -- RRq:0/6166, RS:0/2547, CR:0,00%, V:0,00, DC:0, TOC:0, %:0,00
18-Oct-21 21:09:36.587 [Solver-4] DEBUG util.Progress> [Normal Ifs (junior students)...]
18-Oct-21 21:09:36.598 [Solver-4] INFO  heuristics.RoundRobinNeighbourSelection> Phase changed to 36
18-Oct-21 21:09:36.599 [Solver-4] DEBUG util.Progress>   -- RRq:0/6166, RS:0/2547, CR:0,00%, V:0,00, DC:0, TOC:0, %:0,00
18-Oct-21 21:09:36.612 [Solver-4] INFO  heuristics.StandardNeighbourSelection> Using org.cpsolver.studentsct.heuristics.EnrollmentSelection
18-Oct-21 21:09:36.613 [Solver-4] INFO  heuristics.StandardNeighbourSelection> Using org.cpsolver.ifs.heuristics.GeneralVariableSelection
18-Oct-21 21:09:36.614 [Solver-4] DEBUG util.Progress> [Normal Backtracking (junior students)...]
18-Oct-21 21:09:36.619 [Solver-1] INFO  heuristics.RoundRobinNeighbourSelection> Phase changed to 37
18-Oct-21 21:09:36.633 [Solver-1] DEBUG util.Progress>   -- RRq:0/6166, RS:0/2547, CR:0,00%, V:0,00, DC:0, TOC:0, %:0,00
18-Oct-21 21:09:36.639 [Solver-1] DEBUG util.Progress> [Critical Courses B&B (sophomore students)...]
18-Oct-21 21:09:36.641 [Solver-2] INFO  heuristics.RoundRobinNeighbourSelection> Phase changed to 38
18-Oct-21 21:09:36.641 [Solver-2] DEBUG util.Progress>   -- RRq:0/6166, RS:0/2547, CR:0,00%, V:0,00, DC:0, TOC:0, %:0,00
18-Oct-21 21:09:36.643 [Solver-2] INFO  heuristics.StandardNeighbourSelection> Using org.cpsolver.studentsct.heuristics.EnrollmentSelection
18-Oct-21 21:09:36.644 [Solver-2] INFO  heuristics.StandardNeighbourSelection> Using org.cpsolver.ifs.heuristics.GeneralVariableSelection
18-Oct-21 21:09:36.644 [Solver-2] DEBUG util.Progress> [Critical Backtracking (sophomore students)...]
18-Oct-21 21:09:36.645 [Solver-4] INFO  heuristics.RoundRobinNeighbourSelection> Phase changed to 39
18-Oct-21 21:09:36.646 [Solver-4] DEBUG util.Progress>   -- RRq:0/6166, RS:0/2547, CR:0,00%, V:0,00, DC:0, TOC:0, %:0,00
18-Oct-21 21:09:36.646 [Solver-4] DEBUG util.Progress> [Critical Ifs (sophomore students)...]
18-Oct-21 21:09:36.656 [Solver-4] INFO  heuristics.RoundRobinNeighbourSelection> Phase changed to 40
18-Oct-21 21:09:36.658 [Solver-4] DEBUG util.Progress>   -- RRq:0/6166, RS:0/2547, CR:0,00%, V:0,00, DC:0, TOC:0, %:0,00
18-Oct-21 21:09:36.661 [Solver-4] INFO  heuristics.StandardNeighbourSelection> Using org.cpsolver.studentsct.heuristics.EnrollmentSelection
18-Oct-21 21:09:36.662 [Solver-4] INFO  heuristics.StandardNeighbourSelection> Using org.cpsolver.ifs.heuristics.GeneralVariableSelection
18-Oct-21 21:09:36.664 [Solver-4] DEBUG util.Progress> [Critical Backtracking (sophomore students)...]
18-Oct-21 21:09:36.665 [Solver-3] INFO  heuristics.RoundRobinNeighbourSelection> Phase changed to 41
18-Oct-21 21:09:36.665 [Solver-3] DEBUG util.Progress>   -- RRq:0/6166, RS:0/2547, CR:0,00%, V:0,00, DC:0, TOC:0, %:0,00
18-Oct-21 21:09:36.688 [Solver-3] DEBUG util.Progress> [Important Courses B&B (sophomore students)...]
18-Oct-21 21:09:36.701 [Solver-3] INFO  heuristics.RoundRobinNeighbourSelection> Phase changed to 42
18-Oct-21 21:09:36.705 [Solver-3] DEBUG util.Progress>   -- RRq:0/6166, RS:0/2547, CR:0,00%, V:0,00, DC:0, TOC:0, %:0,00
18-Oct-21 21:09:36.711 [Solver-3] INFO  heuristics.StandardNeighbourSelection> Using org.cpsolver.studentsct.heuristics.EnrollmentSelection
18-Oct-21 21:09:36.712 [Solver-3] INFO  heuristics.StandardNeighbourSelection> Using org.cpsolver.ifs.heuristics.GeneralVariableSelection
18-Oct-21 21:09:36.712 [Solver-3] DEBUG util.Progress> [Important Backtracking (sophomore students)...]
18-Oct-21 21:09:36.712 [Solver-4] INFO  heuristics.RoundRobinNeighbourSelection> Phase changed to 43
18-Oct-21 21:09:36.713 [Solver-4] DEBUG util.Progress>   -- RRq:0/6166, RS:0/2547, CR:0,00%, V:0,00, DC:0, TOC:0, %:0,00
18-Oct-21 21:09:36.713 [Solver-4] DEBUG util.Progress> [Important Ifs (sophomore students)...]
18-Oct-21 21:09:36.720 [Solver-4] INFO  heuristics.RoundRobinNeighbourSelection> Phase changed to 44
18-Oct-21 21:09:36.721 [Solver-4] DEBUG util.Progress>   -- RRq:0/6166, RS:0/2547, CR:0,00%, V:0,00, DC:0, TOC:0, %:0,00
18-Oct-21 21:09:36.726 [Solver-4] INFO  heuristics.StandardNeighbourSelection> Using org.cpsolver.studentsct.heuristics.EnrollmentSelection
18-Oct-21 21:09:36.731 [Solver-4] INFO  heuristics.StandardNeighbourSelection> Using org.cpsolver.ifs.heuristics.GeneralVariableSelection
18-Oct-21 21:09:36.731 [Solver-4] DEBUG util.Progress> [Important Backtracking (sophomore students)...]
18-Oct-21 21:09:36.732 [Solver-4] INFO  heuristics.RoundRobinNeighbourSelection> Phase changed to 45
18-Oct-21 21:09:36.732 [Solver-4] DEBUG util.Progress>   -- RRq:0/6166, RS:0/2547, CR:0,00%, V:0,00, DC:0, TOC:0, %:0,00
18-Oct-21 21:09:36.779 [Solver-4] DEBUG util.Progress> [Normal Courses B&B (sophomore students)...]
18-Oct-21 21:09:36.782 [Solver-2] INFO  heuristics.RoundRobinNeighbourSelection> Phase changed to 46
18-Oct-21 21:09:36.783 [Solver-2] DEBUG util.Progress>   -- RRq:0/6166, RS:0/2547, CR:0,00%, V:0,00, DC:0, TOC:0, %:0,00
18-Oct-21 21:09:36.790 [Solver-2] INFO  heuristics.StandardNeighbourSelection> Using org.cpsolver.studentsct.heuristics.EnrollmentSelection
18-Oct-21 21:09:36.793 [Solver-2] INFO  heuristics.StandardNeighbourSelection> Using org.cpsolver.ifs.heuristics.GeneralVariableSelection
18-Oct-21 21:09:36.795 [Solver-2] DEBUG util.Progress> [Normal Backtracking (sophomore students)...]
18-Oct-21 21:09:36.797 [Solver-2] INFO  heuristics.RoundRobinNeighbourSelection> Phase changed to 47
18-Oct-21 21:09:36.797 [Solver-2] DEBUG util.Progress>   -- RRq:0/6166, RS:0/2547, CR:0,00%, V:0,00, DC:0, TOC:0, %:0,00
18-Oct-21 21:09:36.797 [Solver-2] DEBUG util.Progress> [Normal Ifs (sophomore students)...]
18-Oct-21 21:09:36.803 [Solver-2] INFO  heuristics.RoundRobinNeighbourSelection> Phase changed to 48
18-Oct-21 21:09:36.803 [Solver-2] DEBUG util.Progress>   -- RRq:0/6166, RS:0/2547, CR:0,00%, V:0,00, DC:0, TOC:0, %:0,00
18-Oct-21 21:09:36.810 [Solver-2] INFO  heuristics.StandardNeighbourSelection> Using org.cpsolver.studentsct.heuristics.EnrollmentSelection
18-Oct-21 21:09:36.810 [Solver-2] INFO  heuristics.StandardNeighbourSelection> Using org.cpsolver.ifs.heuristics.GeneralVariableSelection
18-Oct-21 21:09:36.810 [Solver-2] DEBUG util.Progress> [Normal Backtracking (sophomore students)...]
18-Oct-21 21:09:36.814 [Solver-2] INFO  heuristics.RoundRobinNeighbourSelection> Phase changed to 49
18-Oct-21 21:09:36.814 [Solver-2] DEBUG util.Progress>   -- RRq:0/6166, RS:0/2547, CR:0,00%, V:0,00, DC:0, TOC:0, %:0,00
18-Oct-21 21:09:36.817 [Solver-2] DEBUG util.Progress> [Critical Courses B&B (frehmen students)...]
18-Oct-21 21:09:36.818 [Solver-1] INFO  heuristics.RoundRobinNeighbourSelection> Phase changed to 50
18-Oct-21 21:09:36.818 [Solver-1] DEBUG util.Progress>   -- RRq:0/6166, RS:0/2547, CR:0,00%, V:0,00, DC:0, TOC:0, %:0,00
18-Oct-21 21:09:36.822 [Solver-1] INFO  heuristics.StandardNeighbourSelection> Using org.cpsolver.studentsct.heuristics.EnrollmentSelection
18-Oct-21 21:09:36.822 [Solver-1] INFO  heuristics.StandardNeighbourSelection> Using org.cpsolver.ifs.heuristics.GeneralVariableSelection
18-Oct-21 21:09:36.822 [Solver-1] DEBUG util.Progress> [Critical Backtracking (frehmen students)...]
18-Oct-21 21:09:36.823 [Solver-3] INFO  heuristics.RoundRobinNeighbourSelection> Phase changed to 51
18-Oct-21 21:09:36.823 [Solver-3] DEBUG util.Progress>   -- RRq:0/6166, RS:0/2547, CR:0,00%, V:0,00, DC:0, TOC:0, %:0,00
18-Oct-21 21:09:36.823 [Solver-3] DEBUG util.Progress> [Critical Ifs (frehmen students)...]
18-Oct-21 21:09:36.829 [Solver-3] INFO  heuristics.RoundRobinNeighbourSelection> Phase changed to 52
18-Oct-21 21:09:36.829 [Solver-3] DEBUG util.Progress>   -- RRq:0/6166, RS:0/2547, CR:0,00%, V:0,00, DC:0, TOC:0, %:0,00
18-Oct-21 21:09:36.831 [Solver-3] INFO  heuristics.StandardNeighbourSelection> Using org.cpsolver.studentsct.heuristics.EnrollmentSelection
18-Oct-21 21:09:36.832 [Solver-3] INFO  heuristics.StandardNeighbourSelection> Using org.cpsolver.ifs.heuristics.GeneralVariableSelection
18-Oct-21 21:09:36.832 [Solver-3] DEBUG util.Progress> [Critical Backtracking (frehmen students)...]
18-Oct-21 21:09:36.832 [Solver-3] INFO  heuristics.RoundRobinNeighbourSelection> Phase changed to 53
18-Oct-21 21:09:36.833 [Solver-3] DEBUG util.Progress>   -- RRq:0/6166, RS:0/2547, CR:0,00%, V:0,00, DC:0, TOC:0, %:0,00
18-Oct-21 21:09:36.834 [Solver-3] DEBUG util.Progress> [Important Courses B&B (frehmen students)...]
18-Oct-21 21:09:36.835 [Solver-3] INFO  heuristics.RoundRobinNeighbourSelection> Phase changed to 54
18-Oct-21 21:09:36.836 [Solver-3] DEBUG util.Progress>   -- RRq:0/6166, RS:0/2547, CR:0,00%, V:0,00, DC:0, TOC:0, %:0,00
18-Oct-21 21:09:36.838 [Solver-3] INFO  heuristics.StandardNeighbourSelection> Using org.cpsolver.studentsct.heuristics.EnrollmentSelection
18-Oct-21 21:09:36.839 [Solver-3] INFO  heuristics.StandardNeighbourSelection> Using org.cpsolver.ifs.heuristics.GeneralVariableSelection
18-Oct-21 21:09:36.839 [Solver-3] DEBUG util.Progress> [Important Backtracking (frehmen students)...]
18-Oct-21 21:09:36.839 [Solver-3] INFO  heuristics.RoundRobinNeighbourSelection> Phase changed to 55
18-Oct-21 21:09:36.839 [Solver-3] DEBUG util.Progress>   -- RRq:0/6166, RS:0/2547, CR:0,00%, V:0,00, DC:0, TOC:0, %:0,00
18-Oct-21 21:09:36.840 [Solver-3] DEBUG util.Progress> [Important Ifs (frehmen students)...]
18-Oct-21 21:09:36.845 [Solver-3] INFO  heuristics.RoundRobinNeighbourSelection> Phase changed to 56
18-Oct-21 21:09:36.845 [Solver-3] DEBUG util.Progress>   -- RRq:0/6166, RS:0/2547, CR:0,00%, V:0,00, DC:0, TOC:0, %:0,00
18-Oct-21 21:09:36.847 [Solver-3] INFO  heuristics.StandardNeighbourSelection> Using org.cpsolver.studentsct.heuristics.EnrollmentSelection
18-Oct-21 21:09:36.847 [Solver-3] INFO  heuristics.StandardNeighbourSelection> Using org.cpsolver.ifs.heuristics.GeneralVariableSelection
18-Oct-21 21:09:36.847 [Solver-3] DEBUG util.Progress> [Important Backtracking (frehmen students)...]
18-Oct-21 21:09:36.848 [Solver-3] INFO  heuristics.RoundRobinNeighbourSelection> Phase changed to 57
18-Oct-21 21:09:36.849 [Solver-3] DEBUG util.Progress>   -- RRq:0/6166, RS:0/2547, CR:0,00%, V:0,00, DC:0, TOC:0, %:0,00
18-Oct-21 21:09:36.862 [Solver-3] DEBUG util.Progress> [Normal Courses B&B (frehmen students)...]
18-Oct-21 21:09:36.863 [Solver-2] INFO  heuristics.RoundRobinNeighbourSelection> Phase changed to 58
18-Oct-21 21:09:36.863 [Solver-2] DEBUG util.Progress>   -- RRq:0/6166, RS:0/2547, CR:0,00%, V:0,00, DC:0, TOC:0, %:0,00
18-Oct-21 21:09:36.869 [Solver-2] INFO  heuristics.StandardNeighbourSelection> Using org.cpsolver.studentsct.heuristics.EnrollmentSelection
18-Oct-21 21:09:36.870 [Solver-2] INFO  heuristics.StandardNeighbourSelection> Using org.cpsolver.ifs.heuristics.GeneralVariableSelection
18-Oct-21 21:09:36.871 [Solver-2] DEBUG util.Progress> [Normal Backtracking (frehmen students)...]
18-Oct-21 21:09:36.877 [Solver-1] INFO  heuristics.RoundRobinNeighbourSelection> Phase changed to 59
18-Oct-21 21:09:36.877 [Solver-1] DEBUG util.Progress>   -- RRq:0/6166, RS:0/2547, CR:0,00%, V:0,00, DC:0, TOC:0, %:0,00
18-Oct-21 21:09:36.878 [Solver-1] DEBUG util.Progress> [Normal Ifs (frehmen students)...]
18-Oct-21 21:09:36.888 [Solver-4] INFO  heuristics.RoundRobinNeighbourSelection> Phase changed to 60
18-Oct-21 21:09:36.891 [Solver-4] DEBUG util.Progress>   -- RRq:0/6166, RS:0/2547, CR:0,00%, V:0,00, DC:0, TOC:0, %:0,00
18-Oct-21 21:09:36.921 [Solver-4] INFO  heuristics.StandardNeighbourSelection> Using org.cpsolver.studentsct.heuristics.EnrollmentSelection
18-Oct-21 21:09:36.921 [Solver-4] INFO  heuristics.StandardNeighbourSelection> Using org.cpsolver.ifs.heuristics.GeneralVariableSelection
18-Oct-21 21:09:36.921 [Solver-4] DEBUG util.Progress> [Normal Backtracking (frehmen students)...]
18-Oct-21 21:09:36.934 [Solver-3] INFO  heuristics.RoundRobinNeighbourSelection> Phase changed to 61
18-Oct-21 21:09:36.935 [Solver-3] DEBUG util.Progress>   -- RRq:0/6166, RS:0/2547, CR:0,00%, V:0,00, DC:0, TOC:0, %:0,00
18-Oct-21 21:09:36.939 [Solver-3] DEBUG util.Progress> [Critical Courses B&B...]
18-Oct-21 21:09:36.958 [Solver-2] INFO  heuristics.RoundRobinNeighbourSelection> Phase changed to 62
18-Oct-21 21:09:36.969 [Solver-2] DEBUG util.Progress>   -- RRq:0/6166, RS:0/2547, CR:0,00%, V:0,00, DC:0, TOC:0, %:0,00
18-Oct-21 21:09:36.971 [Solver-2] INFO  heuristics.StandardNeighbourSelection> Using org.cpsolver.studentsct.heuristics.EnrollmentSelection
18-Oct-21 21:09:36.972 [Solver-2] INFO  heuristics.StandardNeighbourSelection> Using org.cpsolver.ifs.heuristics.GeneralVariableSelection
18-Oct-21 21:09:36.972 [Solver-2] DEBUG util.Progress> [Critical Backtracking...]
18-Oct-21 21:09:36.975 [Solver-3] INFO  heuristics.RoundRobinNeighbourSelection> Phase changed to 63
18-Oct-21 21:09:36.977 [Solver-3] DEBUG util.Progress>   -- RRq:0/6166, RS:0/2547, CR:0,00%, V:0,00, DC:0, TOC:0, %:0,00
18-Oct-21 21:09:36.977 [Solver-3] DEBUG util.Progress> [Critical Ifs...]
18-Oct-21 21:09:37.020 [Solver-1] INFO  heuristics.RoundRobinNeighbourSelection> Phase changed to 64
18-Oct-21 21:09:37.020 [Solver-1] DEBUG util.Progress>   -- RRq:0/6166, RS:0/2547, CR:0,00%, V:0,00, DC:0, TOC:0, %:0,00
18-Oct-21 21:09:37.023 [Solver-1] INFO  heuristics.StandardNeighbourSelection> Using org.cpsolver.studentsct.heuristics.EnrollmentSelection
18-Oct-21 21:09:37.023 [Solver-1] INFO  heuristics.StandardNeighbourSelection> Using org.cpsolver.ifs.heuristics.GeneralVariableSelection
18-Oct-21 21:09:37.023 [Solver-1] DEBUG util.Progress> [Critical Backtracking...]
18-Oct-21 21:09:37.023 [Solver-4] INFO  heuristics.RoundRobinNeighbourSelection> Phase changed to 65
18-Oct-21 21:09:37.023 [Solver-4] DEBUG util.Progress>   -- RRq:0/6166, RS:0/2547, CR:0,00%, V:0,00, DC:0, TOC:0, %:0,00
18-Oct-21 21:09:37.027 [Solver-4] DEBUG util.Progress> [Important Courses B&B...]
18-Oct-21 21:09:37.033 [Solver-2] INFO  heuristics.RoundRobinNeighbourSelection> Phase changed to 66
18-Oct-21 21:09:37.034 [Solver-2] DEBUG util.Progress>   -- RRq:0/6166, RS:0/2547, CR:0,00%, V:0,00, DC:0, TOC:0, %:0,00
18-Oct-21 21:09:37.035 [Solver-2] INFO  heuristics.StandardNeighbourSelection> Using org.cpsolver.studentsct.heuristics.EnrollmentSelection
18-Oct-21 21:09:37.035 [Solver-2] INFO  heuristics.StandardNeighbourSelection> Using org.cpsolver.ifs.heuristics.GeneralVariableSelection
18-Oct-21 21:09:37.036 [Solver-2] DEBUG util.Progress> [Important Backtracking...]
18-Oct-21 21:09:37.036 [Solver-4] INFO  heuristics.RoundRobinNeighbourSelection> Phase changed to 67
18-Oct-21 21:09:37.036 [Solver-4] DEBUG util.Progress>   -- RRq:0/6166, RS:0/2547, CR:0,00%, V:0,00, DC:0, TOC:0, %:0,00
18-Oct-21 21:09:37.037 [Solver-4] DEBUG util.Progress> [Important Ifs...]
18-Oct-21 21:09:37.065 [Solver-4] INFO  heuristics.RoundRobinNeighbourSelection> Phase changed to 68
18-Oct-21 21:09:37.065 [Solver-4] DEBUG util.Progress>   -- RRq:0/6166, RS:0/2547, CR:0,00%, V:0,00, DC:0, TOC:0, %:0,00
18-Oct-21 21:09:37.067 [Solver-4] INFO  heuristics.StandardNeighbourSelection> Using org.cpsolver.studentsct.heuristics.EnrollmentSelection
18-Oct-21 21:09:37.067 [Solver-4] INFO  heuristics.StandardNeighbourSelection> Using org.cpsolver.ifs.heuristics.GeneralVariableSelection
18-Oct-21 21:09:37.067 [Solver-4] DEBUG util.Progress> [Important Backtracking...]
18-Oct-21 21:09:37.067 [Solver-3] INFO  heuristics.RoundRobinNeighbourSelection> Phase changed to 69
18-Oct-21 21:09:37.067 [Solver-3] DEBUG util.Progress>   -- RRq:0/6166, RS:0/2547, CR:0,00%, V:0,00, DC:0, TOC:0, %:0,00
18-Oct-21 21:09:37.099 [Solver-3] DEBUG util.Progress> [Min Credit B&B...]
18-Oct-21 21:09:37.106 [Solver-3] INFO  heuristics.RoundRobinNeighbourSelection> Phase changed to 70
18-Oct-21 21:09:37.106 [Solver-3] DEBUG util.Progress>   -- RRq:0/6166, RS:0/2547, CR:0,00%, V:0,00, DC:0, TOC:0, %:0,00
18-Oct-21 21:09:37.203 [Solver-3] DEBUG util.Progress> [Branch&bound...]
18-Oct-21 21:09:39.322 [Solver-2] DEBUG util.Progress>   -- Timing of BranchBoundSelection: 1,16 ms/it (2545 iterations, 0,00% time limit of 5,00 seconds reached)
18-Oct-21 21:09:39.322 [Solver-2] INFO  heuristics.RoundRobinNeighbourSelection> Phase changed to 71
18-Oct-21 21:09:39.323 [Solver-2] DEBUG util.Progress>   -- RRq:6163/6166, RS:2544/2547, CR:99,95%, V:2286,12, DC:0, TOC:0, %:89,76
18-Oct-21 21:09:39.390 [Solver-2] INFO  studentsct.Test> **BEST** RRq:6163/6166, RS:2544/2547, CR:99,95%, V:2287,23, DC:0, TOC:0, %:89,80, TM:0,001h
18-Oct-21 21:09:39.402 [Solver-2] DEBUG util.Progress> [Student swap...]
18-Oct-21 21:09:39.613 [Solver-3] INFO  studentsct.Test> **BEST** RRq:6166/6166, RS:2547/2547, CR:100,00%, V:2290,06, DC:0, TOC:0, %:89,91, TM:0,001h
18-Oct-21 21:09:39.614 [Solver-3] INFO  termination.GeneralTerminationCondition> Complete solution found.
18-Oct-21 21:09:39.648 [Solver-4] INFO  heuristics.RoundRobinNeighbourSelection> Phase changed to 72
18-Oct-21 21:09:39.648 [Solver-4] DEBUG util.Progress>   -- RRq:6166/6166, RS:2547/2547, CR:100,00%, V:2290,06, DC:0, TOC:0, %:89,91
18-Oct-21 21:09:39.653 [Solver-4] INFO  heuristics.StandardNeighbourSelection> Using org.cpsolver.studentsct.heuristics.EnrollmentSelection
18-Oct-21 21:09:39.653 [Solver-4] INFO  heuristics.StandardNeighbourSelection> Using org.cpsolver.ifs.heuristics.GeneralVariableSelection
18-Oct-21 21:09:39.654 [Solver-4] DEBUG util.Progress> [Backtracking...]
18-Oct-21 21:09:39.654 [Solver-4] INFO  heuristics.RoundRobinNeighbourSelection> Phase changed to 73
18-Oct-21 21:09:39.654 [Solver-4] DEBUG util.Progress>   -- RRq:6166/6166, RS:2547/2547, CR:100,00%, V:2290,06, DC:0, TOC:0, %:89,91
18-Oct-21 21:09:39.670 [Solver-4] INFO  heuristics.StandardNeighbourSelection> Using org.cpsolver.studentsct.heuristics.EnrollmentSelection
18-Oct-21 21:09:39.670 [Solver-4] INFO  heuristics.StandardNeighbourSelection> Using org.cpsolver.ifs.heuristics.GeneralVariableSelection
18-Oct-21 21:09:39.670 [Solver-4] DEBUG util.Progress> [Enrollment swaps...]
18-Oct-21 21:09:39.756 [Solver-2] INFO  heuristics.RoundRobinNeighbourSelection> Phase changed to 74
18-Oct-21 21:09:39.756 [Solver-2] DEBUG util.Progress>   -- RRq:6166/6166, RS:2547/2547, CR:100,00%, V:2290,06, DC:0, TOC:0, %:89,91
18-Oct-21 21:09:39.769 [Solver-4] INFO  heuristics.RoundRobinNeighbourSelection> Phase changed to 75
18-Oct-21 21:09:39.769 [Solver-4] DEBUG util.Progress>   -- RRq:6166/6166, RS:2547/2547, CR:100,00%, V:2290,06, DC:0, TOC:0, %:89,91
18-Oct-21 21:09:40.034 [Solver-4] DEBUG util.Progress> [Student swap...]
18-Oct-21 21:09:40.047 [Solver-1] INFO  heuristics.RoundRobinNeighbourSelection> Phase changed to 76
18-Oct-21 21:09:40.047 [Solver-1] DEBUG util.Progress>   -- RRq:6166/6166, RS:2547/2547, CR:100,00%, V:2290,06, DC:0, TOC:0, %:89,91
18-Oct-21 21:09:40.047 [Solver-1] DEBUG util.Progress> [Random unassignment of problematic students...]
18-Oct-21 21:09:40.060 [Solver-2] INFO  heuristics.RoundRobinNeighbourSelection> Phase changed to 77
18-Oct-21 21:09:40.061 [Solver-2] DEBUG util.Progress>   -- RRq:6166/6166, RS:2547/2547, CR:100,00%, V:2290,06, DC:0, TOC:0, %:89,91
18-Oct-21 21:09:40.061 [Solver-2] DEBUG util.Progress> [Resection incomplete students...]
18-Oct-21 21:09:40.071 [Solver-2] INFO  heuristics.RoundRobinNeighbourSelection> Phase changed to 78
18-Oct-21 21:09:40.072 [Solver-2] DEBUG util.Progress>   -- RRq:6166/6166, RS:2547/2547, CR:100,00%, V:2290,06, DC:0, TOC:0, %:89,91
18-Oct-21 21:09:40.073 [Solver-2] DEBUG util.Progress> [Resection unassigned students...]
18-Oct-21 21:09:40.079 [Solver-2] INFO  heuristics.RoundRobinNeighbourSelection> Phase changed to 79
18-Oct-21 21:09:40.080 [Solver-2] DEBUG util.Progress>   -- RRq:6166/6166, RS:2547/2547, CR:100,00%, V:2290,06, DC:0, TOC:0, %:89,91
18-Oct-21 21:09:40.087 [Solver-2] DEBUG util.Progress> [Student swap...]
18-Oct-21 21:09:40.096 [Solver-2] INFO  heuristics.RoundRobinNeighbourSelection> Phase changed to 80
18-Oct-21 21:09:40.096 [Solver-2] DEBUG util.Progress>   -- RRq:6166/6166, RS:2547/2547, CR:100,00%, V:2290,06, DC:0, TOC:0, %:89,91
18-Oct-21 21:09:40.098 [Solver-2] INFO  heuristics.RoundRobinNeighbourSelection> Phase changed to 81
18-Oct-21 21:09:40.101 [Solver-2] DEBUG util.Progress>   -- RRq:6166/6166, RS:2547/2547, CR:100,00%, V:2290,06, DC:0, TOC:0, %:89,91
18-Oct-21 21:09:40.159 [Solver-2] INFO  heuristics.RoundRobinNeighbourSelection> Phase changed to 82
18-Oct-21 21:09:40.160 [Solver-2] DEBUG util.Progress>   -- RRq:6166/6166, RS:2547/2547, CR:100,00%, V:2290,06, DC:0, TOC:0, %:89,91
18-Oct-21 21:09:40.167 [Solver-2] INFO  heuristics.StandardNeighbourSelection> Using org.cpsolver.studentsct.heuristics.EnrollmentSelection
18-Oct-21 21:09:40.167 [Solver-2] INFO  heuristics.StandardNeighbourSelection> Using org.cpsolver.ifs.heuristics.GeneralVariableSelection
18-Oct-21 21:09:40.168 [Solver-2] DEBUG util.Progress> [Enrollment swaps...]
18-Oct-21 21:09:40.209 [Solver-2] INFO  heuristics.RoundRobinNeighbourSelection> Phase changed to 83
18-Oct-21 21:09:40.213 [Solver-2] DEBUG util.Progress>   -- RRq:6166/6166, RS:2547/2547, CR:100,00%, V:2290,06, DC:0, TOC:0, %:89,91
18-Oct-21 21:09:40.454 [Solver-2] INFO  heuristics.StandardNeighbourSelection> Using org.cpsolver.studentsct.heuristics.EnrollmentSelection
18-Oct-21 21:09:40.455 [Solver-2] INFO  heuristics.StandardNeighbourSelection> Using org.cpsolver.ifs.heuristics.GeneralVariableSelection
18-Oct-21 21:09:40.455 [Solver-2] DEBUG util.Progress> [Backtracking...]
18-Oct-21 21:09:40.456 [Solver-1] INFO  heuristics.RoundRobinNeighbourSelection> Phase changed to 84
18-Oct-21 21:09:40.457 [Solver-1] DEBUG util.Progress>   -- RRq:6166/6166, RS:2547/2547, CR:100,00%, V:2290,06, DC:0, TOC:0, %:89,91
18-Oct-21 21:09:40.457 [Solver-1] INFO  heuristics.RoundRobinNeighbourSelection> Phase changed to 85
18-Oct-21 21:09:40.517 [Solver-1] DEBUG util.Progress>   -- RRq:6166/6166, RS:2547/2547, CR:100,00%, V:2290,06, DC:0, TOC:0, %:89,91
18-Oct-21 21:09:40.518 [Solver-1] DEBUG util.Progress> [Random unassignment...]
18-Oct-21 21:09:40.531 [Solver-1] INFO  heuristics.RoundRobinNeighbourSelection> Phase changed to 1
18-Oct-21 21:09:40.531 [Solver-1] DEBUG util.Progress>   -- RRq:6166/6166, RS:2547/2547, CR:100,00%, V:2290,06, DC:0, TOC:0, %:89,91
18-Oct-21 21:09:40.533 [Solver-1] DEBUG util.Progress> [Critical Courses B&B (priority students)...]
18-Oct-21 21:09:40.536 [Solver-4] INFO  heuristics.RoundRobinNeighbourSelection> Phase changed to 2
18-Oct-21 21:09:40.536 [Solver-4] DEBUG util.Progress>   -- RRq:6166/6166, RS:2547/2547, CR:100,00%, V:2290,06, DC:0, TOC:0, %:89,91
18-Oct-21 21:09:40.538 [Solver-4] DEBUG util.Progress> [Critical Backtracking (priority students)...]
18-Oct-21 21:09:40.539 [Solver-4] INFO  heuristics.RoundRobinNeighbourSelection> Phase changed to 3
18-Oct-21 21:09:40.543 [Solver-4] DEBUG util.Progress>   -- RRq:6166/6166, RS:2547/2547, CR:100,00%, V:2290,06, DC:0, TOC:0, %:89,91
18-Oct-21 21:09:40.545 [Solver-4] INFO  heuristics.RoundRobinNeighbourSelection> Phase changed to 4
18-Oct-21 21:09:40.545 [Solver-4] DEBUG util.Progress>   -- RRq:6166/6166, RS:2547/2547, CR:100,00%, V:2290,06, DC:0, TOC:0, %:89,91
18-Oct-21 21:09:40.552 [Solver-1] INFO  heuristics.RoundRobinNeighbourSelection> Phase changed to 5
18-Oct-21 21:09:40.554 [Solver-1] DEBUG util.Progress>   -- RRq:6166/6166, RS:2547/2547, CR:100,00%, V:2290,06, DC:0, TOC:0, %:89,91
18-Oct-21 21:09:40.556 [Solver-1] DEBUG util.Progress> [Important Courses B&B (priority students)...]
18-Oct-21 21:09:40.556 [Solver-4] INFO  heuristics.RoundRobinNeighbourSelection> Phase changed to 6
18-Oct-21 21:09:40.557 [Solver-4] DEBUG util.Progress>   -- RRq:6166/6166, RS:2547/2547, CR:100,00%, V:2290,06, DC:0, TOC:0, %:89,91
18-Oct-21 21:09:40.558 [Solver-4] DEBUG util.Progress> [Important Backtracking (priority students)...]
18-Oct-21 21:09:40.558 [Solver-4] INFO  heuristics.RoundRobinNeighbourSelection> Phase changed to 7
18-Oct-21 21:09:40.559 [Solver-4] DEBUG util.Progress>   -- RRq:6166/6166, RS:2547/2547, CR:100,00%, V:2290,06, DC:0, TOC:0, %:89,91
18-Oct-21 21:09:40.565 [Solver-4] INFO  heuristics.RoundRobinNeighbourSelection> Phase changed to 8
18-Oct-21 21:09:40.565 [Solver-4] DEBUG util.Progress>   -- RRq:6166/6166, RS:2547/2547, CR:100,00%, V:2290,06, DC:0, TOC:0, %:89,91
18-Oct-21 21:09:40.566 [Solver-2] INFO  heuristics.RoundRobinNeighbourSelection> Phase changed to 9
18-Oct-21 21:09:40.567 [Solver-2] DEBUG util.Progress>   -- RRq:6166/6166, RS:2547/2547, CR:100,00%, V:2290,06, DC:0, TOC:0, %:89,91
18-Oct-21 21:09:40.579 [Solver-2] DEBUG util.Progress> [Normal Courses B&B (priority students)...]
18-Oct-21 21:09:40.580 [Solver-2] INFO  heuristics.RoundRobinNeighbourSelection> Phase changed to 10
18-Oct-21 21:09:40.580 [Solver-2] DEBUG util.Progress>   -- RRq:6166/6166, RS:2547/2547, CR:100,00%, V:2290,06, DC:0, TOC:0, %:89,91
18-Oct-21 21:09:40.581 [Solver-2] DEBUG util.Progress> [Normal Backtracking (priority students)...]
18-Oct-21 21:09:40.582 [Solver-1] INFO  heuristics.RoundRobinNeighbourSelection> Phase changed to 11
18-Oct-21 21:09:40.582 [Solver-1] DEBUG util.Progress>   -- RRq:6166/6166, RS:2547/2547, CR:100,00%, V:2290,06, DC:0, TOC:0, %:89,91
18-Oct-21 21:09:40.584 [Solver-1] INFO  heuristics.RoundRobinNeighbourSelection> Phase changed to 12
18-Oct-21 21:09:40.584 [Solver-1] DEBUG util.Progress>   -- RRq:6166/6166, RS:2547/2547, CR:100,00%, V:2290,06, DC:0, TOC:0, %:89,91
18-Oct-21 21:09:40.586 [Solver-1] INFO  heuristics.RoundRobinNeighbourSelection> Phase changed to 13
18-Oct-21 21:09:40.586 [Solver-1] DEBUG util.Progress>   -- RRq:6166/6166, RS:2547/2547, CR:100,00%, V:2290,06, DC:0, TOC:0, %:89,91
18-Oct-21 21:09:40.588 [Solver-1] DEBUG util.Progress> [Critical Courses B&B (senior students)...]
18-Oct-21 21:09:40.589 [Solver-1] INFO  heuristics.RoundRobinNeighbourSelection> Phase changed to 14
18-Oct-21 21:09:40.589 [Solver-1] DEBUG util.Progress>   -- RRq:6166/6166, RS:2547/2547, CR:100,00%, V:2290,06, DC:0, TOC:0, %:89,91
18-Oct-21 21:09:40.591 [Solver-1] DEBUG util.Progress> [Critical Backtracking (senior students)...]
18-Oct-21 21:09:40.591 [Solver-1] INFO  heuristics.RoundRobinNeighbourSelection> Phase changed to 15
18-Oct-21 21:09:40.592 [Solver-1] DEBUG util.Progress>   -- RRq:6166/6166, RS:2547/2547, CR:100,00%, V:2290,06, DC:0, TOC:0, %:89,91
18-Oct-21 21:09:40.593 [Solver-1] INFO  heuristics.RoundRobinNeighbourSelection> Phase changed to 16
18-Oct-21 21:09:40.594 [Solver-1] DEBUG util.Progress>   -- RRq:6166/6166, RS:2547/2547, CR:100,00%, V:2290,06, DC:0, TOC:0, %:89,91
18-Oct-21 21:09:40.595 [Solver-4] INFO  heuristics.RoundRobinNeighbourSelection> Phase changed to 17
18-Oct-21 21:09:40.595 [Solver-4] DEBUG util.Progress>   -- RRq:6166/6166, RS:2547/2547, CR:100,00%, V:2290,06, DC:0, TOC:0, %:89,91
18-Oct-21 21:09:40.597 [Solver-4] DEBUG util.Progress> [Important Courses B&B (senior students)...]
18-Oct-21 21:09:40.597 [Solver-4] INFO  heuristics.RoundRobinNeighbourSelection> Phase changed to 18
18-Oct-21 21:09:40.598 [Solver-4] DEBUG util.Progress>   -- RRq:6166/6166, RS:2547/2547, CR:100,00%, V:2290,06, DC:0, TOC:0, %:89,91
18-Oct-21 21:09:40.599 [Solver-4] DEBUG util.Progress> [Important Backtracking (senior students)...]
18-Oct-21 21:09:40.599 [Solver-4] INFO  heuristics.RoundRobinNeighbourSelection> Phase changed to 19
18-Oct-21 21:09:40.600 [Solver-4] DEBUG util.Progress>   -- RRq:6166/6166, RS:2547/2547, CR:100,00%, V:2290,06, DC:0, TOC:0, %:89,91
18-Oct-21 21:09:40.601 [Solver-2] INFO  heuristics.RoundRobinNeighbourSelection> Phase changed to 20
18-Oct-21 21:09:40.601 [Solver-2] DEBUG util.Progress>   -- RRq:6166/6166, RS:2547/2547, CR:100,00%, V:2290,06, DC:0, TOC:0, %:89,91
18-Oct-21 21:09:40.603 [Solver-1] INFO  heuristics.RoundRobinNeighbourSelection> Phase changed to 21
18-Oct-21 21:09:40.603 [Solver-1] DEBUG util.Progress>   -- RRq:6166/6166, RS:2547/2547, CR:100,00%, V:2290,06, DC:0, TOC:0, %:89,91
18-Oct-21 21:09:40.617 [Solver-1] DEBUG util.Progress> [Normal Courses B&B (senior students)...]
18-Oct-21 21:09:40.618 [Solver-2] INFO  heuristics.RoundRobinNeighbourSelection> Phase changed to 22
18-Oct-21 21:09:40.618 [Solver-2] DEBUG util.Progress>   -- RRq:6166/6166, RS:2547/2547, CR:100,00%, V:2290,06, DC:0, TOC:0, %:89,91
18-Oct-21 21:09:40.619 [Solver-2] DEBUG util.Progress> [Normal Backtracking (senior students)...]
18-Oct-21 21:09:40.619 [Solver-1] INFO  heuristics.RoundRobinNeighbourSelection> Phase changed to 23
18-Oct-21 21:09:40.620 [Solver-1] DEBUG util.Progress>   -- RRq:6166/6166, RS:2547/2547, CR:100,00%, V:2290,06, DC:0, TOC:0, %:89,91
18-Oct-21 21:09:40.621 [Solver-2] INFO  heuristics.RoundRobinNeighbourSelection> Phase changed to 24
18-Oct-21 21:09:40.623 [Solver-2] DEBUG util.Progress>   -- RRq:6166/6166, RS:2547/2547, CR:100,00%, V:2290,06, DC:0, TOC:0, %:89,91
18-Oct-21 21:09:40.626 [Solver-2] INFO  heuristics.RoundRobinNeighbourSelection> Phase changed to 25
18-Oct-21 21:09:40.627 [Solver-2] DEBUG util.Progress>   -- RRq:6166/6166, RS:2547/2547, CR:100,00%, V:2290,06, DC:0, TOC:0, %:89,91
18-Oct-21 21:09:40.632 [Solver-2] DEBUG util.Progress> [Critical Courses B&B (junior students)...]
18-Oct-21 21:09:40.633 [Solver-4] INFO  heuristics.RoundRobinNeighbourSelection> Phase changed to 26
18-Oct-21 21:09:40.634 [Solver-4] DEBUG util.Progress>   -- RRq:6166/6166, RS:2547/2547, CR:100,00%, V:2290,06, DC:0, TOC:0, %:89,91
18-Oct-21 21:09:40.651 [Solver-4] DEBUG util.Progress> [Critical Backtracking (junior students)...]
18-Oct-21 21:09:40.663 [Solver-1] INFO  heuristics.RoundRobinNeighbourSelection> Phase changed to 27
18-Oct-21 21:09:40.665 [Solver-1] DEBUG util.Progress>   -- RRq:6166/6166, RS:2547/2547, CR:100,00%, V:2290,06, DC:0, TOC:0, %:89,91
18-Oct-21 21:09:40.667 [Solver-1] INFO  heuristics.RoundRobinNeighbourSelection> Phase changed to 28
18-Oct-21 21:09:40.671 [Solver-1] DEBUG util.Progress>   -- RRq:6166/6166, RS:2547/2547, CR:100,00%, V:2290,06, DC:0, TOC:0, %:89,91
18-Oct-21 21:09:40.672 [Solver-1] INFO  heuristics.RoundRobinNeighbourSelection> Phase changed to 29
18-Oct-21 21:09:40.675 [Solver-1] DEBUG util.Progress>   -- RRq:6166/6166, RS:2547/2547, CR:100,00%, V:2290,06, DC:0, TOC:0, %:89,91
18-Oct-21 21:09:40.685 [Solver-1] DEBUG util.Progress> [Important Courses B&B (junior students)...]
18-Oct-21 21:09:40.686 [Solver-4] INFO  heuristics.RoundRobinNeighbourSelection> Phase changed to 30
18-Oct-21 21:09:40.686 [Solver-4] DEBUG util.Progress>   -- RRq:6166/6166, RS:2547/2547, CR:100,00%, V:2290,06, DC:0, TOC:0, %:89,91
18-Oct-21 21:09:40.687 [Solver-4] DEBUG util.Progress> [Important Backtracking (junior students)...]
18-Oct-21 21:09:40.688 [Solver-4] INFO  heuristics.RoundRobinNeighbourSelection> Phase changed to 31
18-Oct-21 21:09:40.688 [Solver-4] DEBUG util.Progress>   -- RRq:6166/6166, RS:2547/2547, CR:100,00%, V:2290,06, DC:0, TOC:0, %:89,91
18-Oct-21 21:09:40.689 [Solver-4] INFO  heuristics.RoundRobinNeighbourSelection> Phase changed to 32
18-Oct-21 21:09:40.689 [Solver-4] DEBUG util.Progress>   -- RRq:6166/6166, RS:2547/2547, CR:100,00%, V:2290,06, DC:0, TOC:0, %:89,91
18-Oct-21 21:09:40.746 [Solver-1] INFO  heuristics.RoundRobinNeighbourSelection> Phase changed to 33
18-Oct-21 21:09:40.754 [Solver-1] DEBUG util.Progress>   -- RRq:6166/6166, RS:2547/2547, CR:100,00%, V:2290,06, DC:0, TOC:0, %:89,91
18-Oct-21 21:09:40.774 [Solver-1] DEBUG util.Progress> [Normal Courses B&B (junior students)...]
18-Oct-21 21:09:40.775 [Solver-4] INFO  heuristics.RoundRobinNeighbourSelection> Phase changed to 34
18-Oct-21 21:09:40.776 [Solver-4] DEBUG util.Progress>   -- RRq:6166/6166, RS:2547/2547, CR:100,00%, V:2290,06, DC:0, TOC:0, %:89,91
18-Oct-21 21:09:40.777 [Solver-4] DEBUG util.Progress> [Normal Backtracking (junior students)...]
18-Oct-21 21:09:40.777 [Solver-1] INFO  heuristics.RoundRobinNeighbourSelection> Phase changed to 35
18-Oct-21 21:09:40.778 [Solver-1] DEBUG util.Progress>   -- RRq:6166/6166, RS:2547/2547, CR:100,00%, V:2290,06, DC:0, TOC:0, %:89,91
18-Oct-21 21:09:40.780 [Solver-4] INFO  heuristics.RoundRobinNeighbourSelection> Phase changed to 36
18-Oct-21 21:09:40.780 [Solver-4] DEBUG util.Progress>   -- RRq:6166/6166, RS:2547/2547, CR:100,00%, V:2290,06, DC:0, TOC:0, %:89,91
18-Oct-21 21:09:40.781 [Solver-4] INFO  heuristics.RoundRobinNeighbourSelection> Phase changed to 37
18-Oct-21 21:09:40.781 [Solver-4] DEBUG util.Progress>   -- RRq:6166/6166, RS:2547/2547, CR:100,00%, V:2290,06, DC:0, TOC:0, %:89,91
18-Oct-21 21:09:40.783 [Solver-4] DEBUG util.Progress> [Critical Courses B&B (sophomore students)...]
18-Oct-21 21:09:40.783 [Solver-4] INFO  heuristics.RoundRobinNeighbourSelection> Phase changed to 38
18-Oct-21 21:09:40.783 [Solver-4] DEBUG util.Progress>   -- RRq:6166/6166, RS:2547/2547, CR:100,00%, V:2290,06, DC:0, TOC:0, %:89,91
18-Oct-21 21:09:40.784 [Solver-4] DEBUG util.Progress> [Critical Backtracking (sophomore students)...]
18-Oct-21 21:09:40.784 [Solver-2] INFO  heuristics.RoundRobinNeighbourSelection> Phase changed to 39
18-Oct-21 21:09:40.784 [Solver-2] DEBUG util.Progress>   -- RRq:6166/6166, RS:2547/2547, CR:100,00%, V:2290,06, DC:0, TOC:0, %:89,91
18-Oct-21 21:09:40.785 [Solver-4] INFO  heuristics.RoundRobinNeighbourSelection> Phase changed to 40
18-Oct-21 21:09:40.785 [Solver-4] DEBUG util.Progress>   -- RRq:6166/6166, RS:2547/2547, CR:100,00%, V:2290,06, DC:0, TOC:0, %:89,91
18-Oct-21 21:09:40.786 [Solver-4] INFO  heuristics.RoundRobinNeighbourSelection> Phase changed to 41
18-Oct-21 21:09:40.786 [Solver-4] DEBUG util.Progress>   -- RRq:6166/6166, RS:2547/2547, CR:100,00%, V:2290,06, DC:0, TOC:0, %:89,91
18-Oct-21 21:09:40.788 [Solver-4] DEBUG util.Progress> [Important Courses B&B (sophomore students)...]
18-Oct-21 21:09:40.788 [Solver-1] INFO  heuristics.RoundRobinNeighbourSelection> Phase changed to 42
18-Oct-21 21:09:40.788 [Solver-1] DEBUG util.Progress>   -- RRq:6166/6166, RS:2547/2547, CR:100,00%, V:2290,06, DC:0, TOC:0, %:89,91
18-Oct-21 21:09:40.791 [Solver-1] DEBUG util.Progress> [Important Backtracking (sophomore students)...]
18-Oct-21 21:09:40.800 [Solver-4] INFO  heuristics.RoundRobinNeighbourSelection> Phase changed to 43
18-Oct-21 21:09:40.800 [Solver-4] DEBUG util.Progress>   -- RRq:6166/6166, RS:2547/2547, CR:100,00%, V:2290,06, DC:0, TOC:0, %:89,91
18-Oct-21 21:09:40.801 [Solver-4] INFO  heuristics.RoundRobinNeighbourSelection> Phase changed to 44
18-Oct-21 21:09:40.801 [Solver-4] DEBUG util.Progress>   -- RRq:6166/6166, RS:2547/2547, CR:100,00%, V:2290,06, DC:0, TOC:0, %:89,91
18-Oct-21 21:09:40.802 [Solver-4] INFO  heuristics.RoundRobinNeighbourSelection> Phase changed to 45
18-Oct-21 21:09:40.802 [Solver-4] DEBUG util.Progress>   -- RRq:6166/6166, RS:2547/2547, CR:100,00%, V:2290,06, DC:0, TOC:0, %:89,91
18-Oct-21 21:09:40.816 [Solver-4] DEBUG util.Progress> [Normal Courses B&B (sophomore students)...]
18-Oct-21 21:09:40.816 [Solver-4] INFO  heuristics.RoundRobinNeighbourSelection> Phase changed to 46
18-Oct-21 21:09:40.816 [Solver-4] DEBUG util.Progress>   -- RRq:6166/6166, RS:2547/2547, CR:100,00%, V:2290,06, DC:0, TOC:0, %:89,91
18-Oct-21 21:09:40.817 [Solver-4] DEBUG util.Progress> [Normal Backtracking (sophomore students)...]
18-Oct-21 21:09:40.817 [Solver-4] INFO  heuristics.RoundRobinNeighbourSelection> Phase changed to 47
18-Oct-21 21:09:40.817 [Solver-4] DEBUG util.Progress>   -- RRq:6166/6166, RS:2547/2547, CR:100,00%, V:2290,06, DC:0, TOC:0, %:89,91
18-Oct-21 21:09:40.818 [Solver-2] INFO  heuristics.RoundRobinNeighbourSelection> Phase changed to 48
18-Oct-21 21:09:40.820 [Solver-2] DEBUG util.Progress>   -- RRq:6166/6166, RS:2547/2547, CR:100,00%, V:2290,06, DC:0, TOC:0, %:89,91
18-Oct-21 21:09:40.821 [Solver-4] INFO  heuristics.RoundRobinNeighbourSelection> Phase changed to 49
18-Oct-21 21:09:40.821 [Solver-4] DEBUG util.Progress>   -- RRq:6166/6166, RS:2547/2547, CR:100,00%, V:2290,06, DC:0, TOC:0, %:89,91
18-Oct-21 21:09:40.822 [Solver-4] DEBUG util.Progress> [Critical Courses B&B (frehmen students)...]
18-Oct-21 21:09:40.822 [Solver-4] INFO  heuristics.RoundRobinNeighbourSelection> Phase changed to 50
18-Oct-21 21:09:40.823 [Solver-4] DEBUG util.Progress>   -- RRq:6166/6166, RS:2547/2547, CR:100,00%, V:2290,06, DC:0, TOC:0, %:89,91
18-Oct-21 21:09:40.823 [Solver-4] DEBUG util.Progress> [Critical Backtracking (frehmen students)...]
18-Oct-21 21:09:40.824 [Solver-2] INFO  heuristics.RoundRobinNeighbourSelection> Phase changed to 51
18-Oct-21 21:09:40.824 [Solver-2] DEBUG util.Progress>   -- RRq:6166/6166, RS:2547/2547, CR:100,00%, V:2290,06, DC:0, TOC:0, %:89,91
18-Oct-21 21:09:40.825 [Solver-4] INFO  heuristics.RoundRobinNeighbourSelection> Phase changed to 52
18-Oct-21 21:09:40.826 [Solver-4] DEBUG util.Progress>   -- RRq:6166/6166, RS:2547/2547, CR:100,00%, V:2290,06, DC:0, TOC:0, %:89,91
18-Oct-21 21:09:40.827 [Solver-4] INFO  heuristics.RoundRobinNeighbourSelection> Phase changed to 53
18-Oct-21 21:09:40.827 [Solver-4] DEBUG util.Progress>   -- RRq:6166/6166, RS:2547/2547, CR:100,00%, V:2290,06, DC:0, TOC:0, %:89,91
18-Oct-21 21:09:40.828 [Solver-4] DEBUG util.Progress> [Important Courses B&B (frehmen students)...]
18-Oct-21 21:09:40.832 [Solver-4] INFO  heuristics.RoundRobinNeighbourSelection> Phase changed to 54
18-Oct-21 21:09:40.832 [Solver-4] DEBUG util.Progress>   -- RRq:6166/6166, RS:2547/2547, CR:100,00%, V:2290,06, DC:0, TOC:0, %:89,91
18-Oct-21 21:09:40.833 [Solver-4] DEBUG util.Progress> [Important Backtracking (frehmen students)...]
18-Oct-21 21:09:40.833 [Solver-1] INFO  heuristics.RoundRobinNeighbourSelection> Phase changed to 55
18-Oct-21 21:09:40.833 [Solver-1] DEBUG util.Progress>   -- RRq:6166/6166, RS:2547/2547, CR:100,00%, V:2290,06, DC:0, TOC:0, %:89,91
18-Oct-21 21:09:40.834 [Solver-1] INFO  heuristics.RoundRobinNeighbourSelection> Phase changed to 56
18-Oct-21 21:09:40.834 [Solver-1] DEBUG util.Progress>   -- RRq:6166/6166, RS:2547/2547, CR:100,00%, V:2290,06, DC:0, TOC:0, %:89,91
18-Oct-21 21:09:40.835 [Solver-1] INFO  heuristics.RoundRobinNeighbourSelection> Phase changed to 57
18-Oct-21 21:09:40.835 [Solver-1] DEBUG util.Progress>   -- RRq:6166/6166, RS:2547/2547, CR:100,00%, V:2290,06, DC:0, TOC:0, %:89,91
18-Oct-21 21:09:40.844 [Solver-1] DEBUG util.Progress> [Normal Courses B&B (frehmen students)...]
18-Oct-21 21:09:40.845 [Solver-1] INFO  heuristics.RoundRobinNeighbourSelection> Phase changed to 58
18-Oct-21 21:09:40.845 [Solver-1] DEBUG util.Progress>   -- RRq:6166/6166, RS:2547/2547, CR:100,00%, V:2290,06, DC:0, TOC:0, %:89,91
18-Oct-21 21:09:40.846 [Solver-1] DEBUG util.Progress> [Normal Backtracking (frehmen students)...]
18-Oct-21 21:09:40.848 [Solver-2] INFO  heuristics.RoundRobinNeighbourSelection> Phase changed to 59
18-Oct-21 21:09:40.848 [Solver-2] DEBUG util.Progress>   -- RRq:6166/6166, RS:2547/2547, CR:100,00%, V:2290,06, DC:0, TOC:0, %:89,91
18-Oct-21 21:09:40.849 [Solver-2] INFO  heuristics.RoundRobinNeighbourSelection> Phase changed to 60
18-Oct-21 21:09:40.849 [Solver-2] DEBUG util.Progress>   -- RRq:6166/6166, RS:2547/2547, CR:100,00%, V:2290,06, DC:0, TOC:0, %:89,91
18-Oct-21 21:09:40.850 [Solver-4] INFO  heuristics.RoundRobinNeighbourSelection> Phase changed to 61
18-Oct-21 21:09:40.850 [Solver-4] DEBUG util.Progress>   -- RRq:6166/6166, RS:2547/2547, CR:100,00%, V:2290,06, DC:0, TOC:0, %:89,91
18-Oct-21 21:09:40.852 [Solver-4] DEBUG util.Progress> [Critical Courses B&B...]
18-Oct-21 21:09:40.855 [Solver-2] INFO  heuristics.RoundRobinNeighbourSelection> Phase changed to 62
18-Oct-21 21:09:40.855 [Solver-2] DEBUG util.Progress>   -- RRq:6166/6166, RS:2547/2547, CR:100,00%, V:2290,06, DC:0, TOC:0, %:89,91
18-Oct-21 21:09:40.856 [Solver-2] DEBUG util.Progress> [Critical Backtracking...]
18-Oct-21 21:09:40.856 [Solver-4] INFO  heuristics.RoundRobinNeighbourSelection> Phase changed to 63
18-Oct-21 21:09:40.856 [Solver-4] DEBUG util.Progress>   -- RRq:6166/6166, RS:2547/2547, CR:100,00%, V:2290,06, DC:0, TOC:0, %:89,91
18-Oct-21 21:09:40.857 [Solver-2] INFO  heuristics.RoundRobinNeighbourSelection> Phase changed to 64
18-Oct-21 21:09:40.857 [Solver-2] DEBUG util.Progress>   -- RRq:6166/6166, RS:2547/2547, CR:100,00%, V:2290,06, DC:0, TOC:0, %:89,91
18-Oct-21 21:09:40.858 [Solver-4] INFO  heuristics.RoundRobinNeighbourSelection> Phase changed to 65
18-Oct-21 21:09:40.858 [Solver-4] DEBUG util.Progress>   -- RRq:6166/6166, RS:2547/2547, CR:100,00%, V:2290,06, DC:0, TOC:0, %:89,91
18-Oct-21 21:09:40.860 [Solver-4] DEBUG util.Progress> [Important Courses B&B...]
18-Oct-21 21:09:40.863 [Solver-4] INFO  heuristics.RoundRobinNeighbourSelection> Phase changed to 66
18-Oct-21 21:09:40.863 [Solver-4] DEBUG util.Progress>   -- RRq:6166/6166, RS:2547/2547, CR:100,00%, V:2290,06, DC:0, TOC:0, %:89,91
18-Oct-21 21:09:40.864 [Solver-4] DEBUG util.Progress> [Important Backtracking...]
18-Oct-21 21:09:40.864 [Solver-2] INFO  heuristics.RoundRobinNeighbourSelection> Phase changed to 67
18-Oct-21 21:09:40.865 [Solver-2] DEBUG util.Progress>   -- RRq:6166/6166, RS:2547/2547, CR:100,00%, V:2290,06, DC:0, TOC:0, %:89,91
18-Oct-21 21:09:40.866 [Solver-2] INFO  heuristics.RoundRobinNeighbourSelection> Phase changed to 68
18-Oct-21 21:09:40.866 [Solver-2] DEBUG util.Progress>   -- RRq:6166/6166, RS:2547/2547, CR:100,00%, V:2290,06, DC:0, TOC:0, %:89,91
18-Oct-21 21:09:40.867 [Solver-2] INFO  heuristics.RoundRobinNeighbourSelection> Phase changed to 69
18-Oct-21 21:09:40.867 [Solver-2] DEBUG util.Progress>   -- RRq:6166/6166, RS:2547/2547, CR:100,00%, V:2290,06, DC:0, TOC:0, %:89,91
18-Oct-21 21:09:40.878 [Solver-2] DEBUG util.Progress> [Min Credit B&B...]
18-Oct-21 21:09:40.880 [Solver-4] INFO  heuristics.RoundRobinNeighbourSelection> Phase changed to 70
18-Oct-21 21:09:40.881 [Solver-4] DEBUG util.Progress>   -- RRq:6166/6166, RS:2547/2547, CR:100,00%, V:2290,06, DC:0, TOC:0, %:89,91
18-Oct-21 21:09:40.899 [Solver-4] DEBUG util.Progress> [Branch&bound...]
18-Oct-21 21:09:40.901 [Solver-4] INFO  termination.GeneralTerminationCondition> Complete solution found.
18-Oct-21 21:09:40.900 [Solver-1] INFO  termination.GeneralTerminationCondition> Complete solution found.
18-Oct-21 21:09:40.906 [Solver-2] INFO  termination.GeneralTerminationCondition> Complete solution found.
18-Oct-21 21:09:41.058 [SolverSync] DEBUG util.Progress> [Done]
18-Oct-21 21:09:41.062 [SolverSync] DEBUG solver.Solver> Solver done.
18-Oct-21 21:09:41.062 [SolverSync] INFO  util.Progress> [Solver done.]
18-Oct-21 21:09:42.077 [ShutdownHook] INFO  studentsct.Test> **BEST** RRq:6166/6166, RS:2547/2547, CR:100,00%, V:2290,06, DC:0, TOC:0, %:89,91, TM:0,002h
18-Oct-21 21:09:42.085 [ShutdownHook] INFO  check.OverlapCheck> Checking for overlaps...
18-Oct-21 21:09:42.103 [ShutdownHook] INFO  check.SectionLimitCheck> Checking section limits...
18-Oct-21 21:09:42.105 [ShutdownHook] INFO  check.CourseLimitCheck> Checking for course limits...
18-Oct-21 21:09:42.106 [ShutdownHook] INFO  studentsct.Test> Best solution found after 5.435675300017465 seconds (2550 iterations).
18-Oct-21 21:09:42.123 [ShutdownHook] INFO  studentsct.Test> Info: [
      Assigned course requests: 100,00% (6166/6166)
      Assigned course requests (priority students): Normal: 100,00% (6166/6166)
      Assigned priority course requests: 100.00% (6166/6166)
      Assigned variables: 100.00% (6166/6166)
      Average disbalance: 1,59% (2,80)
      Best Iteration: 2550
      Best Time: 0.09 min (469.12 it/s)
      Choice: Average assigned choice: 1,00
      Choice: assigned 1st course choice: 100,00% (6166)
      Full Sections: 4 with no space (9,30% of all sections, 11,29% assignments)
4 with &leq; 2% available (9,30% of all sections, 11,29% assignments)
10 with &leq; 10% available (23,26% of all sections, 22,75% assignments)
      Iteration: 2550
      Overall solution value: -2290.06
      Sections disbalanced by 10% or more: 5,71% (2)
      Speed: 469.12 it/s
      Students with complete schedule: 100.00% (2547/2547)
      Students with complete schedule (priority students): Normal: 100.00% (2547/2547)
      Time: 0.09 min
    ]
18-Oct-21 21:09:42.131 [ShutdownHook] DEBUG studentsct.StudentSectioningXMLSaver> Writting XML data to:C:\Users\talha\Documents\CS Honours\COMP700 - HP\student-lab-sectioning\ifs-solver\src\main\resources\input\2020-Sem1-CAES-Wvl-no-conflicts\211018_210933\solution.xml
