16-Oct-21 21:14:47.135 [main] DEBUG studentsct.StudentSectioningXMLLoader> Reading XML data from src\main\resources\input\2020-Sem1-CAES-Wvl-no-conflicts\2020-Sem1-CAES-Wvl-no-conflicts-updated-1.xml
16-Oct-21 21:14:47.833 [main] DEBUG studentsct.StudentSectioningXMLLoader> Root element: sectioning
16-Oct-21 21:14:47.839 [main] INFO  util.Progress> [Restoring from backup ...]
16-Oct-21 21:14:48.619 [main] DEBUG studentsct.StudentSectioningXMLLoader> Model successfully loaded.
16-Oct-21 21:14:48.644 [SolverSync] INFO  util.Progress> [Solving problem ...]
16-Oct-21 21:14:48.646 [SolverSync] DEBUG util.Progress> [Initializing solver]
16-Oct-21 21:14:48.653 [SolverSync] INFO  solver.Solver> Using org.cpsolver.ifs.termination.MPPTerminationCondition
16-Oct-21 21:14:48.658 [SolverSync] INFO  solver.Solver> Using org.cpsolver.ifs.solution.MPPSolutionComparator
16-Oct-21 21:14:48.660 [SolverSync] INFO  solver.Solver> Using org.cpsolver.studentsct.heuristics.StudentSctNeighbourSelection
16-Oct-21 21:14:48.671 [SolverSync] INFO  heuristics.StandardNeighbourSelection> Using org.cpsolver.ifs.heuristics.GeneralValueSelection
16-Oct-21 21:14:48.675 [SolverSync] INFO  heuristics.StandardNeighbourSelection> Using org.cpsolver.ifs.heuristics.GeneralVariableSelection
16-Oct-21 21:14:48.677 [SolverSync] INFO  solver.Solver> Using org.cpsolver.ifs.perturbations.DefaultPerturbationsCounter
16-Oct-21 21:14:48.682 [SolverSync] INFO  solver.Solver> Using org.cpsolver.studentsct.extension.StudentConflictStatistics
16-Oct-21 21:14:48.691 [SolverSync] INFO  solver.Solver> Using org.cpsolver.studentsct.extension.DistanceConflict
16-Oct-21 21:14:48.701 [SolverSync] INFO  solver.Solver> Using org.cpsolver.studentsct.extension.TimeOverlapsCounter
16-Oct-21 21:14:48.881 [SolverSync] INFO  solver.Solver> Initial solution:[
      Assigned course requests: 99,94% (6164/6168)
      Assigned course requests (priority students): Normal: 99,94% (6164/6168)
      Assigned variables: 99.94% (6164/6168)
      Iteration: 0
      Overall solution value: -2059.65
      Students with complete schedule: 99.92% (2545/2547)
      Students with complete schedule (priority students): Normal: 99.92% (2545/2547)
      Time: 0.00 min
    ]
16-Oct-21 21:14:48.899 [SolverSync] INFO  util.JProf> Using wall time.
16-Oct-21 21:14:48.919 [Solver-4] INFO  heuristics.RoundRobinNeighbourSelection> Phase changed to 1
16-Oct-21 21:14:48.930 [Solver-4] DEBUG util.Progress>   -- RRq:6164/6168, RS:2545/2547, CR:99,94%, V:2059,65, DC:0, TOC:0, IS:NaN%, IT:NaN%, %:80,87
16-Oct-21 21:14:49.057 [Solver-4] INFO  studentsct.Test> **BEST** RRq:6164/6168, RS:2545/2547, CR:99,94%, V:2059,65, DC:0, TOC:0, IS:NaN%, IT:NaN%, %:80,87, TM:0,000h
16-Oct-21 21:14:49.172 [Solver-4] DEBUG util.Progress> [Assign initial enrollments...]
16-Oct-21 21:14:49.239 [Solver-2] INFO  heuristics.RoundRobinNeighbourSelection> Phase changed to 2
16-Oct-21 21:14:49.246 [Solver-2] DEBUG util.Progress>   -- RRq:6164/6168, RS:2545/2547, CR:99,94%, V:2059,65, DC:0, TOC:0, IS:NaN%, IT:NaN%, %:80,87
16-Oct-21 21:14:49.254 [Solver-2] DEBUG util.Progress> [Critical Courses B&B (priority students)...]
16-Oct-21 21:14:49.259 [Solver-1] INFO  heuristics.RoundRobinNeighbourSelection> Phase changed to 3
16-Oct-21 21:14:49.260 [Solver-1] DEBUG util.Progress>   -- RRq:6164/6168, RS:2545/2547, CR:99,94%, V:2059,65, DC:0, TOC:0, IS:NaN%, IT:NaN%, %:80,87
16-Oct-21 21:14:49.271 [Solver-1] INFO  heuristics.StandardNeighbourSelection> Using org.cpsolver.ifs.heuristics.GeneralValueSelection
16-Oct-21 21:14:49.272 [Solver-1] INFO  heuristics.StandardNeighbourSelection> Using org.cpsolver.ifs.heuristics.GeneralVariableSelection
16-Oct-21 21:14:49.272 [Solver-1] DEBUG util.Progress> [Critical Backtracking (priority students)...]
16-Oct-21 21:14:49.272 [Solver-1] INFO  heuristics.RoundRobinNeighbourSelection> Phase changed to 4
16-Oct-21 21:14:49.273 [Solver-1] DEBUG util.Progress>   -- RRq:6164/6168, RS:2545/2547, CR:99,94%, V:2059,65, DC:0, TOC:0, IS:NaN%, IT:NaN%, %:80,87
16-Oct-21 21:14:49.273 [Solver-1] DEBUG util.Progress> [Critical Ifs (priority students)...]
16-Oct-21 21:14:49.287 [Solver-2] INFO  heuristics.RoundRobinNeighbourSelection> Phase changed to 5
16-Oct-21 21:14:49.288 [Solver-2] DEBUG util.Progress>   -- RRq:6164/6168, RS:2545/2547, CR:99,94%, V:2059,65, DC:0, TOC:0, IS:NaN%, IT:NaN%, %:80,87
16-Oct-21 21:14:49.291 [Solver-2] INFO  heuristics.StandardNeighbourSelection> Using org.cpsolver.ifs.heuristics.GeneralValueSelection
16-Oct-21 21:14:49.292 [Solver-2] INFO  heuristics.StandardNeighbourSelection> Using org.cpsolver.ifs.heuristics.GeneralVariableSelection
16-Oct-21 21:14:49.293 [Solver-2] DEBUG util.Progress> [Critical Backtracking (priority students)...]
16-Oct-21 21:14:49.295 [Solver-2] INFO  heuristics.RoundRobinNeighbourSelection> Phase changed to 6
16-Oct-21 21:14:49.296 [Solver-2] DEBUG util.Progress>   -- RRq:6164/6168, RS:2545/2547, CR:99,94%, V:2059,65, DC:0, TOC:0, IS:NaN%, IT:NaN%, %:80,87
16-Oct-21 21:14:49.308 [Solver-2] DEBUG util.Progress> [Important Courses B&B (priority students)...]
16-Oct-21 21:14:49.309 [Solver-2] INFO  heuristics.RoundRobinNeighbourSelection> Phase changed to 7
16-Oct-21 21:14:49.310 [Solver-2] DEBUG util.Progress>   -- RRq:6164/6168, RS:2545/2547, CR:99,94%, V:2059,65, DC:0, TOC:0, IS:NaN%, IT:NaN%, %:80,87
16-Oct-21 21:14:49.313 [Solver-2] INFO  heuristics.StandardNeighbourSelection> Using org.cpsolver.ifs.heuristics.GeneralValueSelection
16-Oct-21 21:14:49.315 [Solver-2] INFO  heuristics.StandardNeighbourSelection> Using org.cpsolver.ifs.heuristics.GeneralVariableSelection
16-Oct-21 21:14:49.315 [Solver-2] DEBUG util.Progress> [Important Backtracking (priority students)...]
16-Oct-21 21:14:49.316 [Solver-4] INFO  heuristics.RoundRobinNeighbourSelection> Phase changed to 8
16-Oct-21 21:14:49.317 [Solver-4] DEBUG util.Progress>   -- RRq:6164/6168, RS:2545/2547, CR:99,94%, V:2059,65, DC:0, TOC:0, IS:NaN%, IT:NaN%, %:80,87
16-Oct-21 21:14:49.317 [Solver-4] DEBUG util.Progress> [Important Ifs (priority students)...]
16-Oct-21 21:14:49.325 [Solver-4] INFO  heuristics.RoundRobinNeighbourSelection> Phase changed to 9
16-Oct-21 21:14:49.327 [Solver-4] DEBUG util.Progress>   -- RRq:6164/6168, RS:2545/2547, CR:99,94%, V:2059,65, DC:0, TOC:0, IS:NaN%, IT:NaN%, %:80,87
16-Oct-21 21:14:49.331 [Solver-4] INFO  heuristics.StandardNeighbourSelection> Using org.cpsolver.ifs.heuristics.GeneralValueSelection
16-Oct-21 21:14:49.332 [Solver-4] INFO  heuristics.StandardNeighbourSelection> Using org.cpsolver.ifs.heuristics.GeneralVariableSelection
16-Oct-21 21:14:49.332 [Solver-4] DEBUG util.Progress> [Important Backtracking (priority students)...]
16-Oct-21 21:14:49.334 [Solver-4] INFO  heuristics.RoundRobinNeighbourSelection> Phase changed to 10
16-Oct-21 21:14:49.336 [Solver-4] DEBUG util.Progress>   -- RRq:6164/6168, RS:2545/2547, CR:99,94%, V:2059,65, DC:0, TOC:0, IS:NaN%, IT:NaN%, %:80,87
16-Oct-21 21:14:49.390 [Solver-4] DEBUG util.Progress> [Normal Courses B&B (priority students)...]
16-Oct-21 21:14:49.392 [Solver-1] INFO  heuristics.RoundRobinNeighbourSelection> Phase changed to 11
16-Oct-21 21:14:49.398 [Solver-1] DEBUG util.Progress>   -- RRq:6164/6168, RS:2545/2547, CR:99,94%, V:2059,65, DC:0, TOC:0, IS:NaN%, IT:NaN%, %:80,87
16-Oct-21 21:14:49.402 [Solver-1] INFO  heuristics.StandardNeighbourSelection> Using org.cpsolver.ifs.heuristics.GeneralValueSelection
16-Oct-21 21:14:49.402 [Solver-1] INFO  heuristics.StandardNeighbourSelection> Using org.cpsolver.ifs.heuristics.GeneralVariableSelection
16-Oct-21 21:14:49.403 [Solver-1] DEBUG util.Progress> [Normal Backtracking (priority students)...]
16-Oct-21 21:14:49.406 [Solver-2] INFO  heuristics.RoundRobinNeighbourSelection> Phase changed to 12
16-Oct-21 21:14:49.416 [Solver-2] DEBUG util.Progress>   -- RRq:6164/6168, RS:2545/2547, CR:99,94%, V:2059,65, DC:0, TOC:0, IS:NaN%, IT:NaN%, %:80,87
16-Oct-21 21:14:49.416 [Solver-2] DEBUG util.Progress> [Normal Ifs (priority students)...]
16-Oct-21 21:14:49.425 [Solver-2] INFO  heuristics.RoundRobinNeighbourSelection> Phase changed to 13
16-Oct-21 21:14:49.435 [Solver-2] DEBUG util.Progress>   -- RRq:6164/6168, RS:2545/2547, CR:99,94%, V:2059,65, DC:0, TOC:0, IS:NaN%, IT:NaN%, %:80,87
16-Oct-21 21:14:49.437 [Solver-2] INFO  heuristics.StandardNeighbourSelection> Using org.cpsolver.ifs.heuristics.GeneralValueSelection
16-Oct-21 21:14:49.439 [Solver-2] INFO  heuristics.StandardNeighbourSelection> Using org.cpsolver.ifs.heuristics.GeneralVariableSelection
16-Oct-21 21:14:49.439 [Solver-2] DEBUG util.Progress> [Normal Backtracking (priority students)...]
16-Oct-21 21:14:49.450 [Solver-1] INFO  heuristics.RoundRobinNeighbourSelection> Phase changed to 14
16-Oct-21 21:14:49.452 [Solver-1] DEBUG util.Progress>   -- RRq:6164/6168, RS:2545/2547, CR:99,94%, V:2059,65, DC:0, TOC:0, IS:NaN%, IT:NaN%, %:80,87
16-Oct-21 21:14:49.454 [Solver-1] DEBUG util.Progress> [Critical Courses B&B (senior students)...]
16-Oct-21 21:14:49.456 [Solver-1] INFO  heuristics.RoundRobinNeighbourSelection> Phase changed to 15
16-Oct-21 21:14:49.456 [Solver-1] DEBUG util.Progress>   -- RRq:6164/6168, RS:2545/2547, CR:99,94%, V:2059,65, DC:0, TOC:0, IS:NaN%, IT:NaN%, %:80,87
16-Oct-21 21:14:49.466 [Solver-1] INFO  heuristics.StandardNeighbourSelection> Using org.cpsolver.ifs.heuristics.GeneralValueSelection
16-Oct-21 21:14:49.467 [Solver-1] INFO  heuristics.StandardNeighbourSelection> Using org.cpsolver.ifs.heuristics.GeneralVariableSelection
16-Oct-21 21:14:49.469 [Solver-1] DEBUG util.Progress> [Critical Backtracking (senior students)...]
16-Oct-21 21:14:49.469 [Solver-1] INFO  heuristics.RoundRobinNeighbourSelection> Phase changed to 16
16-Oct-21 21:14:49.469 [Solver-1] DEBUG util.Progress>   -- RRq:6164/6168, RS:2545/2547, CR:99,94%, V:2059,65, DC:0, TOC:0, IS:NaN%, IT:NaN%, %:80,87
16-Oct-21 21:14:49.469 [Solver-1] DEBUG util.Progress> [Critical Ifs (senior students)...]
16-Oct-21 21:14:49.485 [Solver-2] INFO  heuristics.RoundRobinNeighbourSelection> Phase changed to 17
16-Oct-21 21:14:49.485 [Solver-2] DEBUG util.Progress>   -- RRq:6164/6168, RS:2545/2547, CR:99,94%, V:2059,65, DC:0, TOC:0, IS:NaN%, IT:NaN%, %:80,87
16-Oct-21 21:14:49.489 [Solver-2] INFO  heuristics.StandardNeighbourSelection> Using org.cpsolver.ifs.heuristics.GeneralValueSelection
16-Oct-21 21:14:49.496 [Solver-2] INFO  heuristics.StandardNeighbourSelection> Using org.cpsolver.ifs.heuristics.GeneralVariableSelection
16-Oct-21 21:14:49.496 [Solver-2] DEBUG util.Progress> [Critical Backtracking (senior students)...]
16-Oct-21 21:14:49.500 [Solver-3] INFO  heuristics.RoundRobinNeighbourSelection> Phase changed to 18
16-Oct-21 21:14:49.501 [Solver-3] DEBUG util.Progress>   -- RRq:6164/6168, RS:2545/2547, CR:99,94%, V:2059,65, DC:0, TOC:0, IS:NaN%, IT:NaN%, %:80,87
16-Oct-21 21:14:49.503 [Solver-3] DEBUG util.Progress> [Important Courses B&B (senior students)...]
16-Oct-21 21:14:49.504 [Solver-3] INFO  heuristics.RoundRobinNeighbourSelection> Phase changed to 19
16-Oct-21 21:14:49.505 [Solver-3] DEBUG util.Progress>   -- RRq:6164/6168, RS:2545/2547, CR:99,94%, V:2059,65, DC:0, TOC:0, IS:NaN%, IT:NaN%, %:80,87
16-Oct-21 21:14:49.506 [Solver-3] INFO  heuristics.StandardNeighbourSelection> Using org.cpsolver.ifs.heuristics.GeneralValueSelection
16-Oct-21 21:14:49.506 [Solver-3] INFO  heuristics.StandardNeighbourSelection> Using org.cpsolver.ifs.heuristics.GeneralVariableSelection
16-Oct-21 21:14:49.506 [Solver-3] DEBUG util.Progress> [Important Backtracking (senior students)...]
16-Oct-21 21:14:49.507 [Solver-4] INFO  heuristics.RoundRobinNeighbourSelection> Phase changed to 20
16-Oct-21 21:14:49.507 [Solver-4] DEBUG util.Progress>   -- RRq:6164/6168, RS:2545/2547, CR:99,94%, V:2059,65, DC:0, TOC:0, IS:NaN%, IT:NaN%, %:80,87
16-Oct-21 21:14:49.508 [Solver-4] DEBUG util.Progress> [Important Ifs (senior students)...]
16-Oct-21 21:14:49.514 [Solver-3] INFO  heuristics.RoundRobinNeighbourSelection> Phase changed to 21
16-Oct-21 21:14:49.515 [Solver-3] DEBUG util.Progress>   -- RRq:6164/6168, RS:2545/2547, CR:99,94%, V:2059,65, DC:0, TOC:0, IS:NaN%, IT:NaN%, %:80,87
16-Oct-21 21:14:49.516 [Solver-3] INFO  heuristics.StandardNeighbourSelection> Using org.cpsolver.ifs.heuristics.GeneralValueSelection
16-Oct-21 21:14:49.516 [Solver-3] INFO  heuristics.StandardNeighbourSelection> Using org.cpsolver.ifs.heuristics.GeneralVariableSelection
16-Oct-21 21:14:49.517 [Solver-3] DEBUG util.Progress> [Important Backtracking (senior students)...]
16-Oct-21 21:14:49.517 [Solver-3] INFO  heuristics.RoundRobinNeighbourSelection> Phase changed to 22
16-Oct-21 21:14:49.517 [Solver-3] DEBUG util.Progress>   -- RRq:6164/6168, RS:2545/2547, CR:99,94%, V:2059,65, DC:0, TOC:0, IS:NaN%, IT:NaN%, %:80,87
16-Oct-21 21:14:49.532 [Solver-3] DEBUG util.Progress> [Normal Courses B&B (senior students)...]
16-Oct-21 21:14:49.533 [Solver-3] INFO  heuristics.RoundRobinNeighbourSelection> Phase changed to 23
16-Oct-21 21:14:49.534 [Solver-3] DEBUG util.Progress>   -- RRq:6164/6168, RS:2545/2547, CR:99,94%, V:2059,65, DC:0, TOC:0, IS:NaN%, IT:NaN%, %:80,87
16-Oct-21 21:14:49.535 [Solver-3] INFO  heuristics.StandardNeighbourSelection> Using org.cpsolver.ifs.heuristics.GeneralValueSelection
16-Oct-21 21:14:49.535 [Solver-3] INFO  heuristics.StandardNeighbourSelection> Using org.cpsolver.ifs.heuristics.GeneralVariableSelection
16-Oct-21 21:14:49.535 [Solver-3] DEBUG util.Progress> [Normal Backtracking (senior students)...]
16-Oct-21 21:14:49.536 [Solver-1] INFO  heuristics.RoundRobinNeighbourSelection> Phase changed to 24
16-Oct-21 21:14:49.536 [Solver-1] DEBUG util.Progress>   -- RRq:6164/6168, RS:2545/2547, CR:99,94%, V:2059,65, DC:0, TOC:0, IS:NaN%, IT:NaN%, %:80,87
16-Oct-21 21:14:49.536 [Solver-1] DEBUG util.Progress> [Normal Ifs (senior students)...]
16-Oct-21 21:14:49.541 [Solver-1] INFO  heuristics.RoundRobinNeighbourSelection> Phase changed to 25
16-Oct-21 21:14:49.542 [Solver-1] DEBUG util.Progress>   -- RRq:6164/6168, RS:2545/2547, CR:99,94%, V:2059,65, DC:0, TOC:0, IS:NaN%, IT:NaN%, %:80,87
16-Oct-21 21:14:49.543 [Solver-1] INFO  heuristics.StandardNeighbourSelection> Using org.cpsolver.ifs.heuristics.GeneralValueSelection
16-Oct-21 21:14:49.544 [Solver-1] INFO  heuristics.StandardNeighbourSelection> Using org.cpsolver.ifs.heuristics.GeneralVariableSelection
16-Oct-21 21:14:49.544 [Solver-1] DEBUG util.Progress> [Normal Backtracking (senior students)...]
16-Oct-21 21:14:49.545 [Solver-4] INFO  heuristics.RoundRobinNeighbourSelection> Phase changed to 26
16-Oct-21 21:14:49.546 [Solver-4] DEBUG util.Progress>   -- RRq:6164/6168, RS:2545/2547, CR:99,94%, V:2059,65, DC:0, TOC:0, IS:NaN%, IT:NaN%, %:80,87
16-Oct-21 21:14:49.551 [Solver-4] DEBUG util.Progress> [Critical Courses B&B (junior students)...]
16-Oct-21 21:14:49.553 [Solver-4] INFO  heuristics.RoundRobinNeighbourSelection> Phase changed to 27
16-Oct-21 21:14:49.554 [Solver-4] DEBUG util.Progress>   -- RRq:6164/6168, RS:2545/2547, CR:99,94%, V:2059,65, DC:0, TOC:0, IS:NaN%, IT:NaN%, %:80,87
16-Oct-21 21:14:49.555 [Solver-4] INFO  heuristics.StandardNeighbourSelection> Using org.cpsolver.ifs.heuristics.GeneralValueSelection
16-Oct-21 21:14:49.557 [Solver-4] INFO  heuristics.StandardNeighbourSelection> Using org.cpsolver.ifs.heuristics.GeneralVariableSelection
16-Oct-21 21:14:49.558 [Solver-4] DEBUG util.Progress> [Critical Backtracking (junior students)...]
16-Oct-21 21:14:49.558 [Solver-4] INFO  heuristics.RoundRobinNeighbourSelection> Phase changed to 28
16-Oct-21 21:14:49.558 [Solver-4] DEBUG util.Progress>   -- RRq:6164/6168, RS:2545/2547, CR:99,94%, V:2059,65, DC:0, TOC:0, IS:NaN%, IT:NaN%, %:80,87
16-Oct-21 21:14:49.559 [Solver-4] DEBUG util.Progress> [Critical Ifs (junior students)...]
16-Oct-21 21:14:49.567 [Solver-4] INFO  heuristics.RoundRobinNeighbourSelection> Phase changed to 29
16-Oct-21 21:14:49.568 [Solver-4] DEBUG util.Progress>   -- RRq:6164/6168, RS:2545/2547, CR:99,94%, V:2059,65, DC:0, TOC:0, IS:NaN%, IT:NaN%, %:80,87
16-Oct-21 21:14:49.569 [Solver-4] INFO  heuristics.StandardNeighbourSelection> Using org.cpsolver.ifs.heuristics.GeneralValueSelection
16-Oct-21 21:14:49.569 [Solver-4] INFO  heuristics.StandardNeighbourSelection> Using org.cpsolver.ifs.heuristics.GeneralVariableSelection
16-Oct-21 21:14:49.569 [Solver-4] DEBUG util.Progress> [Critical Backtracking (junior students)...]
16-Oct-21 21:14:49.570 [Solver-1] INFO  heuristics.RoundRobinNeighbourSelection> Phase changed to 30
16-Oct-21 21:14:49.570 [Solver-1] DEBUG util.Progress>   -- RRq:6164/6168, RS:2545/2547, CR:99,94%, V:2059,65, DC:0, TOC:0, IS:NaN%, IT:NaN%, %:80,87
16-Oct-21 21:14:49.573 [Solver-1] DEBUG util.Progress> [Important Courses B&B (junior students)...]
16-Oct-21 21:14:49.573 [Solver-1] INFO  heuristics.RoundRobinNeighbourSelection> Phase changed to 31
16-Oct-21 21:14:49.574 [Solver-1] DEBUG util.Progress>   -- RRq:6164/6168, RS:2545/2547, CR:99,94%, V:2059,65, DC:0, TOC:0, IS:NaN%, IT:NaN%, %:80,87
16-Oct-21 21:14:49.575 [Solver-1] INFO  heuristics.StandardNeighbourSelection> Using org.cpsolver.ifs.heuristics.GeneralValueSelection
16-Oct-21 21:14:49.579 [Solver-1] INFO  heuristics.StandardNeighbourSelection> Using org.cpsolver.ifs.heuristics.GeneralVariableSelection
16-Oct-21 21:14:49.580 [Solver-1] DEBUG util.Progress> [Important Backtracking (junior students)...]
16-Oct-21 21:14:49.581 [Solver-4] INFO  heuristics.RoundRobinNeighbourSelection> Phase changed to 32
16-Oct-21 21:14:49.581 [Solver-4] DEBUG util.Progress>   -- RRq:6164/6168, RS:2545/2547, CR:99,94%, V:2059,65, DC:0, TOC:0, IS:NaN%, IT:NaN%, %:80,87
16-Oct-21 21:14:49.581 [Solver-4] DEBUG util.Progress> [Important Ifs (junior students)...]
16-Oct-21 21:14:49.583 [Solver-2] INFO  heuristics.RoundRobinNeighbourSelection> Phase changed to 33
16-Oct-21 21:14:49.584 [Solver-2] DEBUG util.Progress>   -- RRq:6164/6168, RS:2545/2547, CR:99,94%, V:2059,65, DC:0, TOC:0, IS:NaN%, IT:NaN%, %:80,87
16-Oct-21 21:14:49.585 [Solver-2] INFO  heuristics.StandardNeighbourSelection> Using org.cpsolver.ifs.heuristics.GeneralValueSelection
16-Oct-21 21:14:49.585 [Solver-2] INFO  heuristics.StandardNeighbourSelection> Using org.cpsolver.ifs.heuristics.GeneralVariableSelection
16-Oct-21 21:14:49.585 [Solver-2] DEBUG util.Progress> [Important Backtracking (junior students)...]
16-Oct-21 21:14:49.586 [Solver-4] INFO  heuristics.RoundRobinNeighbourSelection> Phase changed to 34
16-Oct-21 21:14:49.586 [Solver-4] DEBUG util.Progress>   -- RRq:6164/6168, RS:2545/2547, CR:99,94%, V:2059,65, DC:0, TOC:0, IS:NaN%, IT:NaN%, %:80,87
16-Oct-21 21:14:49.597 [Solver-4] DEBUG util.Progress> [Normal Courses B&B (junior students)...]
16-Oct-21 21:14:49.599 [Solver-4] INFO  heuristics.RoundRobinNeighbourSelection> Phase changed to 35
16-Oct-21 21:14:49.599 [Solver-4] DEBUG util.Progress>   -- RRq:6164/6168, RS:2545/2547, CR:99,94%, V:2059,65, DC:0, TOC:0, IS:NaN%, IT:NaN%, %:80,87
16-Oct-21 21:14:49.600 [Solver-4] INFO  heuristics.StandardNeighbourSelection> Using org.cpsolver.ifs.heuristics.GeneralValueSelection
16-Oct-21 21:14:49.601 [Solver-4] INFO  heuristics.StandardNeighbourSelection> Using org.cpsolver.ifs.heuristics.GeneralVariableSelection
16-Oct-21 21:14:49.617 [Solver-4] DEBUG util.Progress> [Normal Backtracking (junior students)...]
16-Oct-21 21:14:49.618 [Solver-4] INFO  heuristics.RoundRobinNeighbourSelection> Phase changed to 36
16-Oct-21 21:14:49.619 [Solver-4] DEBUG util.Progress>   -- RRq:6164/6168, RS:2545/2547, CR:99,94%, V:2059,65, DC:0, TOC:0, IS:NaN%, IT:NaN%, %:80,87
16-Oct-21 21:14:49.620 [Solver-4] DEBUG util.Progress> [Normal Ifs (junior students)...]
16-Oct-21 21:14:49.629 [Solver-1] INFO  heuristics.RoundRobinNeighbourSelection> Phase changed to 37
16-Oct-21 21:14:49.630 [Solver-1] DEBUG util.Progress>   -- RRq:6164/6168, RS:2545/2547, CR:99,94%, V:2059,65, DC:0, TOC:0, IS:NaN%, IT:NaN%, %:80,87
16-Oct-21 21:14:49.633 [Solver-1] INFO  heuristics.StandardNeighbourSelection> Using org.cpsolver.ifs.heuristics.GeneralValueSelection
16-Oct-21 21:14:49.633 [Solver-1] INFO  heuristics.StandardNeighbourSelection> Using org.cpsolver.ifs.heuristics.GeneralVariableSelection
16-Oct-21 21:14:49.634 [Solver-1] DEBUG util.Progress> [Normal Backtracking (junior students)...]
16-Oct-21 21:14:49.638 [Solver-4] INFO  heuristics.RoundRobinNeighbourSelection> Phase changed to 38
16-Oct-21 21:14:49.642 [Solver-4] DEBUG util.Progress>   -- RRq:6164/6168, RS:2545/2547, CR:99,94%, V:2059,65, DC:0, TOC:0, IS:NaN%, IT:NaN%, %:80,87
16-Oct-21 21:14:49.648 [Solver-4] DEBUG util.Progress> [Critical Courses B&B (sophomore students)...]
16-Oct-21 21:14:49.649 [Solver-4] INFO  heuristics.RoundRobinNeighbourSelection> Phase changed to 39
16-Oct-21 21:14:49.649 [Solver-4] DEBUG util.Progress>   -- RRq:6164/6168, RS:2545/2547, CR:99,94%, V:2059,65, DC:0, TOC:0, IS:NaN%, IT:NaN%, %:80,87
16-Oct-21 21:14:49.650 [Solver-4] INFO  heuristics.StandardNeighbourSelection> Using org.cpsolver.ifs.heuristics.GeneralValueSelection
16-Oct-21 21:14:49.650 [Solver-4] INFO  heuristics.StandardNeighbourSelection> Using org.cpsolver.ifs.heuristics.GeneralVariableSelection
16-Oct-21 21:14:49.650 [Solver-4] DEBUG util.Progress> [Critical Backtracking (sophomore students)...]
16-Oct-21 21:14:49.652 [Solver-4] INFO  heuristics.RoundRobinNeighbourSelection> Phase changed to 40
16-Oct-21 21:14:49.653 [Solver-4] DEBUG util.Progress>   -- RRq:6164/6168, RS:2545/2547, CR:99,94%, V:2059,65, DC:0, TOC:0, IS:NaN%, IT:NaN%, %:80,87
16-Oct-21 21:14:49.653 [Solver-4] DEBUG util.Progress> [Critical Ifs (sophomore students)...]
16-Oct-21 21:14:49.656 [Solver-2] INFO  heuristics.RoundRobinNeighbourSelection> Phase changed to 41
16-Oct-21 21:14:49.657 [Solver-2] DEBUG util.Progress>   -- RRq:6164/6168, RS:2545/2547, CR:99,94%, V:2059,65, DC:0, TOC:0, IS:NaN%, IT:NaN%, %:80,87
16-Oct-21 21:14:49.659 [Solver-2] INFO  heuristics.StandardNeighbourSelection> Using org.cpsolver.ifs.heuristics.GeneralValueSelection
16-Oct-21 21:14:49.659 [Solver-2] INFO  heuristics.StandardNeighbourSelection> Using org.cpsolver.ifs.heuristics.GeneralVariableSelection
16-Oct-21 21:14:49.660 [Solver-2] DEBUG util.Progress> [Critical Backtracking (sophomore students)...]
16-Oct-21 21:14:49.662 [Solver-3] INFO  heuristics.RoundRobinNeighbourSelection> Phase changed to 42
16-Oct-21 21:14:49.663 [Solver-3] DEBUG util.Progress>   -- RRq:6164/6168, RS:2545/2547, CR:99,94%, V:2059,65, DC:0, TOC:0, IS:NaN%, IT:NaN%, %:80,87
16-Oct-21 21:14:49.666 [Solver-3] DEBUG util.Progress> [Important Courses B&B (sophomore students)...]
16-Oct-21 21:14:49.669 [Solver-3] INFO  heuristics.RoundRobinNeighbourSelection> Phase changed to 43
16-Oct-21 21:14:49.670 [Solver-3] DEBUG util.Progress>   -- RRq:6164/6168, RS:2545/2547, CR:99,94%, V:2059,65, DC:0, TOC:0, IS:NaN%, IT:NaN%, %:80,87
16-Oct-21 21:14:49.671 [Solver-3] INFO  heuristics.StandardNeighbourSelection> Using org.cpsolver.ifs.heuristics.GeneralValueSelection
16-Oct-21 21:14:49.671 [Solver-3] INFO  heuristics.StandardNeighbourSelection> Using org.cpsolver.ifs.heuristics.GeneralVariableSelection
16-Oct-21 21:14:49.671 [Solver-3] DEBUG util.Progress> [Important Backtracking (sophomore students)...]
16-Oct-21 21:14:49.672 [Solver-1] INFO  heuristics.RoundRobinNeighbourSelection> Phase changed to 44
16-Oct-21 21:14:49.672 [Solver-1] DEBUG util.Progress>   -- RRq:6164/6168, RS:2545/2547, CR:99,94%, V:2059,65, DC:0, TOC:0, IS:NaN%, IT:NaN%, %:80,87
16-Oct-21 21:14:49.672 [Solver-1] DEBUG util.Progress> [Important Ifs (sophomore students)...]
16-Oct-21 21:14:49.679 [Solver-1] INFO  heuristics.RoundRobinNeighbourSelection> Phase changed to 45
16-Oct-21 21:14:49.681 [Solver-1] DEBUG util.Progress>   -- RRq:6164/6168, RS:2545/2547, CR:99,94%, V:2059,65, DC:0, TOC:0, IS:NaN%, IT:NaN%, %:80,87
16-Oct-21 21:14:49.681 [Solver-1] INFO  heuristics.StandardNeighbourSelection> Using org.cpsolver.ifs.heuristics.GeneralValueSelection
16-Oct-21 21:14:49.681 [Solver-1] INFO  heuristics.StandardNeighbourSelection> Using org.cpsolver.ifs.heuristics.GeneralVariableSelection
16-Oct-21 21:14:49.681 [Solver-1] DEBUG util.Progress> [Important Backtracking (sophomore students)...]
16-Oct-21 21:14:49.682 [Solver-2] INFO  heuristics.RoundRobinNeighbourSelection> Phase changed to 46
16-Oct-21 21:14:49.682 [Solver-2] DEBUG util.Progress>   -- RRq:6164/6168, RS:2545/2547, CR:99,94%, V:2059,65, DC:0, TOC:0, IS:NaN%, IT:NaN%, %:80,87
16-Oct-21 21:14:49.696 [Solver-2] DEBUG util.Progress> [Normal Courses B&B (sophomore students)...]
16-Oct-21 21:14:49.700 [Solver-2] INFO  heuristics.RoundRobinNeighbourSelection> Phase changed to 47
16-Oct-21 21:14:49.700 [Solver-2] DEBUG util.Progress>   -- RRq:6164/6168, RS:2545/2547, CR:99,94%, V:2059,65, DC:0, TOC:0, IS:NaN%, IT:NaN%, %:80,87
16-Oct-21 21:14:49.702 [Solver-2] INFO  heuristics.StandardNeighbourSelection> Using org.cpsolver.ifs.heuristics.GeneralValueSelection
16-Oct-21 21:14:49.702 [Solver-2] INFO  heuristics.StandardNeighbourSelection> Using org.cpsolver.ifs.heuristics.GeneralVariableSelection
16-Oct-21 21:14:49.702 [Solver-2] DEBUG util.Progress> [Normal Backtracking (sophomore students)...]
16-Oct-21 21:14:49.702 [Solver-2] INFO  heuristics.RoundRobinNeighbourSelection> Phase changed to 48
16-Oct-21 21:14:49.703 [Solver-2] DEBUG util.Progress>   -- RRq:6164/6168, RS:2545/2547, CR:99,94%, V:2059,65, DC:0, TOC:0, IS:NaN%, IT:NaN%, %:80,87
16-Oct-21 21:14:49.704 [Solver-2] DEBUG util.Progress> [Normal Ifs (sophomore students)...]
16-Oct-21 21:14:49.709 [Solver-2] INFO  heuristics.RoundRobinNeighbourSelection> Phase changed to 49
16-Oct-21 21:14:49.709 [Solver-2] DEBUG util.Progress>   -- RRq:6164/6168, RS:2545/2547, CR:99,94%, V:2059,65, DC:0, TOC:0, IS:NaN%, IT:NaN%, %:80,87
16-Oct-21 21:14:49.711 [Solver-2] INFO  heuristics.StandardNeighbourSelection> Using org.cpsolver.ifs.heuristics.GeneralValueSelection
16-Oct-21 21:14:49.711 [Solver-2] INFO  heuristics.StandardNeighbourSelection> Using org.cpsolver.ifs.heuristics.GeneralVariableSelection
16-Oct-21 21:14:49.711 [Solver-2] DEBUG util.Progress> [Normal Backtracking (sophomore students)...]
16-Oct-21 21:14:49.713 [Solver-1] INFO  heuristics.RoundRobinNeighbourSelection> Phase changed to 50
16-Oct-21 21:14:49.713 [Solver-1] DEBUG util.Progress>   -- RRq:6164/6168, RS:2545/2547, CR:99,94%, V:2059,65, DC:0, TOC:0, IS:NaN%, IT:NaN%, %:80,87
16-Oct-21 21:14:49.714 [Solver-1] DEBUG util.Progress> [Critical Courses B&B (frehmen students)...]
16-Oct-21 21:14:49.715 [Solver-1] INFO  heuristics.RoundRobinNeighbourSelection> Phase changed to 51
16-Oct-21 21:14:49.715 [Solver-1] DEBUG util.Progress>   -- RRq:6164/6168, RS:2545/2547, CR:99,94%, V:2059,65, DC:0, TOC:0, IS:NaN%, IT:NaN%, %:80,87
16-Oct-21 21:14:49.716 [Solver-1] INFO  heuristics.StandardNeighbourSelection> Using org.cpsolver.ifs.heuristics.GeneralValueSelection
16-Oct-21 21:14:49.717 [Solver-1] INFO  heuristics.StandardNeighbourSelection> Using org.cpsolver.ifs.heuristics.GeneralVariableSelection
16-Oct-21 21:14:49.717 [Solver-1] DEBUG util.Progress> [Critical Backtracking (frehmen students)...]
16-Oct-21 21:14:49.717 [Solver-1] INFO  heuristics.RoundRobinNeighbourSelection> Phase changed to 52
16-Oct-21 21:14:49.718 [Solver-1] DEBUG util.Progress>   -- RRq:6164/6168, RS:2545/2547, CR:99,94%, V:2059,65, DC:0, TOC:0, IS:NaN%, IT:NaN%, %:80,87
16-Oct-21 21:14:49.718 [Solver-1] DEBUG util.Progress> [Critical Ifs (frehmen students)...]
16-Oct-21 21:14:49.720 [Solver-4] INFO  heuristics.RoundRobinNeighbourSelection> Phase changed to 53
16-Oct-21 21:14:49.720 [Solver-4] DEBUG util.Progress>   -- RRq:6164/6168, RS:2545/2547, CR:99,94%, V:2059,65, DC:0, TOC:0, IS:NaN%, IT:NaN%, %:80,87
16-Oct-21 21:14:49.721 [Solver-4] INFO  heuristics.StandardNeighbourSelection> Using org.cpsolver.ifs.heuristics.GeneralValueSelection
16-Oct-21 21:14:49.721 [Solver-4] INFO  heuristics.StandardNeighbourSelection> Using org.cpsolver.ifs.heuristics.GeneralVariableSelection
16-Oct-21 21:14:49.721 [Solver-4] DEBUG util.Progress> [Critical Backtracking (frehmen students)...]
16-Oct-21 21:14:49.721 [Solver-3] INFO  heuristics.RoundRobinNeighbourSelection> Phase changed to 54
16-Oct-21 21:14:49.721 [Solver-3] DEBUG util.Progress>   -- RRq:6164/6168, RS:2545/2547, CR:99,94%, V:2059,65, DC:0, TOC:0, IS:NaN%, IT:NaN%, %:80,87
16-Oct-21 21:14:49.723 [Solver-3] DEBUG util.Progress> [Important Courses B&B (frehmen students)...]
16-Oct-21 21:14:49.723 [Solver-4] INFO  heuristics.RoundRobinNeighbourSelection> Phase changed to 55
16-Oct-21 21:14:49.723 [Solver-4] DEBUG util.Progress>   -- RRq:6164/6168, RS:2545/2547, CR:99,94%, V:2059,65, DC:0, TOC:0, IS:NaN%, IT:NaN%, %:80,87
16-Oct-21 21:14:49.724 [Solver-4] INFO  heuristics.StandardNeighbourSelection> Using org.cpsolver.ifs.heuristics.GeneralValueSelection
16-Oct-21 21:14:49.725 [Solver-4] INFO  heuristics.StandardNeighbourSelection> Using org.cpsolver.ifs.heuristics.GeneralVariableSelection
16-Oct-21 21:14:49.725 [Solver-4] DEBUG util.Progress> [Important Backtracking (frehmen students)...]
16-Oct-21 21:14:49.725 [Solver-3] INFO  heuristics.RoundRobinNeighbourSelection> Phase changed to 56
16-Oct-21 21:14:49.725 [Solver-3] DEBUG util.Progress>   -- RRq:6164/6168, RS:2545/2547, CR:99,94%, V:2059,65, DC:0, TOC:0, IS:NaN%, IT:NaN%, %:80,87
16-Oct-21 21:14:49.726 [Solver-3] DEBUG util.Progress> [Important Ifs (frehmen students)...]
16-Oct-21 21:14:49.730 [Solver-3] INFO  heuristics.RoundRobinNeighbourSelection> Phase changed to 57
16-Oct-21 21:14:49.730 [Solver-3] DEBUG util.Progress>   -- RRq:6164/6168, RS:2545/2547, CR:99,94%, V:2059,65, DC:0, TOC:0, IS:NaN%, IT:NaN%, %:80,87
16-Oct-21 21:14:49.732 [Solver-3] INFO  heuristics.StandardNeighbourSelection> Using org.cpsolver.ifs.heuristics.GeneralValueSelection
16-Oct-21 21:14:49.732 [Solver-3] INFO  heuristics.StandardNeighbourSelection> Using org.cpsolver.ifs.heuristics.GeneralVariableSelection
16-Oct-21 21:14:49.732 [Solver-3] DEBUG util.Progress> [Important Backtracking (frehmen students)...]
16-Oct-21 21:14:49.733 [Solver-1] INFO  heuristics.RoundRobinNeighbourSelection> Phase changed to 58
16-Oct-21 21:14:49.733 [Solver-1] DEBUG util.Progress>   -- RRq:6164/6168, RS:2545/2547, CR:99,94%, V:2059,65, DC:0, TOC:0, IS:NaN%, IT:NaN%, %:80,87
16-Oct-21 21:14:49.744 [Solver-1] DEBUG util.Progress> [Normal Courses B&B (frehmen students)...]
16-Oct-21 21:14:49.745 [Solver-1] INFO  heuristics.RoundRobinNeighbourSelection> Phase changed to 59
16-Oct-21 21:14:49.746 [Solver-1] DEBUG util.Progress>   -- RRq:6164/6168, RS:2545/2547, CR:99,94%, V:2059,65, DC:0, TOC:0, IS:NaN%, IT:NaN%, %:80,87
16-Oct-21 21:14:49.746 [Solver-1] INFO  heuristics.StandardNeighbourSelection> Using org.cpsolver.ifs.heuristics.GeneralValueSelection
16-Oct-21 21:14:49.747 [Solver-1] INFO  heuristics.StandardNeighbourSelection> Using org.cpsolver.ifs.heuristics.GeneralVariableSelection
16-Oct-21 21:14:49.747 [Solver-1] DEBUG util.Progress> [Normal Backtracking (frehmen students)...]
16-Oct-21 21:14:49.748 [Solver-4] INFO  heuristics.RoundRobinNeighbourSelection> Phase changed to 60
16-Oct-21 21:14:49.750 [Solver-4] DEBUG util.Progress>   -- RRq:6164/6168, RS:2545/2547, CR:99,94%, V:2059,65, DC:0, TOC:0, IS:NaN%, IT:NaN%, %:80,87
16-Oct-21 21:14:49.750 [Solver-4] DEBUG util.Progress> [Normal Ifs (frehmen students)...]
16-Oct-21 21:14:49.753 [Solver-4] INFO  heuristics.RoundRobinNeighbourSelection> Phase changed to 61
16-Oct-21 21:14:49.754 [Solver-4] DEBUG util.Progress>   -- RRq:6164/6168, RS:2545/2547, CR:99,94%, V:2059,65, DC:0, TOC:0, IS:NaN%, IT:NaN%, %:80,87
16-Oct-21 21:14:49.755 [Solver-4] INFO  heuristics.StandardNeighbourSelection> Using org.cpsolver.ifs.heuristics.GeneralValueSelection
16-Oct-21 21:14:49.755 [Solver-4] INFO  heuristics.StandardNeighbourSelection> Using org.cpsolver.ifs.heuristics.GeneralVariableSelection
16-Oct-21 21:14:49.756 [Solver-4] DEBUG util.Progress> [Normal Backtracking (frehmen students)...]
16-Oct-21 21:14:49.756 [Solver-1] INFO  heuristics.RoundRobinNeighbourSelection> Phase changed to 62
16-Oct-21 21:14:49.756 [Solver-1] DEBUG util.Progress>   -- RRq:6164/6168, RS:2545/2547, CR:99,94%, V:2059,65, DC:0, TOC:0, IS:NaN%, IT:NaN%, %:80,87
16-Oct-21 21:14:49.759 [Solver-1] DEBUG util.Progress> [Critical Courses B&B...]
16-Oct-21 21:14:49.771 [Solver-2] INFO  heuristics.RoundRobinNeighbourSelection> Phase changed to 63
16-Oct-21 21:14:49.772 [Solver-2] DEBUG util.Progress>   -- RRq:6164/6168, RS:2545/2547, CR:99,94%, V:2059,65, DC:0, TOC:0, IS:NaN%, IT:NaN%, %:80,87
16-Oct-21 21:14:49.773 [Solver-2] INFO  heuristics.StandardNeighbourSelection> Using org.cpsolver.ifs.heuristics.GeneralValueSelection
16-Oct-21 21:14:49.774 [Solver-2] INFO  heuristics.StandardNeighbourSelection> Using org.cpsolver.ifs.heuristics.GeneralVariableSelection
16-Oct-21 21:14:49.774 [Solver-2] DEBUG util.Progress> [Critical Backtracking...]
16-Oct-21 21:14:49.774 [Solver-4] INFO  heuristics.RoundRobinNeighbourSelection> Phase changed to 64
16-Oct-21 21:14:49.775 [Solver-4] DEBUG util.Progress>   -- RRq:6164/6168, RS:2545/2547, CR:99,94%, V:2059,65, DC:0, TOC:0, IS:NaN%, IT:NaN%, %:80,87
16-Oct-21 21:14:49.775 [Solver-4] DEBUG util.Progress> [Critical Ifs...]
16-Oct-21 21:14:49.789 [Solver-2] INFO  heuristics.RoundRobinNeighbourSelection> Phase changed to 65
16-Oct-21 21:14:49.789 [Solver-2] DEBUG util.Progress>   -- RRq:6164/6168, RS:2545/2547, CR:99,94%, V:2059,65, DC:0, TOC:0, IS:NaN%, IT:NaN%, %:80,87
16-Oct-21 21:14:49.790 [Solver-2] INFO  heuristics.StandardNeighbourSelection> Using org.cpsolver.ifs.heuristics.GeneralValueSelection
16-Oct-21 21:14:49.790 [Solver-2] INFO  heuristics.StandardNeighbourSelection> Using org.cpsolver.ifs.heuristics.GeneralVariableSelection
16-Oct-21 21:14:49.790 [Solver-2] DEBUG util.Progress> [Critical Backtracking...]
16-Oct-21 21:14:49.791 [Solver-3] INFO  heuristics.RoundRobinNeighbourSelection> Phase changed to 66
16-Oct-21 21:14:49.791 [Solver-3] DEBUG util.Progress>   -- RRq:6164/6168, RS:2545/2547, CR:99,94%, V:2059,65, DC:0, TOC:0, IS:NaN%, IT:NaN%, %:80,87
16-Oct-21 21:14:49.792 [Solver-3] DEBUG util.Progress> [Important Courses B&B...]
16-Oct-21 21:14:49.823 [Solver-2] INFO  heuristics.RoundRobinNeighbourSelection> Phase changed to 67
16-Oct-21 21:14:49.823 [Solver-2] DEBUG util.Progress>   -- RRq:6164/6168, RS:2545/2547, CR:99,94%, V:2059,65, DC:0, TOC:0, IS:NaN%, IT:NaN%, %:80,87
16-Oct-21 21:14:49.824 [Solver-2] INFO  heuristics.StandardNeighbourSelection> Using org.cpsolver.ifs.heuristics.GeneralValueSelection
16-Oct-21 21:14:49.825 [Solver-2] INFO  heuristics.StandardNeighbourSelection> Using org.cpsolver.ifs.heuristics.GeneralVariableSelection
16-Oct-21 21:14:49.825 [Solver-2] DEBUG util.Progress> [Important Backtracking...]
16-Oct-21 21:14:49.825 [Solver-3] INFO  heuristics.RoundRobinNeighbourSelection> Phase changed to 68
16-Oct-21 21:14:49.825 [Solver-3] DEBUG util.Progress>   -- RRq:6164/6168, RS:2545/2547, CR:99,94%, V:2059,65, DC:0, TOC:0, IS:NaN%, IT:NaN%, %:80,87
16-Oct-21 21:14:49.826 [Solver-3] DEBUG util.Progress> [Important Ifs...]
16-Oct-21 21:14:49.834 [Solver-4] INFO  heuristics.RoundRobinNeighbourSelection> Phase changed to 69
16-Oct-21 21:14:49.835 [Solver-4] DEBUG util.Progress>   -- RRq:6164/6168, RS:2545/2547, CR:99,94%, V:2059,65, DC:0, TOC:0, IS:NaN%, IT:NaN%, %:80,87
16-Oct-21 21:14:49.836 [Solver-4] INFO  heuristics.StandardNeighbourSelection> Using org.cpsolver.ifs.heuristics.GeneralValueSelection
16-Oct-21 21:14:49.838 [Solver-4] INFO  heuristics.StandardNeighbourSelection> Using org.cpsolver.ifs.heuristics.GeneralVariableSelection
16-Oct-21 21:14:49.838 [Solver-4] DEBUG util.Progress> [Important Backtracking...]
16-Oct-21 21:14:49.839 [Solver-4] INFO  heuristics.RoundRobinNeighbourSelection> Phase changed to 70
16-Oct-21 21:14:49.840 [Solver-4] DEBUG util.Progress>   -- RRq:6164/6168, RS:2545/2547, CR:99,94%, V:2059,65, DC:0, TOC:0, IS:NaN%, IT:NaN%, %:80,87
16-Oct-21 21:14:49.855 [Solver-4] DEBUG util.Progress> [Min Credit B&B...]
16-Oct-21 21:14:49.859 [Solver-1] INFO  heuristics.RoundRobinNeighbourSelection> Phase changed to 71
16-Oct-21 21:14:49.859 [Solver-1] DEBUG util.Progress>   -- RRq:6164/6168, RS:2545/2547, CR:99,94%, V:2059,65, DC:0, TOC:0, IS:NaN%, IT:NaN%, %:80,87
16-Oct-21 21:14:49.875 [Solver-1] DEBUG util.Progress> [Branch&bound...]
16-Oct-21 21:14:50.184 [Solver-3] INFO  studentsct.Test> **BEST** RRq:6168/6168, RS:2547/2547, CR:100,00%, V:2061,46, DC:0, TOC:0, IS:NaN%, IT:NaN%, %:80,94, TM:0,000h
16-Oct-21 21:14:50.185 [Solver-3] INFO  termination.MPPTerminationCondition> A complete solution with allowed number of perturbances found.
16-Oct-21 21:14:50.185 [Solver-4] INFO  termination.MPPTerminationCondition> A complete solution with allowed number of perturbances found.
16-Oct-21 21:14:50.225 [Solver-2] INFO  studentsct.Test> **BEST** RRq:6168/6168, RS:2547/2547, CR:100,00%, V:2061,27, DC:0, TOC:0, IS:NaN%, IT:NaN%, %:80,93, TM:0,000h
16-Oct-21 21:14:50.225 [Solver-2] INFO  termination.MPPTerminationCondition> A complete solution with allowed number of perturbances found.
16-Oct-21 21:14:50.226 [Solver-1] INFO  termination.MPPTerminationCondition> A complete solution with allowed number of perturbances found.
16-Oct-21 21:14:50.920 [SolverSync] DEBUG util.Progress> [Done]
16-Oct-21 21:14:50.921 [SolverSync] DEBUG solver.Solver> Solver done.
16-Oct-21 21:14:50.921 [SolverSync] INFO  util.Progress> [Solver done.]
16-Oct-21 21:14:51.208 [ShutdownHook] INFO  studentsct.Test> **BEST** RRq:6168/6168, RS:2547/2547, CR:100,00%, V:2061,27, DC:0, TOC:0, IS:NaN%, IT:NaN%, %:80,93, TM:0,000h
16-Oct-21 21:14:51.210 [ShutdownHook] INFO  check.OverlapCheck> Checking for overlaps...
16-Oct-21 21:14:51.231 [ShutdownHook] INFO  check.SectionLimitCheck> Checking section limits...
16-Oct-21 21:14:51.233 [ShutdownHook] INFO  check.CourseLimitCheck> Checking for course limits...
16-Oct-21 21:14:51.233 [ShutdownHook] INFO  studentsct.Test> Best solution found after 1.3181981990055647 seconds (471 iterations).
16-Oct-21 21:14:51.246 [ShutdownHook] INFO  studentsct.Test> Info: [
      Assigned course requests: 100,00% (6168/6168)
      Assigned course requests (priority students): Normal: 100,00% (6168/6168)
      Assigned priority course requests: 100.00% (6168/6168)
      Assigned variables: 100.00% (6168/6168)
      Average disbalance: 1,08% (1,90)
      Best Iteration: 471
      Best Time: 0.02 min (357.31 it/s)
      Choice: Average assigned choice: 1,00
      Choice: assigned 1st course choice: 100,00% (6168)
      Full Sections: 5 with no space (11,63% of all sections, 12,06% assignments)
5 with &leq; 2% available (11,63% of all sections, 12,06% assignments)
9 with &leq; 10% available (20,93% of all sections, 20,69% assignments)
      Iteration: 471
      Overall solution value: -2061.27
      Sections disbalanced by 10% or more: 5,71% (2)
      Speed: 357.31 it/s
      Students with complete schedule: 100.00% (2547/2547)
      Students with complete schedule (priority students): Normal: 100.00% (2547/2547)
      Time: 0.02 min
    ]
16-Oct-21 21:14:51.253 [ShutdownHook] DEBUG studentsct.StudentSectioningXMLSaver> Writting XML data to:C:\Users\talha\Documents\CS Honours\COMP700 - HP\student-lab-sectioning\ifs-solver\src\main\resources\input\2020-Sem1-CAES-Wvl-no-conflicts\211016_211446\solution.xml
