16-Oct-21 21:13:52.789 [main] DEBUG studentsct.StudentSectioningXMLLoader> Reading XML data from src\main\resources\input\2020-Sem1-CAES-Wvl-no-conflicts\2020-Sem1-CAES-Wvl-no-conflicts-updated-1.xml
16-Oct-21 21:13:53.570 [main] DEBUG studentsct.StudentSectioningXMLLoader> Root element: sectioning
16-Oct-21 21:13:53.576 [main] INFO  util.Progress> [Restoring from backup ...]
16-Oct-21 21:13:54.693 [main] DEBUG studentsct.StudentSectioningXMLLoader> Model successfully loaded.
16-Oct-21 21:13:55.039 [SolverSync] INFO  util.Progress> [Solving problem ...]
16-Oct-21 21:13:55.046 [SolverSync] DEBUG util.Progress> [Initializing solver]
16-Oct-21 21:13:55.059 [SolverSync] INFO  solver.Solver> Using org.cpsolver.ifs.termination.MPPTerminationCondition
16-Oct-21 21:13:55.066 [SolverSync] INFO  solver.Solver> Using org.cpsolver.ifs.solution.MPPSolutionComparator
16-Oct-21 21:13:55.069 [SolverSync] INFO  solver.Solver> Using org.cpsolver.studentsct.heuristics.StudentSctNeighbourSelection
16-Oct-21 21:13:55.084 [SolverSync] INFO  heuristics.StandardNeighbourSelection> Using org.cpsolver.ifs.heuristics.GeneralValueSelection
16-Oct-21 21:13:55.093 [SolverSync] INFO  heuristics.StandardNeighbourSelection> Using org.cpsolver.ifs.heuristics.GeneralVariableSelection
16-Oct-21 21:13:55.096 [SolverSync] INFO  solver.Solver> Using org.cpsolver.ifs.perturbations.DefaultPerturbationsCounter
16-Oct-21 21:13:55.102 [SolverSync] INFO  solver.Solver> Using org.cpsolver.studentsct.extension.StudentConflictStatistics
16-Oct-21 21:13:55.113 [SolverSync] INFO  solver.Solver> Using org.cpsolver.studentsct.extension.DistanceConflict
16-Oct-21 21:13:55.130 [SolverSync] INFO  solver.Solver> Using org.cpsolver.studentsct.extension.TimeOverlapsCounter
16-Oct-21 21:13:55.501 [SolverSync] INFO  solver.Solver> Initial solution:[
      Assigned course requests: 99,94% (6164/6168)
      Assigned course requests (priority students): Normal: 99,94% (6164/6168)
      Assigned variables: 99.94% (6164/6168)
      Iteration: 0
      Overall solution value: -2059.65
      Students with complete schedule: 99.92% (2545/2547)
      Students with complete schedule (priority students): Normal: 99.92% (2545/2547)
      Time: 0.00 min
    ]
16-Oct-21 21:13:55.531 [SolverSync] INFO  util.JProf> Using wall time.
16-Oct-21 21:13:55.571 [Solver-4] INFO  heuristics.RoundRobinNeighbourSelection> Phase changed to 1
16-Oct-21 21:13:55.580 [Solver-4] DEBUG util.Progress>   -- RRq:6164/6168, RS:2545/2547, CR:99,94%, V:2059,65, DC:0, TOC:0, IS:NaN%, IT:NaN%, %:80,87
16-Oct-21 21:13:55.679 [Solver-4] INFO  studentsct.Test> **BEST** RRq:6164/6168, RS:2545/2547, CR:99,94%, V:2059,65, DC:0, TOC:0, IS:NaN%, IT:NaN%, %:80,87, TM:0,000h
16-Oct-21 21:13:55.742 [Solver-4] DEBUG util.Progress> [Assign initial enrollments...]
16-Oct-21 21:13:55.772 [Solver-4] INFO  heuristics.RoundRobinNeighbourSelection> Phase changed to 2
16-Oct-21 21:13:55.773 [Solver-4] DEBUG util.Progress>   -- RRq:6164/6168, RS:2545/2547, CR:99,94%, V:2059,65, DC:0, TOC:0, IS:NaN%, IT:NaN%, %:80,87
16-Oct-21 21:13:55.799 [Solver-4] DEBUG util.Progress> [Critical Courses B&B (priority students)...]
16-Oct-21 21:13:55.801 [Solver-2] INFO  heuristics.RoundRobinNeighbourSelection> Phase changed to 3
16-Oct-21 21:13:55.805 [Solver-2] DEBUG util.Progress>   -- RRq:6164/6168, RS:2545/2547, CR:99,94%, V:2059,65, DC:0, TOC:0, IS:NaN%, IT:NaN%, %:80,87
16-Oct-21 21:13:55.821 [Solver-2] INFO  heuristics.StandardNeighbourSelection> Using org.cpsolver.ifs.heuristics.GeneralValueSelection
16-Oct-21 21:13:55.822 [Solver-2] INFO  heuristics.StandardNeighbourSelection> Using org.cpsolver.ifs.heuristics.GeneralVariableSelection
16-Oct-21 21:13:55.823 [Solver-2] DEBUG util.Progress> [Critical Backtracking (priority students)...]
16-Oct-21 21:13:55.823 [Solver-2] INFO  heuristics.RoundRobinNeighbourSelection> Phase changed to 4
16-Oct-21 21:13:55.824 [Solver-2] DEBUG util.Progress>   -- RRq:6164/6168, RS:2545/2547, CR:99,94%, V:2059,65, DC:0, TOC:0, IS:NaN%, IT:NaN%, %:80,87
16-Oct-21 21:13:55.825 [Solver-2] DEBUG util.Progress> [Critical Ifs (priority students)...]
16-Oct-21 21:13:55.834 [Solver-2] INFO  heuristics.RoundRobinNeighbourSelection> Phase changed to 5
16-Oct-21 21:13:55.834 [Solver-2] DEBUG util.Progress>   -- RRq:6164/6168, RS:2545/2547, CR:99,94%, V:2059,65, DC:0, TOC:0, IS:NaN%, IT:NaN%, %:80,87
16-Oct-21 21:13:55.837 [Solver-2] INFO  heuristics.StandardNeighbourSelection> Using org.cpsolver.ifs.heuristics.GeneralValueSelection
16-Oct-21 21:13:55.837 [Solver-2] INFO  heuristics.StandardNeighbourSelection> Using org.cpsolver.ifs.heuristics.GeneralVariableSelection
16-Oct-21 21:13:55.838 [Solver-2] DEBUG util.Progress> [Critical Backtracking (priority students)...]
16-Oct-21 21:13:55.839 [Solver-2] INFO  heuristics.RoundRobinNeighbourSelection> Phase changed to 6
16-Oct-21 21:13:55.839 [Solver-2] DEBUG util.Progress>   -- RRq:6164/6168, RS:2545/2547, CR:99,94%, V:2059,65, DC:0, TOC:0, IS:NaN%, IT:NaN%, %:80,87
16-Oct-21 21:13:55.842 [Solver-2] DEBUG util.Progress> [Important Courses B&B (priority students)...]
16-Oct-21 21:13:55.843 [Solver-2] INFO  heuristics.RoundRobinNeighbourSelection> Phase changed to 7
16-Oct-21 21:13:55.843 [Solver-2] DEBUG util.Progress>   -- RRq:6164/6168, RS:2545/2547, CR:99,94%, V:2059,65, DC:0, TOC:0, IS:NaN%, IT:NaN%, %:80,87
16-Oct-21 21:13:55.847 [Solver-2] INFO  heuristics.StandardNeighbourSelection> Using org.cpsolver.ifs.heuristics.GeneralValueSelection
16-Oct-21 21:13:55.848 [Solver-2] INFO  heuristics.StandardNeighbourSelection> Using org.cpsolver.ifs.heuristics.GeneralVariableSelection
16-Oct-21 21:13:55.848 [Solver-2] DEBUG util.Progress> [Important Backtracking (priority students)...]
16-Oct-21 21:13:55.848 [Solver-2] INFO  heuristics.RoundRobinNeighbourSelection> Phase changed to 8
16-Oct-21 21:13:55.848 [Solver-2] DEBUG util.Progress>   -- RRq:6164/6168, RS:2545/2547, CR:99,94%, V:2059,65, DC:0, TOC:0, IS:NaN%, IT:NaN%, %:80,87
16-Oct-21 21:13:55.848 [Solver-2] DEBUG util.Progress> [Important Ifs (priority students)...]
16-Oct-21 21:13:55.854 [Solver-2] INFO  heuristics.RoundRobinNeighbourSelection> Phase changed to 9
16-Oct-21 21:13:55.856 [Solver-2] DEBUG util.Progress>   -- RRq:6164/6168, RS:2545/2547, CR:99,94%, V:2059,65, DC:0, TOC:0, IS:NaN%, IT:NaN%, %:80,87
16-Oct-21 21:13:55.859 [Solver-2] INFO  heuristics.StandardNeighbourSelection> Using org.cpsolver.ifs.heuristics.GeneralValueSelection
16-Oct-21 21:13:55.859 [Solver-2] INFO  heuristics.StandardNeighbourSelection> Using org.cpsolver.ifs.heuristics.GeneralVariableSelection
16-Oct-21 21:13:55.859 [Solver-2] DEBUG util.Progress> [Important Backtracking (priority students)...]
16-Oct-21 21:13:55.861 [Solver-3] INFO  heuristics.RoundRobinNeighbourSelection> Phase changed to 10
16-Oct-21 21:13:55.861 [Solver-3] DEBUG util.Progress>   -- RRq:6164/6168, RS:2545/2547, CR:99,94%, V:2059,65, DC:0, TOC:0, IS:NaN%, IT:NaN%, %:80,87
16-Oct-21 21:13:55.917 [Solver-3] DEBUG util.Progress> [Normal Courses B&B (priority students)...]
16-Oct-21 21:13:55.919 [Solver-2] INFO  heuristics.RoundRobinNeighbourSelection> Phase changed to 11
16-Oct-21 21:13:55.920 [Solver-2] DEBUG util.Progress>   -- RRq:6164/6168, RS:2545/2547, CR:99,94%, V:2059,65, DC:0, TOC:0, IS:NaN%, IT:NaN%, %:80,87
16-Oct-21 21:13:55.921 [Solver-2] INFO  heuristics.StandardNeighbourSelection> Using org.cpsolver.ifs.heuristics.GeneralValueSelection
16-Oct-21 21:13:55.922 [Solver-2] INFO  heuristics.StandardNeighbourSelection> Using org.cpsolver.ifs.heuristics.GeneralVariableSelection
16-Oct-21 21:13:55.922 [Solver-2] DEBUG util.Progress> [Normal Backtracking (priority students)...]
16-Oct-21 21:13:55.922 [Solver-1] INFO  heuristics.RoundRobinNeighbourSelection> Phase changed to 12
16-Oct-21 21:13:55.923 [Solver-1] DEBUG util.Progress>   -- RRq:6164/6168, RS:2545/2547, CR:99,94%, V:2059,65, DC:0, TOC:0, IS:NaN%, IT:NaN%, %:80,87
16-Oct-21 21:13:55.923 [Solver-1] DEBUG util.Progress> [Normal Ifs (priority students)...]
16-Oct-21 21:13:55.928 [Solver-1] INFO  heuristics.RoundRobinNeighbourSelection> Phase changed to 13
16-Oct-21 21:13:55.931 [Solver-1] DEBUG util.Progress>   -- RRq:6164/6168, RS:2545/2547, CR:99,94%, V:2059,65, DC:0, TOC:0, IS:NaN%, IT:NaN%, %:80,87
16-Oct-21 21:13:55.933 [Solver-1] INFO  heuristics.StandardNeighbourSelection> Using org.cpsolver.ifs.heuristics.GeneralValueSelection
16-Oct-21 21:13:55.933 [Solver-1] INFO  heuristics.StandardNeighbourSelection> Using org.cpsolver.ifs.heuristics.GeneralVariableSelection
16-Oct-21 21:13:55.934 [Solver-1] DEBUG util.Progress> [Normal Backtracking (priority students)...]
16-Oct-21 21:13:55.934 [Solver-1] INFO  heuristics.RoundRobinNeighbourSelection> Phase changed to 14
16-Oct-21 21:13:55.935 [Solver-1] DEBUG util.Progress>   -- RRq:6164/6168, RS:2545/2547, CR:99,94%, V:2059,65, DC:0, TOC:0, IS:NaN%, IT:NaN%, %:80,87
16-Oct-21 21:13:55.938 [Solver-1] DEBUG util.Progress> [Critical Courses B&B (senior students)...]
16-Oct-21 21:13:55.938 [Solver-1] INFO  heuristics.RoundRobinNeighbourSelection> Phase changed to 15
16-Oct-21 21:13:55.939 [Solver-1] DEBUG util.Progress>   -- RRq:6164/6168, RS:2545/2547, CR:99,94%, V:2059,65, DC:0, TOC:0, IS:NaN%, IT:NaN%, %:80,87
16-Oct-21 21:13:55.940 [Solver-1] INFO  heuristics.StandardNeighbourSelection> Using org.cpsolver.ifs.heuristics.GeneralValueSelection
16-Oct-21 21:13:55.941 [Solver-1] INFO  heuristics.StandardNeighbourSelection> Using org.cpsolver.ifs.heuristics.GeneralVariableSelection
16-Oct-21 21:13:55.941 [Solver-1] DEBUG util.Progress> [Critical Backtracking (senior students)...]
16-Oct-21 21:13:55.941 [Solver-1] INFO  heuristics.RoundRobinNeighbourSelection> Phase changed to 16
16-Oct-21 21:13:55.942 [Solver-1] DEBUG util.Progress>   -- RRq:6164/6168, RS:2545/2547, CR:99,94%, V:2059,65, DC:0, TOC:0, IS:NaN%, IT:NaN%, %:80,87
16-Oct-21 21:13:55.942 [Solver-1] DEBUG util.Progress> [Critical Ifs (senior students)...]
16-Oct-21 21:13:55.965 [Solver-4] INFO  heuristics.RoundRobinNeighbourSelection> Phase changed to 17
16-Oct-21 21:13:55.966 [Solver-4] DEBUG util.Progress>   -- RRq:6164/6168, RS:2545/2547, CR:99,94%, V:2059,65, DC:0, TOC:0, IS:NaN%, IT:NaN%, %:80,87
16-Oct-21 21:13:55.968 [Solver-4] INFO  heuristics.StandardNeighbourSelection> Using org.cpsolver.ifs.heuristics.GeneralValueSelection
16-Oct-21 21:13:55.969 [Solver-4] INFO  heuristics.StandardNeighbourSelection> Using org.cpsolver.ifs.heuristics.GeneralVariableSelection
16-Oct-21 21:13:55.969 [Solver-4] DEBUG util.Progress> [Critical Backtracking (senior students)...]
16-Oct-21 21:13:55.969 [Solver-2] INFO  heuristics.RoundRobinNeighbourSelection> Phase changed to 18
16-Oct-21 21:13:55.970 [Solver-2] DEBUG util.Progress>   -- RRq:6164/6168, RS:2545/2547, CR:99,94%, V:2059,65, DC:0, TOC:0, IS:NaN%, IT:NaN%, %:80,87
16-Oct-21 21:13:55.976 [Solver-2] DEBUG util.Progress> [Important Courses B&B (senior students)...]
16-Oct-21 21:13:55.981 [Solver-2] INFO  heuristics.RoundRobinNeighbourSelection> Phase changed to 19
16-Oct-21 21:13:55.982 [Solver-2] DEBUG util.Progress>   -- RRq:6164/6168, RS:2545/2547, CR:99,94%, V:2059,65, DC:0, TOC:0, IS:NaN%, IT:NaN%, %:80,87
16-Oct-21 21:13:55.983 [Solver-2] INFO  heuristics.StandardNeighbourSelection> Using org.cpsolver.ifs.heuristics.GeneralValueSelection
16-Oct-21 21:13:55.983 [Solver-2] INFO  heuristics.StandardNeighbourSelection> Using org.cpsolver.ifs.heuristics.GeneralVariableSelection
16-Oct-21 21:13:55.984 [Solver-2] DEBUG util.Progress> [Important Backtracking (senior students)...]
16-Oct-21 21:13:55.984 [Solver-2] INFO  heuristics.RoundRobinNeighbourSelection> Phase changed to 20
16-Oct-21 21:13:55.986 [Solver-2] DEBUG util.Progress>   -- RRq:6164/6168, RS:2545/2547, CR:99,94%, V:2059,65, DC:0, TOC:0, IS:NaN%, IT:NaN%, %:80,87
16-Oct-21 21:13:55.986 [Solver-2] DEBUG util.Progress> [Important Ifs (senior students)...]
16-Oct-21 21:13:55.998 [Solver-2] INFO  heuristics.RoundRobinNeighbourSelection> Phase changed to 21
16-Oct-21 21:13:56.007 [Solver-2] DEBUG util.Progress>   -- RRq:6164/6168, RS:2545/2547, CR:99,94%, V:2059,65, DC:0, TOC:0, IS:NaN%, IT:NaN%, %:80,87
16-Oct-21 21:13:56.015 [Solver-2] INFO  heuristics.StandardNeighbourSelection> Using org.cpsolver.ifs.heuristics.GeneralValueSelection
16-Oct-21 21:13:56.015 [Solver-2] INFO  heuristics.StandardNeighbourSelection> Using org.cpsolver.ifs.heuristics.GeneralVariableSelection
16-Oct-21 21:13:56.015 [Solver-2] DEBUG util.Progress> [Important Backtracking (senior students)...]
16-Oct-21 21:13:56.017 [Solver-2] INFO  heuristics.RoundRobinNeighbourSelection> Phase changed to 22
16-Oct-21 21:13:56.018 [Solver-2] DEBUG util.Progress>   -- RRq:6164/6168, RS:2545/2547, CR:99,94%, V:2059,65, DC:0, TOC:0, IS:NaN%, IT:NaN%, %:80,87
16-Oct-21 21:13:56.075 [Solver-2] DEBUG util.Progress> [Normal Courses B&B (senior students)...]
16-Oct-21 21:13:56.075 [Solver-3] INFO  heuristics.RoundRobinNeighbourSelection> Phase changed to 23
16-Oct-21 21:13:56.076 [Solver-3] DEBUG util.Progress>   -- RRq:6164/6168, RS:2545/2547, CR:99,94%, V:2059,65, DC:0, TOC:0, IS:NaN%, IT:NaN%, %:80,87
16-Oct-21 21:13:56.076 [Solver-3] INFO  heuristics.StandardNeighbourSelection> Using org.cpsolver.ifs.heuristics.GeneralValueSelection
16-Oct-21 21:13:56.077 [Solver-3] INFO  heuristics.StandardNeighbourSelection> Using org.cpsolver.ifs.heuristics.GeneralVariableSelection
16-Oct-21 21:13:56.079 [Solver-3] DEBUG util.Progress> [Normal Backtracking (senior students)...]
16-Oct-21 21:13:56.079 [Solver-2] INFO  heuristics.RoundRobinNeighbourSelection> Phase changed to 24
16-Oct-21 21:13:56.080 [Solver-2] DEBUG util.Progress>   -- RRq:6164/6168, RS:2545/2547, CR:99,94%, V:2059,65, DC:0, TOC:0, IS:NaN%, IT:NaN%, %:80,87
16-Oct-21 21:13:56.080 [Solver-2] DEBUG util.Progress> [Normal Ifs (senior students)...]
16-Oct-21 21:13:56.082 [Solver-3] INFO  heuristics.RoundRobinNeighbourSelection> Phase changed to 25
16-Oct-21 21:13:56.083 [Solver-3] DEBUG util.Progress>   -- RRq:6164/6168, RS:2545/2547, CR:99,94%, V:2059,65, DC:0, TOC:0, IS:NaN%, IT:NaN%, %:80,87
16-Oct-21 21:13:56.084 [Solver-3] INFO  heuristics.StandardNeighbourSelection> Using org.cpsolver.ifs.heuristics.GeneralValueSelection
16-Oct-21 21:13:56.084 [Solver-3] INFO  heuristics.StandardNeighbourSelection> Using org.cpsolver.ifs.heuristics.GeneralVariableSelection
16-Oct-21 21:13:56.085 [Solver-3] DEBUG util.Progress> [Normal Backtracking (senior students)...]
16-Oct-21 21:13:56.085 [Solver-1] INFO  heuristics.RoundRobinNeighbourSelection> Phase changed to 26
16-Oct-21 21:13:56.086 [Solver-1] DEBUG util.Progress>   -- RRq:6164/6168, RS:2545/2547, CR:99,94%, V:2059,65, DC:0, TOC:0, IS:NaN%, IT:NaN%, %:80,87
16-Oct-21 21:13:56.089 [Solver-1] DEBUG util.Progress> [Critical Courses B&B (junior students)...]
16-Oct-21 21:13:56.090 [Solver-1] INFO  heuristics.RoundRobinNeighbourSelection> Phase changed to 27
16-Oct-21 21:13:56.090 [Solver-1] DEBUG util.Progress>   -- RRq:6164/6168, RS:2545/2547, CR:99,94%, V:2059,65, DC:0, TOC:0, IS:NaN%, IT:NaN%, %:80,87
16-Oct-21 21:13:56.091 [Solver-1] INFO  heuristics.StandardNeighbourSelection> Using org.cpsolver.ifs.heuristics.GeneralValueSelection
16-Oct-21 21:13:56.092 [Solver-1] INFO  heuristics.StandardNeighbourSelection> Using org.cpsolver.ifs.heuristics.GeneralVariableSelection
16-Oct-21 21:13:56.092 [Solver-1] DEBUG util.Progress> [Critical Backtracking (junior students)...]
16-Oct-21 21:13:56.092 [Solver-1] INFO  heuristics.RoundRobinNeighbourSelection> Phase changed to 28
16-Oct-21 21:13:56.093 [Solver-1] DEBUG util.Progress>   -- RRq:6164/6168, RS:2545/2547, CR:99,94%, V:2059,65, DC:0, TOC:0, IS:NaN%, IT:NaN%, %:80,87
16-Oct-21 21:13:56.093 [Solver-1] DEBUG util.Progress> [Critical Ifs (junior students)...]
16-Oct-21 21:13:56.098 [Solver-2] INFO  heuristics.RoundRobinNeighbourSelection> Phase changed to 29
16-Oct-21 21:13:56.098 [Solver-2] DEBUG util.Progress>   -- RRq:6164/6168, RS:2545/2547, CR:99,94%, V:2059,65, DC:0, TOC:0, IS:NaN%, IT:NaN%, %:80,87
16-Oct-21 21:13:56.099 [Solver-2] INFO  heuristics.StandardNeighbourSelection> Using org.cpsolver.ifs.heuristics.GeneralValueSelection
16-Oct-21 21:13:56.099 [Solver-2] INFO  heuristics.StandardNeighbourSelection> Using org.cpsolver.ifs.heuristics.GeneralVariableSelection
16-Oct-21 21:13:56.100 [Solver-2] DEBUG util.Progress> [Critical Backtracking (junior students)...]
16-Oct-21 21:13:56.100 [Solver-4] INFO  heuristics.RoundRobinNeighbourSelection> Phase changed to 30
16-Oct-21 21:13:56.100 [Solver-4] DEBUG util.Progress>   -- RRq:6164/6168, RS:2545/2547, CR:99,94%, V:2059,65, DC:0, TOC:0, IS:NaN%, IT:NaN%, %:80,87
16-Oct-21 21:13:56.102 [Solver-4] DEBUG util.Progress> [Important Courses B&B (junior students)...]
16-Oct-21 21:13:56.103 [Solver-4] INFO  heuristics.RoundRobinNeighbourSelection> Phase changed to 31
16-Oct-21 21:13:56.103 [Solver-4] DEBUG util.Progress>   -- RRq:6164/6168, RS:2545/2547, CR:99,94%, V:2059,65, DC:0, TOC:0, IS:NaN%, IT:NaN%, %:80,87
16-Oct-21 21:13:56.104 [Solver-4] INFO  heuristics.StandardNeighbourSelection> Using org.cpsolver.ifs.heuristics.GeneralValueSelection
16-Oct-21 21:13:56.109 [Solver-4] INFO  heuristics.StandardNeighbourSelection> Using org.cpsolver.ifs.heuristics.GeneralVariableSelection
16-Oct-21 21:13:56.111 [Solver-4] DEBUG util.Progress> [Important Backtracking (junior students)...]
16-Oct-21 21:13:56.111 [Solver-2] INFO  heuristics.RoundRobinNeighbourSelection> Phase changed to 32
16-Oct-21 21:13:56.111 [Solver-2] DEBUG util.Progress>   -- RRq:6164/6168, RS:2545/2547, CR:99,94%, V:2059,65, DC:0, TOC:0, IS:NaN%, IT:NaN%, %:80,87
16-Oct-21 21:13:56.112 [Solver-2] DEBUG util.Progress> [Important Ifs (junior students)...]
16-Oct-21 21:13:56.114 [Solver-1] INFO  heuristics.RoundRobinNeighbourSelection> Phase changed to 33
16-Oct-21 21:13:56.115 [Solver-1] DEBUG util.Progress>   -- RRq:6164/6168, RS:2545/2547, CR:99,94%, V:2059,65, DC:0, TOC:0, IS:NaN%, IT:NaN%, %:80,87
16-Oct-21 21:13:56.116 [Solver-1] INFO  heuristics.StandardNeighbourSelection> Using org.cpsolver.ifs.heuristics.GeneralValueSelection
16-Oct-21 21:13:56.116 [Solver-1] INFO  heuristics.StandardNeighbourSelection> Using org.cpsolver.ifs.heuristics.GeneralVariableSelection
16-Oct-21 21:13:56.116 [Solver-1] DEBUG util.Progress> [Important Backtracking (junior students)...]
16-Oct-21 21:13:56.116 [Solver-4] INFO  heuristics.RoundRobinNeighbourSelection> Phase changed to 34
16-Oct-21 21:13:56.117 [Solver-4] DEBUG util.Progress>   -- RRq:6164/6168, RS:2545/2547, CR:99,94%, V:2059,65, DC:0, TOC:0, IS:NaN%, IT:NaN%, %:80,87
16-Oct-21 21:13:56.130 [Solver-4] DEBUG util.Progress> [Normal Courses B&B (junior students)...]
16-Oct-21 21:13:56.131 [Solver-4] INFO  heuristics.RoundRobinNeighbourSelection> Phase changed to 35
16-Oct-21 21:13:56.131 [Solver-4] DEBUG util.Progress>   -- RRq:6164/6168, RS:2545/2547, CR:99,94%, V:2059,65, DC:0, TOC:0, IS:NaN%, IT:NaN%, %:80,87
16-Oct-21 21:13:56.132 [Solver-4] INFO  heuristics.StandardNeighbourSelection> Using org.cpsolver.ifs.heuristics.GeneralValueSelection
16-Oct-21 21:13:56.133 [Solver-4] INFO  heuristics.StandardNeighbourSelection> Using org.cpsolver.ifs.heuristics.GeneralVariableSelection
16-Oct-21 21:13:56.148 [Solver-4] DEBUG util.Progress> [Normal Backtracking (junior students)...]
16-Oct-21 21:13:56.149 [Solver-2] INFO  heuristics.RoundRobinNeighbourSelection> Phase changed to 36
16-Oct-21 21:13:56.149 [Solver-2] DEBUG util.Progress>   -- RRq:6164/6168, RS:2545/2547, CR:99,94%, V:2059,65, DC:0, TOC:0, IS:NaN%, IT:NaN%, %:80,87
16-Oct-21 21:13:56.149 [Solver-2] DEBUG util.Progress> [Normal Ifs (junior students)...]
16-Oct-21 21:13:56.154 [Solver-4] INFO  heuristics.RoundRobinNeighbourSelection> Phase changed to 37
16-Oct-21 21:13:56.158 [Solver-4] DEBUG util.Progress>   -- RRq:6164/6168, RS:2545/2547, CR:99,94%, V:2059,65, DC:0, TOC:0, IS:NaN%, IT:NaN%, %:80,87
16-Oct-21 21:13:56.160 [Solver-4] INFO  heuristics.StandardNeighbourSelection> Using org.cpsolver.ifs.heuristics.GeneralValueSelection
16-Oct-21 21:13:56.160 [Solver-4] INFO  heuristics.StandardNeighbourSelection> Using org.cpsolver.ifs.heuristics.GeneralVariableSelection
16-Oct-21 21:13:56.161 [Solver-4] DEBUG util.Progress> [Normal Backtracking (junior students)...]
16-Oct-21 21:13:56.162 [Solver-4] INFO  heuristics.RoundRobinNeighbourSelection> Phase changed to 38
16-Oct-21 21:13:56.162 [Solver-4] DEBUG util.Progress>   -- RRq:6164/6168, RS:2545/2547, CR:99,94%, V:2059,65, DC:0, TOC:0, IS:NaN%, IT:NaN%, %:80,87
16-Oct-21 21:13:56.165 [Solver-4] DEBUG util.Progress> [Critical Courses B&B (sophomore students)...]
16-Oct-21 21:13:56.167 [Solver-4] INFO  heuristics.RoundRobinNeighbourSelection> Phase changed to 39
16-Oct-21 21:13:56.167 [Solver-4] DEBUG util.Progress>   -- RRq:6164/6168, RS:2545/2547, CR:99,94%, V:2059,65, DC:0, TOC:0, IS:NaN%, IT:NaN%, %:80,87
16-Oct-21 21:13:56.169 [Solver-4] INFO  heuristics.StandardNeighbourSelection> Using org.cpsolver.ifs.heuristics.GeneralValueSelection
16-Oct-21 21:13:56.169 [Solver-4] INFO  heuristics.StandardNeighbourSelection> Using org.cpsolver.ifs.heuristics.GeneralVariableSelection
16-Oct-21 21:13:56.169 [Solver-4] DEBUG util.Progress> [Critical Backtracking (sophomore students)...]
16-Oct-21 21:13:56.170 [Solver-2] INFO  heuristics.RoundRobinNeighbourSelection> Phase changed to 40
16-Oct-21 21:13:56.170 [Solver-2] DEBUG util.Progress>   -- RRq:6164/6168, RS:2545/2547, CR:99,94%, V:2059,65, DC:0, TOC:0, IS:NaN%, IT:NaN%, %:80,87
16-Oct-21 21:13:56.170 [Solver-2] DEBUG util.Progress> [Critical Ifs (sophomore students)...]
16-Oct-21 21:13:56.174 [Solver-2] INFO  heuristics.RoundRobinNeighbourSelection> Phase changed to 41
16-Oct-21 21:13:56.176 [Solver-2] DEBUG util.Progress>   -- RRq:6164/6168, RS:2545/2547, CR:99,94%, V:2059,65, DC:0, TOC:0, IS:NaN%, IT:NaN%, %:80,87
16-Oct-21 21:13:56.178 [Solver-2] INFO  heuristics.StandardNeighbourSelection> Using org.cpsolver.ifs.heuristics.GeneralValueSelection
16-Oct-21 21:13:56.179 [Solver-2] INFO  heuristics.StandardNeighbourSelection> Using org.cpsolver.ifs.heuristics.GeneralVariableSelection
16-Oct-21 21:13:56.179 [Solver-2] DEBUG util.Progress> [Critical Backtracking (sophomore students)...]
16-Oct-21 21:13:56.179 [Solver-2] INFO  heuristics.RoundRobinNeighbourSelection> Phase changed to 42
16-Oct-21 21:13:56.179 [Solver-2] DEBUG util.Progress>   -- RRq:6164/6168, RS:2545/2547, CR:99,94%, V:2059,65, DC:0, TOC:0, IS:NaN%, IT:NaN%, %:80,87
16-Oct-21 21:13:56.182 [Solver-2] DEBUG util.Progress> [Important Courses B&B (sophomore students)...]
16-Oct-21 21:13:56.182 [Solver-2] INFO  heuristics.RoundRobinNeighbourSelection> Phase changed to 43
16-Oct-21 21:13:56.183 [Solver-2] DEBUG util.Progress>   -- RRq:6164/6168, RS:2545/2547, CR:99,94%, V:2059,65, DC:0, TOC:0, IS:NaN%, IT:NaN%, %:80,87
16-Oct-21 21:13:56.184 [Solver-2] INFO  heuristics.StandardNeighbourSelection> Using org.cpsolver.ifs.heuristics.GeneralValueSelection
16-Oct-21 21:13:56.184 [Solver-2] INFO  heuristics.StandardNeighbourSelection> Using org.cpsolver.ifs.heuristics.GeneralVariableSelection
16-Oct-21 21:13:56.185 [Solver-2] DEBUG util.Progress> [Important Backtracking (sophomore students)...]
16-Oct-21 21:13:56.185 [Solver-3] INFO  heuristics.RoundRobinNeighbourSelection> Phase changed to 44
16-Oct-21 21:13:56.185 [Solver-3] DEBUG util.Progress>   -- RRq:6164/6168, RS:2545/2547, CR:99,94%, V:2059,65, DC:0, TOC:0, IS:NaN%, IT:NaN%, %:80,87
16-Oct-21 21:13:56.186 [Solver-3] DEBUG util.Progress> [Important Ifs (sophomore students)...]
16-Oct-21 21:13:56.191 [Solver-3] INFO  heuristics.RoundRobinNeighbourSelection> Phase changed to 45
16-Oct-21 21:13:56.191 [Solver-3] DEBUG util.Progress>   -- RRq:6164/6168, RS:2545/2547, CR:99,94%, V:2059,65, DC:0, TOC:0, IS:NaN%, IT:NaN%, %:80,87
16-Oct-21 21:13:56.192 [Solver-3] INFO  heuristics.StandardNeighbourSelection> Using org.cpsolver.ifs.heuristics.GeneralValueSelection
16-Oct-21 21:13:56.192 [Solver-3] INFO  heuristics.StandardNeighbourSelection> Using org.cpsolver.ifs.heuristics.GeneralVariableSelection
16-Oct-21 21:13:56.192 [Solver-3] DEBUG util.Progress> [Important Backtracking (sophomore students)...]
16-Oct-21 21:13:56.192 [Solver-3] INFO  heuristics.RoundRobinNeighbourSelection> Phase changed to 46
16-Oct-21 21:13:56.193 [Solver-3] DEBUG util.Progress>   -- RRq:6164/6168, RS:2545/2547, CR:99,94%, V:2059,65, DC:0, TOC:0, IS:NaN%, IT:NaN%, %:80,87
16-Oct-21 21:13:56.208 [Solver-3] DEBUG util.Progress> [Normal Courses B&B (sophomore students)...]
16-Oct-21 21:13:56.209 [Solver-3] INFO  heuristics.RoundRobinNeighbourSelection> Phase changed to 47
16-Oct-21 21:13:56.209 [Solver-3] DEBUG util.Progress>   -- RRq:6164/6168, RS:2545/2547, CR:99,94%, V:2059,65, DC:0, TOC:0, IS:NaN%, IT:NaN%, %:80,87
16-Oct-21 21:13:56.210 [Solver-3] INFO  heuristics.StandardNeighbourSelection> Using org.cpsolver.ifs.heuristics.GeneralValueSelection
16-Oct-21 21:13:56.211 [Solver-3] INFO  heuristics.StandardNeighbourSelection> Using org.cpsolver.ifs.heuristics.GeneralVariableSelection
16-Oct-21 21:13:56.212 [Solver-3] DEBUG util.Progress> [Normal Backtracking (sophomore students)...]
16-Oct-21 21:13:56.213 [Solver-2] INFO  heuristics.RoundRobinNeighbourSelection> Phase changed to 48
16-Oct-21 21:13:56.214 [Solver-2] DEBUG util.Progress>   -- RRq:6164/6168, RS:2545/2547, CR:99,94%, V:2059,65, DC:0, TOC:0, IS:NaN%, IT:NaN%, %:80,87
16-Oct-21 21:13:56.214 [Solver-2] DEBUG util.Progress> [Normal Ifs (sophomore students)...]
16-Oct-21 21:13:56.218 [Solver-2] INFO  heuristics.RoundRobinNeighbourSelection> Phase changed to 49
16-Oct-21 21:13:56.219 [Solver-2] DEBUG util.Progress>   -- RRq:6164/6168, RS:2545/2547, CR:99,94%, V:2059,65, DC:0, TOC:0, IS:NaN%, IT:NaN%, %:80,87
16-Oct-21 21:13:56.222 [Solver-2] INFO  heuristics.StandardNeighbourSelection> Using org.cpsolver.ifs.heuristics.GeneralValueSelection
16-Oct-21 21:13:56.222 [Solver-2] INFO  heuristics.StandardNeighbourSelection> Using org.cpsolver.ifs.heuristics.GeneralVariableSelection
16-Oct-21 21:13:56.222 [Solver-2] DEBUG util.Progress> [Normal Backtracking (sophomore students)...]
16-Oct-21 21:13:56.223 [Solver-1] INFO  heuristics.RoundRobinNeighbourSelection> Phase changed to 50
16-Oct-21 21:13:56.223 [Solver-1] DEBUG util.Progress>   -- RRq:6164/6168, RS:2545/2547, CR:99,94%, V:2059,65, DC:0, TOC:0, IS:NaN%, IT:NaN%, %:80,87
16-Oct-21 21:13:56.226 [Solver-1] DEBUG util.Progress> [Critical Courses B&B (frehmen students)...]
16-Oct-21 21:13:56.230 [Solver-1] INFO  heuristics.RoundRobinNeighbourSelection> Phase changed to 51
16-Oct-21 21:13:56.230 [Solver-1] DEBUG util.Progress>   -- RRq:6164/6168, RS:2545/2547, CR:99,94%, V:2059,65, DC:0, TOC:0, IS:NaN%, IT:NaN%, %:80,87
16-Oct-21 21:13:56.232 [Solver-1] INFO  heuristics.StandardNeighbourSelection> Using org.cpsolver.ifs.heuristics.GeneralValueSelection
16-Oct-21 21:13:56.232 [Solver-1] INFO  heuristics.StandardNeighbourSelection> Using org.cpsolver.ifs.heuristics.GeneralVariableSelection
16-Oct-21 21:13:56.232 [Solver-1] DEBUG util.Progress> [Critical Backtracking (frehmen students)...]
16-Oct-21 21:13:56.233 [Solver-4] INFO  heuristics.RoundRobinNeighbourSelection> Phase changed to 52
16-Oct-21 21:13:56.233 [Solver-4] DEBUG util.Progress>   -- RRq:6164/6168, RS:2545/2547, CR:99,94%, V:2059,65, DC:0, TOC:0, IS:NaN%, IT:NaN%, %:80,87
16-Oct-21 21:13:56.233 [Solver-4] DEBUG util.Progress> [Critical Ifs (frehmen students)...]
16-Oct-21 21:13:56.235 [Solver-1] INFO  heuristics.RoundRobinNeighbourSelection> Phase changed to 53
16-Oct-21 21:13:56.235 [Solver-1] DEBUG util.Progress>   -- RRq:6164/6168, RS:2545/2547, CR:99,94%, V:2059,65, DC:0, TOC:0, IS:NaN%, IT:NaN%, %:80,87
16-Oct-21 21:13:56.237 [Solver-1] INFO  heuristics.StandardNeighbourSelection> Using org.cpsolver.ifs.heuristics.GeneralValueSelection
16-Oct-21 21:13:56.240 [Solver-1] INFO  heuristics.StandardNeighbourSelection> Using org.cpsolver.ifs.heuristics.GeneralVariableSelection
16-Oct-21 21:13:56.240 [Solver-1] DEBUG util.Progress> [Critical Backtracking (frehmen students)...]
16-Oct-21 21:13:56.241 [Solver-1] INFO  heuristics.RoundRobinNeighbourSelection> Phase changed to 54
16-Oct-21 21:13:56.241 [Solver-1] DEBUG util.Progress>   -- RRq:6164/6168, RS:2545/2547, CR:99,94%, V:2059,65, DC:0, TOC:0, IS:NaN%, IT:NaN%, %:80,87
16-Oct-21 21:13:56.246 [Solver-1] DEBUG util.Progress> [Important Courses B&B (frehmen students)...]
16-Oct-21 21:13:56.247 [Solver-2] INFO  heuristics.RoundRobinNeighbourSelection> Phase changed to 55
16-Oct-21 21:13:56.247 [Solver-2] DEBUG util.Progress>   -- RRq:6164/6168, RS:2545/2547, CR:99,94%, V:2059,65, DC:0, TOC:0, IS:NaN%, IT:NaN%, %:80,87
16-Oct-21 21:13:56.249 [Solver-2] INFO  heuristics.StandardNeighbourSelection> Using org.cpsolver.ifs.heuristics.GeneralValueSelection
16-Oct-21 21:13:56.249 [Solver-2] INFO  heuristics.StandardNeighbourSelection> Using org.cpsolver.ifs.heuristics.GeneralVariableSelection
16-Oct-21 21:13:56.249 [Solver-2] DEBUG util.Progress> [Important Backtracking (frehmen students)...]
16-Oct-21 21:13:56.250 [Solver-3] INFO  heuristics.RoundRobinNeighbourSelection> Phase changed to 56
16-Oct-21 21:13:56.250 [Solver-3] DEBUG util.Progress>   -- RRq:6164/6168, RS:2545/2547, CR:99,94%, V:2059,65, DC:0, TOC:0, IS:NaN%, IT:NaN%, %:80,87
16-Oct-21 21:13:56.250 [Solver-3] DEBUG util.Progress> [Important Ifs (frehmen students)...]
16-Oct-21 21:13:56.254 [Solver-3] INFO  heuristics.RoundRobinNeighbourSelection> Phase changed to 57
16-Oct-21 21:13:56.254 [Solver-3] DEBUG util.Progress>   -- RRq:6164/6168, RS:2545/2547, CR:99,94%, V:2059,65, DC:0, TOC:0, IS:NaN%, IT:NaN%, %:80,87
16-Oct-21 21:13:56.256 [Solver-3] INFO  heuristics.StandardNeighbourSelection> Using org.cpsolver.ifs.heuristics.GeneralValueSelection
16-Oct-21 21:13:56.256 [Solver-3] INFO  heuristics.StandardNeighbourSelection> Using org.cpsolver.ifs.heuristics.GeneralVariableSelection
16-Oct-21 21:13:56.256 [Solver-3] DEBUG util.Progress> [Important Backtracking (frehmen students)...]
16-Oct-21 21:13:56.257 [Solver-3] INFO  heuristics.RoundRobinNeighbourSelection> Phase changed to 58
16-Oct-21 21:13:56.258 [Solver-3] DEBUG util.Progress>   -- RRq:6164/6168, RS:2545/2547, CR:99,94%, V:2059,65, DC:0, TOC:0, IS:NaN%, IT:NaN%, %:80,87
16-Oct-21 21:13:56.272 [Solver-3] DEBUG util.Progress> [Normal Courses B&B (frehmen students)...]
16-Oct-21 21:13:56.272 [Solver-3] INFO  heuristics.RoundRobinNeighbourSelection> Phase changed to 59
16-Oct-21 21:13:56.273 [Solver-3] DEBUG util.Progress>   -- RRq:6164/6168, RS:2545/2547, CR:99,94%, V:2059,65, DC:0, TOC:0, IS:NaN%, IT:NaN%, %:80,87
16-Oct-21 21:13:56.274 [Solver-3] INFO  heuristics.StandardNeighbourSelection> Using org.cpsolver.ifs.heuristics.GeneralValueSelection
16-Oct-21 21:13:56.275 [Solver-3] INFO  heuristics.StandardNeighbourSelection> Using org.cpsolver.ifs.heuristics.GeneralVariableSelection
16-Oct-21 21:13:56.275 [Solver-3] DEBUG util.Progress> [Normal Backtracking (frehmen students)...]
16-Oct-21 21:13:56.275 [Solver-4] INFO  heuristics.RoundRobinNeighbourSelection> Phase changed to 60
16-Oct-21 21:13:56.276 [Solver-4] DEBUG util.Progress>   -- RRq:6164/6168, RS:2545/2547, CR:99,94%, V:2059,65, DC:0, TOC:0, IS:NaN%, IT:NaN%, %:80,87
16-Oct-21 21:13:56.276 [Solver-4] DEBUG util.Progress> [Normal Ifs (frehmen students)...]
16-Oct-21 21:13:56.281 [Solver-3] INFO  heuristics.RoundRobinNeighbourSelection> Phase changed to 61
16-Oct-21 21:13:56.282 [Solver-3] DEBUG util.Progress>   -- RRq:6164/6168, RS:2545/2547, CR:99,94%, V:2059,65, DC:0, TOC:0, IS:NaN%, IT:NaN%, %:80,87
16-Oct-21 21:13:56.283 [Solver-3] INFO  heuristics.StandardNeighbourSelection> Using org.cpsolver.ifs.heuristics.GeneralValueSelection
16-Oct-21 21:13:56.283 [Solver-3] INFO  heuristics.StandardNeighbourSelection> Using org.cpsolver.ifs.heuristics.GeneralVariableSelection
16-Oct-21 21:13:56.283 [Solver-3] DEBUG util.Progress> [Normal Backtracking (frehmen students)...]
16-Oct-21 21:13:56.284 [Solver-2] INFO  heuristics.RoundRobinNeighbourSelection> Phase changed to 62
16-Oct-21 21:13:56.284 [Solver-2] DEBUG util.Progress>   -- RRq:6164/6168, RS:2545/2547, CR:99,94%, V:2059,65, DC:0, TOC:0, IS:NaN%, IT:NaN%, %:80,87
16-Oct-21 21:13:56.286 [Solver-2] DEBUG util.Progress> [Critical Courses B&B...]
16-Oct-21 21:13:56.292 [Solver-2] INFO  heuristics.RoundRobinNeighbourSelection> Phase changed to 63
16-Oct-21 21:13:56.292 [Solver-2] DEBUG util.Progress>   -- RRq:6164/6168, RS:2545/2547, CR:99,94%, V:2059,65, DC:0, TOC:0, IS:NaN%, IT:NaN%, %:80,87
16-Oct-21 21:13:56.293 [Solver-2] INFO  heuristics.StandardNeighbourSelection> Using org.cpsolver.ifs.heuristics.GeneralValueSelection
16-Oct-21 21:13:56.294 [Solver-2] INFO  heuristics.StandardNeighbourSelection> Using org.cpsolver.ifs.heuristics.GeneralVariableSelection
16-Oct-21 21:13:56.295 [Solver-2] DEBUG util.Progress> [Critical Backtracking...]
16-Oct-21 21:13:56.295 [Solver-1] INFO  heuristics.RoundRobinNeighbourSelection> Phase changed to 64
16-Oct-21 21:13:56.296 [Solver-1] DEBUG util.Progress>   -- RRq:6164/6168, RS:2545/2547, CR:99,94%, V:2059,65, DC:0, TOC:0, IS:NaN%, IT:NaN%, %:80,87
16-Oct-21 21:13:56.296 [Solver-1] DEBUG util.Progress> [Critical Ifs...]
16-Oct-21 21:13:56.307 [Solver-1] INFO  heuristics.RoundRobinNeighbourSelection> Phase changed to 65
16-Oct-21 21:13:56.307 [Solver-1] DEBUG util.Progress>   -- RRq:6164/6168, RS:2545/2547, CR:99,94%, V:2059,65, DC:0, TOC:0, IS:NaN%, IT:NaN%, %:80,87
16-Oct-21 21:13:56.308 [Solver-1] INFO  heuristics.StandardNeighbourSelection> Using org.cpsolver.ifs.heuristics.GeneralValueSelection
16-Oct-21 21:13:56.308 [Solver-1] INFO  heuristics.StandardNeighbourSelection> Using org.cpsolver.ifs.heuristics.GeneralVariableSelection
16-Oct-21 21:13:56.308 [Solver-1] DEBUG util.Progress> [Critical Backtracking...]
16-Oct-21 21:13:56.308 [Solver-2] INFO  heuristics.RoundRobinNeighbourSelection> Phase changed to 66
16-Oct-21 21:13:56.308 [Solver-2] DEBUG util.Progress>   -- RRq:6164/6168, RS:2545/2547, CR:99,94%, V:2059,65, DC:0, TOC:0, IS:NaN%, IT:NaN%, %:80,87
16-Oct-21 21:13:56.310 [Solver-2] DEBUG util.Progress> [Important Courses B&B...]
16-Oct-21 21:13:56.314 [Solver-2] INFO  heuristics.RoundRobinNeighbourSelection> Phase changed to 67
16-Oct-21 21:13:56.314 [Solver-2] DEBUG util.Progress>   -- RRq:6164/6168, RS:2545/2547, CR:99,94%, V:2059,65, DC:0, TOC:0, IS:NaN%, IT:NaN%, %:80,87
16-Oct-21 21:13:56.315 [Solver-2] INFO  heuristics.StandardNeighbourSelection> Using org.cpsolver.ifs.heuristics.GeneralValueSelection
16-Oct-21 21:13:56.315 [Solver-2] INFO  heuristics.StandardNeighbourSelection> Using org.cpsolver.ifs.heuristics.GeneralVariableSelection
16-Oct-21 21:13:56.316 [Solver-2] DEBUG util.Progress> [Important Backtracking...]
16-Oct-21 21:13:56.316 [Solver-4] INFO  heuristics.RoundRobinNeighbourSelection> Phase changed to 68
16-Oct-21 21:13:56.316 [Solver-4] DEBUG util.Progress>   -- RRq:6164/6168, RS:2545/2547, CR:99,94%, V:2059,65, DC:0, TOC:0, IS:NaN%, IT:NaN%, %:80,87
16-Oct-21 21:13:56.316 [Solver-4] DEBUG util.Progress> [Important Ifs...]
16-Oct-21 21:13:56.326 [Solver-4] INFO  heuristics.RoundRobinNeighbourSelection> Phase changed to 69
16-Oct-21 21:13:56.326 [Solver-4] DEBUG util.Progress>   -- RRq:6164/6168, RS:2545/2547, CR:99,94%, V:2059,65, DC:0, TOC:0, IS:NaN%, IT:NaN%, %:80,87
16-Oct-21 21:13:56.327 [Solver-4] INFO  heuristics.StandardNeighbourSelection> Using org.cpsolver.ifs.heuristics.GeneralValueSelection
16-Oct-21 21:13:56.327 [Solver-4] INFO  heuristics.StandardNeighbourSelection> Using org.cpsolver.ifs.heuristics.GeneralVariableSelection
16-Oct-21 21:13:56.328 [Solver-4] DEBUG util.Progress> [Important Backtracking...]
16-Oct-21 21:13:56.328 [Solver-4] INFO  heuristics.RoundRobinNeighbourSelection> Phase changed to 70
16-Oct-21 21:13:56.328 [Solver-4] DEBUG util.Progress>   -- RRq:6164/6168, RS:2545/2547, CR:99,94%, V:2059,65, DC:0, TOC:0, IS:NaN%, IT:NaN%, %:80,87
16-Oct-21 21:13:56.340 [Solver-4] DEBUG util.Progress> [Min Credit B&B...]
16-Oct-21 21:13:56.346 [Solver-3] INFO  heuristics.RoundRobinNeighbourSelection> Phase changed to 71
16-Oct-21 21:13:56.346 [Solver-3] DEBUG util.Progress>   -- RRq:6164/6168, RS:2545/2547, CR:99,94%, V:2059,65, DC:0, TOC:0, IS:NaN%, IT:NaN%, %:80,87
16-Oct-21 21:13:56.360 [Solver-3] DEBUG util.Progress> [Branch&bound...]
16-Oct-21 21:13:56.731 [Solver-2] INFO  studentsct.Test> **BEST** RRq:6168/6168, RS:2547/2547, CR:100,00%, V:2061,17, DC:0, TOC:0, IS:NaN%, IT:NaN%, %:80,93, TM:0,000h
16-Oct-21 21:13:56.732 [Solver-2] INFO  termination.MPPTerminationCondition> A complete solution with allowed number of perturbances found.
16-Oct-21 21:13:56.732 [Solver-4] INFO  termination.MPPTerminationCondition> A complete solution with allowed number of perturbances found.
16-Oct-21 21:13:56.732 [Solver-1] INFO  termination.MPPTerminationCondition> A complete solution with allowed number of perturbances found.
16-Oct-21 21:13:56.782 [Solver-3] INFO  studentsct.Test> **BEST** RRq:6168/6168, RS:2547/2547, CR:100,00%, V:2061,17, DC:0, TOC:0, IS:NaN%, IT:NaN%, %:80,93, TM:0,000h
16-Oct-21 21:13:56.782 [Solver-3] INFO  termination.MPPTerminationCondition> A complete solution with allowed number of perturbances found.
16-Oct-21 21:13:57.610 [SolverSync] DEBUG util.Progress> [Done]
16-Oct-21 21:13:57.610 [SolverSync] DEBUG solver.Solver> Solver done.
16-Oct-21 21:13:57.610 [SolverSync] INFO  util.Progress> [Solver done.]
16-Oct-21 21:13:58.190 [ShutdownHook] INFO  studentsct.Test> **BEST** RRq:6168/6168, RS:2547/2547, CR:100,00%, V:2061,17, DC:0, TOC:0, IS:NaN%, IT:NaN%, %:80,93, TM:0,000h
16-Oct-21 21:13:58.195 [ShutdownHook] INFO  check.OverlapCheck> Checking for overlaps...
16-Oct-21 21:13:58.213 [ShutdownHook] INFO  check.SectionLimitCheck> Checking section limits...
16-Oct-21 21:13:58.219 [ShutdownHook] INFO  check.CourseLimitCheck> Checking for course limits...
16-Oct-21 21:13:58.219 [ShutdownHook] INFO  studentsct.Test> Best solution found after 1.1207662000088021 seconds (463 iterations).
16-Oct-21 21:13:58.242 [ShutdownHook] INFO  studentsct.Test> Info: [
      Assigned course requests: 100,00% (6168/6168)
      Assigned course requests (priority students): Normal: 100,00% (6168/6168)
      Assigned priority course requests: 100.00% (6168/6168)
      Assigned variables: 100.00% (6168/6168)
      Average disbalance: 1,17% (2,06)
      Best Iteration: 463
      Best Time: 0.02 min (413.11 it/s)
      Choice: Average assigned choice: 1,00
      Choice: assigned 1st course choice: 100,00% (6168)
      Full Sections: 5 with no space (11,63% of all sections, 12,06% assignments)
5 with &leq; 2% available (11,63% of all sections, 12,06% assignments)
9 with &leq; 10% available (20,93% of all sections, 20,69% assignments)
      Iteration: 463
      Overall solution value: -2061.17
      Sections disbalanced by 10% or more: 5,71% (2)
      Speed: 413.11 it/s
      Students with complete schedule: 100.00% (2547/2547)
      Students with complete schedule (priority students): Normal: 100.00% (2547/2547)
      Time: 0.02 min
    ]
16-Oct-21 21:13:58.253 [ShutdownHook] DEBUG studentsct.StudentSectioningXMLSaver> Writting XML data to:C:\Users\talha\Documents\CS Honours\COMP700 - HP\student-lab-sectioning\ifs-solver\src\main\resources\input\2020-Sem1-CAES-Wvl-no-conflicts\211016_211352\solution.xml
