03-Sep-21 20:40:23.188 [main] DEBUG studentsct.StudentSectioningXMLLoader> Reading XML data from src\main\resources\input\2020-Sem1-CAES-Wvl\2020-Sem1-CAES-Wvl.xml
03-Sep-21 20:40:24.985 [main] DEBUG studentsct.StudentSectioningXMLLoader> Root element: sectioning
03-Sep-21 20:40:25.015 [main] INFO  util.Progress> [Restoring from backup ...]
03-Sep-21 20:40:25.463 [main] DEBUG studentsct.StudentSectioningXMLLoader> Model successfully loaded.
03-Sep-21 20:40:26.215 [SolverSync] INFO  util.Progress> [Solving problem ...]
03-Sep-21 20:40:26.219 [SolverSync] DEBUG util.Progress> [Initializing solver]
03-Sep-21 20:40:26.241 [SolverSync] INFO  solver.Solver> Using org.cpsolver.ifs.termination.GeneralTerminationCondition
03-Sep-21 20:40:26.262 [SolverSync] INFO  solver.Solver> Using org.cpsolver.studentsct.weights.PriorityStudentWeights
03-Sep-21 20:40:26.264 [SolverSync] INFO  solver.Solver> Using org.cpsolver.studentsct.heuristics.StudentSctNeighbourSelection
03-Sep-21 20:40:26.356 [SolverSync] INFO  heuristics.StandardNeighbourSelection> Using org.cpsolver.studentsct.heuristics.EnrollmentSelection
03-Sep-21 20:40:26.364 [SolverSync] INFO  heuristics.StandardNeighbourSelection> Using org.cpsolver.ifs.heuristics.GeneralVariableSelection
03-Sep-21 20:40:26.368 [SolverSync] INFO  solver.Solver> Using org.cpsolver.ifs.perturbations.DefaultPerturbationsCounter
03-Sep-21 20:40:26.422 [SolverSync] INFO  solver.Solver> Using org.cpsolver.studentsct.extension.StudentConflictStatistics
03-Sep-21 20:40:26.460 [SolverSync] INFO  solver.Solver> Using org.cpsolver.studentsct.extension.DistanceConflict
03-Sep-21 20:40:26.480 [SolverSync] INFO  solver.Solver> Using org.cpsolver.studentsct.extension.TimeOverlapsCounter
03-Sep-21 20:40:27.381 [SolverSync] INFO  solver.Solver> Initial solution:[
      Assigned course requests: 0,00% (0/4853)
      Assigned course requests (priority students): Normal: 0,00% (0/4853)
      Assigned variables: 0.00% (0/4853)
      Iteration: 0
      Overall solution value: 0.00
      Students with complete schedule: 0.00% (0/2547)
      Students with complete schedule (priority students): Normal: 0.00% (0/2547)
      Time: 0.00 min
    ]
03-Sep-21 20:40:27.403 [SolverSync] INFO  util.JProf> Using wall time.
03-Sep-21 20:40:27.429 [Solver-4] INFO  heuristics.RoundRobinNeighbourSelection> Phase changed to 1
03-Sep-21 20:40:27.432 [Solver-4] DEBUG util.Progress>   -- RRq:0/4853, RS:0/2547, CR:0,00%, V:-0,00, DC:0, TOC:0, %:-0,00
03-Sep-21 20:40:27.451 [Solver-4] INFO  studentsct.Test> **BEST** RRq:0/4853, RS:0/2547, CR:0,00%, V:0,00, DC:0, TOC:0, %:0,00, TM:0,000h
03-Sep-21 20:40:27.545 [Solver-4] DEBUG util.Progress> [Critical Courses B&B (priority students)...]
03-Sep-21 20:40:27.553 [Solver-2] INFO  heuristics.RoundRobinNeighbourSelection> Phase changed to 2
03-Sep-21 20:40:27.558 [Solver-2] DEBUG util.Progress>   -- RRq:0/4853, RS:0/2547, CR:0,00%, V:0,00, DC:0, TOC:0, %:0,00
03-Sep-21 20:40:27.575 [Solver-2] INFO  heuristics.StandardNeighbourSelection> Using org.cpsolver.studentsct.heuristics.EnrollmentSelection
03-Sep-21 20:40:27.577 [Solver-2] INFO  heuristics.StandardNeighbourSelection> Using org.cpsolver.ifs.heuristics.GeneralVariableSelection
03-Sep-21 20:40:27.578 [Solver-2] DEBUG util.Progress> [Critical Backtracking (priority students)...]
03-Sep-21 20:40:27.581 [Solver-2] INFO  heuristics.RoundRobinNeighbourSelection> Phase changed to 3
03-Sep-21 20:40:27.581 [Solver-2] DEBUG util.Progress>   -- RRq:0/4853, RS:0/2547, CR:0,00%, V:0,00, DC:0, TOC:0, %:0,00
03-Sep-21 20:40:27.581 [Solver-2] DEBUG util.Progress> [Critical Ifs (priority students)...]
03-Sep-21 20:40:27.819 [Solver-2] INFO  heuristics.RoundRobinNeighbourSelection> Phase changed to 4
03-Sep-21 20:40:27.821 [Solver-2] DEBUG util.Progress>   -- RRq:0/4853, RS:0/2547, CR:0,00%, V:0,00, DC:0, TOC:0, %:0,00
03-Sep-21 20:40:27.934 [Solver-2] INFO  heuristics.StandardNeighbourSelection> Using org.cpsolver.studentsct.heuristics.EnrollmentSelection
03-Sep-21 20:40:27.936 [Solver-2] INFO  heuristics.StandardNeighbourSelection> Using org.cpsolver.ifs.heuristics.GeneralVariableSelection
03-Sep-21 20:40:27.942 [Solver-2] DEBUG util.Progress> [Critical Backtracking (priority students)...]
03-Sep-21 20:40:27.951 [Solver-3] INFO  heuristics.RoundRobinNeighbourSelection> Phase changed to 5
03-Sep-21 20:40:27.952 [Solver-3] DEBUG util.Progress>   -- RRq:0/4853, RS:0/2547, CR:0,00%, V:0,00, DC:0, TOC:0, %:0,00
03-Sep-21 20:40:27.968 [Solver-3] DEBUG util.Progress> [Important Courses B&B (priority students)...]
03-Sep-21 20:40:27.971 [Solver-3] INFO  heuristics.RoundRobinNeighbourSelection> Phase changed to 6
03-Sep-21 20:40:27.972 [Solver-3] DEBUG util.Progress>   -- RRq:0/4853, RS:0/2547, CR:0,00%, V:0,00, DC:0, TOC:0, %:0,00
03-Sep-21 20:40:27.978 [Solver-3] INFO  heuristics.StandardNeighbourSelection> Using org.cpsolver.studentsct.heuristics.EnrollmentSelection
03-Sep-21 20:40:27.979 [Solver-3] INFO  heuristics.StandardNeighbourSelection> Using org.cpsolver.ifs.heuristics.GeneralVariableSelection
03-Sep-21 20:40:27.983 [Solver-3] DEBUG util.Progress> [Important Backtracking (priority students)...]
03-Sep-21 20:40:27.985 [Solver-3] INFO  heuristics.RoundRobinNeighbourSelection> Phase changed to 7
03-Sep-21 20:40:27.986 [Solver-3] DEBUG util.Progress>   -- RRq:0/4853, RS:0/2547, CR:0,00%, V:0,00, DC:0, TOC:0, %:0,00
03-Sep-21 20:40:27.987 [Solver-3] DEBUG util.Progress> [Important Ifs (priority students)...]
03-Sep-21 20:40:28.162 [Solver-3] INFO  heuristics.RoundRobinNeighbourSelection> Phase changed to 8
03-Sep-21 20:40:28.168 [Solver-3] DEBUG util.Progress>   -- RRq:0/4853, RS:0/2547, CR:0,00%, V:0,00, DC:0, TOC:0, %:0,00
03-Sep-21 20:40:28.176 [Solver-3] INFO  heuristics.StandardNeighbourSelection> Using org.cpsolver.studentsct.heuristics.EnrollmentSelection
03-Sep-21 20:40:28.178 [Solver-3] INFO  heuristics.StandardNeighbourSelection> Using org.cpsolver.ifs.heuristics.GeneralVariableSelection
03-Sep-21 20:40:28.179 [Solver-3] DEBUG util.Progress> [Important Backtracking (priority students)...]
03-Sep-21 20:40:28.196 [Solver-1] INFO  heuristics.RoundRobinNeighbourSelection> Phase changed to 9
03-Sep-21 20:40:28.198 [Solver-1] DEBUG util.Progress>   -- RRq:0/4853, RS:0/2547, CR:0,00%, V:0,00, DC:0, TOC:0, %:0,00
03-Sep-21 20:40:28.741 [Solver-1] DEBUG util.Progress> [Normal Courses B&B (priority students)...]
03-Sep-21 20:40:28.749 [Solver-2] INFO  heuristics.RoundRobinNeighbourSelection> Phase changed to 10
03-Sep-21 20:40:28.751 [Solver-2] DEBUG util.Progress>   -- RRq:0/4853, RS:0/2547, CR:0,00%, V:0,00, DC:0, TOC:0, %:0,00
03-Sep-21 20:40:28.809 [Solver-2] INFO  heuristics.StandardNeighbourSelection> Using org.cpsolver.studentsct.heuristics.EnrollmentSelection
03-Sep-21 20:40:28.810 [Solver-2] INFO  heuristics.StandardNeighbourSelection> Using org.cpsolver.ifs.heuristics.GeneralVariableSelection
03-Sep-21 20:40:28.811 [Solver-2] DEBUG util.Progress> [Normal Backtracking (priority students)...]
03-Sep-21 20:40:28.815 [Solver-2] INFO  heuristics.RoundRobinNeighbourSelection> Phase changed to 11
03-Sep-21 20:40:28.815 [Solver-2] DEBUG util.Progress>   -- RRq:0/4853, RS:0/2547, CR:0,00%, V:0,00, DC:0, TOC:0, %:0,00
03-Sep-21 20:40:28.816 [Solver-2] DEBUG util.Progress> [Normal Ifs (priority students)...]
03-Sep-21 20:40:28.836 [Solver-3] INFO  heuristics.RoundRobinNeighbourSelection> Phase changed to 12
03-Sep-21 20:40:28.838 [Solver-3] DEBUG util.Progress>   -- RRq:0/4853, RS:0/2547, CR:0,00%, V:0,00, DC:0, TOC:0, %:0,00
03-Sep-21 20:40:28.867 [Solver-3] INFO  heuristics.StandardNeighbourSelection> Using org.cpsolver.studentsct.heuristics.EnrollmentSelection
03-Sep-21 20:40:28.868 [Solver-3] INFO  heuristics.StandardNeighbourSelection> Using org.cpsolver.ifs.heuristics.GeneralVariableSelection
03-Sep-21 20:40:28.869 [Solver-3] DEBUG util.Progress> [Normal Backtracking (priority students)...]
03-Sep-21 20:40:28.874 [Solver-1] INFO  heuristics.RoundRobinNeighbourSelection> Phase changed to 13
03-Sep-21 20:40:28.875 [Solver-1] DEBUG util.Progress>   -- RRq:0/4853, RS:0/2547, CR:0,00%, V:0,00, DC:0, TOC:0, %:0,00
03-Sep-21 20:40:28.880 [Solver-1] DEBUG util.Progress> [Critical Courses B&B (senior students)...]
03-Sep-21 20:40:28.883 [Solver-2] INFO  heuristics.RoundRobinNeighbourSelection> Phase changed to 14
03-Sep-21 20:40:28.884 [Solver-2] DEBUG util.Progress>   -- RRq:0/4853, RS:0/2547, CR:0,00%, V:0,00, DC:0, TOC:0, %:0,00
03-Sep-21 20:40:28.891 [Solver-2] INFO  heuristics.StandardNeighbourSelection> Using org.cpsolver.studentsct.heuristics.EnrollmentSelection
03-Sep-21 20:40:28.892 [Solver-2] INFO  heuristics.StandardNeighbourSelection> Using org.cpsolver.ifs.heuristics.GeneralVariableSelection
03-Sep-21 20:40:28.892 [Solver-2] DEBUG util.Progress> [Critical Backtracking (senior students)...]
03-Sep-21 20:40:28.892 [Solver-2] INFO  heuristics.RoundRobinNeighbourSelection> Phase changed to 15
03-Sep-21 20:40:28.893 [Solver-2] DEBUG util.Progress>   -- RRq:0/4853, RS:0/2547, CR:0,00%, V:0,00, DC:0, TOC:0, %:0,00
03-Sep-21 20:40:28.893 [Solver-2] DEBUG util.Progress> [Critical Ifs (senior students)...]
03-Sep-21 20:40:28.908 [Solver-2] INFO  heuristics.RoundRobinNeighbourSelection> Phase changed to 16
03-Sep-21 20:40:28.909 [Solver-2] DEBUG util.Progress>   -- RRq:0/4853, RS:0/2547, CR:0,00%, V:0,00, DC:0, TOC:0, %:0,00
03-Sep-21 20:40:28.913 [Solver-2] INFO  heuristics.StandardNeighbourSelection> Using org.cpsolver.studentsct.heuristics.EnrollmentSelection
03-Sep-21 20:40:28.913 [Solver-2] INFO  heuristics.StandardNeighbourSelection> Using org.cpsolver.ifs.heuristics.GeneralVariableSelection
03-Sep-21 20:40:28.914 [Solver-2] DEBUG util.Progress> [Critical Backtracking (senior students)...]
03-Sep-21 20:40:28.917 [Solver-2] INFO  heuristics.RoundRobinNeighbourSelection> Phase changed to 17
03-Sep-21 20:40:28.920 [Solver-2] DEBUG util.Progress>   -- RRq:0/4853, RS:0/2547, CR:0,00%, V:0,00, DC:0, TOC:0, %:0,00
03-Sep-21 20:40:28.924 [Solver-2] DEBUG util.Progress> [Important Courses B&B (senior students)...]
03-Sep-21 20:40:28.936 [Solver-2] INFO  heuristics.RoundRobinNeighbourSelection> Phase changed to 18
03-Sep-21 20:40:28.937 [Solver-2] DEBUG util.Progress>   -- RRq:0/4853, RS:0/2547, CR:0,00%, V:0,00, DC:0, TOC:0, %:0,00
03-Sep-21 20:40:28.941 [Solver-2] INFO  heuristics.StandardNeighbourSelection> Using org.cpsolver.studentsct.heuristics.EnrollmentSelection
03-Sep-21 20:40:28.943 [Solver-2] INFO  heuristics.StandardNeighbourSelection> Using org.cpsolver.ifs.heuristics.GeneralVariableSelection
03-Sep-21 20:40:28.944 [Solver-2] DEBUG util.Progress> [Important Backtracking (senior students)...]
03-Sep-21 20:40:28.945 [Solver-1] INFO  heuristics.RoundRobinNeighbourSelection> Phase changed to 19
03-Sep-21 20:40:28.945 [Solver-1] DEBUG util.Progress>   -- RRq:0/4853, RS:0/2547, CR:0,00%, V:0,00, DC:0, TOC:0, %:0,00
03-Sep-21 20:40:28.945 [Solver-1] DEBUG util.Progress> [Important Ifs (senior students)...]
03-Sep-21 20:40:29.000 [Solver-1] INFO  heuristics.RoundRobinNeighbourSelection> Phase changed to 20
03-Sep-21 20:40:29.001 [Solver-1] DEBUG util.Progress>   -- RRq:0/4853, RS:0/2547, CR:0,00%, V:0,00, DC:0, TOC:0, %:0,00
03-Sep-21 20:40:29.052 [Solver-1] INFO  heuristics.StandardNeighbourSelection> Using org.cpsolver.studentsct.heuristics.EnrollmentSelection
03-Sep-21 20:40:29.053 [Solver-1] INFO  heuristics.StandardNeighbourSelection> Using org.cpsolver.ifs.heuristics.GeneralVariableSelection
03-Sep-21 20:40:29.053 [Solver-1] DEBUG util.Progress> [Important Backtracking (senior students)...]
03-Sep-21 20:40:29.054 [Solver-1] INFO  heuristics.RoundRobinNeighbourSelection> Phase changed to 21
03-Sep-21 20:40:29.055 [Solver-1] DEBUG util.Progress>   -- RRq:0/4853, RS:0/2547, CR:0,00%, V:0,00, DC:0, TOC:0, %:0,00
03-Sep-21 20:40:29.214 [Solver-1] DEBUG util.Progress> [Normal Courses B&B (senior students)...]
03-Sep-21 20:40:29.215 [Solver-2] INFO  heuristics.RoundRobinNeighbourSelection> Phase changed to 22
03-Sep-21 20:40:29.216 [Solver-2] DEBUG util.Progress>   -- RRq:0/4853, RS:0/2547, CR:0,00%, V:0,00, DC:0, TOC:0, %:0,00
03-Sep-21 20:40:29.233 [Solver-2] INFO  heuristics.StandardNeighbourSelection> Using org.cpsolver.studentsct.heuristics.EnrollmentSelection
03-Sep-21 20:40:29.234 [Solver-2] INFO  heuristics.StandardNeighbourSelection> Using org.cpsolver.ifs.heuristics.GeneralVariableSelection
03-Sep-21 20:40:29.235 [Solver-2] DEBUG util.Progress> [Normal Backtracking (senior students)...]
03-Sep-21 20:40:29.244 [Solver-3] INFO  heuristics.RoundRobinNeighbourSelection> Phase changed to 23
03-Sep-21 20:40:29.245 [Solver-3] DEBUG util.Progress>   -- RRq:0/4853, RS:0/2547, CR:0,00%, V:0,00, DC:0, TOC:0, %:0,00
03-Sep-21 20:40:29.245 [Solver-3] DEBUG util.Progress> [Normal Ifs (senior students)...]
03-Sep-21 20:40:29.253 [Solver-3] INFO  heuristics.RoundRobinNeighbourSelection> Phase changed to 24
03-Sep-21 20:40:29.254 [Solver-3] DEBUG util.Progress>   -- RRq:0/4853, RS:0/2547, CR:0,00%, V:0,00, DC:0, TOC:0, %:0,00
03-Sep-21 20:40:29.267 [Solver-3] INFO  heuristics.StandardNeighbourSelection> Using org.cpsolver.studentsct.heuristics.EnrollmentSelection
03-Sep-21 20:40:29.268 [Solver-3] INFO  heuristics.StandardNeighbourSelection> Using org.cpsolver.ifs.heuristics.GeneralVariableSelection
03-Sep-21 20:40:29.269 [Solver-3] DEBUG util.Progress> [Normal Backtracking (senior students)...]
03-Sep-21 20:40:29.275 [Solver-4] INFO  heuristics.RoundRobinNeighbourSelection> Phase changed to 25
03-Sep-21 20:40:29.275 [Solver-4] DEBUG util.Progress>   -- RRq:0/4853, RS:0/2547, CR:0,00%, V:0,00, DC:0, TOC:0, %:0,00
03-Sep-21 20:40:29.282 [Solver-4] DEBUG util.Progress> [Critical Courses B&B (junior students)...]
03-Sep-21 20:40:29.285 [Solver-2] INFO  heuristics.RoundRobinNeighbourSelection> Phase changed to 26
03-Sep-21 20:40:29.286 [Solver-2] DEBUG util.Progress>   -- RRq:0/4853, RS:0/2547, CR:0,00%, V:0,00, DC:0, TOC:0, %:0,00
03-Sep-21 20:40:29.290 [Solver-2] INFO  heuristics.StandardNeighbourSelection> Using org.cpsolver.studentsct.heuristics.EnrollmentSelection
03-Sep-21 20:40:29.290 [Solver-2] INFO  heuristics.StandardNeighbourSelection> Using org.cpsolver.ifs.heuristics.GeneralVariableSelection
03-Sep-21 20:40:29.291 [Solver-2] DEBUG util.Progress> [Critical Backtracking (junior students)...]
03-Sep-21 20:40:29.300 [Solver-3] INFO  heuristics.RoundRobinNeighbourSelection> Phase changed to 27
03-Sep-21 20:40:29.304 [Solver-3] DEBUG util.Progress>   -- RRq:0/4853, RS:0/2547, CR:0,00%, V:0,00, DC:0, TOC:0, %:0,00
03-Sep-21 20:40:29.304 [Solver-3] DEBUG util.Progress> [Critical Ifs (junior students)...]
03-Sep-21 20:40:29.311 [Solver-4] INFO  heuristics.RoundRobinNeighbourSelection> Phase changed to 28
03-Sep-21 20:40:29.312 [Solver-4] DEBUG util.Progress>   -- RRq:0/4853, RS:0/2547, CR:0,00%, V:0,00, DC:0, TOC:0, %:0,00
03-Sep-21 20:40:29.316 [Solver-4] INFO  heuristics.StandardNeighbourSelection> Using org.cpsolver.studentsct.heuristics.EnrollmentSelection
03-Sep-21 20:40:29.318 [Solver-4] INFO  heuristics.StandardNeighbourSelection> Using org.cpsolver.ifs.heuristics.GeneralVariableSelection
03-Sep-21 20:40:29.319 [Solver-4] DEBUG util.Progress> [Critical Backtracking (junior students)...]
03-Sep-21 20:40:29.328 [Solver-2] INFO  heuristics.RoundRobinNeighbourSelection> Phase changed to 29
03-Sep-21 20:40:29.329 [Solver-2] DEBUG util.Progress>   -- RRq:0/4853, RS:0/2547, CR:0,00%, V:0,00, DC:0, TOC:0, %:0,00
03-Sep-21 20:40:29.334 [Solver-2] DEBUG util.Progress> [Important Courses B&B (junior students)...]
03-Sep-21 20:40:29.336 [Solver-2] INFO  heuristics.RoundRobinNeighbourSelection> Phase changed to 30
03-Sep-21 20:40:29.336 [Solver-2] DEBUG util.Progress>   -- RRq:0/4853, RS:0/2547, CR:0,00%, V:0,00, DC:0, TOC:0, %:0,00
03-Sep-21 20:40:29.340 [Solver-2] INFO  heuristics.StandardNeighbourSelection> Using org.cpsolver.studentsct.heuristics.EnrollmentSelection
03-Sep-21 20:40:29.349 [Solver-2] INFO  heuristics.StandardNeighbourSelection> Using org.cpsolver.ifs.heuristics.GeneralVariableSelection
03-Sep-21 20:40:29.352 [Solver-2] DEBUG util.Progress> [Important Backtracking (junior students)...]
03-Sep-21 20:40:29.355 [Solver-4] INFO  heuristics.RoundRobinNeighbourSelection> Phase changed to 31
03-Sep-21 20:40:29.355 [Solver-4] DEBUG util.Progress>   -- RRq:0/4853, RS:0/2547, CR:0,00%, V:0,00, DC:0, TOC:0, %:0,00
03-Sep-21 20:40:29.356 [Solver-4] DEBUG util.Progress> [Important Ifs (junior students)...]
03-Sep-21 20:40:29.365 [Solver-3] INFO  heuristics.RoundRobinNeighbourSelection> Phase changed to 32
03-Sep-21 20:40:29.366 [Solver-3] DEBUG util.Progress>   -- RRq:0/4853, RS:0/2547, CR:0,00%, V:0,00, DC:0, TOC:0, %:0,00
03-Sep-21 20:40:29.369 [Solver-3] INFO  heuristics.StandardNeighbourSelection> Using org.cpsolver.studentsct.heuristics.EnrollmentSelection
03-Sep-21 20:40:29.370 [Solver-3] INFO  heuristics.StandardNeighbourSelection> Using org.cpsolver.ifs.heuristics.GeneralVariableSelection
03-Sep-21 20:40:29.371 [Solver-3] DEBUG util.Progress> [Important Backtracking (junior students)...]
03-Sep-21 20:40:29.371 [Solver-3] INFO  heuristics.RoundRobinNeighbourSelection> Phase changed to 33
03-Sep-21 20:40:29.372 [Solver-3] DEBUG util.Progress>   -- RRq:0/4853, RS:0/2547, CR:0,00%, V:0,00, DC:0, TOC:0, %:0,00
03-Sep-21 20:40:29.395 [Solver-3] DEBUG util.Progress> [Normal Courses B&B (junior students)...]
03-Sep-21 20:40:29.405 [Solver-2] INFO  heuristics.RoundRobinNeighbourSelection> Phase changed to 34
03-Sep-21 20:40:29.405 [Solver-2] DEBUG util.Progress>   -- RRq:0/4853, RS:0/2547, CR:0,00%, V:0,00, DC:0, TOC:0, %:0,00
03-Sep-21 20:40:29.419 [Solver-2] INFO  heuristics.StandardNeighbourSelection> Using org.cpsolver.studentsct.heuristics.EnrollmentSelection
03-Sep-21 20:40:29.419 [Solver-2] INFO  heuristics.StandardNeighbourSelection> Using org.cpsolver.ifs.heuristics.GeneralVariableSelection
03-Sep-21 20:40:29.420 [Solver-2] DEBUG util.Progress> [Normal Backtracking (junior students)...]
03-Sep-21 20:40:29.423 [Solver-2] INFO  heuristics.RoundRobinNeighbourSelection> Phase changed to 35
03-Sep-21 20:40:29.428 [Solver-2] DEBUG util.Progress>   -- RRq:0/4853, RS:0/2547, CR:0,00%, V:0,00, DC:0, TOC:0, %:0,00
03-Sep-21 20:40:29.429 [Solver-2] DEBUG util.Progress> [Normal Ifs (junior students)...]
03-Sep-21 20:40:29.453 [Solver-1] INFO  heuristics.RoundRobinNeighbourSelection> Phase changed to 36
03-Sep-21 20:40:29.454 [Solver-1] DEBUG util.Progress>   -- RRq:0/4853, RS:0/2547, CR:0,00%, V:0,00, DC:0, TOC:0, %:0,00
03-Sep-21 20:40:29.466 [Solver-1] INFO  heuristics.StandardNeighbourSelection> Using org.cpsolver.studentsct.heuristics.EnrollmentSelection
03-Sep-21 20:40:29.467 [Solver-1] INFO  heuristics.StandardNeighbourSelection> Using org.cpsolver.ifs.heuristics.GeneralVariableSelection
03-Sep-21 20:40:29.468 [Solver-1] DEBUG util.Progress> [Normal Backtracking (junior students)...]
03-Sep-21 20:40:29.473 [Solver-4] INFO  heuristics.RoundRobinNeighbourSelection> Phase changed to 37
03-Sep-21 20:40:29.482 [Solver-4] DEBUG util.Progress>   -- RRq:0/4853, RS:0/2547, CR:0,00%, V:0,00, DC:0, TOC:0, %:0,00
03-Sep-21 20:40:29.485 [Solver-4] DEBUG util.Progress> [Critical Courses B&B (sophomore students)...]
03-Sep-21 20:40:29.487 [Solver-4] INFO  heuristics.RoundRobinNeighbourSelection> Phase changed to 38
03-Sep-21 20:40:29.535 [Solver-4] DEBUG util.Progress>   -- RRq:0/4853, RS:0/2547, CR:0,00%, V:0,00, DC:0, TOC:0, %:0,00
03-Sep-21 20:40:29.538 [Solver-4] INFO  heuristics.StandardNeighbourSelection> Using org.cpsolver.studentsct.heuristics.EnrollmentSelection
03-Sep-21 20:40:29.538 [Solver-4] INFO  heuristics.StandardNeighbourSelection> Using org.cpsolver.ifs.heuristics.GeneralVariableSelection
03-Sep-21 20:40:29.539 [Solver-4] DEBUG util.Progress> [Critical Backtracking (sophomore students)...]
03-Sep-21 20:40:29.539 [Solver-1] INFO  heuristics.RoundRobinNeighbourSelection> Phase changed to 39
03-Sep-21 20:40:29.540 [Solver-1] DEBUG util.Progress>   -- RRq:0/4853, RS:0/2547, CR:0,00%, V:0,00, DC:0, TOC:0, %:0,00
03-Sep-21 20:40:29.540 [Solver-1] DEBUG util.Progress> [Critical Ifs (sophomore students)...]
03-Sep-21 20:40:29.547 [Solver-1] INFO  heuristics.RoundRobinNeighbourSelection> Phase changed to 40
03-Sep-21 20:40:29.548 [Solver-1] DEBUG util.Progress>   -- RRq:0/4853, RS:0/2547, CR:0,00%, V:0,00, DC:0, TOC:0, %:0,00
03-Sep-21 20:40:29.551 [Solver-1] INFO  heuristics.StandardNeighbourSelection> Using org.cpsolver.studentsct.heuristics.EnrollmentSelection
03-Sep-21 20:40:29.551 [Solver-1] INFO  heuristics.StandardNeighbourSelection> Using org.cpsolver.ifs.heuristics.GeneralVariableSelection
03-Sep-21 20:40:29.551 [Solver-1] DEBUG util.Progress> [Critical Backtracking (sophomore students)...]
03-Sep-21 20:40:29.553 [Solver-2] INFO  heuristics.RoundRobinNeighbourSelection> Phase changed to 41
03-Sep-21 20:40:29.554 [Solver-2] DEBUG util.Progress>   -- RRq:0/4853, RS:0/2547, CR:0,00%, V:0,00, DC:0, TOC:0, %:0,00
03-Sep-21 20:40:29.558 [Solver-2] DEBUG util.Progress> [Important Courses B&B (sophomore students)...]
03-Sep-21 20:40:29.561 [Solver-3] INFO  heuristics.RoundRobinNeighbourSelection> Phase changed to 42
03-Sep-21 20:40:29.562 [Solver-3] DEBUG util.Progress>   -- RRq:0/4853, RS:0/2547, CR:0,00%, V:0,00, DC:0, TOC:0, %:0,00
03-Sep-21 20:40:29.565 [Solver-3] INFO  heuristics.StandardNeighbourSelection> Using org.cpsolver.studentsct.heuristics.EnrollmentSelection
03-Sep-21 20:40:29.566 [Solver-3] INFO  heuristics.StandardNeighbourSelection> Using org.cpsolver.ifs.heuristics.GeneralVariableSelection
03-Sep-21 20:40:29.566 [Solver-3] DEBUG util.Progress> [Important Backtracking (sophomore students)...]
03-Sep-21 20:40:29.567 [Solver-3] INFO  heuristics.RoundRobinNeighbourSelection> Phase changed to 43
03-Sep-21 20:40:29.567 [Solver-3] DEBUG util.Progress>   -- RRq:0/4853, RS:0/2547, CR:0,00%, V:0,00, DC:0, TOC:0, %:0,00
03-Sep-21 20:40:29.568 [Solver-3] DEBUG util.Progress> [Important Ifs (sophomore students)...]
03-Sep-21 20:40:29.581 [Solver-3] INFO  heuristics.RoundRobinNeighbourSelection> Phase changed to 44
03-Sep-21 20:40:29.582 [Solver-3] DEBUG util.Progress>   -- RRq:0/4853, RS:0/2547, CR:0,00%, V:0,00, DC:0, TOC:0, %:0,00
03-Sep-21 20:40:29.585 [Solver-3] INFO  heuristics.StandardNeighbourSelection> Using org.cpsolver.studentsct.heuristics.EnrollmentSelection
03-Sep-21 20:40:29.587 [Solver-3] INFO  heuristics.StandardNeighbourSelection> Using org.cpsolver.ifs.heuristics.GeneralVariableSelection
03-Sep-21 20:40:29.588 [Solver-3] DEBUG util.Progress> [Important Backtracking (sophomore students)...]
03-Sep-21 20:40:29.588 [Solver-2] INFO  heuristics.RoundRobinNeighbourSelection> Phase changed to 45
03-Sep-21 20:40:29.589 [Solver-2] DEBUG util.Progress>   -- RRq:0/4853, RS:0/2547, CR:0,00%, V:0,00, DC:0, TOC:0, %:0,00
03-Sep-21 20:40:29.606 [Solver-2] DEBUG util.Progress> [Normal Courses B&B (sophomore students)...]
03-Sep-21 20:40:29.609 [Solver-2] INFO  heuristics.RoundRobinNeighbourSelection> Phase changed to 46
03-Sep-21 20:40:29.609 [Solver-2] DEBUG util.Progress>   -- RRq:0/4853, RS:0/2547, CR:0,00%, V:0,00, DC:0, TOC:0, %:0,00
03-Sep-21 20:40:29.619 [Solver-2] INFO  heuristics.StandardNeighbourSelection> Using org.cpsolver.studentsct.heuristics.EnrollmentSelection
03-Sep-21 20:40:29.619 [Solver-2] INFO  heuristics.StandardNeighbourSelection> Using org.cpsolver.ifs.heuristics.GeneralVariableSelection
03-Sep-21 20:40:29.620 [Solver-2] DEBUG util.Progress> [Normal Backtracking (sophomore students)...]
03-Sep-21 20:40:29.819 [Solver-4] INFO  heuristics.RoundRobinNeighbourSelection> Phase changed to 47
03-Sep-21 20:40:29.820 [Solver-4] DEBUG util.Progress>   -- RRq:0/4853, RS:0/2547, CR:0,00%, V:0,00, DC:0, TOC:0, %:0,00
03-Sep-21 20:40:29.820 [Solver-4] DEBUG util.Progress> [Normal Ifs (sophomore students)...]
03-Sep-21 20:40:29.830 [Solver-4] INFO  heuristics.RoundRobinNeighbourSelection> Phase changed to 48
03-Sep-21 20:40:29.830 [Solver-4] DEBUG util.Progress>   -- RRq:0/4853, RS:0/2547, CR:0,00%, V:0,00, DC:0, TOC:0, %:0,00
03-Sep-21 20:40:29.841 [Solver-4] INFO  heuristics.StandardNeighbourSelection> Using org.cpsolver.studentsct.heuristics.EnrollmentSelection
03-Sep-21 20:40:29.841 [Solver-4] INFO  heuristics.StandardNeighbourSelection> Using org.cpsolver.ifs.heuristics.GeneralVariableSelection
03-Sep-21 20:40:29.842 [Solver-4] DEBUG util.Progress> [Normal Backtracking (sophomore students)...]
03-Sep-21 20:40:29.849 [Solver-1] INFO  heuristics.RoundRobinNeighbourSelection> Phase changed to 49
03-Sep-21 20:40:29.849 [Solver-1] DEBUG util.Progress>   -- RRq:0/4853, RS:0/2547, CR:0,00%, V:0,00, DC:0, TOC:0, %:0,00
03-Sep-21 20:40:29.855 [Solver-1] DEBUG util.Progress> [Critical Courses B&B (frehmen students)...]
03-Sep-21 20:40:29.858 [Solver-1] INFO  heuristics.RoundRobinNeighbourSelection> Phase changed to 50
03-Sep-21 20:40:29.859 [Solver-1] DEBUG util.Progress>   -- RRq:0/4853, RS:0/2547, CR:0,00%, V:0,00, DC:0, TOC:0, %:0,00
03-Sep-21 20:40:29.861 [Solver-1] INFO  heuristics.StandardNeighbourSelection> Using org.cpsolver.studentsct.heuristics.EnrollmentSelection
03-Sep-21 20:40:29.863 [Solver-1] INFO  heuristics.StandardNeighbourSelection> Using org.cpsolver.ifs.heuristics.GeneralVariableSelection
03-Sep-21 20:40:29.864 [Solver-1] DEBUG util.Progress> [Critical Backtracking (frehmen students)...]
03-Sep-21 20:40:29.867 [Solver-1] INFO  heuristics.RoundRobinNeighbourSelection> Phase changed to 51
03-Sep-21 20:40:29.867 [Solver-1] DEBUG util.Progress>   -- RRq:0/4853, RS:0/2547, CR:0,00%, V:0,00, DC:0, TOC:0, %:0,00
03-Sep-21 20:40:29.867 [Solver-1] DEBUG util.Progress> [Critical Ifs (frehmen students)...]
03-Sep-21 20:40:29.875 [Solver-1] INFO  heuristics.RoundRobinNeighbourSelection> Phase changed to 52
03-Sep-21 20:40:29.876 [Solver-1] DEBUG util.Progress>   -- RRq:0/4853, RS:0/2547, CR:0,00%, V:0,00, DC:0, TOC:0, %:0,00
03-Sep-21 20:40:29.880 [Solver-1] INFO  heuristics.StandardNeighbourSelection> Using org.cpsolver.studentsct.heuristics.EnrollmentSelection
03-Sep-21 20:40:29.881 [Solver-1] INFO  heuristics.StandardNeighbourSelection> Using org.cpsolver.ifs.heuristics.GeneralVariableSelection
03-Sep-21 20:40:29.881 [Solver-1] DEBUG util.Progress> [Critical Backtracking (frehmen students)...]
03-Sep-21 20:40:29.882 [Solver-1] INFO  heuristics.RoundRobinNeighbourSelection> Phase changed to 53
03-Sep-21 20:40:29.882 [Solver-1] DEBUG util.Progress>   -- RRq:0/4853, RS:0/2547, CR:0,00%, V:0,00, DC:0, TOC:0, %:0,00
03-Sep-21 20:40:29.892 [Solver-1] DEBUG util.Progress> [Important Courses B&B (frehmen students)...]
03-Sep-21 20:40:29.896 [Solver-1] INFO  heuristics.RoundRobinNeighbourSelection> Phase changed to 54
03-Sep-21 20:40:29.896 [Solver-1] DEBUG util.Progress>   -- RRq:0/4853, RS:0/2547, CR:0,00%, V:0,00, DC:0, TOC:0, %:0,00
03-Sep-21 20:40:29.899 [Solver-1] INFO  heuristics.StandardNeighbourSelection> Using org.cpsolver.studentsct.heuristics.EnrollmentSelection
03-Sep-21 20:40:29.900 [Solver-1] INFO  heuristics.StandardNeighbourSelection> Using org.cpsolver.ifs.heuristics.GeneralVariableSelection
03-Sep-21 20:40:29.903 [Solver-1] DEBUG util.Progress> [Important Backtracking (frehmen students)...]
03-Sep-21 20:40:29.905 [Solver-4] INFO  heuristics.RoundRobinNeighbourSelection> Phase changed to 55
03-Sep-21 20:40:29.907 [Solver-4] DEBUG util.Progress>   -- RRq:0/4853, RS:0/2547, CR:0,00%, V:0,00, DC:0, TOC:0, %:0,00
03-Sep-21 20:40:29.908 [Solver-4] DEBUG util.Progress> [Important Ifs (frehmen students)...]
03-Sep-21 20:40:29.919 [Solver-4] INFO  heuristics.RoundRobinNeighbourSelection> Phase changed to 56
03-Sep-21 20:40:29.920 [Solver-4] DEBUG util.Progress>   -- RRq:0/4853, RS:0/2547, CR:0,00%, V:0,00, DC:0, TOC:0, %:0,00
03-Sep-21 20:40:29.935 [Solver-4] INFO  heuristics.StandardNeighbourSelection> Using org.cpsolver.studentsct.heuristics.EnrollmentSelection
03-Sep-21 20:40:29.937 [Solver-4] INFO  heuristics.StandardNeighbourSelection> Using org.cpsolver.ifs.heuristics.GeneralVariableSelection
03-Sep-21 20:40:29.939 [Solver-4] DEBUG util.Progress> [Important Backtracking (frehmen students)...]
03-Sep-21 20:40:29.939 [Solver-4] INFO  heuristics.RoundRobinNeighbourSelection> Phase changed to 57
03-Sep-21 20:40:29.940 [Solver-4] DEBUG util.Progress>   -- RRq:0/4853, RS:0/2547, CR:0,00%, V:0,00, DC:0, TOC:0, %:0,00
03-Sep-21 20:40:29.972 [Solver-4] DEBUG util.Progress> [Normal Courses B&B (frehmen students)...]
03-Sep-21 20:40:29.974 [Solver-4] INFO  heuristics.RoundRobinNeighbourSelection> Phase changed to 58
03-Sep-21 20:40:29.975 [Solver-4] DEBUG util.Progress>   -- RRq:0/4853, RS:0/2547, CR:0,00%, V:0,00, DC:0, TOC:0, %:0,00
03-Sep-21 20:40:30.350 [Solver-4] INFO  heuristics.StandardNeighbourSelection> Using org.cpsolver.studentsct.heuristics.EnrollmentSelection
03-Sep-21 20:40:30.352 [Solver-4] INFO  heuristics.StandardNeighbourSelection> Using org.cpsolver.ifs.heuristics.GeneralVariableSelection
03-Sep-21 20:40:30.352 [Solver-4] DEBUG util.Progress> [Normal Backtracking (frehmen students)...]
03-Sep-21 20:40:30.361 [Solver-3] INFO  heuristics.RoundRobinNeighbourSelection> Phase changed to 59
03-Sep-21 20:40:30.362 [Solver-3] DEBUG util.Progress>   -- RRq:0/4853, RS:0/2547, CR:0,00%, V:0,00, DC:0, TOC:0, %:0,00
03-Sep-21 20:40:30.362 [Solver-3] DEBUG util.Progress> [Normal Ifs (frehmen students)...]
03-Sep-21 20:40:30.373 [Solver-1] INFO  heuristics.RoundRobinNeighbourSelection> Phase changed to 60
03-Sep-21 20:40:30.373 [Solver-1] DEBUG util.Progress>   -- RRq:0/4853, RS:0/2547, CR:0,00%, V:0,00, DC:0, TOC:0, %:0,00
03-Sep-21 20:40:30.380 [Solver-1] INFO  heuristics.StandardNeighbourSelection> Using org.cpsolver.studentsct.heuristics.EnrollmentSelection
03-Sep-21 20:40:30.381 [Solver-1] INFO  heuristics.StandardNeighbourSelection> Using org.cpsolver.ifs.heuristics.GeneralVariableSelection
03-Sep-21 20:40:30.382 [Solver-1] DEBUG util.Progress> [Normal Backtracking (frehmen students)...]
03-Sep-21 20:40:30.389 [Solver-1] INFO  heuristics.RoundRobinNeighbourSelection> Phase changed to 61
03-Sep-21 20:40:30.390 [Solver-1] DEBUG util.Progress>   -- RRq:0/4853, RS:0/2547, CR:0,00%, V:0,00, DC:0, TOC:0, %:0,00
03-Sep-21 20:40:30.400 [Solver-1] DEBUG util.Progress> [Critical Courses B&B...]
03-Sep-21 20:40:30.435 [Solver-3] INFO  heuristics.RoundRobinNeighbourSelection> Phase changed to 62
03-Sep-21 20:40:30.435 [Solver-3] DEBUG util.Progress>   -- RRq:0/4853, RS:0/2547, CR:0,00%, V:0,00, DC:0, TOC:0, %:0,00
03-Sep-21 20:40:30.437 [Solver-3] INFO  heuristics.StandardNeighbourSelection> Using org.cpsolver.studentsct.heuristics.EnrollmentSelection
03-Sep-21 20:40:30.437 [Solver-3] INFO  heuristics.StandardNeighbourSelection> Using org.cpsolver.ifs.heuristics.GeneralVariableSelection
03-Sep-21 20:40:30.438 [Solver-3] DEBUG util.Progress> [Critical Backtracking...]
03-Sep-21 20:40:30.438 [Solver-3] INFO  heuristics.RoundRobinNeighbourSelection> Phase changed to 63
03-Sep-21 20:40:30.439 [Solver-3] DEBUG util.Progress>   -- RRq:0/4853, RS:0/2547, CR:0,00%, V:0,00, DC:0, TOC:0, %:0,00
03-Sep-21 20:40:30.439 [Solver-3] DEBUG util.Progress> [Critical Ifs...]
03-Sep-21 20:40:30.502 [Solver-2] INFO  heuristics.RoundRobinNeighbourSelection> Phase changed to 64
03-Sep-21 20:40:30.502 [Solver-2] DEBUG util.Progress>   -- RRq:0/4853, RS:0/2547, CR:0,00%, V:0,00, DC:0, TOC:0, %:0,00
03-Sep-21 20:40:30.505 [Solver-2] INFO  heuristics.StandardNeighbourSelection> Using org.cpsolver.studentsct.heuristics.EnrollmentSelection
03-Sep-21 20:40:30.506 [Solver-2] INFO  heuristics.StandardNeighbourSelection> Using org.cpsolver.ifs.heuristics.GeneralVariableSelection
03-Sep-21 20:40:30.506 [Solver-2] DEBUG util.Progress> [Critical Backtracking...]
03-Sep-21 20:40:30.509 [Solver-2] INFO  heuristics.RoundRobinNeighbourSelection> Phase changed to 65
03-Sep-21 20:40:30.510 [Solver-2] DEBUG util.Progress>   -- RRq:0/4853, RS:0/2547, CR:0,00%, V:0,00, DC:0, TOC:0, %:0,00
03-Sep-21 20:40:30.515 [Solver-2] DEBUG util.Progress> [Important Courses B&B...]
03-Sep-21 20:40:30.545 [Solver-2] INFO  heuristics.RoundRobinNeighbourSelection> Phase changed to 66
03-Sep-21 20:40:30.546 [Solver-2] DEBUG util.Progress>   -- RRq:0/4853, RS:0/2547, CR:0,00%, V:0,00, DC:0, TOC:0, %:0,00
03-Sep-21 20:40:30.550 [Solver-2] INFO  heuristics.StandardNeighbourSelection> Using org.cpsolver.studentsct.heuristics.EnrollmentSelection
03-Sep-21 20:40:30.551 [Solver-2] INFO  heuristics.StandardNeighbourSelection> Using org.cpsolver.ifs.heuristics.GeneralVariableSelection
03-Sep-21 20:40:30.570 [Solver-2] DEBUG util.Progress> [Important Backtracking...]
03-Sep-21 20:40:30.575 [Solver-1] INFO  heuristics.RoundRobinNeighbourSelection> Phase changed to 67
03-Sep-21 20:40:30.575 [Solver-1] DEBUG util.Progress>   -- RRq:0/4853, RS:0/2547, CR:0,00%, V:0,00, DC:0, TOC:0, %:0,00
03-Sep-21 20:40:30.575 [Solver-1] DEBUG util.Progress> [Important Ifs...]
03-Sep-21 20:40:30.671 [Solver-2] INFO  heuristics.RoundRobinNeighbourSelection> Phase changed to 68
03-Sep-21 20:40:30.672 [Solver-2] DEBUG util.Progress>   -- RRq:0/4853, RS:0/2547, CR:0,00%, V:0,00, DC:0, TOC:0, %:0,00
03-Sep-21 20:40:30.674 [Solver-2] INFO  heuristics.StandardNeighbourSelection> Using org.cpsolver.studentsct.heuristics.EnrollmentSelection
03-Sep-21 20:40:30.675 [Solver-2] INFO  heuristics.StandardNeighbourSelection> Using org.cpsolver.ifs.heuristics.GeneralVariableSelection
03-Sep-21 20:40:30.675 [Solver-2] DEBUG util.Progress> [Important Backtracking...]
03-Sep-21 20:40:30.681 [Solver-2] INFO  heuristics.RoundRobinNeighbourSelection> Phase changed to 69
03-Sep-21 20:40:30.682 [Solver-2] DEBUG util.Progress>   -- RRq:0/4853, RS:0/2547, CR:0,00%, V:0,00, DC:0, TOC:0, %:0,00
03-Sep-21 20:40:30.853 [Solver-2] DEBUG util.Progress> [Min Credit B&B...]
03-Sep-21 20:40:30.888 [Solver-1] INFO  heuristics.RoundRobinNeighbourSelection> Phase changed to 70
03-Sep-21 20:40:30.889 [Solver-1] DEBUG util.Progress>   -- RRq:0/4853, RS:0/2547, CR:0,00%, V:0,00, DC:0, TOC:0, %:0,00
03-Sep-21 20:40:30.961 [Solver-1] DEBUG util.Progress> [Branch&bound...]
03-Sep-21 20:40:36.799 [Solver-1] DEBUG util.Progress>   -- Timing of BranchBoundSelection: 4,45 ms/it (2545 iterations, 0,00% time limit of 5,00 seconds reached)
03-Sep-21 20:40:36.799 [Solver-1] INFO  heuristics.RoundRobinNeighbourSelection> Phase changed to 71
03-Sep-21 20:40:36.799 [Solver-1] DEBUG util.Progress>   -- RRq:4852/4853, RS:2441/2547, CR:99,98%, V:2193,26, DC:0, TOC:0, %:86,11
03-Sep-21 20:40:36.993 [Solver-1] INFO  studentsct.Test> **BEST** RRq:4852/4853, RS:2441/2547, CR:99,98%, V:2194,61, DC:0, TOC:0, %:86,16, TM:0,003h
03-Sep-21 20:40:37.038 [Solver-1] DEBUG util.Progress> [Student swap...]
03-Sep-21 20:40:37.065 [Solver-1] INFO  heuristics.RoundRobinNeighbourSelection> Phase changed to 72
03-Sep-21 20:40:37.066 [Solver-1] DEBUG util.Progress>   -- RRq:4852/4853, RS:2441/2547, CR:99,98%, V:2194,61, DC:0, TOC:0, %:86,16
03-Sep-21 20:40:37.074 [Solver-1] INFO  heuristics.StandardNeighbourSelection> Using org.cpsolver.studentsct.heuristics.EnrollmentSelection
03-Sep-21 20:40:37.077 [Solver-1] INFO  heuristics.StandardNeighbourSelection> Using org.cpsolver.ifs.heuristics.GeneralVariableSelection
03-Sep-21 20:40:37.078 [Solver-1] DEBUG util.Progress> [Backtracking...]
03-Sep-21 20:40:37.185 [Solver-3] INFO  heuristics.RoundRobinNeighbourSelection> Phase changed to 73
03-Sep-21 20:40:37.415 [Solver-3] DEBUG util.Progress>   -- RRq:4852/4853, RS:2441/2547, CR:99,98%, V:2194,61, DC:0, TOC:0, %:86,16
03-Sep-21 20:40:37.431 [Solver-3] INFO  heuristics.StandardNeighbourSelection> Using org.cpsolver.studentsct.heuristics.EnrollmentSelection
03-Sep-21 20:40:37.431 [Solver-3] INFO  heuristics.StandardNeighbourSelection> Using org.cpsolver.ifs.heuristics.GeneralVariableSelection
03-Sep-21 20:40:37.432 [Solver-3] DEBUG util.Progress> [Enrollment swaps...]
03-Sep-21 20:40:37.519 [Solver-2] INFO  studentsct.Test> **BEST** RRq:4853/4853, RS:2442/2547, CR:100,00%, V:2195,66, DC:0, TOC:0, %:86,21, TM:0,003h
03-Sep-21 20:40:37.523 [Solver-1] INFO  termination.GeneralTerminationCondition> Complete solution found.
03-Sep-21 20:40:37.524 [Solver-2] INFO  termination.GeneralTerminationCondition> Complete solution found.
03-Sep-21 20:40:37.545 [Solver-3] INFO  heuristics.RoundRobinNeighbourSelection> Phase changed to 74
03-Sep-21 20:40:37.546 [Solver-3] DEBUG util.Progress>   -- RRq:4853/4853, RS:2442/2547, CR:100,00%, V:2195,66, DC:0, TOC:0, %:86,21
03-Sep-21 20:40:37.553 [Solver-3] INFO  heuristics.RoundRobinNeighbourSelection> Phase changed to 75
03-Sep-21 20:40:37.554 [Solver-3] DEBUG util.Progress>   -- RRq:4853/4853, RS:2442/2547, CR:100,00%, V:2195,66, DC:0, TOC:0, %:86,21
03-Sep-21 20:40:37.571 [Solver-3] DEBUG util.Progress> [Student swap...]
03-Sep-21 20:40:37.583 [Solver-4] INFO  heuristics.RoundRobinNeighbourSelection> Phase changed to 76
03-Sep-21 20:40:37.584 [Solver-4] DEBUG util.Progress>   -- RRq:4853/4853, RS:2442/2547, CR:100,00%, V:2195,66, DC:0, TOC:0, %:86,21
03-Sep-21 20:40:37.584 [Solver-4] DEBUG util.Progress> [Random unassignment of problematic students...]
03-Sep-21 20:40:37.586 [Solver-3] INFO  heuristics.RoundRobinNeighbourSelection> Phase changed to 77
03-Sep-21 20:40:37.587 [Solver-3] DEBUG util.Progress>   -- RRq:4853/4853, RS:2442/2547, CR:100,00%, V:2195,66, DC:0, TOC:0, %:86,21
03-Sep-21 20:40:37.588 [Solver-3] DEBUG util.Progress> [Resection incomplete students...]
03-Sep-21 20:40:37.599 [Solver-4] INFO  heuristics.RoundRobinNeighbourSelection> Phase changed to 78
03-Sep-21 20:40:37.599 [Solver-4] DEBUG util.Progress>   -- RRq:4853/4853, RS:2442/2547, CR:100,00%, V:2195,66, DC:0, TOC:0, %:86,21
03-Sep-21 20:40:37.600 [Solver-4] DEBUG util.Progress> [Resection unassigned students...]
03-Sep-21 20:40:37.610 [Solver-3] INFO  heuristics.RoundRobinNeighbourSelection> Phase changed to 79
03-Sep-21 20:40:37.611 [Solver-3] DEBUG util.Progress>   -- RRq:4853/4853, RS:2442/2547, CR:100,00%, V:2195,66, DC:0, TOC:0, %:86,21
03-Sep-21 20:40:37.751 [Solver-3] DEBUG util.Progress> [Student swap...]
03-Sep-21 20:40:37.851 [Solver-4] INFO  heuristics.RoundRobinNeighbourSelection> Phase changed to 80
03-Sep-21 20:40:37.852 [Solver-4] DEBUG util.Progress>   -- RRq:4853/4853, RS:2442/2547, CR:100,00%, V:2195,66, DC:0, TOC:0, %:86,21
03-Sep-21 20:40:37.858 [Solver-4] INFO  heuristics.RoundRobinNeighbourSelection> Phase changed to 81
03-Sep-21 20:40:37.858 [Solver-4] DEBUG util.Progress>   -- RRq:4853/4853, RS:2442/2547, CR:100,00%, V:2195,66, DC:0, TOC:0, %:86,21
03-Sep-21 20:40:37.923 [Solver-3] INFO  heuristics.RoundRobinNeighbourSelection> Phase changed to 82
03-Sep-21 20:40:37.923 [Solver-3] DEBUG util.Progress>   -- RRq:4853/4853, RS:2442/2547, CR:100,00%, V:2195,66, DC:0, TOC:0, %:86,21
03-Sep-21 20:40:37.929 [Solver-3] INFO  heuristics.StandardNeighbourSelection> Using org.cpsolver.studentsct.heuristics.EnrollmentSelection
03-Sep-21 20:40:37.929 [Solver-3] INFO  heuristics.StandardNeighbourSelection> Using org.cpsolver.ifs.heuristics.GeneralVariableSelection
03-Sep-21 20:40:37.930 [Solver-3] DEBUG util.Progress> [Enrollment swaps...]
03-Sep-21 20:40:37.943 [Solver-3] INFO  heuristics.RoundRobinNeighbourSelection> Phase changed to 83
03-Sep-21 20:40:37.944 [Solver-3] DEBUG util.Progress>   -- RRq:4853/4853, RS:2442/2547, CR:100,00%, V:2195,66, DC:0, TOC:0, %:86,21
03-Sep-21 20:40:37.946 [Solver-3] INFO  heuristics.StandardNeighbourSelection> Using org.cpsolver.studentsct.heuristics.EnrollmentSelection
03-Sep-21 20:40:37.947 [Solver-3] INFO  heuristics.StandardNeighbourSelection> Using org.cpsolver.ifs.heuristics.GeneralVariableSelection
03-Sep-21 20:40:37.947 [Solver-3] DEBUG util.Progress> [Backtracking...]
03-Sep-21 20:40:37.948 [Solver-4] INFO  heuristics.RoundRobinNeighbourSelection> Phase changed to 84
03-Sep-21 20:40:37.948 [Solver-4] DEBUG util.Progress>   -- RRq:4853/4853, RS:2442/2547, CR:100,00%, V:2195,66, DC:0, TOC:0, %:86,21
03-Sep-21 20:40:37.948 [Solver-4] INFO  heuristics.RoundRobinNeighbourSelection> Phase changed to 85
03-Sep-21 20:40:37.948 [Solver-4] DEBUG util.Progress>   -- RRq:4853/4853, RS:2442/2547, CR:100,00%, V:2195,66, DC:0, TOC:0, %:86,21
03-Sep-21 20:40:37.948 [Solver-4] DEBUG util.Progress> [Random unassignment...]
03-Sep-21 20:40:37.950 [Solver-3] INFO  heuristics.RoundRobinNeighbourSelection> Phase changed to 1
03-Sep-21 20:40:37.950 [Solver-3] DEBUG util.Progress>   -- RRq:4853/4853, RS:2442/2547, CR:100,00%, V:2195,66, DC:0, TOC:0, %:86,21
03-Sep-21 20:40:37.964 [Solver-3] DEBUG util.Progress> [Critical Courses B&B (priority students)...]
03-Sep-21 20:40:38.070 [Solver-3] INFO  heuristics.RoundRobinNeighbourSelection> Phase changed to 2
03-Sep-21 20:40:38.072 [Solver-3] DEBUG util.Progress>   -- RRq:4849/4853, RS:2441/2547, CR:99,92%, V:2194,76, DC:0, TOC:0, %:86,17
03-Sep-21 20:40:38.074 [Solver-3] DEBUG util.Progress> [Critical Backtracking (priority students)...]
03-Sep-21 20:40:38.075 [Solver-3] INFO  heuristics.RoundRobinNeighbourSelection> Phase changed to 3
03-Sep-21 20:40:38.075 [Solver-3] DEBUG util.Progress>   -- RRq:4849/4853, RS:2441/2547, CR:99,92%, V:2194,76, DC:0, TOC:0, %:86,17
03-Sep-21 20:40:38.078 [Solver-3] DEBUG util.Progress> [Critical Ifs (priority students)...]
03-Sep-21 20:40:38.096 [Solver-4] INFO  heuristics.RoundRobinNeighbourSelection> Phase changed to 4
03-Sep-21 20:40:38.098 [Solver-4] DEBUG util.Progress>   -- RRq:4849/4853, RS:2441/2547, CR:99,92%, V:2194,76, DC:0, TOC:0, %:86,17
03-Sep-21 20:40:38.099 [Solver-4] DEBUG util.Progress> [Critical Backtracking (priority students)...]
03-Sep-21 20:40:38.123 [Solver-3] INFO  heuristics.RoundRobinNeighbourSelection> Phase changed to 5
03-Sep-21 20:40:38.124 [Solver-3] DEBUG util.Progress>   -- RRq:4849/4853, RS:2441/2547, CR:99,92%, V:2194,76, DC:0, TOC:0, %:86,17
03-Sep-21 20:40:38.129 [Solver-3] DEBUG util.Progress> [Important Courses B&B (priority students)...]
03-Sep-21 20:40:38.129 [Solver-3] INFO  heuristics.RoundRobinNeighbourSelection> Phase changed to 6
03-Sep-21 20:40:38.130 [Solver-3] DEBUG util.Progress>   -- RRq:4849/4853, RS:2441/2547, CR:99,92%, V:2194,76, DC:0, TOC:0, %:86,17
03-Sep-21 20:40:38.132 [Solver-3] DEBUG util.Progress> [Important Backtracking (priority students)...]
03-Sep-21 20:40:38.132 [Solver-3] INFO  heuristics.RoundRobinNeighbourSelection> Phase changed to 7
03-Sep-21 20:40:38.134 [Solver-3] DEBUG util.Progress>   -- RRq:4849/4853, RS:2441/2547, CR:99,92%, V:2194,76, DC:0, TOC:0, %:86,17
03-Sep-21 20:40:38.134 [Solver-3] DEBUG util.Progress> [Important Ifs (priority students)...]
03-Sep-21 20:40:38.143 [Solver-3] INFO  heuristics.RoundRobinNeighbourSelection> Phase changed to 8
03-Sep-21 20:40:38.143 [Solver-3] DEBUG util.Progress>   -- RRq:4849/4853, RS:2441/2547, CR:99,92%, V:2194,76, DC:0, TOC:0, %:86,17
03-Sep-21 20:40:38.147 [Solver-3] DEBUG util.Progress> [Important Backtracking (priority students)...]
03-Sep-21 20:40:38.161 [Solver-4] INFO  heuristics.RoundRobinNeighbourSelection> Phase changed to 9
03-Sep-21 20:40:38.162 [Solver-4] DEBUG util.Progress>   -- RRq:4849/4853, RS:2441/2547, CR:99,92%, V:2194,76, DC:0, TOC:0, %:86,17
03-Sep-21 20:40:38.289 [Solver-4] DEBUG util.Progress> [Normal Courses B&B (priority students)...]
03-Sep-21 20:40:38.290 [Solver-4] INFO  heuristics.RoundRobinNeighbourSelection> Phase changed to 10
03-Sep-21 20:40:38.290 [Solver-4] DEBUG util.Progress>   -- RRq:4849/4853, RS:2441/2547, CR:99,92%, V:2194,76, DC:0, TOC:0, %:86,17
03-Sep-21 20:40:38.301 [Solver-4] DEBUG util.Progress> [Normal Backtracking (priority students)...]
03-Sep-21 20:40:38.309 [Solver-3] INFO  heuristics.RoundRobinNeighbourSelection> Phase changed to 11
03-Sep-21 20:40:38.312 [Solver-3] DEBUG util.Progress>   -- RRq:4849/4853, RS:2441/2547, CR:99,92%, V:2194,76, DC:0, TOC:0, %:86,17
03-Sep-21 20:40:38.312 [Solver-3] DEBUG util.Progress> [Normal Ifs (priority students)...]
03-Sep-21 20:40:38.339 [Solver-3] INFO  heuristics.RoundRobinNeighbourSelection> Phase changed to 12
03-Sep-21 20:40:38.343 [Solver-3] DEBUG util.Progress>   -- RRq:4849/4853, RS:2441/2547, CR:99,92%, V:2194,76, DC:0, TOC:0, %:86,17
03-Sep-21 20:40:38.345 [Solver-3] DEBUG util.Progress> [Normal Backtracking (priority students)...]
03-Sep-21 20:40:38.350 [Solver-3] INFO  heuristics.RoundRobinNeighbourSelection> Phase changed to 13
03-Sep-21 20:40:38.352 [Solver-3] DEBUG util.Progress>   -- RRq:4849/4853, RS:2441/2547, CR:99,92%, V:2194,76, DC:0, TOC:0, %:86,17
03-Sep-21 20:40:38.394 [Solver-3] DEBUG util.Progress> [Critical Courses B&B (senior students)...]
03-Sep-21 20:40:38.398 [Solver-3] INFO  heuristics.RoundRobinNeighbourSelection> Phase changed to 14
03-Sep-21 20:40:38.398 [Solver-3] DEBUG util.Progress>   -- RRq:4849/4853, RS:2441/2547, CR:99,92%, V:2194,76, DC:0, TOC:0, %:86,17
03-Sep-21 20:40:38.400 [Solver-3] DEBUG util.Progress> [Critical Backtracking (senior students)...]
03-Sep-21 20:40:38.400 [Solver-4] INFO  heuristics.RoundRobinNeighbourSelection> Phase changed to 15
03-Sep-21 20:40:38.401 [Solver-4] DEBUG util.Progress>   -- RRq:4849/4853, RS:2441/2547, CR:99,92%, V:2194,76, DC:0, TOC:0, %:86,17
03-Sep-21 20:40:38.401 [Solver-4] DEBUG util.Progress> [Critical Ifs (senior students)...]
03-Sep-21 20:40:38.409 [Solver-4] INFO  heuristics.RoundRobinNeighbourSelection> Phase changed to 16
03-Sep-21 20:40:38.410 [Solver-4] DEBUG util.Progress>   -- RRq:4849/4853, RS:2441/2547, CR:99,92%, V:2194,76, DC:0, TOC:0, %:86,17
03-Sep-21 20:40:38.411 [Solver-4] DEBUG util.Progress> [Critical Backtracking (senior students)...]
03-Sep-21 20:40:38.423 [Solver-3] INFO  heuristics.RoundRobinNeighbourSelection> Phase changed to 17
03-Sep-21 20:40:38.424 [Solver-3] DEBUG util.Progress>   -- RRq:4849/4853, RS:2441/2547, CR:99,92%, V:2194,76, DC:0, TOC:0, %:86,17
03-Sep-21 20:40:38.429 [Solver-3] DEBUG util.Progress> [Important Courses B&B (senior students)...]
03-Sep-21 20:40:38.430 [Solver-3] INFO  heuristics.RoundRobinNeighbourSelection> Phase changed to 18
03-Sep-21 20:40:38.470 [Solver-3] DEBUG util.Progress>   -- RRq:4849/4853, RS:2441/2547, CR:99,92%, V:2194,76, DC:0, TOC:0, %:86,17
03-Sep-21 20:40:38.473 [Solver-3] DEBUG util.Progress> [Important Backtracking (senior students)...]
03-Sep-21 20:40:38.475 [Solver-4] INFO  heuristics.RoundRobinNeighbourSelection> Phase changed to 19
03-Sep-21 20:40:38.480 [Solver-4] DEBUG util.Progress>   -- RRq:4849/4853, RS:2441/2547, CR:99,92%, V:2194,76, DC:0, TOC:0, %:86,17
03-Sep-21 20:40:38.480 [Solver-4] DEBUG util.Progress> [Important Ifs (senior students)...]
03-Sep-21 20:40:38.511 [Solver-4] INFO  heuristics.RoundRobinNeighbourSelection> Phase changed to 20
03-Sep-21 20:40:38.512 [Solver-4] DEBUG util.Progress>   -- RRq:4849/4853, RS:2441/2547, CR:99,92%, V:2194,76, DC:0, TOC:0, %:86,17
03-Sep-21 20:40:38.530 [Solver-4] DEBUG util.Progress> [Important Backtracking (senior students)...]
03-Sep-21 20:40:38.536 [Solver-3] INFO  heuristics.RoundRobinNeighbourSelection> Phase changed to 21
03-Sep-21 20:40:38.537 [Solver-3] DEBUG util.Progress>   -- RRq:4849/4853, RS:2441/2547, CR:99,92%, V:2194,76, DC:0, TOC:0, %:86,17
03-Sep-21 20:40:38.563 [Solver-3] DEBUG util.Progress> [Normal Courses B&B (senior students)...]
03-Sep-21 20:40:38.564 [Solver-3] INFO  heuristics.RoundRobinNeighbourSelection> Phase changed to 22
03-Sep-21 20:40:38.565 [Solver-3] DEBUG util.Progress>   -- RRq:4849/4853, RS:2441/2547, CR:99,92%, V:2194,76, DC:0, TOC:0, %:86,17
03-Sep-21 20:40:38.567 [Solver-3] DEBUG util.Progress> [Normal Backtracking (senior students)...]
03-Sep-21 20:40:38.567 [Solver-4] INFO  heuristics.RoundRobinNeighbourSelection> Phase changed to 23
03-Sep-21 20:40:38.567 [Solver-4] DEBUG util.Progress>   -- RRq:4849/4853, RS:2441/2547, CR:99,92%, V:2194,76, DC:0, TOC:0, %:86,17
03-Sep-21 20:40:38.568 [Solver-4] DEBUG util.Progress> [Normal Ifs (senior students)...]
03-Sep-21 20:40:38.571 [Solver-4] INFO  heuristics.RoundRobinNeighbourSelection> Phase changed to 24
03-Sep-21 20:40:38.571 [Solver-4] DEBUG util.Progress>   -- RRq:4849/4853, RS:2441/2547, CR:99,92%, V:2194,76, DC:0, TOC:0, %:86,17
03-Sep-21 20:40:38.574 [Solver-4] DEBUG util.Progress> [Normal Backtracking (senior students)...]
03-Sep-21 20:40:38.575 [Solver-3] INFO  heuristics.RoundRobinNeighbourSelection> Phase changed to 25
03-Sep-21 20:40:38.580 [Solver-3] DEBUG util.Progress>   -- RRq:4849/4853, RS:2441/2547, CR:99,92%, V:2194,76, DC:0, TOC:0, %:86,17
03-Sep-21 20:40:38.588 [Solver-3] DEBUG util.Progress> [Critical Courses B&B (junior students)...]
03-Sep-21 20:40:38.589 [Solver-4] INFO  heuristics.RoundRobinNeighbourSelection> Phase changed to 26
03-Sep-21 20:40:38.589 [Solver-4] DEBUG util.Progress>   -- RRq:4849/4853, RS:2441/2547, CR:99,92%, V:2194,76, DC:0, TOC:0, %:86,17
03-Sep-21 20:40:38.590 [Solver-4] DEBUG util.Progress> [Critical Backtracking (junior students)...]
03-Sep-21 20:40:38.591 [Solver-3] INFO  heuristics.RoundRobinNeighbourSelection> Phase changed to 27
03-Sep-21 20:40:38.598 [Solver-3] DEBUG util.Progress>   -- RRq:4849/4853, RS:2441/2547, CR:99,92%, V:2194,76, DC:0, TOC:0, %:86,17
03-Sep-21 20:40:38.598 [Solver-3] DEBUG util.Progress> [Critical Ifs (junior students)...]
03-Sep-21 20:40:38.602 [Solver-3] INFO  heuristics.RoundRobinNeighbourSelection> Phase changed to 28
03-Sep-21 20:40:38.603 [Solver-3] DEBUG util.Progress>   -- RRq:4849/4853, RS:2441/2547, CR:99,92%, V:2194,76, DC:0, TOC:0, %:86,17
03-Sep-21 20:40:38.604 [Solver-3] DEBUG util.Progress> [Critical Backtracking (junior students)...]
03-Sep-21 20:40:38.606 [Solver-3] INFO  heuristics.RoundRobinNeighbourSelection> Phase changed to 29
03-Sep-21 20:40:38.607 [Solver-3] DEBUG util.Progress>   -- RRq:4849/4853, RS:2441/2547, CR:99,92%, V:2194,76, DC:0, TOC:0, %:86,17
03-Sep-21 20:40:38.611 [Solver-3] DEBUG util.Progress> [Important Courses B&B (junior students)...]
03-Sep-21 20:40:38.613 [Solver-3] INFO  heuristics.RoundRobinNeighbourSelection> Phase changed to 30
03-Sep-21 20:40:38.613 [Solver-3] DEBUG util.Progress>   -- RRq:4849/4853, RS:2441/2547, CR:99,92%, V:2194,76, DC:0, TOC:0, %:86,17
03-Sep-21 20:40:38.617 [Solver-3] DEBUG util.Progress> [Important Backtracking (junior students)...]
03-Sep-21 20:40:38.617 [Solver-4] INFO  heuristics.RoundRobinNeighbourSelection> Phase changed to 31
03-Sep-21 20:40:38.619 [Solver-4] DEBUG util.Progress>   -- RRq:4849/4853, RS:2441/2547, CR:99,92%, V:2194,76, DC:0, TOC:0, %:86,17
03-Sep-21 20:40:38.619 [Solver-4] DEBUG util.Progress> [Important Ifs (junior students)...]
03-Sep-21 20:40:38.622 [Solver-3] INFO  heuristics.RoundRobinNeighbourSelection> Phase changed to 32
03-Sep-21 20:40:38.623 [Solver-3] DEBUG util.Progress>   -- RRq:4849/4853, RS:2441/2547, CR:99,92%, V:2194,76, DC:0, TOC:0, %:86,17
03-Sep-21 20:40:38.624 [Solver-3] DEBUG util.Progress> [Important Backtracking (junior students)...]
03-Sep-21 20:40:38.625 [Solver-3] INFO  heuristics.RoundRobinNeighbourSelection> Phase changed to 33
03-Sep-21 20:40:38.628 [Solver-3] DEBUG util.Progress>   -- RRq:4849/4853, RS:2441/2547, CR:99,92%, V:2194,76, DC:0, TOC:0, %:86,17
03-Sep-21 20:40:38.665 [Solver-3] DEBUG util.Progress> [Normal Courses B&B (junior students)...]
03-Sep-21 20:40:38.672 [Solver-4] INFO  heuristics.RoundRobinNeighbourSelection> Phase changed to 34
03-Sep-21 20:40:38.673 [Solver-4] DEBUG util.Progress>   -- RRq:4849/4853, RS:2441/2547, CR:99,92%, V:2194,76, DC:0, TOC:0, %:86,17
03-Sep-21 20:40:38.674 [Solver-4] DEBUG util.Progress> [Normal Backtracking (junior students)...]
03-Sep-21 20:40:38.701 [Solver-3] INFO  heuristics.RoundRobinNeighbourSelection> Phase changed to 35
03-Sep-21 20:40:38.703 [Solver-3] DEBUG util.Progress>   -- RRq:4849/4853, RS:2441/2547, CR:99,92%, V:2194,76, DC:0, TOC:0, %:86,17
03-Sep-21 20:40:38.703 [Solver-3] DEBUG util.Progress> [Normal Ifs (junior students)...]
03-Sep-21 20:40:38.706 [Solver-4] INFO  heuristics.RoundRobinNeighbourSelection> Phase changed to 36
03-Sep-21 20:40:38.706 [Solver-4] DEBUG util.Progress>   -- RRq:4849/4853, RS:2441/2547, CR:99,92%, V:2194,76, DC:0, TOC:0, %:86,17
03-Sep-21 20:40:38.707 [Solver-4] DEBUG util.Progress> [Normal Backtracking (junior students)...]
03-Sep-21 20:40:38.712 [Solver-3] INFO  heuristics.RoundRobinNeighbourSelection> Phase changed to 37
03-Sep-21 20:40:38.715 [Solver-3] DEBUG util.Progress>   -- RRq:4849/4853, RS:2441/2547, CR:99,92%, V:2194,76, DC:0, TOC:0, %:86,17
03-Sep-21 20:40:38.753 [Solver-3] DEBUG util.Progress> [Critical Courses B&B (sophomore students)...]
03-Sep-21 20:40:38.758 [Solver-4] INFO  heuristics.RoundRobinNeighbourSelection> Phase changed to 38
03-Sep-21 20:40:38.764 [Solver-4] DEBUG util.Progress>   -- RRq:4849/4853, RS:2441/2547, CR:99,92%, V:2194,76, DC:0, TOC:0, %:86,17
03-Sep-21 20:40:38.765 [Solver-4] DEBUG util.Progress> [Critical Backtracking (sophomore students)...]
03-Sep-21 20:40:38.765 [Solver-4] INFO  heuristics.RoundRobinNeighbourSelection> Phase changed to 39
03-Sep-21 20:40:38.766 [Solver-4] DEBUG util.Progress>   -- RRq:4849/4853, RS:2441/2547, CR:99,92%, V:2194,76, DC:0, TOC:0, %:86,17
03-Sep-21 20:40:38.780 [Solver-4] DEBUG util.Progress> [Critical Ifs (sophomore students)...]
03-Sep-21 20:40:38.802 [Solver-3] INFO  heuristics.RoundRobinNeighbourSelection> Phase changed to 40
03-Sep-21 20:40:38.804 [Solver-3] DEBUG util.Progress>   -- RRq:4849/4853, RS:2441/2547, CR:99,92%, V:2194,76, DC:0, TOC:0, %:86,17
03-Sep-21 20:40:38.806 [Solver-3] DEBUG util.Progress> [Critical Backtracking (sophomore students)...]
03-Sep-21 20:40:38.834 [Solver-4] INFO  heuristics.RoundRobinNeighbourSelection> Phase changed to 41
03-Sep-21 20:40:38.835 [Solver-4] DEBUG util.Progress>   -- RRq:4849/4853, RS:2441/2547, CR:99,92%, V:2194,76, DC:0, TOC:0, %:86,17
03-Sep-21 20:40:38.840 [Solver-4] DEBUG util.Progress> [Important Courses B&B (sophomore students)...]
03-Sep-21 20:40:38.841 [Solver-4] INFO  heuristics.RoundRobinNeighbourSelection> Phase changed to 42
03-Sep-21 20:40:38.841 [Solver-4] DEBUG util.Progress>   -- RRq:4849/4853, RS:2441/2547, CR:99,92%, V:2194,76, DC:0, TOC:0, %:86,17
03-Sep-21 20:40:38.845 [Solver-4] DEBUG util.Progress> [Important Backtracking (sophomore students)...]
03-Sep-21 20:40:38.845 [Solver-4] INFO  heuristics.RoundRobinNeighbourSelection> Phase changed to 43
03-Sep-21 20:40:38.845 [Solver-4] DEBUG util.Progress>   -- RRq:4849/4853, RS:2441/2547, CR:99,92%, V:2194,76, DC:0, TOC:0, %:86,17
03-Sep-21 20:40:38.846 [Solver-4] DEBUG util.Progress> [Important Ifs (sophomore students)...]
03-Sep-21 20:40:38.850 [Solver-4] INFO  heuristics.RoundRobinNeighbourSelection> Phase changed to 44
03-Sep-21 20:40:38.851 [Solver-4] DEBUG util.Progress>   -- RRq:4849/4853, RS:2441/2547, CR:99,92%, V:2194,76, DC:0, TOC:0, %:86,17
03-Sep-21 20:40:38.853 [Solver-4] DEBUG util.Progress> [Important Backtracking (sophomore students)...]
03-Sep-21 20:40:38.855 [Solver-4] INFO  heuristics.RoundRobinNeighbourSelection> Phase changed to 45
03-Sep-21 20:40:38.855 [Solver-4] DEBUG util.Progress>   -- RRq:4849/4853, RS:2441/2547, CR:99,92%, V:2194,76, DC:0, TOC:0, %:86,17
03-Sep-21 20:40:38.872 [Solver-4] DEBUG util.Progress> [Normal Courses B&B (sophomore students)...]
03-Sep-21 20:40:38.873 [Solver-3] INFO  heuristics.RoundRobinNeighbourSelection> Phase changed to 46
03-Sep-21 20:40:38.874 [Solver-3] DEBUG util.Progress>   -- RRq:4849/4853, RS:2441/2547, CR:99,92%, V:2194,76, DC:0, TOC:0, %:86,17
03-Sep-21 20:40:38.875 [Solver-3] DEBUG util.Progress> [Normal Backtracking (sophomore students)...]
03-Sep-21 20:40:38.875 [Solver-3] INFO  heuristics.RoundRobinNeighbourSelection> Phase changed to 47
03-Sep-21 20:40:38.875 [Solver-3] DEBUG util.Progress>   -- RRq:4849/4853, RS:2441/2547, CR:99,92%, V:2194,76, DC:0, TOC:0, %:86,17
03-Sep-21 20:40:38.876 [Solver-3] DEBUG util.Progress> [Normal Ifs (sophomore students)...]
03-Sep-21 20:40:38.879 [Solver-3] INFO  heuristics.RoundRobinNeighbourSelection> Phase changed to 48
03-Sep-21 20:40:38.880 [Solver-3] DEBUG util.Progress>   -- RRq:4849/4853, RS:2441/2547, CR:99,92%, V:2194,76, DC:0, TOC:0, %:86,17
03-Sep-21 20:40:38.881 [Solver-3] DEBUG util.Progress> [Normal Backtracking (sophomore students)...]
03-Sep-21 20:40:38.882 [Solver-4] INFO  heuristics.RoundRobinNeighbourSelection> Phase changed to 49
03-Sep-21 20:40:38.882 [Solver-4] DEBUG util.Progress>   -- RRq:4849/4853, RS:2441/2547, CR:99,92%, V:2194,76, DC:0, TOC:0, %:86,17
03-Sep-21 20:40:38.885 [Solver-4] DEBUG util.Progress> [Critical Courses B&B (frehmen students)...]
03-Sep-21 20:40:38.887 [Solver-4] INFO  heuristics.RoundRobinNeighbourSelection> Phase changed to 50
03-Sep-21 20:40:38.888 [Solver-4] DEBUG util.Progress>   -- RRq:4849/4853, RS:2441/2547, CR:99,92%, V:2194,76, DC:0, TOC:0, %:86,17
03-Sep-21 20:40:38.890 [Solver-4] DEBUG util.Progress> [Critical Backtracking (frehmen students)...]
03-Sep-21 20:40:38.891 [Solver-4] INFO  heuristics.RoundRobinNeighbourSelection> Phase changed to 51
03-Sep-21 20:40:38.891 [Solver-4] DEBUG util.Progress>   -- RRq:4849/4853, RS:2441/2547, CR:99,92%, V:2194,76, DC:0, TOC:0, %:86,17
03-Sep-21 20:40:38.891 [Solver-4] DEBUG util.Progress> [Critical Ifs (frehmen students)...]
03-Sep-21 20:40:38.895 [Solver-4] INFO  heuristics.RoundRobinNeighbourSelection> Phase changed to 52
03-Sep-21 20:40:38.896 [Solver-4] DEBUG util.Progress>   -- RRq:4849/4853, RS:2441/2547, CR:99,92%, V:2194,76, DC:0, TOC:0, %:86,17
03-Sep-21 20:40:38.897 [Solver-4] DEBUG util.Progress> [Critical Backtracking (frehmen students)...]
03-Sep-21 20:40:38.897 [Solver-3] INFO  heuristics.RoundRobinNeighbourSelection> Phase changed to 53
03-Sep-21 20:40:38.898 [Solver-3] DEBUG util.Progress>   -- RRq:4849/4853, RS:2441/2547, CR:99,92%, V:2194,76, DC:0, TOC:0, %:86,17
03-Sep-21 20:40:38.901 [Solver-3] DEBUG util.Progress> [Important Courses B&B (frehmen students)...]
03-Sep-21 20:40:38.902 [Solver-3] INFO  heuristics.RoundRobinNeighbourSelection> Phase changed to 54
03-Sep-21 20:40:38.902 [Solver-3] DEBUG util.Progress>   -- RRq:4849/4853, RS:2441/2547, CR:99,92%, V:2194,76, DC:0, TOC:0, %:86,17
03-Sep-21 20:40:38.903 [Solver-3] DEBUG util.Progress> [Important Backtracking (frehmen students)...]
03-Sep-21 20:40:38.904 [Solver-4] INFO  heuristics.RoundRobinNeighbourSelection> Phase changed to 55
03-Sep-21 20:40:38.904 [Solver-4] DEBUG util.Progress>   -- RRq:4849/4853, RS:2441/2547, CR:99,92%, V:2194,76, DC:0, TOC:0, %:86,17
03-Sep-21 20:40:38.904 [Solver-4] DEBUG util.Progress> [Important Ifs (frehmen students)...]
03-Sep-21 20:40:38.906 [Solver-4] INFO  heuristics.RoundRobinNeighbourSelection> Phase changed to 56
03-Sep-21 20:40:38.907 [Solver-4] DEBUG util.Progress>   -- RRq:4849/4853, RS:2441/2547, CR:99,92%, V:2194,76, DC:0, TOC:0, %:86,17
03-Sep-21 20:40:38.908 [Solver-4] DEBUG util.Progress> [Important Backtracking (frehmen students)...]
03-Sep-21 20:40:38.908 [Solver-3] INFO  heuristics.RoundRobinNeighbourSelection> Phase changed to 57
03-Sep-21 20:40:38.909 [Solver-3] DEBUG util.Progress>   -- RRq:4849/4853, RS:2441/2547, CR:99,92%, V:2194,76, DC:0, TOC:0, %:86,17
03-Sep-21 20:40:38.923 [Solver-3] DEBUG util.Progress> [Normal Courses B&B (frehmen students)...]
03-Sep-21 20:40:38.923 [Solver-4] INFO  heuristics.RoundRobinNeighbourSelection> Phase changed to 58
03-Sep-21 20:40:38.924 [Solver-4] DEBUG util.Progress>   -- RRq:4849/4853, RS:2441/2547, CR:99,92%, V:2194,76, DC:0, TOC:0, %:86,17
03-Sep-21 20:40:38.925 [Solver-4] DEBUG util.Progress> [Normal Backtracking (frehmen students)...]
03-Sep-21 20:40:38.925 [Solver-4] INFO  heuristics.RoundRobinNeighbourSelection> Phase changed to 59
03-Sep-21 20:40:38.926 [Solver-4] DEBUG util.Progress>   -- RRq:4849/4853, RS:2441/2547, CR:99,92%, V:2194,76, DC:0, TOC:0, %:86,17
03-Sep-21 20:40:38.926 [Solver-4] DEBUG util.Progress> [Normal Ifs (frehmen students)...]
03-Sep-21 20:40:38.929 [Solver-4] INFO  heuristics.RoundRobinNeighbourSelection> Phase changed to 60
03-Sep-21 20:40:38.929 [Solver-4] DEBUG util.Progress>   -- RRq:4849/4853, RS:2441/2547, CR:99,92%, V:2194,76, DC:0, TOC:0, %:86,17
03-Sep-21 20:40:38.929 [Solver-4] DEBUG util.Progress> [Normal Backtracking (frehmen students)...]
03-Sep-21 20:40:38.930 [Solver-3] INFO  heuristics.RoundRobinNeighbourSelection> Phase changed to 61
03-Sep-21 20:40:38.930 [Solver-3] DEBUG util.Progress>   -- RRq:4849/4853, RS:2441/2547, CR:99,92%, V:2194,76, DC:0, TOC:0, %:86,17
03-Sep-21 20:40:38.932 [Solver-3] DEBUG util.Progress> [Critical Courses B&B...]
03-Sep-21 20:40:38.940 [Solver-4] INFO  heuristics.RoundRobinNeighbourSelection> Phase changed to 62
03-Sep-21 20:40:38.940 [Solver-4] DEBUG util.Progress>   -- RRq:4849/4853, RS:2441/2547, CR:99,92%, V:2194,76, DC:0, TOC:0, %:86,17
03-Sep-21 20:40:38.941 [Solver-4] DEBUG util.Progress> [Critical Backtracking...]
03-Sep-21 20:40:38.942 [Solver-3] INFO  heuristics.RoundRobinNeighbourSelection> Phase changed to 63
03-Sep-21 20:40:38.942 [Solver-3] DEBUG util.Progress>   -- RRq:4849/4853, RS:2441/2547, CR:99,92%, V:2194,76, DC:0, TOC:0, %:86,17
03-Sep-21 20:40:38.942 [Solver-3] DEBUG util.Progress> [Critical Ifs...]
03-Sep-21 20:40:38.951 [Solver-3] INFO  heuristics.RoundRobinNeighbourSelection> Phase changed to 64
03-Sep-21 20:40:38.952 [Solver-3] DEBUG util.Progress>   -- RRq:4849/4853, RS:2441/2547, CR:99,92%, V:2194,76, DC:0, TOC:0, %:86,17
03-Sep-21 20:40:38.952 [Solver-3] DEBUG util.Progress> [Critical Backtracking...]
03-Sep-21 20:40:38.953 [Solver-4] INFO  heuristics.RoundRobinNeighbourSelection> Phase changed to 65
03-Sep-21 20:40:38.953 [Solver-4] DEBUG util.Progress>   -- RRq:4849/4853, RS:2441/2547, CR:99,92%, V:2194,76, DC:0, TOC:0, %:86,17
03-Sep-21 20:40:38.958 [Solver-4] DEBUG util.Progress> [Important Courses B&B...]
03-Sep-21 20:40:38.989 [Solver-3] INFO  heuristics.RoundRobinNeighbourSelection> Phase changed to 66
03-Sep-21 20:40:38.990 [Solver-3] DEBUG util.Progress>   -- RRq:4849/4853, RS:2441/2547, CR:99,92%, V:2194,76, DC:0, TOC:0, %:86,17
03-Sep-21 20:40:38.995 [Solver-3] DEBUG util.Progress> [Important Backtracking...]
03-Sep-21 20:40:38.996 [Solver-4] INFO  heuristics.RoundRobinNeighbourSelection> Phase changed to 67
03-Sep-21 20:40:38.996 [Solver-4] DEBUG util.Progress>   -- RRq:4849/4853, RS:2441/2547, CR:99,92%, V:2194,76, DC:0, TOC:0, %:86,17
03-Sep-21 20:40:38.996 [Solver-4] DEBUG util.Progress> [Important Ifs...]
03-Sep-21 20:40:39.022 [Solver-4] INFO  heuristics.RoundRobinNeighbourSelection> Phase changed to 68
03-Sep-21 20:40:39.023 [Solver-4] DEBUG util.Progress>   -- RRq:4849/4853, RS:2441/2547, CR:99,92%, V:2194,76, DC:0, TOC:0, %:86,17
03-Sep-21 20:40:39.024 [Solver-4] DEBUG util.Progress> [Important Backtracking...]
03-Sep-21 20:40:39.025 [Solver-3] INFO  heuristics.RoundRobinNeighbourSelection> Phase changed to 69
03-Sep-21 20:40:39.025 [Solver-3] DEBUG util.Progress>   -- RRq:4849/4853, RS:2441/2547, CR:99,92%, V:2194,76, DC:0, TOC:0, %:86,17
03-Sep-21 20:40:39.047 [Solver-3] DEBUG util.Progress> [Min Credit B&B...]
03-Sep-21 20:40:39.051 [Solver-3] INFO  heuristics.RoundRobinNeighbourSelection> Phase changed to 70
03-Sep-21 20:40:39.051 [Solver-3] DEBUG util.Progress>   -- RRq:4849/4853, RS:2441/2547, CR:99,92%, V:2194,76, DC:0, TOC:0, %:86,17
03-Sep-21 20:40:39.071 [Solver-3] DEBUG util.Progress> [Branch&bound...]
03-Sep-21 20:40:39.851 [Solver-3] INFO  studentsct.Test> **BEST** RRq:4853/4853, RS:2442/2547, CR:100,00%, V:2196,45, DC:0, TOC:0, %:86,24, TM:0,003h
03-Sep-21 20:40:39.853 [Solver-3] INFO  termination.GeneralTerminationCondition> Complete solution found.
03-Sep-21 20:40:39.853 [Solver-4] INFO  termination.GeneralTerminationCondition> Complete solution found.
03-Sep-21 20:40:40.566 [SolverSync] DEBUG util.Progress> [Done]
03-Sep-21 20:40:40.566 [SolverSync] DEBUG solver.Solver> Solver done.
03-Sep-21 20:40:40.566 [SolverSync] INFO  util.Progress> [Solver done.]
03-Sep-21 20:40:41.296 [ShutdownHook] INFO  studentsct.Test> **BEST** RRq:4853/4853, RS:2442/2547, CR:100,00%, V:2196,45, DC:0, TOC:0, %:86,24, TM:0,003h
03-Sep-21 20:40:41.303 [ShutdownHook] INFO  check.OverlapCheck> Checking for overlaps...
03-Sep-21 20:40:41.330 [ShutdownHook] INFO  check.SectionLimitCheck> Checking section limits...
03-Sep-21 20:40:41.336 [ShutdownHook] INFO  check.CourseLimitCheck> Checking for course limits...
03-Sep-21 20:40:41.337 [ShutdownHook] INFO  studentsct.Test> Best solution found after 12.371101099997759 seconds (4651 iterations).
03-Sep-21 20:40:41.363 [ShutdownHook] INFO  studentsct.Test> Info: [
      Assigned course requests: 100,00% (4853/4853)
      Assigned course requests (priority students): Normal: 100,00% (4853/4853)
      Assigned priority course requests: 100.00% (4853/4853)
      Assigned variables: 100.00% (4853/4853)
      Average disbalance: 0,12% (0,17)
      Best Iteration: 4651
      Best Time: 0.21 min (375.96 it/s)
      Choice: Average assigned choice: 1,00
      Choice: assigned 1st course choice: 100,00% (4853)
      Full Sections: 2 with no space (5,71% of all sections, 4,95% assignments)
2 with &leq; 2% available (5,71% of all sections, 4,95% assignments)
8 with &leq; 10% available (22,86% of all sections, 21,02% assignments)
      Iteration: 4651
      Overall solution value: -2196.45
      Sections disbalanced by 10% or more: 0,00% (0)
      Speed: 375.96 it/s
      Students with complete schedule: 95.88% (2442/2547)
      Students with complete schedule (priority students): Normal: 95.88% (2442/2547)
      Time: 0.21 min
    ]
03-Sep-21 20:40:41.380 [ShutdownHook] DEBUG studentsct.StudentSectioningXMLSaver> Writting XML data to:C:\Users\talha\Documents\CS Honours\COMP700 - HP\student-lab-sectioning\ifs-solver\src\main\resources\input\2020-Sem1-CAES-Wvl\210903_204021\solution.xml
