03-Sep-21 22:32:49.095 [main] DEBUG studentsct.StudentSectioningXMLLoader> Reading XML data from src\main\resources\input\2020-Sem1-CAES-Wvl\2020-Sem1-CAES-Wvl.xml
03-Sep-21 22:32:50.169 [main] DEBUG studentsct.StudentSectioningXMLLoader> Root element: sectioning
03-Sep-21 22:32:50.182 [main] INFO  util.Progress> [Restoring from backup ...]
03-Sep-21 22:32:50.677 [main] DEBUG studentsct.StudentSectioningXMLLoader> Model successfully loaded.
03-Sep-21 22:32:50.757 [SolverSync] INFO  util.Progress> [Solving problem ...]
03-Sep-21 22:32:50.762 [SolverSync] DEBUG util.Progress> [Initializing solver]
03-Sep-21 22:32:50.789 [SolverSync] INFO  solver.Solver> Using org.cpsolver.ifs.termination.GeneralTerminationCondition
03-Sep-21 22:32:50.799 [SolverSync] INFO  solver.Solver> Using org.cpsolver.studentsct.weights.PriorityStudentWeights
03-Sep-21 22:32:50.799 [SolverSync] INFO  solver.Solver> Using org.cpsolver.studentsct.heuristics.StudentSctNeighbourSelection
03-Sep-21 22:32:50.833 [SolverSync] INFO  heuristics.StandardNeighbourSelection> Using org.cpsolver.studentsct.heuristics.EnrollmentSelection
03-Sep-21 22:32:50.848 [SolverSync] INFO  heuristics.StandardNeighbourSelection> Using org.cpsolver.ifs.heuristics.GeneralVariableSelection
03-Sep-21 22:32:50.855 [SolverSync] INFO  solver.Solver> Using org.cpsolver.ifs.perturbations.DefaultPerturbationsCounter
03-Sep-21 22:32:50.877 [SolverSync] INFO  solver.Solver> Using org.cpsolver.studentsct.extension.StudentConflictStatistics
03-Sep-21 22:32:51.392 [SolverSync] INFO  solver.Solver> Using org.cpsolver.studentsct.extension.DistanceConflict
03-Sep-21 22:32:51.414 [SolverSync] INFO  solver.Solver> Using org.cpsolver.studentsct.extension.TimeOverlapsCounter
03-Sep-21 22:32:51.748 [SolverSync] INFO  solver.Solver> Initial solution:[
      Assigned course requests: 0,00% (0/4853)
      Assigned course requests (priority students): Normal: 0,00% (0/4853)
      Assigned variables: 0.00% (0/4853)
      Iteration: 0
      Overall solution value: 0.00
      Students with complete schedule: 0.00% (0/2547)
      Students with complete schedule (priority students): Normal: 0.00% (0/2547)
      Time: 0.00 min
    ]
03-Sep-21 22:32:51.778 [Solver-4] INFO  util.JProf> Using wall time.
03-Sep-21 22:32:51.795 [Solver-4] INFO  heuristics.RoundRobinNeighbourSelection> Phase changed to 1
03-Sep-21 22:32:51.798 [Solver-4] DEBUG util.Progress>   -- RRq:0/4853, RS:0/2547, CR:0,00%, V:-0,00, DC:0, TOC:0, %:-0,00
03-Sep-21 22:32:51.814 [Solver-4] INFO  studentsct.Test> **BEST** RRq:0/4853, RS:0/2547, CR:0,00%, V:0,00, DC:0, TOC:0, %:0,00, TM:0,000h
03-Sep-21 22:32:51.845 [Solver-4] DEBUG util.Progress> [Critical Courses B&B (priority students)...]
03-Sep-21 22:32:51.849 [Solver-1] INFO  heuristics.RoundRobinNeighbourSelection> Phase changed to 2
03-Sep-21 22:32:51.850 [Solver-1] DEBUG util.Progress>   -- RRq:0/4853, RS:0/2547, CR:0,00%, V:0,00, DC:0, TOC:0, %:0,00
03-Sep-21 22:32:51.864 [Solver-1] INFO  heuristics.StandardNeighbourSelection> Using org.cpsolver.studentsct.heuristics.EnrollmentSelection
03-Sep-21 22:32:51.865 [Solver-1] INFO  heuristics.StandardNeighbourSelection> Using org.cpsolver.ifs.heuristics.GeneralVariableSelection
03-Sep-21 22:32:51.865 [Solver-1] DEBUG util.Progress> [Critical Backtracking (priority students)...]
03-Sep-21 22:32:51.866 [Solver-3] INFO  heuristics.RoundRobinNeighbourSelection> Phase changed to 3
03-Sep-21 22:32:51.866 [Solver-3] DEBUG util.Progress>   -- RRq:0/4853, RS:0/2547, CR:0,00%, V:0,00, DC:0, TOC:0, %:0,00
03-Sep-21 22:32:51.867 [Solver-3] DEBUG util.Progress> [Critical Ifs (priority students)...]
03-Sep-21 22:32:51.889 [Solver-4] INFO  heuristics.RoundRobinNeighbourSelection> Phase changed to 4
03-Sep-21 22:32:51.890 [Solver-4] DEBUG util.Progress>   -- RRq:0/4853, RS:0/2547, CR:0,00%, V:0,00, DC:0, TOC:0, %:0,00
03-Sep-21 22:32:51.901 [Solver-4] INFO  heuristics.StandardNeighbourSelection> Using org.cpsolver.studentsct.heuristics.EnrollmentSelection
03-Sep-21 22:32:51.905 [Solver-4] INFO  heuristics.StandardNeighbourSelection> Using org.cpsolver.ifs.heuristics.GeneralVariableSelection
03-Sep-21 22:32:51.907 [Solver-4] DEBUG util.Progress> [Critical Backtracking (priority students)...]
03-Sep-21 22:32:51.908 [Solver-4] INFO  heuristics.RoundRobinNeighbourSelection> Phase changed to 5
03-Sep-21 22:32:51.909 [Solver-4] DEBUG util.Progress>   -- RRq:0/4853, RS:0/2547, CR:0,00%, V:0,00, DC:0, TOC:0, %:0,00
03-Sep-21 22:32:51.968 [Solver-4] DEBUG util.Progress> [Important Courses B&B (priority students)...]
03-Sep-21 22:32:51.982 [Solver-1] INFO  heuristics.RoundRobinNeighbourSelection> Phase changed to 6
03-Sep-21 22:32:51.982 [Solver-1] DEBUG util.Progress>   -- RRq:0/4853, RS:0/2547, CR:0,00%, V:0,00, DC:0, TOC:0, %:0,00
03-Sep-21 22:32:51.996 [Solver-1] INFO  heuristics.StandardNeighbourSelection> Using org.cpsolver.studentsct.heuristics.EnrollmentSelection
03-Sep-21 22:32:51.997 [Solver-1] INFO  heuristics.StandardNeighbourSelection> Using org.cpsolver.ifs.heuristics.GeneralVariableSelection
03-Sep-21 22:32:51.999 [Solver-1] DEBUG util.Progress> [Important Backtracking (priority students)...]
03-Sep-21 22:32:52.066 [Solver-2] INFO  heuristics.RoundRobinNeighbourSelection> Phase changed to 7
03-Sep-21 22:32:52.066 [Solver-2] DEBUG util.Progress>   -- RRq:0/4853, RS:0/2547, CR:0,00%, V:0,00, DC:0, TOC:0, %:0,00
03-Sep-21 22:32:52.068 [Solver-2] DEBUG util.Progress> [Important Ifs (priority students)...]
03-Sep-21 22:32:52.084 [Solver-2] INFO  heuristics.RoundRobinNeighbourSelection> Phase changed to 8
03-Sep-21 22:32:52.085 [Solver-2] DEBUG util.Progress>   -- RRq:0/4853, RS:0/2547, CR:0,00%, V:0,00, DC:0, TOC:0, %:0,00
03-Sep-21 22:32:52.091 [Solver-2] INFO  heuristics.StandardNeighbourSelection> Using org.cpsolver.studentsct.heuristics.EnrollmentSelection
03-Sep-21 22:32:52.091 [Solver-2] INFO  heuristics.StandardNeighbourSelection> Using org.cpsolver.ifs.heuristics.GeneralVariableSelection
03-Sep-21 22:32:52.092 [Solver-2] DEBUG util.Progress> [Important Backtracking (priority students)...]
03-Sep-21 22:32:52.093 [Solver-1] INFO  heuristics.RoundRobinNeighbourSelection> Phase changed to 9
03-Sep-21 22:32:52.094 [Solver-1] DEBUG util.Progress>   -- RRq:0/4853, RS:0/2547, CR:0,00%, V:0,00, DC:0, TOC:0, %:0,00
03-Sep-21 22:32:52.296 [Solver-1] DEBUG util.Progress> [Normal Courses B&B (priority students)...]
03-Sep-21 22:32:52.306 [Solver-3] INFO  heuristics.RoundRobinNeighbourSelection> Phase changed to 10
03-Sep-21 22:32:52.308 [Solver-3] DEBUG util.Progress>   -- RRq:0/4853, RS:0/2547, CR:0,00%, V:0,00, DC:0, TOC:0, %:0,00
03-Sep-21 22:32:52.333 [Solver-3] INFO  heuristics.StandardNeighbourSelection> Using org.cpsolver.studentsct.heuristics.EnrollmentSelection
03-Sep-21 22:32:52.339 [Solver-3] INFO  heuristics.StandardNeighbourSelection> Using org.cpsolver.ifs.heuristics.GeneralVariableSelection
03-Sep-21 22:32:52.340 [Solver-3] DEBUG util.Progress> [Normal Backtracking (priority students)...]
03-Sep-21 22:32:52.345 [Solver-4] INFO  heuristics.RoundRobinNeighbourSelection> Phase changed to 11
03-Sep-21 22:32:52.345 [Solver-4] DEBUG util.Progress>   -- RRq:0/4853, RS:0/2547, CR:0,00%, V:0,00, DC:0, TOC:0, %:0,00
03-Sep-21 22:32:52.349 [Solver-4] DEBUG util.Progress> [Normal Ifs (priority students)...]
03-Sep-21 22:32:52.360 [Solver-3] INFO  heuristics.RoundRobinNeighbourSelection> Phase changed to 12
03-Sep-21 22:32:52.361 [Solver-3] DEBUG util.Progress>   -- RRq:0/4853, RS:0/2547, CR:0,00%, V:0,00, DC:0, TOC:0, %:0,00
03-Sep-21 22:32:52.400 [Solver-3] INFO  heuristics.StandardNeighbourSelection> Using org.cpsolver.studentsct.heuristics.EnrollmentSelection
03-Sep-21 22:32:52.401 [Solver-3] INFO  heuristics.StandardNeighbourSelection> Using org.cpsolver.ifs.heuristics.GeneralVariableSelection
03-Sep-21 22:32:52.401 [Solver-3] DEBUG util.Progress> [Normal Backtracking (priority students)...]
03-Sep-21 22:32:52.406 [Solver-4] INFO  heuristics.RoundRobinNeighbourSelection> Phase changed to 13
03-Sep-21 22:32:52.406 [Solver-4] DEBUG util.Progress>   -- RRq:0/4853, RS:0/2547, CR:0,00%, V:0,00, DC:0, TOC:0, %:0,00
03-Sep-21 22:32:52.413 [Solver-4] DEBUG util.Progress> [Critical Courses B&B (senior students)...]
03-Sep-21 22:32:52.416 [Solver-4] INFO  heuristics.RoundRobinNeighbourSelection> Phase changed to 14
03-Sep-21 22:32:52.418 [Solver-4] DEBUG util.Progress>   -- RRq:0/4853, RS:0/2547, CR:0,00%, V:0,00, DC:0, TOC:0, %:0,00
03-Sep-21 22:32:52.424 [Solver-4] INFO  heuristics.StandardNeighbourSelection> Using org.cpsolver.studentsct.heuristics.EnrollmentSelection
03-Sep-21 22:32:52.426 [Solver-4] INFO  heuristics.StandardNeighbourSelection> Using org.cpsolver.ifs.heuristics.GeneralVariableSelection
03-Sep-21 22:32:52.426 [Solver-4] DEBUG util.Progress> [Critical Backtracking (senior students)...]
03-Sep-21 22:32:52.426 [Solver-4] INFO  heuristics.RoundRobinNeighbourSelection> Phase changed to 15
03-Sep-21 22:32:52.427 [Solver-4] DEBUG util.Progress>   -- RRq:0/4853, RS:0/2547, CR:0,00%, V:0,00, DC:0, TOC:0, %:0,00
03-Sep-21 22:32:52.427 [Solver-4] DEBUG util.Progress> [Critical Ifs (senior students)...]
03-Sep-21 22:32:52.440 [Solver-4] INFO  heuristics.RoundRobinNeighbourSelection> Phase changed to 16
03-Sep-21 22:32:52.441 [Solver-4] DEBUG util.Progress>   -- RRq:0/4853, RS:0/2547, CR:0,00%, V:0,00, DC:0, TOC:0, %:0,00
03-Sep-21 22:32:52.445 [Solver-4] INFO  heuristics.StandardNeighbourSelection> Using org.cpsolver.studentsct.heuristics.EnrollmentSelection
03-Sep-21 22:32:52.446 [Solver-4] INFO  heuristics.StandardNeighbourSelection> Using org.cpsolver.ifs.heuristics.GeneralVariableSelection
03-Sep-21 22:32:52.446 [Solver-4] DEBUG util.Progress> [Critical Backtracking (senior students)...]
03-Sep-21 22:32:52.447 [Solver-4] INFO  heuristics.RoundRobinNeighbourSelection> Phase changed to 17
03-Sep-21 22:32:52.448 [Solver-4] DEBUG util.Progress>   -- RRq:0/4853, RS:0/2547, CR:0,00%, V:0,00, DC:0, TOC:0, %:0,00
03-Sep-21 22:32:52.470 [Solver-4] DEBUG util.Progress> [Important Courses B&B (senior students)...]
03-Sep-21 22:32:52.472 [Solver-4] INFO  heuristics.RoundRobinNeighbourSelection> Phase changed to 18
03-Sep-21 22:32:52.483 [Solver-4] DEBUG util.Progress>   -- RRq:0/4853, RS:0/2547, CR:0,00%, V:0,00, DC:0, TOC:0, %:0,00
03-Sep-21 22:32:52.500 [Solver-4] INFO  heuristics.StandardNeighbourSelection> Using org.cpsolver.studentsct.heuristics.EnrollmentSelection
03-Sep-21 22:32:52.503 [Solver-4] INFO  heuristics.StandardNeighbourSelection> Using org.cpsolver.ifs.heuristics.GeneralVariableSelection
03-Sep-21 22:32:52.505 [Solver-4] DEBUG util.Progress> [Important Backtracking (senior students)...]
03-Sep-21 22:32:52.506 [Solver-4] INFO  heuristics.RoundRobinNeighbourSelection> Phase changed to 19
03-Sep-21 22:32:52.506 [Solver-4] DEBUG util.Progress>   -- RRq:0/4853, RS:0/2547, CR:0,00%, V:0,00, DC:0, TOC:0, %:0,00
03-Sep-21 22:32:52.506 [Solver-4] DEBUG util.Progress> [Important Ifs (senior students)...]
03-Sep-21 22:32:52.520 [Solver-4] INFO  heuristics.RoundRobinNeighbourSelection> Phase changed to 20
03-Sep-21 22:32:52.531 [Solver-4] DEBUG util.Progress>   -- RRq:0/4853, RS:0/2547, CR:0,00%, V:0,00, DC:0, TOC:0, %:0,00
03-Sep-21 22:32:52.559 [Solver-4] INFO  heuristics.StandardNeighbourSelection> Using org.cpsolver.studentsct.heuristics.EnrollmentSelection
03-Sep-21 22:32:52.560 [Solver-4] INFO  heuristics.StandardNeighbourSelection> Using org.cpsolver.ifs.heuristics.GeneralVariableSelection
03-Sep-21 22:32:52.561 [Solver-4] DEBUG util.Progress> [Important Backtracking (senior students)...]
03-Sep-21 22:32:52.561 [Solver-4] INFO  heuristics.RoundRobinNeighbourSelection> Phase changed to 21
03-Sep-21 22:32:52.562 [Solver-4] DEBUG util.Progress>   -- RRq:0/4853, RS:0/2547, CR:0,00%, V:0,00, DC:0, TOC:0, %:0,00
03-Sep-21 22:32:52.611 [Solver-4] DEBUG util.Progress> [Normal Courses B&B (senior students)...]
03-Sep-21 22:32:52.613 [Solver-2] INFO  heuristics.RoundRobinNeighbourSelection> Phase changed to 22
03-Sep-21 22:32:52.613 [Solver-2] DEBUG util.Progress>   -- RRq:0/4853, RS:0/2547, CR:0,00%, V:0,00, DC:0, TOC:0, %:0,00
03-Sep-21 22:32:52.624 [Solver-2] INFO  heuristics.StandardNeighbourSelection> Using org.cpsolver.studentsct.heuristics.EnrollmentSelection
03-Sep-21 22:32:52.624 [Solver-2] INFO  heuristics.StandardNeighbourSelection> Using org.cpsolver.ifs.heuristics.GeneralVariableSelection
03-Sep-21 22:32:52.625 [Solver-2] DEBUG util.Progress> [Normal Backtracking (senior students)...]
03-Sep-21 22:32:52.629 [Solver-1] INFO  heuristics.RoundRobinNeighbourSelection> Phase changed to 23
03-Sep-21 22:32:52.632 [Solver-1] DEBUG util.Progress>   -- RRq:0/4853, RS:0/2547, CR:0,00%, V:0,00, DC:0, TOC:0, %:0,00
03-Sep-21 22:32:52.633 [Solver-1] DEBUG util.Progress> [Normal Ifs (senior students)...]
03-Sep-21 22:32:52.651 [Solver-2] INFO  heuristics.RoundRobinNeighbourSelection> Phase changed to 24
03-Sep-21 22:32:52.655 [Solver-2] DEBUG util.Progress>   -- RRq:0/4853, RS:0/2547, CR:0,00%, V:0,00, DC:0, TOC:0, %:0,00
03-Sep-21 22:32:52.667 [Solver-2] INFO  heuristics.StandardNeighbourSelection> Using org.cpsolver.studentsct.heuristics.EnrollmentSelection
03-Sep-21 22:32:52.667 [Solver-2] INFO  heuristics.StandardNeighbourSelection> Using org.cpsolver.ifs.heuristics.GeneralVariableSelection
03-Sep-21 22:32:52.668 [Solver-2] DEBUG util.Progress> [Normal Backtracking (senior students)...]
03-Sep-21 22:32:52.672 [Solver-2] INFO  heuristics.RoundRobinNeighbourSelection> Phase changed to 25
03-Sep-21 22:32:52.673 [Solver-2] DEBUG util.Progress>   -- RRq:0/4853, RS:0/2547, CR:0,00%, V:0,00, DC:0, TOC:0, %:0,00
03-Sep-21 22:32:52.890 [Solver-2] DEBUG util.Progress> [Critical Courses B&B (junior students)...]
03-Sep-21 22:32:52.900 [Solver-4] INFO  heuristics.RoundRobinNeighbourSelection> Phase changed to 26
03-Sep-21 22:32:52.901 [Solver-4] DEBUG util.Progress>   -- RRq:0/4853, RS:0/2547, CR:0,00%, V:0,00, DC:0, TOC:0, %:0,00
03-Sep-21 22:32:52.907 [Solver-4] INFO  heuristics.StandardNeighbourSelection> Using org.cpsolver.studentsct.heuristics.EnrollmentSelection
03-Sep-21 22:32:52.907 [Solver-4] INFO  heuristics.StandardNeighbourSelection> Using org.cpsolver.ifs.heuristics.GeneralVariableSelection
03-Sep-21 22:32:52.907 [Solver-4] DEBUG util.Progress> [Critical Backtracking (junior students)...]
03-Sep-21 22:32:52.908 [Solver-4] INFO  heuristics.RoundRobinNeighbourSelection> Phase changed to 27
03-Sep-21 22:32:52.908 [Solver-4] DEBUG util.Progress>   -- RRq:0/4853, RS:0/2547, CR:0,00%, V:0,00, DC:0, TOC:0, %:0,00
03-Sep-21 22:32:52.908 [Solver-4] DEBUG util.Progress> [Critical Ifs (junior students)...]
03-Sep-21 22:32:52.916 [Solver-4] INFO  heuristics.RoundRobinNeighbourSelection> Phase changed to 28
03-Sep-21 22:32:52.917 [Solver-4] DEBUG util.Progress>   -- RRq:0/4853, RS:0/2547, CR:0,00%, V:0,00, DC:0, TOC:0, %:0,00
03-Sep-21 22:32:52.920 [Solver-4] INFO  heuristics.StandardNeighbourSelection> Using org.cpsolver.studentsct.heuristics.EnrollmentSelection
03-Sep-21 22:32:52.921 [Solver-4] INFO  heuristics.StandardNeighbourSelection> Using org.cpsolver.ifs.heuristics.GeneralVariableSelection
03-Sep-21 22:32:52.922 [Solver-4] DEBUG util.Progress> [Critical Backtracking (junior students)...]
03-Sep-21 22:32:52.922 [Solver-4] INFO  heuristics.RoundRobinNeighbourSelection> Phase changed to 29
03-Sep-21 22:32:52.923 [Solver-4] DEBUG util.Progress>   -- RRq:0/4853, RS:0/2547, CR:0,00%, V:0,00, DC:0, TOC:0, %:0,00
03-Sep-21 22:32:52.928 [Solver-4] DEBUG util.Progress> [Important Courses B&B (junior students)...]
03-Sep-21 22:32:52.932 [Solver-4] INFO  heuristics.RoundRobinNeighbourSelection> Phase changed to 30
03-Sep-21 22:32:52.933 [Solver-4] DEBUG util.Progress>   -- RRq:0/4853, RS:0/2547, CR:0,00%, V:0,00, DC:0, TOC:0, %:0,00
03-Sep-21 22:32:52.937 [Solver-4] INFO  heuristics.StandardNeighbourSelection> Using org.cpsolver.studentsct.heuristics.EnrollmentSelection
03-Sep-21 22:32:52.952 [Solver-4] INFO  heuristics.StandardNeighbourSelection> Using org.cpsolver.ifs.heuristics.GeneralVariableSelection
03-Sep-21 22:32:52.962 [Solver-4] DEBUG util.Progress> [Important Backtracking (junior students)...]
03-Sep-21 22:32:52.963 [Solver-3] INFO  heuristics.RoundRobinNeighbourSelection> Phase changed to 31
03-Sep-21 22:32:52.967 [Solver-3] DEBUG util.Progress>   -- RRq:0/4853, RS:0/2547, CR:0,00%, V:0,00, DC:0, TOC:0, %:0,00
03-Sep-21 22:32:52.972 [Solver-3] DEBUG util.Progress> [Important Ifs (junior students)...]
03-Sep-21 22:32:52.978 [Solver-3] INFO  heuristics.RoundRobinNeighbourSelection> Phase changed to 32
03-Sep-21 22:32:52.979 [Solver-3] DEBUG util.Progress>   -- RRq:0/4853, RS:0/2547, CR:0,00%, V:0,00, DC:0, TOC:0, %:0,00
03-Sep-21 22:32:52.991 [Solver-3] INFO  heuristics.StandardNeighbourSelection> Using org.cpsolver.studentsct.heuristics.EnrollmentSelection
03-Sep-21 22:32:52.998 [Solver-3] INFO  heuristics.StandardNeighbourSelection> Using org.cpsolver.ifs.heuristics.GeneralVariableSelection
03-Sep-21 22:32:52.999 [Solver-3] DEBUG util.Progress> [Important Backtracking (junior students)...]
03-Sep-21 22:32:53.000 [Solver-3] INFO  heuristics.RoundRobinNeighbourSelection> Phase changed to 33
03-Sep-21 22:32:53.000 [Solver-3] DEBUG util.Progress>   -- RRq:0/4853, RS:0/2547, CR:0,00%, V:0,00, DC:0, TOC:0, %:0,00
03-Sep-21 22:32:53.018 [Solver-3] DEBUG util.Progress> [Normal Courses B&B (junior students)...]
03-Sep-21 22:32:53.020 [Solver-3] INFO  heuristics.RoundRobinNeighbourSelection> Phase changed to 34
03-Sep-21 22:32:53.021 [Solver-3] DEBUG util.Progress>   -- RRq:0/4853, RS:0/2547, CR:0,00%, V:0,00, DC:0, TOC:0, %:0,00
03-Sep-21 22:32:53.044 [Solver-3] INFO  heuristics.StandardNeighbourSelection> Using org.cpsolver.studentsct.heuristics.EnrollmentSelection
03-Sep-21 22:32:53.046 [Solver-3] INFO  heuristics.StandardNeighbourSelection> Using org.cpsolver.ifs.heuristics.GeneralVariableSelection
03-Sep-21 22:32:53.047 [Solver-3] DEBUG util.Progress> [Normal Backtracking (junior students)...]
03-Sep-21 22:32:53.051 [Solver-1] INFO  heuristics.RoundRobinNeighbourSelection> Phase changed to 35
03-Sep-21 22:32:53.053 [Solver-1] DEBUG util.Progress>   -- RRq:0/4853, RS:0/2547, CR:0,00%, V:0,00, DC:0, TOC:0, %:0,00
03-Sep-21 22:32:53.053 [Solver-1] DEBUG util.Progress> [Normal Ifs (junior students)...]
03-Sep-21 22:32:53.066 [Solver-4] INFO  heuristics.RoundRobinNeighbourSelection> Phase changed to 36
03-Sep-21 22:32:53.067 [Solver-4] DEBUG util.Progress>   -- RRq:0/4853, RS:0/2547, CR:0,00%, V:0,00, DC:0, TOC:0, %:0,00
03-Sep-21 22:32:53.079 [Solver-4] INFO  heuristics.StandardNeighbourSelection> Using org.cpsolver.studentsct.heuristics.EnrollmentSelection
03-Sep-21 22:32:53.079 [Solver-4] INFO  heuristics.StandardNeighbourSelection> Using org.cpsolver.ifs.heuristics.GeneralVariableSelection
03-Sep-21 22:32:53.080 [Solver-4] DEBUG util.Progress> [Normal Backtracking (junior students)...]
03-Sep-21 22:32:53.093 [Solver-2] INFO  heuristics.RoundRobinNeighbourSelection> Phase changed to 37
03-Sep-21 22:32:53.094 [Solver-2] DEBUG util.Progress>   -- RRq:0/4853, RS:0/2547, CR:0,00%, V:0,00, DC:0, TOC:0, %:0,00
03-Sep-21 22:32:53.129 [Solver-2] DEBUG util.Progress> [Critical Courses B&B (sophomore students)...]
03-Sep-21 22:32:53.133 [Solver-2] INFO  heuristics.RoundRobinNeighbourSelection> Phase changed to 38
03-Sep-21 22:32:53.134 [Solver-2] DEBUG util.Progress>   -- RRq:0/4853, RS:0/2547, CR:0,00%, V:0,00, DC:0, TOC:0, %:0,00
03-Sep-21 22:32:53.137 [Solver-2] INFO  heuristics.StandardNeighbourSelection> Using org.cpsolver.studentsct.heuristics.EnrollmentSelection
03-Sep-21 22:32:53.139 [Solver-2] INFO  heuristics.StandardNeighbourSelection> Using org.cpsolver.ifs.heuristics.GeneralVariableSelection
03-Sep-21 22:32:53.139 [Solver-2] DEBUG util.Progress> [Critical Backtracking (sophomore students)...]
03-Sep-21 22:32:53.140 [Solver-3] INFO  heuristics.RoundRobinNeighbourSelection> Phase changed to 39
03-Sep-21 22:32:53.141 [Solver-3] DEBUG util.Progress>   -- RRq:0/4853, RS:0/2547, CR:0,00%, V:0,00, DC:0, TOC:0, %:0,00
03-Sep-21 22:32:53.141 [Solver-3] DEBUG util.Progress> [Critical Ifs (sophomore students)...]
03-Sep-21 22:32:53.148 [Solver-2] INFO  heuristics.RoundRobinNeighbourSelection> Phase changed to 40
03-Sep-21 22:32:53.149 [Solver-2] DEBUG util.Progress>   -- RRq:0/4853, RS:0/2547, CR:0,00%, V:0,00, DC:0, TOC:0, %:0,00
03-Sep-21 22:32:53.152 [Solver-2] INFO  heuristics.StandardNeighbourSelection> Using org.cpsolver.studentsct.heuristics.EnrollmentSelection
03-Sep-21 22:32:53.153 [Solver-2] INFO  heuristics.StandardNeighbourSelection> Using org.cpsolver.ifs.heuristics.GeneralVariableSelection
03-Sep-21 22:32:53.154 [Solver-2] DEBUG util.Progress> [Critical Backtracking (sophomore students)...]
03-Sep-21 22:32:53.156 [Solver-1] INFO  heuristics.RoundRobinNeighbourSelection> Phase changed to 41
03-Sep-21 22:32:53.157 [Solver-1] DEBUG util.Progress>   -- RRq:0/4853, RS:0/2547, CR:0,00%, V:0,00, DC:0, TOC:0, %:0,00
03-Sep-21 22:32:53.167 [Solver-1] DEBUG util.Progress> [Important Courses B&B (sophomore students)...]
03-Sep-21 22:32:53.173 [Solver-1] INFO  heuristics.RoundRobinNeighbourSelection> Phase changed to 42
03-Sep-21 22:32:53.174 [Solver-1] DEBUG util.Progress>   -- RRq:0/4853, RS:0/2547, CR:0,00%, V:0,00, DC:0, TOC:0, %:0,00
03-Sep-21 22:32:53.188 [Solver-1] INFO  heuristics.StandardNeighbourSelection> Using org.cpsolver.studentsct.heuristics.EnrollmentSelection
03-Sep-21 22:32:53.188 [Solver-1] INFO  heuristics.StandardNeighbourSelection> Using org.cpsolver.ifs.heuristics.GeneralVariableSelection
03-Sep-21 22:32:53.189 [Solver-1] DEBUG util.Progress> [Important Backtracking (sophomore students)...]
03-Sep-21 22:32:53.189 [Solver-1] INFO  heuristics.RoundRobinNeighbourSelection> Phase changed to 43
03-Sep-21 22:32:53.191 [Solver-1] DEBUG util.Progress>   -- RRq:0/4853, RS:0/2547, CR:0,00%, V:0,00, DC:0, TOC:0, %:0,00
03-Sep-21 22:32:53.192 [Solver-1] DEBUG util.Progress> [Important Ifs (sophomore students)...]
03-Sep-21 22:32:53.201 [Solver-2] INFO  heuristics.RoundRobinNeighbourSelection> Phase changed to 44
03-Sep-21 22:32:53.202 [Solver-2] DEBUG util.Progress>   -- RRq:0/4853, RS:0/2547, CR:0,00%, V:0,00, DC:0, TOC:0, %:0,00
03-Sep-21 22:32:53.207 [Solver-2] INFO  heuristics.StandardNeighbourSelection> Using org.cpsolver.studentsct.heuristics.EnrollmentSelection
03-Sep-21 22:32:53.211 [Solver-2] INFO  heuristics.StandardNeighbourSelection> Using org.cpsolver.ifs.heuristics.GeneralVariableSelection
03-Sep-21 22:32:53.211 [Solver-2] DEBUG util.Progress> [Important Backtracking (sophomore students)...]
03-Sep-21 22:32:53.214 [Solver-4] INFO  heuristics.RoundRobinNeighbourSelection> Phase changed to 45
03-Sep-21 22:32:53.216 [Solver-4] DEBUG util.Progress>   -- RRq:0/4853, RS:0/2547, CR:0,00%, V:0,00, DC:0, TOC:0, %:0,00
03-Sep-21 22:32:53.231 [Solver-4] DEBUG util.Progress> [Normal Courses B&B (sophomore students)...]
03-Sep-21 22:32:53.232 [Solver-4] INFO  heuristics.RoundRobinNeighbourSelection> Phase changed to 46
03-Sep-21 22:32:53.233 [Solver-4] DEBUG util.Progress>   -- RRq:0/4853, RS:0/2547, CR:0,00%, V:0,00, DC:0, TOC:0, %:0,00
03-Sep-21 22:32:53.241 [Solver-4] INFO  heuristics.StandardNeighbourSelection> Using org.cpsolver.studentsct.heuristics.EnrollmentSelection
03-Sep-21 22:32:53.241 [Solver-4] INFO  heuristics.StandardNeighbourSelection> Using org.cpsolver.ifs.heuristics.GeneralVariableSelection
03-Sep-21 22:32:53.242 [Solver-4] DEBUG util.Progress> [Normal Backtracking (sophomore students)...]
03-Sep-21 22:32:53.247 [Solver-3] INFO  heuristics.RoundRobinNeighbourSelection> Phase changed to 47
03-Sep-21 22:32:53.247 [Solver-3] DEBUG util.Progress>   -- RRq:0/4853, RS:0/2547, CR:0,00%, V:0,00, DC:0, TOC:0, %:0,00
03-Sep-21 22:32:53.248 [Solver-3] DEBUG util.Progress> [Normal Ifs (sophomore students)...]
03-Sep-21 22:32:53.259 [Solver-3] INFO  heuristics.RoundRobinNeighbourSelection> Phase changed to 48
03-Sep-21 22:32:53.260 [Solver-3] DEBUG util.Progress>   -- RRq:0/4853, RS:0/2547, CR:0,00%, V:0,00, DC:0, TOC:0, %:0,00
03-Sep-21 22:32:53.267 [Solver-3] INFO  heuristics.StandardNeighbourSelection> Using org.cpsolver.studentsct.heuristics.EnrollmentSelection
03-Sep-21 22:32:53.267 [Solver-3] INFO  heuristics.StandardNeighbourSelection> Using org.cpsolver.ifs.heuristics.GeneralVariableSelection
03-Sep-21 22:32:53.270 [Solver-3] DEBUG util.Progress> [Normal Backtracking (sophomore students)...]
03-Sep-21 22:32:53.276 [Solver-2] INFO  heuristics.RoundRobinNeighbourSelection> Phase changed to 49
03-Sep-21 22:32:53.278 [Solver-2] DEBUG util.Progress>   -- RRq:0/4853, RS:0/2547, CR:0,00%, V:0,00, DC:0, TOC:0, %:0,00
03-Sep-21 22:32:53.284 [Solver-2] DEBUG util.Progress> [Critical Courses B&B (frehmen students)...]
03-Sep-21 22:32:53.288 [Solver-4] INFO  heuristics.RoundRobinNeighbourSelection> Phase changed to 50
03-Sep-21 22:32:53.289 [Solver-4] DEBUG util.Progress>   -- RRq:0/4853, RS:0/2547, CR:0,00%, V:0,00, DC:0, TOC:0, %:0,00
03-Sep-21 22:32:53.293 [Solver-4] INFO  heuristics.StandardNeighbourSelection> Using org.cpsolver.studentsct.heuristics.EnrollmentSelection
03-Sep-21 22:32:53.294 [Solver-4] INFO  heuristics.StandardNeighbourSelection> Using org.cpsolver.ifs.heuristics.GeneralVariableSelection
03-Sep-21 22:32:53.296 [Solver-4] DEBUG util.Progress> [Critical Backtracking (frehmen students)...]
03-Sep-21 22:32:53.298 [Solver-1] INFO  heuristics.RoundRobinNeighbourSelection> Phase changed to 51
03-Sep-21 22:32:53.299 [Solver-1] DEBUG util.Progress>   -- RRq:0/4853, RS:0/2547, CR:0,00%, V:0,00, DC:0, TOC:0, %:0,00
03-Sep-21 22:32:53.301 [Solver-1] DEBUG util.Progress> [Critical Ifs (frehmen students)...]
03-Sep-21 22:32:53.309 [Solver-1] INFO  heuristics.RoundRobinNeighbourSelection> Phase changed to 52
03-Sep-21 22:32:53.310 [Solver-1] DEBUG util.Progress>   -- RRq:0/4853, RS:0/2547, CR:0,00%, V:0,00, DC:0, TOC:0, %:0,00
03-Sep-21 22:32:53.312 [Solver-1] INFO  heuristics.StandardNeighbourSelection> Using org.cpsolver.studentsct.heuristics.EnrollmentSelection
03-Sep-21 22:32:53.313 [Solver-1] INFO  heuristics.StandardNeighbourSelection> Using org.cpsolver.ifs.heuristics.GeneralVariableSelection
03-Sep-21 22:32:53.313 [Solver-1] DEBUG util.Progress> [Critical Backtracking (frehmen students)...]
03-Sep-21 22:32:53.314 [Solver-3] INFO  heuristics.RoundRobinNeighbourSelection> Phase changed to 53
03-Sep-21 22:32:53.314 [Solver-3] DEBUG util.Progress>   -- RRq:0/4853, RS:0/2547, CR:0,00%, V:0,00, DC:0, TOC:0, %:0,00
03-Sep-21 22:32:53.319 [Solver-3] DEBUG util.Progress> [Important Courses B&B (frehmen students)...]
03-Sep-21 22:32:53.323 [Solver-2] INFO  heuristics.RoundRobinNeighbourSelection> Phase changed to 54
03-Sep-21 22:32:53.324 [Solver-2] DEBUG util.Progress>   -- RRq:0/4853, RS:0/2547, CR:0,00%, V:0,00, DC:0, TOC:0, %:0,00
03-Sep-21 22:32:53.327 [Solver-2] INFO  heuristics.StandardNeighbourSelection> Using org.cpsolver.studentsct.heuristics.EnrollmentSelection
03-Sep-21 22:32:53.328 [Solver-2] INFO  heuristics.StandardNeighbourSelection> Using org.cpsolver.ifs.heuristics.GeneralVariableSelection
03-Sep-21 22:32:53.328 [Solver-2] DEBUG util.Progress> [Important Backtracking (frehmen students)...]
03-Sep-21 22:32:53.329 [Solver-3] INFO  heuristics.RoundRobinNeighbourSelection> Phase changed to 55
03-Sep-21 22:32:53.329 [Solver-3] DEBUG util.Progress>   -- RRq:0/4853, RS:0/2547, CR:0,00%, V:0,00, DC:0, TOC:0, %:0,00
03-Sep-21 22:32:53.329 [Solver-3] DEBUG util.Progress> [Important Ifs (frehmen students)...]
03-Sep-21 22:32:53.340 [Solver-2] INFO  heuristics.RoundRobinNeighbourSelection> Phase changed to 56
03-Sep-21 22:32:53.341 [Solver-2] DEBUG util.Progress>   -- RRq:0/4853, RS:0/2547, CR:0,00%, V:0,00, DC:0, TOC:0, %:0,00
03-Sep-21 22:32:53.344 [Solver-2] INFO  heuristics.StandardNeighbourSelection> Using org.cpsolver.studentsct.heuristics.EnrollmentSelection
03-Sep-21 22:32:53.351 [Solver-2] INFO  heuristics.StandardNeighbourSelection> Using org.cpsolver.ifs.heuristics.GeneralVariableSelection
03-Sep-21 22:32:53.352 [Solver-2] DEBUG util.Progress> [Important Backtracking (frehmen students)...]
03-Sep-21 22:32:53.356 [Solver-2] INFO  heuristics.RoundRobinNeighbourSelection> Phase changed to 57
03-Sep-21 22:32:53.357 [Solver-2] DEBUG util.Progress>   -- RRq:0/4853, RS:0/2547, CR:0,00%, V:0,00, DC:0, TOC:0, %:0,00
03-Sep-21 22:32:53.418 [Solver-2] DEBUG util.Progress> [Normal Courses B&B (frehmen students)...]
03-Sep-21 22:32:53.424 [Solver-4] INFO  heuristics.RoundRobinNeighbourSelection> Phase changed to 58
03-Sep-21 22:32:53.425 [Solver-4] DEBUG util.Progress>   -- RRq:0/4853, RS:0/2547, CR:0,00%, V:0,00, DC:0, TOC:0, %:0,00
03-Sep-21 22:32:53.437 [Solver-4] INFO  heuristics.StandardNeighbourSelection> Using org.cpsolver.studentsct.heuristics.EnrollmentSelection
03-Sep-21 22:32:53.439 [Solver-4] INFO  heuristics.StandardNeighbourSelection> Using org.cpsolver.ifs.heuristics.GeneralVariableSelection
03-Sep-21 22:32:53.440 [Solver-4] DEBUG util.Progress> [Normal Backtracking (frehmen students)...]
03-Sep-21 22:32:53.451 [Solver-4] INFO  heuristics.RoundRobinNeighbourSelection> Phase changed to 59
03-Sep-21 22:32:53.451 [Solver-4] DEBUG util.Progress>   -- RRq:0/4853, RS:0/2547, CR:0,00%, V:0,00, DC:0, TOC:0, %:0,00
03-Sep-21 22:32:53.451 [Solver-4] DEBUG util.Progress> [Normal Ifs (frehmen students)...]
03-Sep-21 22:32:53.462 [Solver-4] INFO  heuristics.RoundRobinNeighbourSelection> Phase changed to 60
03-Sep-21 22:32:53.462 [Solver-4] DEBUG util.Progress>   -- RRq:0/4853, RS:0/2547, CR:0,00%, V:0,00, DC:0, TOC:0, %:0,00
03-Sep-21 22:32:53.471 [Solver-4] INFO  heuristics.StandardNeighbourSelection> Using org.cpsolver.studentsct.heuristics.EnrollmentSelection
03-Sep-21 22:32:53.479 [Solver-4] INFO  heuristics.StandardNeighbourSelection> Using org.cpsolver.ifs.heuristics.GeneralVariableSelection
03-Sep-21 22:32:53.481 [Solver-4] DEBUG util.Progress> [Normal Backtracking (frehmen students)...]
03-Sep-21 22:32:53.496 [Solver-2] INFO  heuristics.RoundRobinNeighbourSelection> Phase changed to 61
03-Sep-21 22:32:53.497 [Solver-2] DEBUG util.Progress>   -- RRq:0/4853, RS:0/2547, CR:0,00%, V:0,00, DC:0, TOC:0, %:0,00
03-Sep-21 22:32:53.501 [Solver-2] DEBUG util.Progress> [Critical Courses B&B...]
03-Sep-21 22:32:53.524 [Solver-3] INFO  heuristics.RoundRobinNeighbourSelection> Phase changed to 62
03-Sep-21 22:32:53.524 [Solver-3] DEBUG util.Progress>   -- RRq:0/4853, RS:0/2547, CR:0,00%, V:0,00, DC:0, TOC:0, %:0,00
03-Sep-21 22:32:53.527 [Solver-3] INFO  heuristics.StandardNeighbourSelection> Using org.cpsolver.studentsct.heuristics.EnrollmentSelection
03-Sep-21 22:32:53.528 [Solver-3] INFO  heuristics.StandardNeighbourSelection> Using org.cpsolver.ifs.heuristics.GeneralVariableSelection
03-Sep-21 22:32:53.528 [Solver-3] DEBUG util.Progress> [Critical Backtracking...]
03-Sep-21 22:32:53.528 [Solver-3] INFO  heuristics.RoundRobinNeighbourSelection> Phase changed to 63
03-Sep-21 22:32:53.529 [Solver-3] DEBUG util.Progress>   -- RRq:0/4853, RS:0/2547, CR:0,00%, V:0,00, DC:0, TOC:0, %:0,00
03-Sep-21 22:32:53.529 [Solver-3] DEBUG util.Progress> [Critical Ifs...]
03-Sep-21 22:32:53.643 [Solver-3] INFO  heuristics.RoundRobinNeighbourSelection> Phase changed to 64
03-Sep-21 22:32:53.644 [Solver-3] DEBUG util.Progress>   -- RRq:0/4853, RS:0/2547, CR:0,00%, V:0,00, DC:0, TOC:0, %:0,00
03-Sep-21 22:32:53.658 [Solver-3] INFO  heuristics.StandardNeighbourSelection> Using org.cpsolver.studentsct.heuristics.EnrollmentSelection
03-Sep-21 22:32:53.658 [Solver-3] INFO  heuristics.StandardNeighbourSelection> Using org.cpsolver.ifs.heuristics.GeneralVariableSelection
03-Sep-21 22:32:53.659 [Solver-3] DEBUG util.Progress> [Critical Backtracking...]
03-Sep-21 22:32:53.660 [Solver-4] INFO  heuristics.RoundRobinNeighbourSelection> Phase changed to 65
03-Sep-21 22:32:53.661 [Solver-4] DEBUG util.Progress>   -- RRq:0/4853, RS:0/2547, CR:0,00%, V:0,00, DC:0, TOC:0, %:0,00
03-Sep-21 22:32:53.669 [Solver-4] DEBUG util.Progress> [Important Courses B&B...]
03-Sep-21 22:32:53.708 [Solver-3] INFO  heuristics.RoundRobinNeighbourSelection> Phase changed to 66
03-Sep-21 22:32:53.710 [Solver-3] DEBUG util.Progress>   -- RRq:0/4853, RS:0/2547, CR:0,00%, V:0,00, DC:0, TOC:0, %:0,00
03-Sep-21 22:32:53.719 [Solver-3] INFO  heuristics.StandardNeighbourSelection> Using org.cpsolver.studentsct.heuristics.EnrollmentSelection
03-Sep-21 22:32:53.720 [Solver-3] INFO  heuristics.StandardNeighbourSelection> Using org.cpsolver.ifs.heuristics.GeneralVariableSelection
03-Sep-21 22:32:53.722 [Solver-3] DEBUG util.Progress> [Important Backtracking...]
03-Sep-21 22:32:53.723 [Solver-2] INFO  heuristics.RoundRobinNeighbourSelection> Phase changed to 67
03-Sep-21 22:32:53.723 [Solver-2] DEBUG util.Progress>   -- RRq:0/4853, RS:0/2547, CR:0,00%, V:0,00, DC:0, TOC:0, %:0,00
03-Sep-21 22:32:53.723 [Solver-2] DEBUG util.Progress> [Important Ifs...]
03-Sep-21 22:32:53.786 [Solver-4] INFO  heuristics.RoundRobinNeighbourSelection> Phase changed to 68
03-Sep-21 22:32:53.787 [Solver-4] DEBUG util.Progress>   -- RRq:0/4853, RS:0/2547, CR:0,00%, V:0,00, DC:0, TOC:0, %:0,00
03-Sep-21 22:32:53.790 [Solver-4] INFO  heuristics.StandardNeighbourSelection> Using org.cpsolver.studentsct.heuristics.EnrollmentSelection
03-Sep-21 22:32:53.790 [Solver-4] INFO  heuristics.StandardNeighbourSelection> Using org.cpsolver.ifs.heuristics.GeneralVariableSelection
03-Sep-21 22:32:53.790 [Solver-4] DEBUG util.Progress> [Important Backtracking...]
03-Sep-21 22:32:53.792 [Solver-3] INFO  heuristics.RoundRobinNeighbourSelection> Phase changed to 69
03-Sep-21 22:32:53.793 [Solver-3] DEBUG util.Progress>   -- RRq:0/4853, RS:0/2547, CR:0,00%, V:0,00, DC:0, TOC:0, %:0,00
03-Sep-21 22:32:53.914 [Solver-3] DEBUG util.Progress> [Min Credit B&B...]
03-Sep-21 22:32:53.928 [Solver-1] INFO  heuristics.RoundRobinNeighbourSelection> Phase changed to 70
03-Sep-21 22:32:53.929 [Solver-1] DEBUG util.Progress>   -- RRq:0/4853, RS:0/2547, CR:0,00%, V:0,00, DC:0, TOC:0, %:0,00
03-Sep-21 22:32:53.949 [Solver-1] DEBUG util.Progress> [Branch&bound...]
03-Sep-21 22:33:05.317 [Solver-2] INFO  studentsct.Test> **BEST** RRq:4853/4853, RS:2442/2547, CR:100,00%, V:2196,44, DC:0, TOC:0, %:86,24, TM:0,004h
03-Sep-21 22:33:05.318 [Solver-2] INFO  termination.GeneralTerminationCondition> Complete solution found.
03-Sep-21 22:33:05.321 [Solver-1] DEBUG util.Progress>   -- Timing of BranchBoundSelection: 3,15 ms/it (2547 iterations, 0,00% time limit of 5,00 seconds reached)
03-Sep-21 22:33:05.322 [Solver-1] INFO  heuristics.RoundRobinNeighbourSelection> Phase changed to 71
03-Sep-21 22:33:05.322 [Solver-1] DEBUG util.Progress>   -- RRq:4853/4853, RS:2442/2547, CR:100,00%, V:2196,44, DC:0, TOC:0, %:86,24
03-Sep-21 22:33:05.343 [Solver-1] DEBUG util.Progress> [Student swap...]
03-Sep-21 22:33:05.357 [Solver-1] INFO  heuristics.RoundRobinNeighbourSelection> Phase changed to 72
03-Sep-21 22:33:05.358 [Solver-1] DEBUG util.Progress>   -- RRq:4853/4853, RS:2442/2547, CR:100,00%, V:2196,44, DC:0, TOC:0, %:86,24
03-Sep-21 22:33:05.362 [Solver-1] INFO  heuristics.StandardNeighbourSelection> Using org.cpsolver.studentsct.heuristics.EnrollmentSelection
03-Sep-21 22:33:05.363 [Solver-1] INFO  heuristics.StandardNeighbourSelection> Using org.cpsolver.ifs.heuristics.GeneralVariableSelection
03-Sep-21 22:33:05.363 [Solver-1] DEBUG util.Progress> [Backtracking...]
03-Sep-21 22:33:05.363 [Solver-3] INFO  heuristics.RoundRobinNeighbourSelection> Phase changed to 73
03-Sep-21 22:33:05.364 [Solver-3] DEBUG util.Progress>   -- RRq:4853/4853, RS:2442/2547, CR:100,00%, V:2196,44, DC:0, TOC:0, %:86,24
03-Sep-21 22:33:05.374 [Solver-3] INFO  heuristics.StandardNeighbourSelection> Using org.cpsolver.studentsct.heuristics.EnrollmentSelection
03-Sep-21 22:33:05.375 [Solver-3] INFO  heuristics.StandardNeighbourSelection> Using org.cpsolver.ifs.heuristics.GeneralVariableSelection
03-Sep-21 22:33:05.375 [Solver-3] DEBUG util.Progress> [Enrollment swaps...]
03-Sep-21 22:33:05.388 [Solver-1] INFO  heuristics.RoundRobinNeighbourSelection> Phase changed to 74
03-Sep-21 22:33:05.389 [Solver-1] DEBUG util.Progress>   -- RRq:4853/4853, RS:2442/2547, CR:100,00%, V:2196,44, DC:0, TOC:0, %:86,24
03-Sep-21 22:33:05.396 [Solver-3] INFO  heuristics.RoundRobinNeighbourSelection> Phase changed to 75
03-Sep-21 22:33:05.398 [Solver-3] DEBUG util.Progress>   -- RRq:4853/4853, RS:2442/2547, CR:100,00%, V:2196,44, DC:0, TOC:0, %:86,24
03-Sep-21 22:33:05.418 [Solver-3] DEBUG util.Progress> [Student swap...]
03-Sep-21 22:33:05.432 [Solver-4] INFO  heuristics.RoundRobinNeighbourSelection> Phase changed to 76
03-Sep-21 22:33:05.435 [Solver-4] DEBUG util.Progress>   -- RRq:4853/4853, RS:2442/2547, CR:100,00%, V:2196,44, DC:0, TOC:0, %:86,24
03-Sep-21 22:33:05.435 [Solver-4] DEBUG util.Progress> [Random unassignment of problematic students...]
03-Sep-21 22:33:05.442 [Solver-3] INFO  heuristics.RoundRobinNeighbourSelection> Phase changed to 77
03-Sep-21 22:33:05.443 [Solver-3] DEBUG util.Progress>   -- RRq:4853/4853, RS:2442/2547, CR:100,00%, V:2196,44, DC:0, TOC:0, %:86,24
03-Sep-21 22:33:05.444 [Solver-3] DEBUG util.Progress> [Resection incomplete students...]
03-Sep-21 22:33:05.468 [Solver-1] INFO  heuristics.RoundRobinNeighbourSelection> Phase changed to 78
03-Sep-21 22:33:05.468 [Solver-1] DEBUG util.Progress>   -- RRq:4853/4853, RS:2442/2547, CR:100,00%, V:2196,44, DC:0, TOC:0, %:86,24
03-Sep-21 22:33:05.469 [Solver-1] DEBUG util.Progress> [Resection unassigned students...]
03-Sep-21 22:33:05.507 [Solver-1] INFO  heuristics.RoundRobinNeighbourSelection> Phase changed to 79
03-Sep-21 22:33:05.508 [Solver-1] DEBUG util.Progress>   -- RRq:4853/4853, RS:2442/2547, CR:100,00%, V:2196,44, DC:0, TOC:0, %:86,24
03-Sep-21 22:33:05.522 [Solver-1] DEBUG util.Progress> [Student swap...]
03-Sep-21 22:33:05.535 [Solver-4] INFO  heuristics.RoundRobinNeighbourSelection> Phase changed to 80
03-Sep-21 22:33:05.536 [Solver-4] DEBUG util.Progress>   -- RRq:4853/4853, RS:2442/2547, CR:100,00%, V:2196,44, DC:0, TOC:0, %:86,24
03-Sep-21 22:33:05.540 [Solver-1] INFO  heuristics.RoundRobinNeighbourSelection> Phase changed to 81
03-Sep-21 22:33:05.540 [Solver-1] DEBUG util.Progress>   -- RRq:4853/4853, RS:2442/2547, CR:100,00%, V:2196,44, DC:0, TOC:0, %:86,24
03-Sep-21 22:33:05.561 [Solver-3] INFO  heuristics.RoundRobinNeighbourSelection> Phase changed to 82
03-Sep-21 22:33:05.562 [Solver-3] DEBUG util.Progress>   -- RRq:4853/4853, RS:2442/2547, CR:100,00%, V:2196,44, DC:0, TOC:0, %:86,24
03-Sep-21 22:33:05.570 [Solver-3] INFO  heuristics.StandardNeighbourSelection> Using org.cpsolver.studentsct.heuristics.EnrollmentSelection
03-Sep-21 22:33:05.570 [Solver-3] INFO  heuristics.StandardNeighbourSelection> Using org.cpsolver.ifs.heuristics.GeneralVariableSelection
03-Sep-21 22:33:05.570 [Solver-3] DEBUG util.Progress> [Enrollment swaps...]
03-Sep-21 22:33:05.581 [Solver-4] INFO  heuristics.RoundRobinNeighbourSelection> Phase changed to 83
03-Sep-21 22:33:05.581 [Solver-4] DEBUG util.Progress>   -- RRq:4853/4853, RS:2442/2547, CR:100,00%, V:2196,44, DC:0, TOC:0, %:86,24
03-Sep-21 22:33:05.583 [Solver-4] INFO  heuristics.StandardNeighbourSelection> Using org.cpsolver.studentsct.heuristics.EnrollmentSelection
03-Sep-21 22:33:05.583 [Solver-4] INFO  heuristics.StandardNeighbourSelection> Using org.cpsolver.ifs.heuristics.GeneralVariableSelection
03-Sep-21 22:33:05.584 [Solver-4] DEBUG util.Progress> [Backtracking...]
03-Sep-21 22:33:05.584 [Solver-3] INFO  heuristics.RoundRobinNeighbourSelection> Phase changed to 84
03-Sep-21 22:33:05.585 [Solver-3] DEBUG util.Progress>   -- RRq:4853/4853, RS:2442/2547, CR:100,00%, V:2196,44, DC:0, TOC:0, %:86,24
03-Sep-21 22:33:05.585 [Solver-1] INFO  heuristics.RoundRobinNeighbourSelection> Phase changed to 85
03-Sep-21 22:33:05.587 [Solver-1] DEBUG util.Progress>   -- RRq:4853/4853, RS:2442/2547, CR:100,00%, V:2196,44, DC:0, TOC:0, %:86,24
03-Sep-21 22:33:05.587 [Solver-1] DEBUG util.Progress> [Random unassignment...]
03-Sep-21 22:33:05.588 [Solver-1] INFO  heuristics.RoundRobinNeighbourSelection> Phase changed to 1
03-Sep-21 22:33:05.589 [Solver-1] DEBUG util.Progress>   -- RRq:4853/4853, RS:2442/2547, CR:100,00%, V:2196,44, DC:0, TOC:0, %:86,24
03-Sep-21 22:33:05.591 [Solver-1] DEBUG util.Progress> [Critical Courses B&B (priority students)...]
03-Sep-21 22:33:05.594 [Solver-1] INFO  heuristics.RoundRobinNeighbourSelection> Phase changed to 2
03-Sep-21 22:33:05.595 [Solver-1] DEBUG util.Progress>   -- RRq:4852/4853, RS:2441/2547, CR:99,98%, V:2195,55, DC:0, TOC:0, %:86,20
03-Sep-21 22:33:05.598 [Solver-1] DEBUG util.Progress> [Critical Backtracking (priority students)...]
03-Sep-21 22:33:05.598 [Solver-4] INFO  heuristics.RoundRobinNeighbourSelection> Phase changed to 3
03-Sep-21 22:33:05.599 [Solver-4] DEBUG util.Progress>   -- RRq:4852/4853, RS:2441/2547, CR:99,98%, V:2195,55, DC:0, TOC:0, %:86,20
03-Sep-21 22:33:05.599 [Solver-4] DEBUG util.Progress> [Critical Ifs (priority students)...]
03-Sep-21 22:33:05.603 [Solver-4] INFO  heuristics.RoundRobinNeighbourSelection> Phase changed to 4
03-Sep-21 22:33:05.605 [Solver-4] DEBUG util.Progress>   -- RRq:4852/4853, RS:2441/2547, CR:99,98%, V:2195,55, DC:0, TOC:0, %:86,20
03-Sep-21 22:33:05.606 [Solver-4] DEBUG util.Progress> [Critical Backtracking (priority students)...]
03-Sep-21 22:33:05.607 [Solver-4] INFO  heuristics.RoundRobinNeighbourSelection> Phase changed to 5
03-Sep-21 22:33:05.610 [Solver-4] DEBUG util.Progress>   -- RRq:4852/4853, RS:2441/2547, CR:99,98%, V:2195,55, DC:0, TOC:0, %:86,20
03-Sep-21 22:33:05.613 [Solver-4] DEBUG util.Progress> [Important Courses B&B (priority students)...]
03-Sep-21 22:33:05.615 [Solver-3] INFO  heuristics.RoundRobinNeighbourSelection> Phase changed to 6
03-Sep-21 22:33:05.616 [Solver-3] DEBUG util.Progress>   -- RRq:4852/4853, RS:2441/2547, CR:99,98%, V:2195,55, DC:0, TOC:0, %:86,20
03-Sep-21 22:33:05.618 [Solver-3] DEBUG util.Progress> [Important Backtracking (priority students)...]
03-Sep-21 22:33:05.618 [Solver-1] INFO  heuristics.RoundRobinNeighbourSelection> Phase changed to 7
03-Sep-21 22:33:05.619 [Solver-1] DEBUG util.Progress>   -- RRq:4852/4853, RS:2441/2547, CR:99,98%, V:2195,55, DC:0, TOC:0, %:86,20
03-Sep-21 22:33:05.625 [Solver-1] DEBUG util.Progress> [Important Ifs (priority students)...]
03-Sep-21 22:33:05.632 [Solver-3] INFO  heuristics.RoundRobinNeighbourSelection> Phase changed to 8
03-Sep-21 22:33:05.632 [Solver-3] DEBUG util.Progress>   -- RRq:4852/4853, RS:2441/2547, CR:99,98%, V:2195,55, DC:0, TOC:0, %:86,20
03-Sep-21 22:33:05.638 [Solver-3] DEBUG util.Progress> [Important Backtracking (priority students)...]
03-Sep-21 22:33:05.638 [Solver-3] INFO  heuristics.RoundRobinNeighbourSelection> Phase changed to 9
03-Sep-21 22:33:05.639 [Solver-3] DEBUG util.Progress>   -- RRq:4852/4853, RS:2441/2547, CR:99,98%, V:2195,55, DC:0, TOC:0, %:86,20
03-Sep-21 22:33:05.679 [Solver-3] DEBUG util.Progress> [Normal Courses B&B (priority students)...]
03-Sep-21 22:33:05.690 [Solver-3] INFO  heuristics.RoundRobinNeighbourSelection> Phase changed to 10
03-Sep-21 22:33:05.691 [Solver-3] DEBUG util.Progress>   -- RRq:4852/4853, RS:2441/2547, CR:99,98%, V:2195,55, DC:0, TOC:0, %:86,20
03-Sep-21 22:33:05.694 [Solver-3] DEBUG util.Progress> [Normal Backtracking (priority students)...]
03-Sep-21 22:33:05.694 [Solver-3] INFO  heuristics.RoundRobinNeighbourSelection> Phase changed to 11
03-Sep-21 22:33:05.694 [Solver-3] DEBUG util.Progress>   -- RRq:4852/4853, RS:2441/2547, CR:99,98%, V:2195,55, DC:0, TOC:0, %:86,20
03-Sep-21 22:33:05.695 [Solver-3] DEBUG util.Progress> [Normal Ifs (priority students)...]
03-Sep-21 22:33:05.699 [Solver-4] INFO  heuristics.RoundRobinNeighbourSelection> Phase changed to 12
03-Sep-21 22:33:05.699 [Solver-4] DEBUG util.Progress>   -- RRq:4852/4853, RS:2441/2547, CR:99,98%, V:2195,55, DC:0, TOC:0, %:86,20
03-Sep-21 22:33:05.702 [Solver-4] DEBUG util.Progress> [Normal Backtracking (priority students)...]
03-Sep-21 22:33:05.707 [Solver-4] INFO  heuristics.RoundRobinNeighbourSelection> Phase changed to 13
03-Sep-21 22:33:05.708 [Solver-4] DEBUG util.Progress>   -- RRq:4852/4853, RS:2441/2547, CR:99,98%, V:2195,55, DC:0, TOC:0, %:86,20
03-Sep-21 22:33:05.722 [Solver-4] DEBUG util.Progress> [Critical Courses B&B (senior students)...]
03-Sep-21 22:33:05.725 [Solver-4] INFO  heuristics.RoundRobinNeighbourSelection> Phase changed to 14
03-Sep-21 22:33:05.726 [Solver-4] DEBUG util.Progress>   -- RRq:4852/4853, RS:2441/2547, CR:99,98%, V:2195,55, DC:0, TOC:0, %:86,20
03-Sep-21 22:33:05.728 [Solver-4] DEBUG util.Progress> [Critical Backtracking (senior students)...]
03-Sep-21 22:33:05.728 [Solver-4] INFO  heuristics.RoundRobinNeighbourSelection> Phase changed to 15
03-Sep-21 22:33:05.728 [Solver-4] DEBUG util.Progress>   -- RRq:4852/4853, RS:2441/2547, CR:99,98%, V:2195,55, DC:0, TOC:0, %:86,20
03-Sep-21 22:33:05.729 [Solver-4] DEBUG util.Progress> [Critical Ifs (senior students)...]
03-Sep-21 22:33:05.734 [Solver-1] INFO  heuristics.RoundRobinNeighbourSelection> Phase changed to 16
03-Sep-21 22:33:05.735 [Solver-1] DEBUG util.Progress>   -- RRq:4852/4853, RS:2441/2547, CR:99,98%, V:2195,55, DC:0, TOC:0, %:86,20
03-Sep-21 22:33:05.741 [Solver-1] DEBUG util.Progress> [Critical Backtracking (senior students)...]
03-Sep-21 22:33:05.742 [Solver-4] INFO  heuristics.RoundRobinNeighbourSelection> Phase changed to 17
03-Sep-21 22:33:05.742 [Solver-4] DEBUG util.Progress>   -- RRq:4852/4853, RS:2441/2547, CR:99,98%, V:2195,55, DC:0, TOC:0, %:86,20
03-Sep-21 22:33:05.746 [Solver-4] DEBUG util.Progress> [Important Courses B&B (senior students)...]
03-Sep-21 22:33:05.748 [Solver-4] INFO  heuristics.RoundRobinNeighbourSelection> Phase changed to 18
03-Sep-21 22:33:05.748 [Solver-4] DEBUG util.Progress>   -- RRq:4852/4853, RS:2441/2547, CR:99,98%, V:2195,55, DC:0, TOC:0, %:86,20
03-Sep-21 22:33:05.751 [Solver-4] DEBUG util.Progress> [Important Backtracking (senior students)...]
03-Sep-21 22:33:05.751 [Solver-4] INFO  heuristics.RoundRobinNeighbourSelection> Phase changed to 19
03-Sep-21 22:33:05.751 [Solver-4] DEBUG util.Progress>   -- RRq:4852/4853, RS:2441/2547, CR:99,98%, V:2195,55, DC:0, TOC:0, %:86,20
03-Sep-21 22:33:05.752 [Solver-4] DEBUG util.Progress> [Important Ifs (senior students)...]
03-Sep-21 22:33:05.760 [Solver-4] INFO  heuristics.RoundRobinNeighbourSelection> Phase changed to 20
03-Sep-21 22:33:05.760 [Solver-4] DEBUG util.Progress>   -- RRq:4852/4853, RS:2441/2547, CR:99,98%, V:2195,55, DC:0, TOC:0, %:86,20
03-Sep-21 22:33:05.762 [Solver-4] DEBUG util.Progress> [Important Backtracking (senior students)...]
03-Sep-21 22:33:05.763 [Solver-4] INFO  heuristics.RoundRobinNeighbourSelection> Phase changed to 21
03-Sep-21 22:33:05.763 [Solver-4] DEBUG util.Progress>   -- RRq:4852/4853, RS:2441/2547, CR:99,98%, V:2195,55, DC:0, TOC:0, %:86,20
03-Sep-21 22:33:05.810 [Solver-4] DEBUG util.Progress> [Normal Courses B&B (senior students)...]
03-Sep-21 22:33:05.811 [Solver-3] INFO  heuristics.RoundRobinNeighbourSelection> Phase changed to 22
03-Sep-21 22:33:05.814 [Solver-3] DEBUG util.Progress>   -- RRq:4852/4853, RS:2441/2547, CR:99,98%, V:2195,55, DC:0, TOC:0, %:86,20
03-Sep-21 22:33:05.816 [Solver-3] DEBUG util.Progress> [Normal Backtracking (senior students)...]
03-Sep-21 22:33:05.818 [Solver-1] INFO  heuristics.RoundRobinNeighbourSelection> Phase changed to 23
03-Sep-21 22:33:05.819 [Solver-1] DEBUG util.Progress>   -- RRq:4852/4853, RS:2441/2547, CR:99,98%, V:2195,55, DC:0, TOC:0, %:86,20
03-Sep-21 22:33:05.819 [Solver-1] DEBUG util.Progress> [Normal Ifs (senior students)...]
03-Sep-21 22:33:05.822 [Solver-1] INFO  heuristics.RoundRobinNeighbourSelection> Phase changed to 24
03-Sep-21 22:33:05.823 [Solver-1] DEBUG util.Progress>   -- RRq:4852/4853, RS:2441/2547, CR:99,98%, V:2195,55, DC:0, TOC:0, %:86,20
03-Sep-21 22:33:05.825 [Solver-1] DEBUG util.Progress> [Normal Backtracking (senior students)...]
03-Sep-21 22:33:05.826 [Solver-4] INFO  heuristics.RoundRobinNeighbourSelection> Phase changed to 25
03-Sep-21 22:33:05.826 [Solver-4] DEBUG util.Progress>   -- RRq:4852/4853, RS:2441/2547, CR:99,98%, V:2195,55, DC:0, TOC:0, %:86,20
03-Sep-21 22:33:05.844 [Solver-4] DEBUG util.Progress> [Critical Courses B&B (junior students)...]
03-Sep-21 22:33:05.852 [Solver-4] INFO  heuristics.RoundRobinNeighbourSelection> Phase changed to 26
03-Sep-21 22:33:05.854 [Solver-4] DEBUG util.Progress>   -- RRq:4852/4853, RS:2441/2547, CR:99,98%, V:2195,55, DC:0, TOC:0, %:86,20
03-Sep-21 22:33:05.867 [Solver-4] DEBUG util.Progress> [Critical Backtracking (junior students)...]
03-Sep-21 22:33:05.867 [Solver-4] INFO  heuristics.RoundRobinNeighbourSelection> Phase changed to 27
03-Sep-21 22:33:05.883 [Solver-4] DEBUG util.Progress>   -- RRq:4852/4853, RS:2441/2547, CR:99,98%, V:2195,55, DC:0, TOC:0, %:86,20
03-Sep-21 22:33:05.883 [Solver-4] DEBUG util.Progress> [Critical Ifs (junior students)...]
03-Sep-21 22:33:05.891 [Solver-3] INFO  heuristics.RoundRobinNeighbourSelection> Phase changed to 28
03-Sep-21 22:33:05.892 [Solver-3] DEBUG util.Progress>   -- RRq:4852/4853, RS:2441/2547, CR:99,98%, V:2195,55, DC:0, TOC:0, %:86,20
03-Sep-21 22:33:05.894 [Solver-3] DEBUG util.Progress> [Critical Backtracking (junior students)...]
03-Sep-21 22:33:05.894 [Solver-3] INFO  heuristics.RoundRobinNeighbourSelection> Phase changed to 29
03-Sep-21 22:33:05.894 [Solver-3] DEBUG util.Progress>   -- RRq:4852/4853, RS:2441/2547, CR:99,98%, V:2195,55, DC:0, TOC:0, %:86,20
03-Sep-21 22:33:05.905 [Solver-3] DEBUG util.Progress> [Important Courses B&B (junior students)...]
03-Sep-21 22:33:05.908 [Solver-4] INFO  heuristics.RoundRobinNeighbourSelection> Phase changed to 30
03-Sep-21 22:33:05.908 [Solver-4] DEBUG util.Progress>   -- RRq:4852/4853, RS:2441/2547, CR:99,98%, V:2195,55, DC:0, TOC:0, %:86,20
03-Sep-21 22:33:05.912 [Solver-4] DEBUG util.Progress> [Important Backtracking (junior students)...]
03-Sep-21 22:33:05.913 [Solver-3] INFO  heuristics.RoundRobinNeighbourSelection> Phase changed to 31
03-Sep-21 22:33:05.913 [Solver-3] DEBUG util.Progress>   -- RRq:4852/4853, RS:2441/2547, CR:99,98%, V:2195,55, DC:0, TOC:0, %:86,20
03-Sep-21 22:33:05.913 [Solver-3] DEBUG util.Progress> [Important Ifs (junior students)...]
03-Sep-21 22:33:05.917 [Solver-3] INFO  heuristics.RoundRobinNeighbourSelection> Phase changed to 32
03-Sep-21 22:33:05.917 [Solver-3] DEBUG util.Progress>   -- RRq:4852/4853, RS:2441/2547, CR:99,98%, V:2195,55, DC:0, TOC:0, %:86,20
03-Sep-21 22:33:05.923 [Solver-3] DEBUG util.Progress> [Important Backtracking (junior students)...]
03-Sep-21 22:33:05.928 [Solver-4] INFO  heuristics.RoundRobinNeighbourSelection> Phase changed to 33
03-Sep-21 22:33:05.929 [Solver-4] DEBUG util.Progress>   -- RRq:4852/4853, RS:2441/2547, CR:99,98%, V:2195,55, DC:0, TOC:0, %:86,20
03-Sep-21 22:33:05.953 [Solver-4] DEBUG util.Progress> [Normal Courses B&B (junior students)...]
03-Sep-21 22:33:05.955 [Solver-3] INFO  heuristics.RoundRobinNeighbourSelection> Phase changed to 34
03-Sep-21 22:33:05.956 [Solver-3] DEBUG util.Progress>   -- RRq:4852/4853, RS:2441/2547, CR:99,98%, V:2195,55, DC:0, TOC:0, %:86,20
03-Sep-21 22:33:05.958 [Solver-3] DEBUG util.Progress> [Normal Backtracking (junior students)...]
03-Sep-21 22:33:05.959 [Solver-3] INFO  heuristics.RoundRobinNeighbourSelection> Phase changed to 35
03-Sep-21 22:33:05.959 [Solver-3] DEBUG util.Progress>   -- RRq:4852/4853, RS:2441/2547, CR:99,98%, V:2195,55, DC:0, TOC:0, %:86,20
03-Sep-21 22:33:05.959 [Solver-3] DEBUG util.Progress> [Normal Ifs (junior students)...]
03-Sep-21 22:33:05.961 [Solver-3] INFO  heuristics.RoundRobinNeighbourSelection> Phase changed to 36
03-Sep-21 22:33:05.961 [Solver-3] DEBUG util.Progress>   -- RRq:4852/4853, RS:2441/2547, CR:99,98%, V:2195,55, DC:0, TOC:0, %:86,20
03-Sep-21 22:33:05.969 [Solver-3] DEBUG util.Progress> [Normal Backtracking (junior students)...]
03-Sep-21 22:33:05.970 [Solver-3] INFO  heuristics.RoundRobinNeighbourSelection> Phase changed to 37
03-Sep-21 22:33:05.971 [Solver-3] DEBUG util.Progress>   -- RRq:4852/4853, RS:2441/2547, CR:99,98%, V:2195,55, DC:0, TOC:0, %:86,20
03-Sep-21 22:33:05.975 [Solver-3] DEBUG util.Progress> [Critical Courses B&B (sophomore students)...]
03-Sep-21 22:33:05.977 [Solver-1] INFO  heuristics.RoundRobinNeighbourSelection> Phase changed to 38
03-Sep-21 22:33:05.978 [Solver-1] DEBUG util.Progress>   -- RRq:4852/4853, RS:2441/2547, CR:99,98%, V:2195,55, DC:0, TOC:0, %:86,20
03-Sep-21 22:33:05.979 [Solver-1] DEBUG util.Progress> [Critical Backtracking (sophomore students)...]
03-Sep-21 22:33:05.980 [Solver-4] INFO  heuristics.RoundRobinNeighbourSelection> Phase changed to 39
03-Sep-21 22:33:05.980 [Solver-4] DEBUG util.Progress>   -- RRq:4852/4853, RS:2441/2547, CR:99,98%, V:2195,55, DC:0, TOC:0, %:86,20
03-Sep-21 22:33:05.980 [Solver-4] DEBUG util.Progress> [Critical Ifs (sophomore students)...]
03-Sep-21 22:33:05.981 [Solver-1] INFO  heuristics.RoundRobinNeighbourSelection> Phase changed to 40
03-Sep-21 22:33:05.982 [Solver-1] DEBUG util.Progress>   -- RRq:4852/4853, RS:2441/2547, CR:99,98%, V:2195,55, DC:0, TOC:0, %:86,20
03-Sep-21 22:33:05.984 [Solver-1] DEBUG util.Progress> [Critical Backtracking (sophomore students)...]
03-Sep-21 22:33:05.984 [Solver-1] INFO  heuristics.RoundRobinNeighbourSelection> Phase changed to 41
03-Sep-21 22:33:05.985 [Solver-1] DEBUG util.Progress>   -- RRq:4852/4853, RS:2441/2547, CR:99,98%, V:2195,55, DC:0, TOC:0, %:86,20
03-Sep-21 22:33:05.989 [Solver-1] DEBUG util.Progress> [Important Courses B&B (sophomore students)...]
03-Sep-21 22:33:05.990 [Solver-1] INFO  heuristics.RoundRobinNeighbourSelection> Phase changed to 42
03-Sep-21 22:33:05.990 [Solver-1] DEBUG util.Progress>   -- RRq:4852/4853, RS:2441/2547, CR:99,98%, V:2195,55, DC:0, TOC:0, %:86,20
03-Sep-21 22:33:05.992 [Solver-1] DEBUG util.Progress> [Important Backtracking (sophomore students)...]
03-Sep-21 22:33:05.993 [Solver-4] INFO  heuristics.RoundRobinNeighbourSelection> Phase changed to 43
03-Sep-21 22:33:05.993 [Solver-4] DEBUG util.Progress>   -- RRq:4852/4853, RS:2441/2547, CR:99,98%, V:2195,55, DC:0, TOC:0, %:86,20
03-Sep-21 22:33:05.993 [Solver-4] DEBUG util.Progress> [Important Ifs (sophomore students)...]
03-Sep-21 22:33:05.996 [Solver-4] INFO  heuristics.RoundRobinNeighbourSelection> Phase changed to 44
03-Sep-21 22:33:05.997 [Solver-4] DEBUG util.Progress>   -- RRq:4852/4853, RS:2441/2547, CR:99,98%, V:2195,55, DC:0, TOC:0, %:86,20
03-Sep-21 22:33:05.998 [Solver-4] DEBUG util.Progress> [Important Backtracking (sophomore students)...]
03-Sep-21 22:33:05.998 [Solver-4] INFO  heuristics.RoundRobinNeighbourSelection> Phase changed to 45
03-Sep-21 22:33:05.998 [Solver-4] DEBUG util.Progress>   -- RRq:4852/4853, RS:2441/2547, CR:99,98%, V:2195,55, DC:0, TOC:0, %:86,20
03-Sep-21 22:33:06.014 [Solver-4] DEBUG util.Progress> [Normal Courses B&B (sophomore students)...]
03-Sep-21 22:33:06.015 [Solver-3] INFO  heuristics.RoundRobinNeighbourSelection> Phase changed to 46
03-Sep-21 22:33:06.015 [Solver-3] DEBUG util.Progress>   -- RRq:4852/4853, RS:2441/2547, CR:99,98%, V:2195,55, DC:0, TOC:0, %:86,20
03-Sep-21 22:33:06.016 [Solver-3] DEBUG util.Progress> [Normal Backtracking (sophomore students)...]
03-Sep-21 22:33:06.017 [Solver-1] INFO  heuristics.RoundRobinNeighbourSelection> Phase changed to 47
03-Sep-21 22:33:06.017 [Solver-1] DEBUG util.Progress>   -- RRq:4852/4853, RS:2441/2547, CR:99,98%, V:2195,55, DC:0, TOC:0, %:86,20
03-Sep-21 22:33:06.017 [Solver-1] DEBUG util.Progress> [Normal Ifs (sophomore students)...]
03-Sep-21 22:33:06.018 [Solver-1] INFO  heuristics.RoundRobinNeighbourSelection> Phase changed to 48
03-Sep-21 22:33:06.018 [Solver-1] DEBUG util.Progress>   -- RRq:4852/4853, RS:2441/2547, CR:99,98%, V:2195,55, DC:0, TOC:0, %:86,20
03-Sep-21 22:33:06.019 [Solver-1] DEBUG util.Progress> [Normal Backtracking (sophomore students)...]
03-Sep-21 22:33:06.021 [Solver-4] INFO  heuristics.RoundRobinNeighbourSelection> Phase changed to 49
03-Sep-21 22:33:06.022 [Solver-4] DEBUG util.Progress>   -- RRq:4852/4853, RS:2441/2547, CR:99,98%, V:2195,55, DC:0, TOC:0, %:86,20
03-Sep-21 22:33:06.025 [Solver-4] DEBUG util.Progress> [Critical Courses B&B (frehmen students)...]
03-Sep-21 22:33:06.026 [Solver-4] INFO  heuristics.RoundRobinNeighbourSelection> Phase changed to 50
03-Sep-21 22:33:06.026 [Solver-4] DEBUG util.Progress>   -- RRq:4852/4853, RS:2441/2547, CR:99,98%, V:2195,55, DC:0, TOC:0, %:86,20
03-Sep-21 22:33:06.027 [Solver-4] DEBUG util.Progress> [Critical Backtracking (frehmen students)...]
03-Sep-21 22:33:06.028 [Solver-3] INFO  heuristics.RoundRobinNeighbourSelection> Phase changed to 51
03-Sep-21 22:33:06.028 [Solver-3] DEBUG util.Progress>   -- RRq:4852/4853, RS:2441/2547, CR:99,98%, V:2195,55, DC:0, TOC:0, %:86,20
03-Sep-21 22:33:06.028 [Solver-3] DEBUG util.Progress> [Critical Ifs (frehmen students)...]
03-Sep-21 22:33:06.029 [Solver-3] INFO  heuristics.RoundRobinNeighbourSelection> Phase changed to 52
03-Sep-21 22:33:06.030 [Solver-3] DEBUG util.Progress>   -- RRq:4852/4853, RS:2441/2547, CR:99,98%, V:2195,55, DC:0, TOC:0, %:86,20
03-Sep-21 22:33:06.030 [Solver-3] DEBUG util.Progress> [Critical Backtracking (frehmen students)...]
03-Sep-21 22:33:06.031 [Solver-3] INFO  heuristics.RoundRobinNeighbourSelection> Phase changed to 53
03-Sep-21 22:33:06.031 [Solver-3] DEBUG util.Progress>   -- RRq:4852/4853, RS:2441/2547, CR:99,98%, V:2195,55, DC:0, TOC:0, %:86,20
03-Sep-21 22:33:06.034 [Solver-3] DEBUG util.Progress> [Important Courses B&B (frehmen students)...]
03-Sep-21 22:33:06.035 [Solver-3] INFO  heuristics.RoundRobinNeighbourSelection> Phase changed to 54
03-Sep-21 22:33:06.035 [Solver-3] DEBUG util.Progress>   -- RRq:4852/4853, RS:2441/2547, CR:99,98%, V:2195,55, DC:0, TOC:0, %:86,20
03-Sep-21 22:33:06.037 [Solver-3] DEBUG util.Progress> [Important Backtracking (frehmen students)...]
03-Sep-21 22:33:06.037 [Solver-1] INFO  heuristics.RoundRobinNeighbourSelection> Phase changed to 55
03-Sep-21 22:33:06.037 [Solver-1] DEBUG util.Progress>   -- RRq:4852/4853, RS:2441/2547, CR:99,98%, V:2195,55, DC:0, TOC:0, %:86,20
03-Sep-21 22:33:06.038 [Solver-1] DEBUG util.Progress> [Important Ifs (frehmen students)...]
03-Sep-21 22:33:06.039 [Solver-4] INFO  heuristics.RoundRobinNeighbourSelection> Phase changed to 56
03-Sep-21 22:33:06.040 [Solver-4] DEBUG util.Progress>   -- RRq:4852/4853, RS:2441/2547, CR:99,98%, V:2195,55, DC:0, TOC:0, %:86,20
03-Sep-21 22:33:06.041 [Solver-4] DEBUG util.Progress> [Important Backtracking (frehmen students)...]
03-Sep-21 22:33:06.041 [Solver-1] INFO  heuristics.RoundRobinNeighbourSelection> Phase changed to 57
03-Sep-21 22:33:06.041 [Solver-1] DEBUG util.Progress>   -- RRq:4852/4853, RS:2441/2547, CR:99,98%, V:2195,55, DC:0, TOC:0, %:86,20
03-Sep-21 22:33:06.057 [Solver-1] DEBUG util.Progress> [Normal Courses B&B (frehmen students)...]
03-Sep-21 22:33:06.058 [Solver-4] INFO  heuristics.RoundRobinNeighbourSelection> Phase changed to 58
03-Sep-21 22:33:06.060 [Solver-4] DEBUG util.Progress>   -- RRq:4852/4853, RS:2441/2547, CR:99,98%, V:2195,55, DC:0, TOC:0, %:86,20
03-Sep-21 22:33:06.061 [Solver-4] DEBUG util.Progress> [Normal Backtracking (frehmen students)...]
03-Sep-21 22:33:06.061 [Solver-4] INFO  heuristics.RoundRobinNeighbourSelection> Phase changed to 59
03-Sep-21 22:33:06.062 [Solver-4] DEBUG util.Progress>   -- RRq:4852/4853, RS:2441/2547, CR:99,98%, V:2195,55, DC:0, TOC:0, %:86,20
03-Sep-21 22:33:06.062 [Solver-4] DEBUG util.Progress> [Normal Ifs (frehmen students)...]
03-Sep-21 22:33:06.063 [Solver-4] INFO  heuristics.RoundRobinNeighbourSelection> Phase changed to 60
03-Sep-21 22:33:06.063 [Solver-4] DEBUG util.Progress>   -- RRq:4852/4853, RS:2441/2547, CR:99,98%, V:2195,55, DC:0, TOC:0, %:86,20
03-Sep-21 22:33:06.065 [Solver-4] DEBUG util.Progress> [Normal Backtracking (frehmen students)...]
03-Sep-21 22:33:06.066 [Solver-4] INFO  heuristics.RoundRobinNeighbourSelection> Phase changed to 61
03-Sep-21 22:33:06.066 [Solver-4] DEBUG util.Progress>   -- RRq:4852/4853, RS:2441/2547, CR:99,98%, V:2195,55, DC:0, TOC:0, %:86,20
03-Sep-21 22:33:06.068 [Solver-4] DEBUG util.Progress> [Critical Courses B&B...]
03-Sep-21 22:33:06.096 [Solver-1] INFO  heuristics.RoundRobinNeighbourSelection> Phase changed to 62
03-Sep-21 22:33:06.096 [Solver-1] DEBUG util.Progress>   -- RRq:4852/4853, RS:2441/2547, CR:99,98%, V:2195,55, DC:0, TOC:0, %:86,20
03-Sep-21 22:33:06.097 [Solver-1] DEBUG util.Progress> [Critical Backtracking...]
03-Sep-21 22:33:06.097 [Solver-4] INFO  heuristics.RoundRobinNeighbourSelection> Phase changed to 63
03-Sep-21 22:33:06.097 [Solver-4] DEBUG util.Progress>   -- RRq:4852/4853, RS:2441/2547, CR:99,98%, V:2195,55, DC:0, TOC:0, %:86,20
03-Sep-21 22:33:06.097 [Solver-4] DEBUG util.Progress> [Critical Ifs...]
03-Sep-21 22:33:06.099 [Solver-4] INFO  heuristics.RoundRobinNeighbourSelection> Phase changed to 64
03-Sep-21 22:33:06.099 [Solver-4] DEBUG util.Progress>   -- RRq:4852/4853, RS:2441/2547, CR:99,98%, V:2195,55, DC:0, TOC:0, %:86,20
03-Sep-21 22:33:06.102 [Solver-4] DEBUG util.Progress> [Critical Backtracking...]
03-Sep-21 22:33:06.105 [Solver-4] INFO  heuristics.RoundRobinNeighbourSelection> Phase changed to 65
03-Sep-21 22:33:06.106 [Solver-4] DEBUG util.Progress>   -- RRq:4852/4853, RS:2441/2547, CR:99,98%, V:2195,55, DC:0, TOC:0, %:86,20
03-Sep-21 22:33:06.110 [Solver-4] DEBUG util.Progress> [Important Courses B&B...]
03-Sep-21 22:33:06.118 [Solver-3] INFO  heuristics.RoundRobinNeighbourSelection> Phase changed to 66
03-Sep-21 22:33:06.119 [Solver-3] DEBUG util.Progress>   -- RRq:4852/4853, RS:2441/2547, CR:99,98%, V:2195,55, DC:0, TOC:0, %:86,20
03-Sep-21 22:33:06.120 [Solver-3] DEBUG util.Progress> [Important Backtracking...]
03-Sep-21 22:33:06.121 [Solver-1] INFO  heuristics.RoundRobinNeighbourSelection> Phase changed to 67
03-Sep-21 22:33:06.121 [Solver-1] DEBUG util.Progress>   -- RRq:4852/4853, RS:2441/2547, CR:99,98%, V:2195,55, DC:0, TOC:0, %:86,20
03-Sep-21 22:33:06.122 [Solver-1] DEBUG util.Progress> [Important Ifs...]
03-Sep-21 22:33:06.123 [Solver-3] INFO  heuristics.RoundRobinNeighbourSelection> Phase changed to 68
03-Sep-21 22:33:06.123 [Solver-3] DEBUG util.Progress>   -- RRq:4852/4853, RS:2441/2547, CR:99,98%, V:2195,55, DC:0, TOC:0, %:86,20
03-Sep-21 22:33:06.124 [Solver-3] DEBUG util.Progress> [Important Backtracking...]
03-Sep-21 22:33:06.124 [Solver-3] INFO  heuristics.RoundRobinNeighbourSelection> Phase changed to 69
03-Sep-21 22:33:06.124 [Solver-3] DEBUG util.Progress>   -- RRq:4852/4853, RS:2441/2547, CR:99,98%, V:2195,55, DC:0, TOC:0, %:86,20
03-Sep-21 22:33:06.142 [Solver-3] DEBUG util.Progress> [Min Credit B&B...]
03-Sep-21 22:33:06.146 [Solver-4] INFO  heuristics.RoundRobinNeighbourSelection> Phase changed to 70
03-Sep-21 22:33:06.146 [Solver-4] DEBUG util.Progress>   -- RRq:4852/4853, RS:2441/2547, CR:99,98%, V:2195,55, DC:0, TOC:0, %:86,20
03-Sep-21 22:33:06.162 [Solver-4] DEBUG util.Progress> [Branch&bound...]
03-Sep-21 22:33:06.440 [Solver-4] INFO  termination.GeneralTerminationCondition> Complete solution found.
03-Sep-21 22:33:06.430 [Solver-3] INFO  termination.GeneralTerminationCondition> Complete solution found.
03-Sep-21 22:33:06.441 [Solver-1] INFO  termination.GeneralTerminationCondition> Complete solution found.
03-Sep-21 22:33:07.242 [SolverSync] DEBUG util.Progress> [Done]
03-Sep-21 22:33:07.242 [SolverSync] DEBUG solver.Solver> Solver done.
03-Sep-21 22:33:07.242 [SolverSync] INFO  util.Progress> [Solver done.]
03-Sep-21 22:33:07.795 [ShutdownHook] INFO  studentsct.Test> **BEST** RRq:4853/4853, RS:2442/2547, CR:100,00%, V:2196,44, DC:0, TOC:0, %:86,24, TM:0,004h
03-Sep-21 22:33:07.858 [ShutdownHook] INFO  check.OverlapCheck> Checking for overlaps...
03-Sep-21 22:33:07.984 [ShutdownHook] INFO  check.SectionLimitCheck> Checking section limits...
03-Sep-21 22:33:07.999 [ShutdownHook] INFO  check.CourseLimitCheck> Checking for course limits...
03-Sep-21 22:33:08.000 [ShutdownHook] INFO  studentsct.Test> Best solution found after 14.65974739997182 seconds (3895 iterations).
03-Sep-21 22:33:08.047 [ShutdownHook] INFO  studentsct.Test> Info: [
      Assigned course requests: 100,00% (4853/4853)
      Assigned course requests (priority students): Normal: 100,00% (4853/4853)
      Assigned priority course requests: 100.00% (4853/4853)
      Assigned variables: 100.00% (4853/4853)
      Average disbalance: 0,12% (0,17)
      Best Iteration: 3895
      Best Time: 0.24 min (265.69 it/s)
      Choice: Average assigned choice: 1,00
      Choice: assigned 1st course choice: 100,00% (4853)
      Full Sections: 2 with no space (5,71% of all sections, 4,95% assignments)
2 with &leq; 2% available (5,71% of all sections, 4,95% assignments)
8 with &leq; 10% available (22,86% of all sections, 21,02% assignments)
      Iteration: 3895
      Overall solution value: -2196.44
      Sections disbalanced by 10% or more: 0,00% (0)
      Speed: 265.69 it/s
      Students with complete schedule: 95.88% (2442/2547)
      Students with complete schedule (priority students): Normal: 95.88% (2442/2547)
      Time: 0.24 min
    ]
03-Sep-21 22:33:08.067 [ShutdownHook] DEBUG studentsct.StudentSectioningXMLSaver> Writting XML data to:C:\Users\talha\Documents\CS Honours\COMP700 - HP\student-lab-sectioning\ifs-solver\src\main\resources\input\2020-Sem1-CAES-Wvl\210903_223248\solution.xml
